>>> 'Pkg.add("AbstractTables")' log
INFO: Cloning cache of AbstractTables from https://github.com/davidagold/AbstractTables.jl.git
INFO: Cloning cache of NullableArrays from https://github.com/JuliaStats/NullableArrays.jl.git
INFO: Cloning cache of Reexport from https://github.com/simonster/Reexport.jl.git
INFO: Cloning cache of StructuredQueries from https://github.com/davidagold/StructuredQueries.jl.git
INFO: Installing AbstractTables v0.0.1
INFO: Installing NullableArrays v0.1.0
INFO: Installing Reexport v0.0.3
INFO: Installing StructuredQueries v0.0.4
INFO: Package database updated

>>> 'Pkg.test("AbstractTables")' log
Julia Version 0.6.0-pre.beta.458
Commit 3a181fe (2017-05-02 02:52 UTC)
Platform Info:
  OS: Linux (x86_64-pc-linux-gnu)
  CPU: Intel(R) Xeon(R) CPU E3-1241 v3 @ 3.50GHz
  WORD_SIZE: 64
           Ubuntu 14.04.5 LTS
  uname: Linux 3.13.0-117-generic #164-Ubuntu SMP Fri Apr 7 11:05:26 UTC 2017 x86_64 x86_64
Memory: 2.9392738342285156 GB (357.46484375 MB free)
Uptime: 976.0 sec
Load Avg:  0.90087890625  0.427734375  0.1943359375
Intel(R) Xeon(R) CPU E3-1241 v3 @ 3.50GHz: 
       speed         user         nice          sys         idle          irq
#1  3500 MHz       9553 s         92 s       1999 s      81428 s          3 s
#2  3500 MHz       4154 s         47 s       1714 s      90272 s          0 s

  BLAS: libopenblas (USE64BITINT DYNAMIC_ARCH NO_AFFINITY Nehalem)
  LAPACK: libopenblas64_
  LIBM: libopenlibm
  LLVM: libLLVM-3.9.1 (ORCJIT, haswell)
Environment:
  TERM = vt100
  LD_LIBRARY_PATH = :/usr/local/lib/
  PATH = /usr/local/sbin:/usr/local/bin:/usr/sbin:/usr/bin:/sbin:/bin:/usr/games:/usr/local/games:/home/vagrant/julia/bin/
  JAVA_HOME = /usr/lib/jvm/java-7-oracle
  HOME = /home/vagrant

Package Directory: /home/vagrant/.julia/v0.6
2 required packages:
 - AbstractTables                0.0.1
 - JSON                          0.10.0
4 additional packages:
 - Compat                        0.24.0
 - NullableArrays                0.1.0
 - Reexport                      0.0.3
 - StructuredQueries             0.0.4
INFO: Testing AbstractTables
Running tests:

WARNING: deprecated syntax "inner constructor NullableArray(...) around /home/vagrant/.julia/v0.6/NullableArrays/src/typedefs.jl:46".
Use "NullableArray{T,N}(...) where {T,N}" instead.
WARNING: Base.linearindexing is deprecated, use Base.IndexStyle instead.
  likely near /home/vagrant/.julia/v0.6/NullableArrays/src/indexing.jl:4
WARNING: Method definition ==(Base.Nullable{S}, Base.Nullable{T}) in module Base at nullable.jl:238 overwritten in module NullableArrays at /home/vagrant/.julia/v0.6/NullableArrays/src/operators.jl:128.
WARNING: Method definition ==(Base.Nullable{S}, Base.Nullable{T}) in module Base at nullable.jl:238 overwritten in module NullableArrays at /home/vagrant/.julia/v0.6/NullableArrays/src/operators.jl:128.

WARNING: deprecated syntax "abstract QueryHelper" at /home/vagrant/.julia/v0.6/StructuredQueries/src/query/helper/typedefs.jl:8.
Use "abstract type QueryHelper end" instead.

WARNING: deprecated syntax "abstract JoinHelper<:QueryHelper" at /home/vagrant/.julia/v0.6/StructuredQueries/src/query/helper/typedefs.jl:10.
Use "abstract type JoinHelper<:QueryHelper end" instead.

WARNING: deprecated syntax "abstract QueryNode" at /home/vagrant/.julia/v0.6/StructuredQueries/src/query/node/typedefs.jl:2.
Use "abstract type QueryNode end" instead.

WARNING: deprecated syntax "abstract JoinNode<:QueryNode" at /home/vagrant/.julia/v0.6/StructuredQueries/src/query/node/typedefs.jl:3.
Use "abstract type JoinNode<:QueryNode end" instead.

WARNING: deprecated syntax "typealias QueryArg Union{Symbol,Expr}" at /home/vagrant/.julia/v0.6/StructuredQueries/src/query/node/typedefs.jl:4.
Use "const QueryArg = Union{Symbol,Expr}" instead.
	[1m[31mFAILED[0m: query/query.jl
LoadError: LoadError: LoadError: LoadError: MethodError: Cannot `convert` an object of type Type{StructuredQueries.SelectHelper} to an object of type DataType
This may have arisen from a call to the constructor DataType(...),
since type constructors fall back to convert methods.
Stacktrace:
 [1] macro expansion at /home/vagrant/.julia/v0.6/AbstractTables/test/runtests.jl:25 [inlined]
 [2] macro expansion at ./test.jl:856 [inlined]
 [3] anonymous at ./<missing>:?
 [4] include_from_node1(::String) at ./loading.jl:552
 [5] include(::String) at ./sysimg.jl:14
 [6] process_options(::Base.JLOptions) at ./client.jl:305
 [7] _start() at ./client.jl:371
while loading /home/vagrant/.julia/v0.6/StructuredQueries/src/query/graph/graph.jl, in expression starting on line 521
while loading /home/vagrant/.julia/v0.6/StructuredQueries/src/StructuredQueries.jl, in expression starting on line 35
while loading /home/vagrant/.julia/v0.6/AbstractTables/src/AbstractTables.jl, in expression starting on line 6
while loading /home/vagrant/.julia/v0.6/AbstractTables/test/query/query.jl, in expression starting on line 2
	[1m[31mFAILED[0m: query/groupby.jl
LoadError: LoadError: UndefVarError: AbstractTable not defined
Stacktrace:
 [1] macro expansion at /home/vagrant/.julia/v0.6/AbstractTables/test/runtests.jl:25 [inlined]
 [2] macro expansion at ./test.jl:856 [inlined]
 [3] anonymous at ./<missing>:?
 [4] include_from_node1(::String) at ./loading.jl:552
 [5] include(::String) at ./sysimg.jl:14
 [6] process_options(::Base.JLOptions) at ./client.jl:305
 [7] _start() at ./client.jl:371
while loading /home/vagrant/.julia/v0.6/AbstractTables/test/query/mytable.jl, in expression starting on line 2
while loading /home/vagrant/.julia/v0.6/AbstractTables/test/query/groupby.jl, in expression starting on line 5
Test Summary: |
All tests     | No tests
ERROR: LoadError: "Tests failed"
Stacktrace:
 [1] include_from_node1(::String) at ./loading.jl:552
 [2] include(::String) at ./sysimg.jl:14
 [3] process_options(::Base.JLOptions) at ./client.jl:305
 [4] _start() at ./client.jl:371
while loading /home/vagrant/.julia/v0.6/AbstractTables/test/runtests.jl, in expression starting on line 33
===========================[ ERROR: AbstractTables ]============================

failed process: Process(`/home/vagrant/julia/bin/julia -Cx86-64 -J/home/vagrant/julia/lib/julia/sys.so --compile=yes --depwarn=yes --check-bounds=yes --code-coverage=none --color=no --compilecache=yes /home/vagrant/.julia/v0.6/AbstractTables/test/runtests.jl`, ProcessExited(1)) [1]

================================================================================
ERROR: AbstractTables had test errors

>>> End of log
