>>> 'Pkg.add("AbstractTables")' log
WARNING: Base.Pkg is deprecated, run `using Pkg` instead
 in module Main
[ Info: Cloning cache of AbstractTables from https://github.com/davidagold/AbstractTables.jl.git
[ Info: Cloning cache of NullableArrays from https://github.com/JuliaStats/NullableArrays.jl.git
[ Info: Cloning cache of Reexport from https://github.com/simonster/Reexport.jl.git
[ Info: Cloning cache of StructuredQueries from https://github.com/davidagold/StructuredQueries.jl.git
[ Info: Installing AbstractTables v0.0.1
[ Info: Installing BinDeps v0.8.7
[ Info: Installing DataStructures v0.7.4
[ Info: Installing Missings v0.2.9
[ Info: Installing NullableArrays v0.1.2
[ Info: Installing Reexport v0.1.0
[ Info: Installing SHA v0.5.7
[ Info: Installing SortingAlgorithms v0.2.0
[ Info: Installing SpecialFunctions v0.4.0
[ Info: Installing StatsBase v0.20.1
[ Info: Installing StructuredQueries v0.0.4
[ Info: Installing URIParser v0.3.1
[ Info: Building SpecialFunctions
WARNING: importing deprecated binding Base.Associative into BinDeps.
WARNING: Base.Associative is deprecated, use AbstractDict instead.
  likely near /home/vagrant/.julia/v0.7/SpecialFunctions/deps/binaries.jl:44
in @install at /home/vagrant/.julia/v0.7/BinDeps/src/dependencies.jl
â”Œ Warning: `contains(haystack, needle)` is deprecated, use `occursin(needle, haystack)` instead.
â”‚   caller = read_sonames() at dependencies.jl:402
â”” @ BinDeps dependencies.jl:402
â”Œ Warning: `contains(haystack, needle)` is deprecated, use `occursin(needle, haystack)` instead.
â”‚   caller = read_sonames() at dependencies.jl:405
â”” @ BinDeps dependencies.jl:405
[ Info: Package database updated

>>> 'Pkg.test("AbstractTables")' log
WARNING: Base.versioninfo is deprecated: it has been moved to the standard library package `InteractiveUtils`.
Add `using InteractiveUtils` to your imports.
 in module Main
WARNING: Base.versioninfo is deprecated: it has been moved to the standard library package `InteractiveUtils`.
Add `using InteractiveUtils` to your imports.
 in module Main
Julia Version 0.7.0-DEV.4880
Commit 2eb9048f7b (2018-04-13 19:14 UTC)
Platform Info:
  OS: Linux (x86_64-pc-linux-gnu)
      Ubuntu 14.04.5 LTS
  uname: Linux 3.13.0-143-generic #192-Ubuntu SMP Tue Feb 27 10:45:36 UTC 2018 x86_64 x86_64
  CPU: Intel(R) Xeon(R) CPU E3-1241 v3 @ 3.50GHz: 
              speed         user         nice          sys         idle          irq
       #1  3507 MHz      71134 s         89 s       6672 s     127872 s          1 s
       #2  3507 MHz      74981 s         63 s       4870 s     138464 s          0 s
       
  Memory: 2.939197540283203 GB (622.07421875 MB free)
  Uptime: 2233.0 sec
  Load Avg:  1.0029296875  1.01025390625  0.85888671875
  WORD_SIZE: 64
  LIBM: libopenlibm
  LLVM: libLLVM-3.9.1 (ORCJIT, haswell)
Environment:
  TERM = vt100
  LD_LIBRARY_PATH = :/usr/local/lib/
  PATH = /usr/local/sbin:/usr/local/bin:/usr/sbin:/usr/bin:/sbin:/bin:/usr/games:/usr/local/games:/home/vagrant/julia/bin/
  JAVA_HOME = /usr/lib/jvm/java-8-openjdk-amd64
  HOME = /home/vagrant
Packages:
  Package Directory: /home/vagrant/.julia/v0.7
  Package Status:
2 required packages:
 - AbstractTables                0.0.1
 - JSON                          0.17.2
13 additional packages:
 - BinDeps                       0.8.7
 - Compat                        0.63.0
 - DataStructures                0.7.4
 - Missings                      0.2.9
 - NullableArrays                0.1.2
 - Nullables                     0.0.5
 - Reexport                      0.1.0
 - SHA                           0.5.7
 - SortingAlgorithms             0.2.0
 - SpecialFunctions              0.4.0
 - StatsBase                     0.20.1
 - StructuredQueries             0.0.4
 - URIParser                     0.3.1
WARNING: Base.Pkg is deprecated, run `using Pkg` instead
 in module Main
[ Info: Testing AbstractTables
Running tests:
WARNING: Base.Test is deprecated, run `using Test` instead
  likely near /home/vagrant/.julia/v0.7/AbstractTables/test/runtests.jl:12
â”Œ Warning: Deprecated syntax `implicit assignment to global variable `anyerrors``.
â”‚ Use `global anyerrors` instead.
â”” @ nothing none:0
WARNING: Base.STDOUT is deprecated, use stdout instead.
  likely near /home/vagrant/.julia/v0.7/AbstractTables/test/runtests.jl:14
in top-level scope at /home/vagrant/.julia/v0.7/AbstractTables/test/runtests.jl
â”Œ Warning: `using A.B` will only be allowed for modules, not single bindings. Use `using A: B` instead
â”‚   caller = ip:0x0
â”” @ Core :-1
â”Œ Warning: Deprecated syntax `immutable` at /home/vagrant/.julia/v0.7/NullableArrays/src/typedefs.jl:39.
â”‚ Use `struct` instead.
â”” @ nothing typedefs.jl:39
â”Œ Warning: `include_string(string)` is deprecated, use `include_string(module, string)` instead.
â”‚   caller = top-level scope at typedefs.jl:18
â”” @ Core typedefs.jl:18
â”Œ Warning: Deprecated syntax `immutable` at string:1.
â”‚ Use `struct` instead.
â”” @ nothing string:1
WARNING: importing deprecated binding Base.Nullable into NullableArrays.
ERROR: LoadError: LoadError: LoadError: TypeError: in Type{...} expression, expected UnionAll, got typeof(Base.Nullable)
Stacktrace:
 [1] top-level scope
 [2] include_string(::Module, ::String, ::String) at ./loading.jl:1031
 [3] include_string(::String) at ./deprecated.jl:233
 [4] top-level scope at /home/vagrant/.julia/v0.7/NullableArrays/src/typedefs.jl:18
 [5] include at ./boot.jl:314 [inlined]
 [6] include_relative(::Module, ::String) at ./loading.jl:1067
 [7] include at ./sysimg.jl:29 [inlined]
 [8] include(::String) at /home/vagrant/.julia/v0.7/NullableArrays/src/NullableArrays.jl:3
 [9] top-level scope
 [10] include at ./boot.jl:314 [inlined]
 [11] include_relative(::Module, ::String) at ./loading.jl:1067
 [12] include(::Module, ::String) at ./sysimg.jl:29
 [13] top-level scope
 [14] eval at ./boot.jl:317 [inlined]
 [15] top-level scope at ./<missing>:3
in expression starting at string:1
in expression starting at /home/vagrant/.julia/v0.7/NullableArrays/src/typedefs.jl:18
in expression starting at /home/vagrant/.julia/v0.7/NullableArrays/src/NullableArrays.jl:24
	[1m[31mFAILED[0m: query/query.jl
LoadError: LoadError: Failed to precompile NullableArrays to /home/vagrant/.julia/compiled/v0.7/NullableArrays.ji.
Stacktrace:
 [1] macro expansion at /home/vagrant/.julia/v0.7/AbstractTables/test/runtests.jl:25 [inlined]
 [2] macro expansion at /buildworker/worker/package_linux64/build/usr/share/julia/site/v0.7/Test/src/Test.jl:1022 [inlined]
 [3] top-level scope at /home/vagrant/.julia/v0.7/AbstractTables/test/runtests.jl:15
 [4] include at ./boot.jl:314 [inlined]
 [5] include_relative(::Module, ::String) at ./loading.jl:1067
 [6] include(::Module, ::String) at ./sysimg.jl:29
 [7] exec_options(::Base.JLOptions) at ./client.jl:327
 [8] _start() at ./client.jl:455
in expression starting at /home/vagrant/.julia/v0.7/AbstractTables/src/AbstractTables.jl:5
in expression starting at /home/vagrant/.julia/v0.7/AbstractTables/test/query/query.jl:2
WARNING: Base.Test is deprecated, run `using Test` instead
  likely near /home/vagrant/.julia/v0.7/AbstractTables/test/query/groupby.jl:3
â”Œ Warning: Deprecated syntax `type` at /home/vagrant/.julia/v0.7/AbstractTables/test/query/mytable.jl:2.
â”‚ Use `mutable struct` instead.
â”” @ nothing mytable.jl:2
	[1m[31mFAILED[0m: query/groupby.jl
LoadError: LoadError: UndefVarError: AbstractTable not defined
Stacktrace:
 [1] macro expansion at /home/vagrant/.julia/v0.7/AbstractTables/test/runtests.jl:25 [inlined]
 [2] macro expansion at /buildworker/worker/package_linux64/build/usr/share/julia/site/v0.7/Test/src/Test.jl:1022 [inlined]
 [3] top-level scope at /home/vagrant/.julia/v0.7/AbstractTables/test/runtests.jl:15
 [4] include at ./boot.jl:314 [inlined]
 [5] include_relative(::Module, ::String) at ./loading.jl:1067
 [6] include(::Module, ::String) at ./sysimg.jl:29
 [7] exec_options(::Base.JLOptions) at ./client.jl:327
 [8] _start() at ./client.jl:455
in expression starting at /home/vagrant/.julia/v0.7/AbstractTables/test/query/mytable.jl:2
in expression starting at /home/vagrant/.julia/v0.7/AbstractTables/test/query/groupby.jl:5
Test Summary: |
All tests     | No tests
ERROR: LoadError: "Tests failed"
Stacktrace:
 [1] top-level scope at /home/vagrant/.julia/v0.7/AbstractTables/test/runtests.jl:33
 [2] include at ./boot.jl:314 [inlined]
 [3] include_relative(::Module, ::String) at ./loading.jl:1067
 [4] include(::Module, ::String) at ./sysimg.jl:29
 [5] exec_options(::Base.JLOptions) at ./client.jl:327
 [6] _start() at ./client.jl:455
in expression starting at /home/vagrant/.julia/v0.7/AbstractTables/test/runtests.jl:33
â”Œ Error: ------------------------------------------------------------
â”‚ # Testing failed for AbstractTables
â”‚   exception =
â”‚    failed process: Process(`/home/vagrant/julia/bin/julia -Cnative -J/home/vagrant/julia/lib/julia/sys.so --compile=yes --depwarn=yes --code-coverage=none --color=no --compiled-modules=yes --check-bounds=yes --warn-overwrite=yes --startup-file=yes /home/vagrant/.julia/v0.7/AbstractTables/test/runtests.jl`, ProcessExited(1)) [1]
â”‚    Stacktrace:
â”‚     [1] error(::String, ::Base.Process, ::String, ::Int64, ::String) at ./error.jl:42
â”‚     [2] pipeline_error(::Base.Process) at ./process.jl:712
â”‚     [3] #run#542(::Bool, ::Function, ::Cmd) at ./process.jl:670
â”‚     [4] run at ./process.jl:668 [inlined]
â”‚     [5] (::getfield(Pkg.Entry, Symbol("##56#57")){Bool,String,Array{AbstractString,1}})() at /buildworker/worker/package_linux64/build/usr/share/julia/site/v0.7/Pkg/src/entry.jl:729
â”‚     [6] cd(::getfield(Pkg.Entry, Symbol("##56#57")){Bool,String,Array{AbstractString,1}}, ::String) at ./file.jl:72
â”‚     [7] #test!#55(::Bool, ::Function, ::String, ::Array{AbstractString,1}, ::Array{AbstractString,1}, ::Array{AbstractString,1}) at /buildworker/worker/package_linux64/build/usr/share/julia/site/v0.7/Pkg/src/entry.jl:717
â”‚     [8] (::getfield(Pkg.Entry, Symbol("#kw##test!")))(::NamedTuple{(:coverage,),Tuple{Bool}}, ::typeof(Pkg.Entry.test!), ::String, ::Array{AbstractString,1}, ::Array{AbstractString,1}, ::Array{AbstractString,1}) at ./<missing>:0
â”‚     [9] #test#59(::Bool, ::Function, ::Array{AbstractString,1}) at /buildworker/worker/package_linux64/build/usr/share/julia/site/v0.7/Pkg/src/entry.jl:756
â”‚     [10] #test at ./<missing>:0 [inlined]
â”‚     [11] #4 at /buildworker/worker/package_linux64/build/usr/share/julia/site/v0.7/Pkg/src/dir.jl:36 [inlined]
â”‚     [12] cd(::getfield(Pkg.Dir, Symbol("##4#7")){Base.Iterators.Pairs{Symbol,Bool,Tuple{Symbol},NamedTuple{(:coverage,),Tuple{Bool}}},typeof(Pkg.Entry.test),Tuple{Array{AbstractString,1}}}, ::String) at ./file.jl:72
â”‚     [13] #cd#1(::Base.Iterators.Pairs{Symbol,Bool,Tuple{Symbol},NamedTuple{(:coverage,),Tuple{Bool}}}, ::Function, ::Function, ::Array{AbstractString,1}, ::Vararg{Array{AbstractString,1},N} where N) at /buildworker/worker/package_linux64/build/usr/share/julia/site/v0.7/Pkg/src/dir.jl:36
â”‚     [14] (::getfield(Pkg.Dir, Symbol("#kw##cd")))(::NamedTuple{(:coverage,),Tuple{Bool}}, ::typeof(Pkg.Dir.cd), ::Function, ::Array{AbstractString,1}, ::Vararg{Array{AbstractString,1},N} where N) at ./<missing>:0
â”‚     [15] #test#3(::Bool, ::Function, ::String, ::Vararg{String,N} where N) at /buildworker/worker/package_linux64/build/usr/share/julia/site/v0.7/Pkg/src/Pkg.jl:278
â”‚     [16] test(::String, ::Vararg{String,N} where N) at /buildworker/worker/package_linux64/build/usr/share/julia/site/v0.7/Pkg/src/Pkg.jl:278
â”‚     [17] top-level scope
â”‚     [18] eval at ./boot.jl:317 [inlined]
â”‚     [19] eval(::Module, ::Expr) at ./sysimg.jl:74
â”‚     [20] exec_options(::Base.JLOptions) at ./client.jl:304
â”‚     [21] _start() at ./client.jl:455
â”” @ Pkg.Entry entry.jl:732
ERROR: AbstractTables had test errors

>>> End of log
