>>> 'Pkg.add("Brim")' log
INFO: Cloning cache of Brim from https://github.com/PoisotLab/Brim.jl.git
INFO: Installing BinDeps v0.8.3
INFO: Installing Brim v1.2.2
INFO: Installing Cairo v0.4.0
INFO: Installing ColorTypes v0.6.6
INFO: Installing Colors v0.8.2
INFO: Installing DataArrays v0.6.2
INFO: Installing DataFrames v0.10.1
INFO: Installing DataStructures v0.7.4
INFO: Installing FileIO v0.6.1
INFO: Installing FixedPointNumbers v0.4.3
INFO: Installing GZip v0.3.0
INFO: Installing Graphics v0.2.0
INFO: Installing NaNMath v0.3.0
INFO: Installing Reexport v0.1.0
INFO: Installing SHA v0.5.2
INFO: Installing SortingAlgorithms v0.2.0
INFO: Installing SpecialFunctions v0.3.7
INFO: Installing StatsBase v0.19.5
INFO: Installing URIParser v0.3.0
INFO: Building SpecialFunctions
INFO: Building Cairo
INFO: Package database updated

>>> 'Pkg.test("Brim")' log
Julia Version 0.6.2
Commit d386e40c17 (2017-12-13 18:08 UTC)
Platform Info:
  OS: Linux (x86_64-pc-linux-gnu)
  CPU: Intel(R) Xeon(R) CPU E3-1241 v3 @ 3.50GHz
  WORD_SIZE: 64
           Ubuntu 14.04.5 LTS
  uname: Linux 3.13.0-135-generic #184-Ubuntu SMP Wed Oct 18 11:55:51 UTC 2017 x86_64 x86_64
Memory: 2.93927001953125 GB (501.2734375 MB free)
Uptime: 20278.0 sec
Load Avg:  1.07177734375  1.0625  1.048828125
Intel(R) Xeon(R) CPU E3-1241 v3 @ 3.50GHz: 
       speed         user         nice          sys         idle          irq
#1  3500 MHz    1286775 s       7067 s      58754 s     362849 s          7 s
#2  3500 MHz     255924 s         75 s      27005 s    1716902 s          0 s

  BLAS: libopenblas (USE64BITINT DYNAMIC_ARCH NO_AFFINITY Nehalem)
  LAPACK: libopenblas64_
  LIBM: libopenlibm
  LLVM: libLLVM-3.9.1 (ORCJIT, haswell)
Environment:
  TERM = vt100
  LD_LIBRARY_PATH = :/usr/local/lib/
  PATH = /usr/local/sbin:/usr/local/bin:/usr/sbin:/usr/bin:/sbin:/bin:/usr/games:/usr/local/games:/home/vagrant/julia/bin/
  JAVA_HOME = /usr/lib/jvm/java-8-openjdk-amd64
  HOME = /home/vagrant

Package Directory: /home/vagrant/.julia/v0.6
2 required packages:
 - Brim                          1.2.2
 - JSON                          0.16.3
20 additional packages:
 - BinDeps                       0.8.3
 - Cairo                         0.4.0
 - ColorTypes                    0.6.6
 - Colors                        0.8.2
 - Compat                        0.45.0
 - DataArrays                    0.6.2
 - DataFrames                    0.10.1
 - DataStructures                0.7.4
 - FileIO                        0.6.1
 - FixedPointNumbers             0.4.3
 - GZip                          0.3.0
 - Graphics                      0.2.0
 - NaNMath                       0.3.0
 - Nullables                     0.0.3
 - Reexport                      0.1.0
 - SHA                           0.5.2
 - SortingAlgorithms             0.2.0
 - SpecialFunctions              0.3.7
 - StatsBase                     0.19.5
 - URIParser                     0.3.0
INFO: Testing Brim
Error During Test
  Test threw an exception of type BoundsError
  Expression: ((eye(Int64, 50) |> partition_random) |> recursive_brim!) |> Q >= 0.9
  BoundsError: attempt to access 1-element ConjArray{UnitRange{Int64},1,Array{UnitRange{Int64},1}} at index [Base.LogicalIndex(Bool[true true true true true true true true true true true false true true true false false true true true true true true true true true true true true true true true true false false true true true true true true true false true true true true true true true])]
  Stacktrace:
   [1] throw_boundserror(::ConjArray{UnitRange{Int64},1,Array{UnitRange{Int64},1}}, ::Tuple{Base.LogicalIndex{Int64,BitArray{2}}}) at ./abstractarray.jl:434
   [2] checkbounds at ./abstractarray.jl:362 [inlined]
   [3] macro expansion at ./multidimensional.jl:494 [inlined]
   [4] _getindex at ./multidimensional.jl:491 [inlined]
   [5] getindex at ./abstractarray.jl:883 [inlined]
   [6] getindex at ./linalg/rowvector.jl:117 [inlined]
   [7] no_empty_modules!(::Brim.Modular) at /home/vagrant/.julia/v0.6/Brim/src/./common.jl:7
   [8] partition_random(::Array{Int64,2}) at /home/vagrant/.julia/v0.6/Brim/src/./partition_random.jl:21
   [9] |>(::Array{Int64,2}, ::Brim.#partition_random) at ./operators.jl:862
   [10] include_from_node1(::String) at ./loading.jl:576
   [11] include(::String) at ./sysimg.jl:14
   [12] macro expansion at /home/vagrant/.julia/v0.6/Brim/test/runtests.jl:17 [inlined]
   [13] anonymous at ./<missing>:?
   [14] include_from_node1(::String) at ./loading.jl:576
   [15] include(::String) at ./sysimg.jl:14
   [16] process_options(::Base.JLOptions) at ./client.jl:305
   [17] _start() at ./client.jl:371
[1m[31mFAILED[0m	recursive_brim.jl
LoadError: There was an error during testing
while loading /home/vagrant/.julia/v0.6/Brim/test/recursive_brim.jl, in expression starting on line 5
[1m[31mFAILED[0m	no_empty_modules.jl
LoadError: BoundsError: attempt to access 1-element ConjArray{UnitRange{Int64},1,Array{UnitRange{Int64},1}} at index [Base.LogicalIndex(Bool[true true false])]
Stacktrace:
 [1] macro expansion at /home/vagrant/.julia/v0.6/Brim/test/runtests.jl:22 [inlined]
 [2] anonymous at ./<missing>:?
 [3] include_from_node1(::String) at ./loading.jl:576
 [4] include(::String) at ./sysimg.jl:14
 [5] process_options(::Base.JLOptions) at ./client.jl:305
 [6] _start() at ./client.jl:371
while loading /home/vagrant/.julia/v0.6/Brim/test/no_empty_modules.jl, in expression starting on line 9
[1m[31mFAILED[0m	reorder_by_module.jl
LoadError: BoundsError: attempt to access 1-element ConjArray{UnitRange{Int64},1,Array{UnitRange{Int64},1}} at index [Base.LogicalIndex(Bool[true true true])]
Stacktrace:
 [1] macro expansion at /home/vagrant/.julia/v0.6/Brim/test/runtests.jl:22 [inlined]
 [2] anonymous at ./<missing>:?
 [3] include_from_node1(::String) at ./loading.jl:576
 [4] include(::String) at ./sysimg.jl:14
 [5] process_options(::Base.JLOptions) at ./client.jl:305
 [6] _start() at ./client.jl:371
while loading /home/vagrant/.julia/v0.6/Brim/test/reorder_by_module.jl, in expression starting on line 11
[1m[31mFAILED[0m	network_roles.jl
LoadError: ArgumentError: invalid index: Array{UnitRange{Int64},1}[UnitRange{Int64}[4:7]]
Stacktrace:
 [1] macro expansion at /home/vagrant/.julia/v0.6/Brim/test/runtests.jl:22 [inlined]
 [2] anonymous at ./<missing>:?
 [3] include_from_node1(::String) at ./loading.jl:576
 [4] include(::String) at ./sysimg.jl:14
 [5] process_options(::Base.JLOptions) at ./client.jl:305
 [6] _start() at ./client.jl:371
while loading /home/vagrant/.julia/v0.6/Brim/test/network_roles.jl, in expression starting on line 8
WARNING: abs(x::AbstractArray{T}) where T <: Number is deprecated, use abs.(x) instead.
Stacktrace:
 [1] depwarn(::String, ::Symbol) at ./deprecated.jl:70
 [2] abs(::Array{Int64,2}) at ./deprecated.jl:57
 [3] include_from_node1(::String) at ./loading.jl:576
 [4] include(::String) at ./sysimg.jl:14
 [5] macro expansion at /home/vagrant/.julia/v0.6/Brim/test/runtests.jl:17 [inlined]
 [6] anonymous at ./<missing>:?
 [7] include_from_node1(::String) at ./loading.jl:576
 [8] include(::String) at ./sysimg.jl:14
 [9] process_options(::Base.JLOptions) at ./client.jl:305
 [10] _start() at ./client.jl:371
while loading /home/vagrant/.julia/v0.6/Brim/test/partition_single.jl, in expression starting on line 11
[1m[32mPASSED[0m	partition_single.jl
[1m[31mFAILED[0m	partition_lp.jl
LoadError: BoundsError: attempt to access 1-element ConjArray{UnitRange{Int64},1,Array{UnitRange{Int64},1}} at index [Base.LogicalIndex(Bool[false false true true])]
Stacktrace:
 [1] macro expansion at /home/vagrant/.julia/v0.6/Brim/test/runtests.jl:22 [inlined]
 [2] anonymous at ./<missing>:?
 [3] include_from_node1(::String) at ./loading.jl:576
 [4] include(::String) at ./sysimg.jl:14
 [5] process_options(::Base.JLOptions) at ./client.jl:305
 [6] _start() at ./client.jl:371
while loading /home/vagrant/.julia/v0.6/Brim/test/partition_lp.jl, in expression starting on line 8
[1m[32mPASSED[0m	permutations.jl
[1m[32mPASSED[0m	Qr.jl
ERROR: LoadError: "Tests failed"
Stacktrace:
 [1] include_from_node1(::String) at ./loading.jl:576
 [2] include(::String) at ./sysimg.jl:14
 [3] process_options(::Base.JLOptions) at ./client.jl:305
 [4] _start() at ./client.jl:371
while loading /home/vagrant/.julia/v0.6/Brim/test/runtests.jl, in expression starting on line 28
================================[ ERROR: Brim ]=================================

failed process: Process(`/home/vagrant/julia/bin/julia -Cx86-64 -J/home/vagrant/julia/lib/julia/sys.so --compile=yes --depwarn=yes --check-bounds=yes --code-coverage=none --color=no --compilecache=yes /home/vagrant/.julia/v0.6/Brim/test/runtests.jl`, ProcessExited(1)) [1]

================================================================================
ERROR: Brim had test errors

>>> End of log
