>>> 'Pkg.add("Brim")' log
INFO: Cloning cache of Brim from https://github.com/PoisotLab/Brim.jl.git
INFO: Installing BinDeps v0.5.0
INFO: Installing Brim v1.2.2
INFO: Installing Cairo v0.3.0
INFO: Installing ColorTypes v0.5.0
INFO: Installing Colors v0.7.3
INFO: Installing DataArrays v0.3.12
INFO: Installing DataFrames v0.9.1
INFO: Installing DataStructures v0.5.3
INFO: Installing FileIO v0.3.1
INFO: Installing FixedPointNumbers v0.3.7
INFO: Installing GZip v0.3.0
INFO: Installing Graphics v0.2.0
INFO: Installing NaNMath v0.2.4
INFO: Installing Reexport v0.0.3
INFO: Installing SHA v0.3.2
INFO: Installing SortingAlgorithms v0.1.1
INFO: Installing SpecialFunctions v0.1.1
INFO: Installing StatsBase v0.14.1
INFO: Installing URIParser v0.1.8
INFO: Building Cairo
WARNING: BinDeps.shlib_ext is deprecated.
  likely near /home/vagrant/.julia/v0.5/Cairo/deps/build.jl:112
INFO: Package database updated

>>> 'Pkg.test("Brim")' log
Julia Version 0.5.2
Commit f4c6c9d (2017-05-06 16:34 UTC)
Platform Info:
  OS: Linux (x86_64-pc-linux-gnu)
  CPU: Intel(R) Xeon(R) CPU E3-1241 v3 @ 3.50GHz
  WORD_SIZE: 64
           Ubuntu 14.04.5 LTS
  uname: Linux 3.13.0-117-generic #164-Ubuntu SMP Fri Apr 7 11:05:26 UTC 2017 x86_64 x86_64
Memory: 2.9392738342285156 GB (513.8828125 MB free)
Uptime: 9328.0 sec
Load Avg:  0.98681640625  1.12646484375  1.1240234375
Intel(R) Xeon(R) CPU E3-1241 v3 @ 3.50GHz: 
       speed         user         nice          sys         idle          irq
#1  3499 MHz     500351 s       5668 s      57795 s     262322 s         10 s
#2  3499 MHz     220978 s       2204 s      34588 s     649541 s          0 s

  BLAS: libopenblas (USE64BITINT DYNAMIC_ARCH NO_AFFINITY Nehalem)
  LAPACK: libopenblas64_
  LIBM: libopenlibm
  LLVM: libLLVM-3.7.1 (ORCJIT, haswell)
Environment:
  TERM = vt100
  LD_LIBRARY_PATH = :/usr/local/lib/
  PATH = /usr/local/sbin:/usr/local/bin:/usr/sbin:/usr/bin:/sbin:/bin:/usr/games:/usr/local/games:/home/vagrant/julia/bin/
  JAVA_HOME = /usr/lib/jvm/java-7-oracle
  HOME = /home/vagrant

Package Directory: /home/vagrant/.julia/v0.5
2 required packages:
 - Brim                          1.2.2
 - JSON                          0.11.0
19 additional packages:
 - BinDeps                       0.5.0
 - Cairo                         0.3.0
 - ColorTypes                    0.5.0
 - Colors                        0.7.3
 - Compat                        0.25.0
 - DataArrays                    0.3.12
 - DataFrames                    0.9.1
 - DataStructures                0.5.3
 - FileIO                        0.3.1
 - FixedPointNumbers             0.3.7
 - GZip                          0.3.0
 - Graphics                      0.2.0
 - NaNMath                       0.2.4
 - Reexport                      0.0.3
 - SHA                           0.3.2
 - SortingAlgorithms             0.1.1
 - SpecialFunctions              0.1.1
 - StatsBase                     0.14.1
 - URIParser                     0.1.8
INFO: Testing Brim
WARNING: Method definition describe(AbstractArray) in module StatsBase at /home/vagrant/.julia/v0.5/StatsBase/src/scalarstats.jl:573 overwritten in module DataFrames at /home/vagrant/.julia/v0.5/DataFrames/src/abstractdataframe/abstractdataframe.jl:407.
Error During Test
  Test threw an exception of type MethodError
  Expression: ((eye(Int64,50) |> partition_random) |> recursive_brim!) |> Q >= 0.9
  MethodError: Cannot `convert` an object of type Array{Int64,2} to an object of type UnitRange{Int64}
  This may have arisen from a call to the constructor UnitRange{Int64}(...),
  since type constructors fall back to convert methods.
   in copy!(::Array{UnitRange{Int64},2}, ::Base.Generator{Base.Prod2{Base.OneTo{Int64},Array{UnitRange{Int64},1}},Base.##209#210}) at ./abstractarray.jl:487
   in _collect(::Type{UnitRange{Int64}}, ::Base.Generator{Base.Prod2{Base.OneTo{Int64},Array{UnitRange{Int64},1}},Base.##209#210}, ::Base.HasShape) at ./array.jl:251
   in ctranspose(::Array{UnitRange{Int64},1}) at ./arraymath.jl:460
   in no_empty_modules!(::Brim.Modular) at /home/vagrant/.julia/v0.5/Brim/src/./common.jl:7
   in partition_random(::Array{Int64,2}) at /home/vagrant/.julia/v0.5/Brim/src/./partition_random.jl:21
   in |>(::Array{Int64,2}, ::Brim.#partition_random) at ./operators.jl:350
   in include_from_node1(::String) at ./loading.jl:488
   in macro expansion; at /home/vagrant/.julia/v0.5/Brim/test/runtests.jl:17 [inlined]
   in anonymous at ./<missing>:?
   in include_from_node1(::String) at ./loading.jl:488
   in process_options(::Base.JLOptions) at ./client.jl:265
   in _start() at ./client.jl:321
[1m[31mFAILED[0m	recursive_brim.jl
LoadError: There was an error during testing
 in macro expansion; at /home/vagrant/.julia/v0.5/Brim/test/runtests.jl:22 [inlined]
 in anonymous at ./<missing>:?
 in include_from_node1(::String) at ./loading.jl:488
 in process_options(::Base.JLOptions) at ./client.jl:265
 in _start() at ./client.jl:321
while loading /home/vagrant/.julia/v0.5/Brim/test/recursive_brim.jl, in expression starting on line 5
[1m[31mFAILED[0m	no_empty_modules.jl
LoadError: MethodError: Cannot `convert` an object of type Array{Int64,2} to an object of type UnitRange{Int64}
This may have arisen from a call to the constructor UnitRange{Int64}(...),
since type constructors fall back to convert methods.
 in macro expansion; at /home/vagrant/.julia/v0.5/Brim/test/runtests.jl:22 [inlined]
 in anonymous at ./<missing>:?
 in include_from_node1(::String) at ./loading.jl:488
 in process_options(::Base.JLOptions) at ./client.jl:265
 in _start() at ./client.jl:321
while loading /home/vagrant/.julia/v0.5/Brim/test/no_empty_modules.jl, in expression starting on line 9
[1m[31mFAILED[0m	reorder_by_module.jl
LoadError: MethodError: Cannot `convert` an object of type Array{Int64,2} to an object of type UnitRange{Int64}
This may have arisen from a call to the constructor UnitRange{Int64}(...),
since type constructors fall back to convert methods.
 in macro expansion; at /home/vagrant/.julia/v0.5/Brim/test/runtests.jl:22 [inlined]
 in anonymous at ./<missing>:?
 in include_from_node1(::String) at ./loading.jl:488
 in process_options(::Base.JLOptions) at ./client.jl:265
 in _start() at ./client.jl:321
while loading /home/vagrant/.julia/v0.5/Brim/test/reorder_by_module.jl, in expression starting on line 11
[1m[31mFAILED[0m	network_roles.jl
LoadError: ArgumentError: invalid index: Array{UnitRange{Int64},1}[UnitRange{Int64}[4:7]]
 in macro expansion; at /home/vagrant/.julia/v0.5/Brim/test/runtests.jl:22 [inlined]
 in anonymous at ./<missing>:?
 in include_from_node1(::String) at ./loading.jl:488
 in process_options(::Base.JLOptions) at ./client.jl:265
 in _start() at ./client.jl:321
while loading /home/vagrant/.julia/v0.5/Brim/test/network_roles.jl, in expression starting on line 8
[1m[32mPASSED[0m	partition_single.jl
[1m[31mFAILED[0m	partition_lp.jl
LoadError: MethodError: Cannot `convert` an object of type Array{Int64,2} to an object of type UnitRange{Int64}
This may have arisen from a call to the constructor UnitRange{Int64}(...),
since type constructors fall back to convert methods.
 in macro expansion; at /home/vagrant/.julia/v0.5/Brim/test/runtests.jl:22 [inlined]
 in anonymous at ./<missing>:?
 in include_from_node1(::String) at ./loading.jl:488
 in process_options(::Base.JLOptions) at ./client.jl:265
 in _start() at ./client.jl:321
while loading /home/vagrant/.julia/v0.5/Brim/test/partition_lp.jl, in expression starting on line 8
[1m[32mPASSED[0m	permutations.jl
[1m[32mPASSED[0m	Qr.jl
ERROR: LoadError: "Tests failed"
 in include_from_node1(::String) at ./loading.jl:488
 in process_options(::Base.JLOptions) at ./client.jl:265
 in _start() at ./client.jl:321
while loading /home/vagrant/.julia/v0.5/Brim/test/runtests.jl, in expression starting on line 28
================================[ ERROR: Brim ]=================================

failed process: Process(`/home/vagrant/julia/bin/julia -Cx86-64 -J/home/vagrant/julia/lib/julia/sys.so --compile=yes --depwarn=yes --check-bounds=yes --code-coverage=none --color=no --compilecache=yes /home/vagrant/.julia/v0.5/Brim/test/runtests.jl`, ProcessExited(1)) [1]

================================================================================
ERROR: Brim had test errors
 in #test#61(::Bool, ::Function, ::Array{AbstractString,1}) at ./pkg/entry.jl:748
 in (::Base.Pkg.Entry.#kw##test)(::Array{Any,1}, ::Base.Pkg.Entry.#test, ::Array{AbstractString,1}) at ./<missing>:0
 in (::Base.Pkg.Dir.##2#3{Array{Any,1},Base.Pkg.Entry.#test,Tuple{Array{AbstractString,1}}})() at ./pkg/dir.jl:31
 in cd(::Base.Pkg.Dir.##2#3{Array{Any,1},Base.Pkg.Entry.#test,Tuple{Array{AbstractString,1}}}, ::String) at ./file.jl:59
 in #cd#1(::Array{Any,1}, ::Function, ::Function, ::Array{AbstractString,1}, ::Vararg{Array{AbstractString,1},N}) at ./pkg/dir.jl:31
 in (::Base.Pkg.Dir.#kw##cd)(::Array{Any,1}, ::Base.Pkg.Dir.#cd, ::Function, ::Array{AbstractString,1}, ::Vararg{Array{AbstractString,1},N}) at ./<missing>:0
 in #test#3(::Bool, ::Function, ::String, ::Vararg{String,N}) at ./pkg/pkg.jl:258
 in test(::String, ::Vararg{String,N}) at ./pkg/pkg.jl:258
 in eval(::Module, ::Any) at ./boot.jl:234
 in process_options(::Base.JLOptions) at ./client.jl:242
 in _start() at ./client.jl:321

>>> End of log
