>>> 'Pkg.add("CasaCore")' log
[ Info: Cloning cache of CasaCore from https://github.com/mweastwood/CasaCore.jl.git
[ Info: Installing CasaCore v0.2.1
[ Info: Installing StaticArrays v0.6.6
[ Info: Installing Unitful v0.7.0
[ Info: Building CasaCore
Building the CasaCore wrapper...
make: Entering directory `/home/vagrant/.julia/v0.7/CasaCore/deps/src'
make -C tables
make[1]: Entering directory `/home/vagrant/.julia/v0.7/CasaCore/deps/src/tables'
g++ -c -std=c++0x -Wall -Werror -fpic -Wno-return-type-c-linkage -o cells.o cells.cpp
In file included from cells.cpp:16:0:
util.h:24:36: fatal error: casacore/tables/Tables.h: No such file or directory
 #include <casacore/tables/Tables.h>
                                    ^
compilation terminated.
make[1]: *** [cells.o] Error 1
make[1]: Leaving directory `/home/vagrant/.julia/v0.7/CasaCore/deps/src/tables'
make: *** [tables] Error 2
make: Leaving directory `/home/vagrant/.julia/v0.7/CasaCore/deps/src'
┌ Error: ------------------------------------------------------------
│ # Build failed for CasaCore
│   exception =
│    LoadError: failed process: Process(`make -C /home/vagrant/.julia/v0.7/CasaCore/deps/src`, ProcessExited(2)) [2]
│    Stacktrace:
│     [1] error(::String, ::Base.Process, ::String, ::Int64, ::String) at ./error.jl:42
│     [2] pipeline_error(::Base.Process) at ./process.jl:698
│     [3] run(::Cmd) at ./process.jl:660
│     [4] top-level scope
│     [5] include at ./boot.jl:292 [inlined]
│     [6] include_relative(::Module, ::String) at ./loading.jl:1012
│     [7] include at ./sysimg.jl:26 [inlined]
│     [8] include(::String) at ./loading.jl:1046
│     [9] top-level scope
│     [10] eval at ./boot.jl:295 [inlined]
│     [11] eval at ./sysimg.jl:71 [inlined]
│     [12] evalfile(::String, ::Array{String,1}) at ./loading.jl:1041 (repeats 2 times)
│     [13] #2 at ./none:14 [inlined]
│     [14] cd(::getfield(, Symbol("##2#5")){String}, ::String) at ./file.jl:70
│     [15] (::getfield(, Symbol("##1#3")))(::IOStream) at ./none:13
│     [16] #open#317(::Base.Iterators.IndexValue{Union{},Union{},Tuple{},NamedTuple{(),Tuple{}}}, ::Function, ::getfield(, Symbol("##1#3")), ::String, ::Vararg{String,N} where N) at ./iostream.jl:369
│     [17] open(::Function, ::String, ::String) at ./iostream.jl:367
│     [18] top-level scope
│     [19] eval at ./boot.jl:295 [inlined]
│     [20] eval(::Module, ::Expr) at ./sysimg.jl:71
│     [21] process_options(::Base.JLOptions) at ./client.jl:311
│     [22] _start() at ./client.jl:386
│    in expression starting at /home/vagrant/.julia/v0.7/CasaCore/deps/build.jl:6
└ @ Main none:17
┌ Warning: ------------------------------------------------------------
│ # Build error summary
│ 
│ CasaCore had build errors.
│ 
│  - packages with build errors remain installed in /home/vagrant/.julia/v0.7
│  - build the package(s) and all dependencies with `Pkg.build("CasaCore")`
│  - build a single package by running its `deps/build.jl` script
└ @ Base.Pkg.Entry entry.jl:649
[ Info: Package database updated
┌ Info: METADATA is out-of-date — you may not have the latest version of CasaCore
└ Use `Pkg.update()` to get the latest versions of your packages

>>> 'Pkg.test("CasaCore")' log
Package was unable to be tested.

>>> End of log
