>>> 'Pkg.add("Crypto")' log
[ Info: Cloning cache of Crypto from https://github.com/danielsuo/Crypto.jl.git
[ Info: Installing BinDeps v0.8.6
[ Info: Installing Coverage v0.5.0
[ Info: Installing Crypto v0.0.1
[ Info: Installing Git v0.2.0
[ Info: Installing HTTP v0.5.7
[ Info: Installing MbedTLS v0.5.4
[ Info: Installing SHA v0.5.3
[ Info: Installing URIParser v0.3.0
[ Info: Building MbedTLS
Using system libraries...
WARNING: importing deprecated binding Base.Associative into BinDeps.
WARNING: Base.Associative is deprecated, use AbstractDict instead.
  likely near /home/vagrant/.julia/v0.7/MbedTLS/deps/build.jl:48
in @install at /home/vagrant/.julia/v0.7/BinDeps/src/dependencies.jl
[ Info: Building Git
┌ Warning: `is_apple` is deprecated, use `Sys.isapple` instead.
│   caller = top-level scope
└ @ Core :0
┌ Warning: Deprecated syntax `implicit assignment to global variable `gitver``.
│ Use `global gitver` instead.
└ @ nothing none:0
┌ Warning: Deprecated syntax `implicit assignment to global variable `gitver``.
│ Use `global gitver` instead.
└ @ nothing none:0
┌ Warning: Deprecated syntax `implicit assignment to global variable `gitpath``.
│ Use `global gitpath` instead.
└ @ nothing none:0
┌ Warning: Deprecated syntax `implicit assignment to global variable `gitcmd``.
│ Use `global gitcmd` instead.
└ @ nothing none:0
┌ Warning: `is_windows` is deprecated, use `Sys.iswindows` instead.
│   caller = top-level scope at build.jl:75
└ @ Core build.jl:75
┌ Warning: `info()` is deprecated, use `@info` instead.
│   caller = top-level scope at build.jl:78
└ @ Core build.jl:78
INFO: Using git version 1.9.1 found on path at `/usr/bin/git`
[ Info: Building Crypto
gcc -Wno-deprecated-declarations -std=c99 -shared -fPIC digest.c ecdsa.c -o libcryptojl.so -lcrypto
ecdsa.c:4:24: fatal error: openssl/ec.h: No such file or directory
 #include <openssl/ec.h>
                        ^
compilation terminated.
make: *** [shared] Error 1
┌ Error: ------------------------------------------------------------
│ # Build failed for Crypto
│   exception =
│    LoadError: failed process: Process(`make`, ProcessExited(2)) [2]
│    Stacktrace:
│     [1] error(::String, ::Base.Process, ::String, ::Int64, ::String) at ./error.jl:42
│     [2] pipeline_error(::Base.Process) at ./process.jl:698
│     [3] run(::Cmd) at ./process.jl:660
│     [4] top-level scope
│     [5] include at ./boot.jl:292 [inlined]
│     [6] include_relative(::Module, ::String) at ./loading.jl:1011
│     [7] include at ./sysimg.jl:26 [inlined]
│     [8] include(::String) at ./loading.jl:1045
│     [9] top-level scope
│     [10] eval at ./boot.jl:295 [inlined]
│     [11] eval at ./sysimg.jl:71 [inlined]
│     [12] evalfile(::String, ::Array{String,1}) at ./loading.jl:1040 (repeats 2 times)
│     [13] #2 at ./none:14 [inlined]
│     [14] cd(::getfield(, Symbol("##2#5")){String}, ::String) at ./file.jl:70
│     [15] (::getfield(, Symbol("##1#3")))(::IOStream) at ./none:13
│     [16] open(::getfield(, Symbol("##1#3")), ::String, ::String) at ./iostream.jl:310
│     [17] top-level scope
│     [18] eval at ./boot.jl:295 [inlined]
│     [19] eval(::Module, ::Expr) at ./sysimg.jl:71
│     [20] process_options(::Base.JLOptions) at ./client.jl:311
│     [21] _start() at ./client.jl:386
│    in expression starting at /home/vagrant/.julia/v0.7/Crypto/deps/build.jl:1
└ @ Main none:17
┌ Warning: ------------------------------------------------------------
│ # Build error summary
│ 
│ Crypto had build errors.
│ 
│  - packages with build errors remain installed in /home/vagrant/.julia/v0.7
│  - build the package(s) and all dependencies with `Pkg.build("Crypto")`
│  - build a single package by running its `deps/build.jl` script
└ @ Base.Pkg.Entry entry.jl:649
[ Info: Package database updated

>>> 'Pkg.test("Crypto")' log
Julia Version 0.7.0-DEV.3519
Commit 5ecba29832 (2018-01-22 20:58 UTC)
Platform Info:
  OS: Linux (x86_64-pc-linux-gnu)
      Ubuntu 14.04.5 LTS
  uname: Linux 3.13.0-135-generic #184-Ubuntu SMP Wed Oct 18 11:55:51 UTC 2017 x86_64 x86_64
  CPU: Intel(R) Xeon(R) CPU E3-1241 v3 @ 3.50GHz: 
              speed         user         nice          sys         idle          irq
       #1  3500 MHz    2426090 s       5036 s     137762 s     754712 s         25 s
       #2  3500 MHz     543821 s       2786 s      58722 s    3223514 s          0 s
       
  Memory: 2.93927001953125 GB (844.9296875 MB free)
  Uptime: 39080.0 sec
  Load Avg:  1.0263671875  1.001953125  0.96533203125
  WORD_SIZE: 64
  LIBM: libopenlibm
  LLVM: libLLVM-3.9.1 (ORCJIT, haswell)
Environment:
  TERM = vt100
  LD_LIBRARY_PATH = :/usr/local/lib/
  PATH = /usr/local/sbin:/usr/local/bin:/usr/sbin:/usr/bin:/sbin:/bin:/usr/games:/usr/local/games:/home/vagrant/julia/bin/
  JAVA_HOME = /usr/lib/jvm/java-8-openjdk-amd64
  HOME = /home/vagrant
Packages:
  Package Directory: /home/vagrant/.julia/v0.7
  Package Status:
2 required packages:
 - Crypto                        0.0.1
 - JSON                          0.16.4
9 additional packages:
 - BinDeps                       0.8.6
 - Compat                        0.49.0
 - Coverage                      0.5.0
 - Git                           0.2.0
 - HTTP                          0.5.7
 - MbedTLS                       0.5.4
 - Nullables                     0.0.3
 - SHA                           0.5.3
 - URIParser                     0.3.0
[ Info: Testing Crypto
WARNING: importing deprecated binding Base.Void into Crypto.
WARNING: Base.Void is deprecated, use Nothing instead.
  likely near /home/vagrant/.julia/v0.7/Crypto/src/digest.jl:9
WARNING: Base.Void is deprecated, use Nothing instead.
  likely near /home/vagrant/.julia/v0.7/Crypto/src/digest.jl:13
WARNING: Base.Void is deprecated, use Nothing instead.
  likely near /home/vagrant/.julia/v0.7/Crypto/src/digest.jl:17
WARNING: Base.Void is deprecated, use Nothing instead.
  likely near /home/vagrant/.julia/v0.7/Crypto/src/digest.jl:17
ERROR: LoadError: LoadError: LoadError: UndefVarError: Uint8 not defined
Stacktrace:
 [1] top-level scope (repeats 2 times)
 [2] include at ./boot.jl:292 [inlined]
 [3] include_relative(::Module, ::String) at ./loading.jl:1011
 [4] include at ./sysimg.jl:26 [inlined]
 [5] include(::String) at /home/vagrant/.julia/v0.7/Crypto/src/Crypto.jl:1
 [6] top-level scope
 [7] include at ./boot.jl:292 [inlined]
 [8] include_relative(::Module, ::String) at ./loading.jl:1011
 [9] _require(::Base.PkgId) at ./loading.jl:938
 [10] require(::Module, ::Symbol) at ./loading.jl:819
 [11] include at ./boot.jl:292 [inlined]
 [12] include_relative(::Module, ::String) at ./loading.jl:1011
 [13] include(::Module, ::String) at ./sysimg.jl:26
 [14] process_options(::Base.JLOptions) at ./client.jl:334
 [15] _start() at ./client.jl:386
in expression starting at /home/vagrant/.julia/v0.7/Crypto/src/digest.jl:17
in expression starting at /home/vagrant/.julia/v0.7/Crypto/src/Crypto.jl:26
in expression starting at /home/vagrant/.julia/v0.7/Crypto/test/runtests.jl:1
┌ Error: ------------------------------------------------------------
│ # Testing failed for Crypto
│   exception =
│    failed process: Process(`/home/vagrant/julia/bin/julia -Cnative -J/home/vagrant/julia/lib/julia/sys.so --compile=yes --depwarn=yes --code-coverage=none --color=no --compiled-modules=yes --check-bounds=yes --warn-overwrite=yes --startup-file=yes /home/vagrant/.julia/v0.7/Crypto/test/runtests.jl`, ProcessExited(1)) [1]
│    Stacktrace:
│     [1] error(::String, ::Base.Process, ::String, ::Int64, ::String) at ./error.jl:42
│     [2] pipeline_error(::Base.Process) at ./process.jl:698
│     [3] run(::Cmd) at ./process.jl:660
│     [4] (::getfield(Base.Pkg.Entry, Symbol("##89#92")){Bool,String,Array{AbstractString,1}})() at ./pkg/entry.jl:729
│     [5] cd(::getfield(Base.Pkg.Entry, Symbol("##89#92")){Bool,String,Array{AbstractString,1}}, ::String) at ./file.jl:70
│     [6] #test!#88(::Bool, ::Function, ::String, ::Array{AbstractString,1}, ::Array{AbstractString,1}, ::Array{AbstractString,1}) at ./pkg/entry.jl:717
│     [7] (::getfield(Base.Pkg.Entry, Symbol("#kw##test!")))(::NamedTuple{(:coverage,),Tuple{Bool}}, ::typeof(Base.Pkg.Entry.test!), ::String, ::Array{AbstractString,1}, ::Array{AbstractString,1}, ::Array{AbstractString,1}) at ./<missing>:0
│     [8] #test#96(::Bool, ::Function, ::Array{AbstractString,1}) at ./pkg/entry.jl:756
│     [9] (::getfield(Base.Pkg.Entry, Symbol("#kw##test")))(::NamedTuple{(:coverage,),Tuple{Bool}}, ::typeof(Base.Pkg.Entry.test), ::Array{AbstractString,1}) at ./<missing>:0
│     [10] (::getfield(Base.Pkg.Dir, Symbol("##4#7")){Base.Iterators.IndexValue{Symbol,Bool,Tuple{Symbol},NamedTuple{(:coverage,),Tuple{Bool}}},typeof(Base.Pkg.Entry.test),Tuple{Array{AbstractString,1}}})() at ./pkg/dir.jl:36
│     [11] cd(::getfield(Base.Pkg.Dir, Symbol("##4#7")){Base.Iterators.IndexValue{Symbol,Bool,Tuple{Symbol},NamedTuple{(:coverage,),Tuple{Bool}}},typeof(Base.Pkg.Entry.test),Tuple{Array{AbstractString,1}}}, ::String) at ./file.jl:70
│     [12] #cd#1(::Base.Iterators.IndexValue{Symbol,Bool,Tuple{Symbol},NamedTuple{(:coverage,),Tuple{Bool}}}, ::Function, ::Function, ::Array{AbstractString,1}, ::Vararg{Array{AbstractString,1},N} where N) at ./pkg/dir.jl:36
│     [13] (::getfield(Base.Pkg.Dir, Symbol("#kw##cd")))(::NamedTuple{(:coverage,),Tuple{Bool}}, ::typeof(Base.Pkg.Dir.cd), ::Function, ::Array{AbstractString,1}, ::Vararg{Array{AbstractString,1},N} where N) at ./<missing>:0
│     [14] #test#3(::Bool, ::Function, ::String, ::Vararg{String,N} where N) at ./pkg/pkg.jl:274
│     [15] test(::String, ::Vararg{String,N} where N) at ./pkg/pkg.jl:274
│     [16] top-level scope
│     [17] eval at ./boot.jl:295 [inlined]
│     [18] eval(::Module, ::Expr) at ./sysimg.jl:71
│     [19] process_options(::Base.JLOptions) at ./client.jl:311
│     [20] _start() at ./client.jl:386
└ @ Base.Pkg.Entry entry.jl:732
ERROR: Crypto had test errors

>>> End of log
