>>> 'Pkg.add("Crypto")' log
INFO: Cloning cache of Crypto from https://github.com/danielsuo/Crypto.jl.git
INFO: Installing BinaryProvider v0.3.0
INFO: Installing Coverage v0.5.3
INFO: Installing Crypto v0.0.1
INFO: Installing HTTP v0.6.9
INFO: Installing IniFile v0.4.0
INFO: Installing MbedTLS v0.5.8
INFO: Installing SHA v0.5.7
INFO: Building MbedTLS
INFO: Building Crypto
gcc -Wno-deprecated-declarations -std=c99 -shared -fPIC digest.c ecdsa.c -o libcryptojl.so -lcrypto
ecdsa.c:4:24: fatal error: openssl/ec.h: No such file or directory
 #include <openssl/ec.h>
                        ^
compilation terminated.
make: *** [shared] Error 1
===============================[ ERROR: Crypto ]================================

LoadError: failed process: Process(`make`, ProcessExited(2)) [2]
while loading /home/vagrant/.julia/v0.6/Crypto/deps/build.jl, in expression starting on line 1

================================================================================

================================[ BUILD ERRORS ]================================

WARNING: Crypto had build errors.

 - packages with build errors remain installed in /home/vagrant/.julia/v0.6
 - build the package(s) and all dependencies with `Pkg.build("Crypto")`
 - build a single package by running its `deps/build.jl` script

================================================================================
INFO: Package database updated
INFO: METADATA is out-of-date â€” you may not have the latest version of Crypto
INFO: Use `Pkg.update()` to get the latest versions of your packages

>>> 'Pkg.test("Crypto")' log
Julia Version 0.6.2
Commit d386e40c17 (2017-12-13 18:08 UTC)
Platform Info:
  OS: Linux (x86_64-pc-linux-gnu)
  CPU: Intel(R) Xeon(R) CPU E3-1241 v3 @ 3.50GHz
  WORD_SIZE: 64
           Ubuntu 14.04.5 LTS
  uname: Linux 3.13.0-143-generic #192-Ubuntu SMP Tue Feb 27 10:45:36 UTC 2018 x86_64 x86_64
Memory: 2.939197540283203 GB (764.17578125 MB free)
Uptime: 53321.0 sec
Load Avg:  0.9716796875  0.974609375  1.02392578125
Intel(R) Xeon(R) CPU E3-1241 v3 @ 3.50GHz: 
       speed         user         nice          sys         idle          irq
#1  3499 MHz    3031643 s       2827 s     215512 s    1331439 s         30 s
#2  3499 MHz     761378 s       4491 s      87357 s    4362997 s          1 s

  BLAS: libopenblas (USE64BITINT DYNAMIC_ARCH NO_AFFINITY Nehalem)
  LAPACK: libopenblas64_
  LIBM: libopenlibm
  LLVM: libLLVM-3.9.1 (ORCJIT, haswell)
Environment:
  TERM = vt100
  LD_LIBRARY_PATH = :/usr/local/lib/
  PATH = /usr/local/sbin:/usr/local/bin:/usr/sbin:/usr/bin:/sbin:/bin:/usr/games:/usr/local/games:/home/vagrant/julia/bin/
  JAVA_HOME = /usr/lib/jvm/java-8-openjdk-amd64
  HOME = /home/vagrant

Package Directory: /home/vagrant/.julia/v0.6
2 required packages:
 - Crypto                        0.0.1
 - JSON                          0.17.2
8 additional packages:
 - BinaryProvider                0.3.0
 - Compat                        0.64.0
 - Coverage                      0.5.3
 - HTTP                          0.6.9
 - IniFile                       0.4.0
 - MbedTLS                       0.5.8
 - Nullables                     0.0.5
 - SHA                           0.5.7
INFO: Testing Crypto
ERROR: LoadError: LoadError: LoadError: UndefVarError: Uint8 not defined
Stacktrace:
 [1] include_from_node1(::String) at ./loading.jl:576
 [2] include(::String) at ./sysimg.jl:14
 [3] include_from_node1(::String) at ./loading.jl:576
while loading /home/vagrant/.julia/v0.6/Crypto/src/digest.jl, in expression starting on line 17
while loading /home/vagrant/.julia/v0.6/Crypto/src/Crypto.jl, in expression starting on line 26
while loading /home/vagrant/.julia/v0.6/Crypto/test/runtests.jl, in expression starting on line 1
===============================[ ERROR: Crypto ]================================

failed process: Process(`/home/vagrant/julia/bin/julia -Cx86-64 -J/home/vagrant/julia/lib/julia/sys.so --compile=yes --depwarn=yes --check-bounds=yes --code-coverage=none --color=no --compilecache=yes /home/vagrant/.julia/v0.6/Crypto/test/runtests.jl`, ProcessExited(1)) [1]

================================================================================
ERROR: Crypto had test errors

>>> End of log
