>>> 'Pkg.add("Cxx")' log
INFO: Installing Cxx v0.2.0
INFO: Building Cxx
writing path.jl file
Tuning for julia installation at /home/vagrant/julia/bin with sources possibly at /home/vagrant/julia/bin/../..
INFO: Building julia binary build
cd build/clang-3.9.1 && make
make[1]: Entering directory `/home/vagrant/.julia/v0.6/Cxx/deps/build/clang-3.9.1'
make[2]: Entering directory `/home/vagrant/.julia/v0.6/Cxx/deps/build/clang-3.9.1'
make[3]: Entering directory `/home/vagrant/.julia/v0.6/Cxx/deps/build/clang-3.9.1'
make[3]: Entering directory `/home/vagrant/.julia/v0.6/Cxx/deps/build/clang-3.9.1'
make[3]: Leaving directory `/home/vagrant/.julia/v0.6/Cxx/deps/build/clang-3.9.1'
make[3]: Leaving directory `/home/vagrant/.julia/v0.6/Cxx/deps/build/clang-3.9.1'
make[3]: Entering directory `/home/vagrant/.julia/v0.6/Cxx/deps/build/clang-3.9.1'
[  0%] Built target ClangDriverOptions
make[3]: Entering directory `/home/vagrant/.julia/v0.6/Cxx/deps/build/clang-3.9.1'
[  0%] Building CXX object utils/TableGen/CMakeFiles/obj.clang-tblgen.dir/ClangDiagnosticsEmitter.cpp.o
make[3]: Leaving directory `/home/vagrant/.julia/v0.6/Cxx/deps/build/clang-3.9.1'
[  0%] Built target libclang_exports
make[3]: Entering directory `/home/vagrant/.julia/v0.6/Cxx/deps/build/clang-3.9.1'
make[3]: Leaving directory `/home/vagrant/.julia/v0.6/Cxx/deps/build/clang-3.9.1'
[  0%] Built target scan-build
make[3]: Entering directory `/home/vagrant/.julia/v0.6/Cxx/deps/build/clang-3.9.1'
make[3]: Leaving directory `/home/vagrant/.julia/v0.6/Cxx/deps/build/clang-3.9.1'
[  1%] Built target scan-view
[  1%] Building CXX object utils/TableGen/CMakeFiles/obj.clang-tblgen.dir/ClangSACheckersEmitter.cpp.o
[  1%] Building CXX object utils/TableGen/CMakeFiles/obj.clang-tblgen.dir/NeonEmitter.cpp.o
[  3%] Building CXX object utils/TableGen/CMakeFiles/obj.clang-tblgen.dir/TableGen.cpp.o
make[3]: Leaving directory `/home/vagrant/.julia/v0.6/Cxx/deps/build/clang-3.9.1'
[  3%] Built target obj.clang-tblgen
make[3]: Entering directory `/home/vagrant/.julia/v0.6/Cxx/deps/build/clang-3.9.1'
Scanning dependencies of target clang-tblgen
make[3]: Leaving directory `/home/vagrant/.julia/v0.6/Cxx/deps/build/clang-3.9.1'
make[3]: Entering directory `/home/vagrant/.julia/v0.6/Cxx/deps/build/clang-3.9.1'
[  3%] Linking CXX executable ../../bin/clang-tblgen
CMakeFiles/obj.clang-tblgen.dir/ClangAttrEmitter.cpp.o: file not recognized: File truncated
collect2: error: ld returned 1 exit status
make[3]: *** [bin/clang-tblgen] Error 1
make[3]: Leaving directory `/home/vagrant/.julia/v0.6/Cxx/deps/build/clang-3.9.1'
make[2]: *** [utils/TableGen/CMakeFiles/clang-tblgen.dir/all] Error 2
make[2]: Leaving directory `/home/vagrant/.julia/v0.6/Cxx/deps/build/clang-3.9.1'
make[1]: *** [all] Error 2
make[1]: Leaving directory `/home/vagrant/.julia/v0.6/Cxx/deps/build/clang-3.9.1'
make: *** [build/clang-3.9.1/lib/libclangCodeGen.a] Error 2
=================================[ ERROR: Cxx ]=================================

LoadError: failed process: Process(`make -j2 -f BuildBootstrap.Makefile BASE_JULIA_BIN=/home/vagrant/julia/bin BASE_JULIA_SRC=/home/vagrant/julia/bin/../..`, ProcessExited(2)) [2]
while loading /home/vagrant/.julia/v0.6/Cxx/deps/build.jl, in expression starting on line 54

================================================================================

================================[ BUILD ERRORS ]================================

WARNING: Cxx had build errors.

 - packages with build errors remain installed in /home/vagrant/.julia/v0.6
 - build the package(s) and all dependencies with `Pkg.build("Cxx")`
 - build a single package by running its `deps/build.jl` script

================================================================================
INFO: Package database updated

>>> 'Pkg.test("Cxx")' log
Julia Version 0.6.2
Commit d386e40c17 (2017-12-13 18:08 UTC)
Platform Info:
  OS: Linux (x86_64-pc-linux-gnu)
  CPU: Intel(R) Xeon(R) CPU E3-1241 v3 @ 3.50GHz
  WORD_SIZE: 64
           Ubuntu 14.04.5 LTS
  uname: Linux 3.13.0-135-generic #184-Ubuntu SMP Wed Oct 18 11:55:51 UTC 2017 x86_64 x86_64
Memory: 2.93927001953125 GB (670.3046875 MB free)
Uptime: 48643.0 sec
Load Avg:  1.16015625  1.00048828125  1.125
Intel(R) Xeon(R) CPU E3-1241 v3 @ 3.50GHz: 
       speed         user         nice          sys         idle          irq
#1  3499 MHz    2985021 s       7788 s     144526 s    1013073 s         22 s
#2  3499 MHz     767832 s        101 s      76353 s    3938296 s          0 s

  BLAS: libopenblas (USE64BITINT DYNAMIC_ARCH NO_AFFINITY Nehalem)
  LAPACK: libopenblas64_
  LIBM: libopenlibm
  LLVM: libLLVM-3.9.1 (ORCJIT, haswell)
Environment:
  TERM = vt100
  LD_LIBRARY_PATH = :/usr/local/lib/
  PATH = /usr/local/sbin:/usr/local/bin:/usr/sbin:/usr/bin:/sbin:/bin:/usr/games:/usr/local/games:/home/vagrant/julia/bin/
  JAVA_HOME = /usr/lib/jvm/java-8-openjdk-amd64
  HOME = /home/vagrant

Package Directory: /home/vagrant/.julia/v0.6
2 required packages:
 - Cxx                           0.2.0
 - JSON                          0.16.4
2 additional packages:
 - Compat                        0.48.0
 - Nullables                     0.0.3
INFO: Testing Cxx
ERROR: LoadError: LoadError: could not open file /home/vagrant/.julia/v0.6/Cxx/src/../deps/build/clang_constants.jl
Stacktrace:
 [1] include_from_node1(::String) at ./loading.jl:576
 [2] include(::String) at ./sysimg.jl:14
 [3] include_from_node1(::String) at ./loading.jl:576
 [4] include(::String) at ./sysimg.jl:14
 [5] include_from_node1(::String) at ./loading.jl:576
 [6] include(::String) at ./sysimg.jl:14
 [7] anonymous at ./<missing>:2
while loading /home/vagrant/.julia/v0.6/Cxx/src/typetranslation.jl, in expression starting on line 434
while loading /home/vagrant/.julia/v0.6/Cxx/src/Cxx.jl, in expression starting on line 162
ERROR: LoadError: Failed to precompile Cxx to /home/vagrant/.julia/lib/v0.6/Cxx.ji.
Stacktrace:
 [1] compilecache(::String) at ./loading.jl:710
 [2] _require(::Symbol) at ./loading.jl:497
 [3] require(::Symbol) at ./loading.jl:405
 [4] include_from_node1(::String) at ./loading.jl:576
 [5] include(::String) at ./sysimg.jl:14
 [6] process_options(::Base.JLOptions) at ./client.jl:305
 [7] _start() at ./client.jl:371
while loading /home/vagrant/.julia/v0.6/Cxx/test/runtests.jl, in expression starting on line 5
=================================[ ERROR: Cxx ]=================================

failed process: Process(`/home/vagrant/julia/bin/julia -Cx86-64 -J/home/vagrant/julia/lib/julia/sys.so --compile=yes --depwarn=yes --check-bounds=yes --code-coverage=none --color=no --compilecache=yes /home/vagrant/.julia/v0.6/Cxx/test/runtests.jl`, ProcessExited(1)) [1]

================================================================================
ERROR: Cxx had test errors

>>> End of log
