>>> 'Pkg.add("DataFramesMeta")' log
INFO: Installing ArrayViews v0.4.8
INFO: Installing Compat v0.2.5
INFO: Installing DataArrays v0.2.5
INFO: Installing DataFrames v0.5.12
INFO: Installing DataFramesMeta v0.0.0
INFO: Installing GZip v0.2.13
INFO: Installing Reexport v0.0.2
INFO: Installing SortingAlgorithms v0.0.2
INFO: Installing StatsBase v0.6.10
INFO: Package database updated

>>> 'using DataFramesMeta' log
Julia Version 0.4.0-dev+2114
Commit ebdaed7 (2014-12-14 08:02 UTC)
Platform Info:
  System: Linux (x86_64-unknown-linux-gnu)
  CPU: Intel(R) Xeon(R) CPU E5-2650 0 @ 2.00GHz
  WORD_SIZE: 64
  BLAS: libopenblas (USE64BITINT DYNAMIC_ARCH NO_AFFINITY Sandybridge)
  LAPACK: libopenblas
  LIBM: libopenlibm
  LLVM: libLLVM-3.3

>>> test log

WARNING: deprecated syntax "{a=>b, ...}" at /home/idunning/pkgtest/.julia/v0.4/DataFramesMeta/test/dict.jl:6.
Use "Dict{Any,Any}(a=>b, ...)" instead.

WARNING: deprecated syntax "{a=>b, ...}" at /home/idunning/pkgtest/.julia/v0.4/DataFramesMeta/test/dict.jl:12.
Use "Dict{Any,Any}(a=>b, ...)" instead.
WARNING: DataFrame(::Any...) is deprecated
 in call at /home/idunning/pkgtest/.julia/v0.4/DataFrames/src/deprecated.jl:111
 in ##11223 at /home/idunning/pkgtest/.julia/v0.4/DataFramesMeta/src/DataFramesMeta.jl:43
 in anonymous at /home/idunning/pkgtest/.julia/v0.4/DataFramesMeta/src/DataFramesMeta.jl:133
 in orderby at /home/idunning/pkgtest/.julia/v0.4/DataFramesMeta/src/DataFramesMeta.jl:126
 in anonymous at no file:133
 in include at ./boot.jl:242
 in include_from_node1 at ./loading.jl:128
 in anonymous at no file:13
 in include at ./boot.jl:242
 in include_from_node1 at loading.jl:128
 in process_options at ./client.jl:300
 in _start at ./client.jl:382
WARNING: DataFrame(::Any...) is deprecated
 in call at /home/idunning/pkgtest/.julia/v0.4/DataFrames/src/deprecated.jl:111
 in ##11237 at /home/idunning/pkgtest/.julia/v0.4/DataFramesMeta/src/DataFramesMeta.jl:43
 in anonymous at /home/idunning/pkgtest/.julia/v0.4/DataFramesMeta/src/DataFramesMeta.jl:133
 in orderby at /home/idunning/pkgtest/.julia/v0.4/DataFramesMeta/src/DataFramesMeta.jl:126
 in anonymous at /home/idunning/pkgtest/.julia/v0.4/DataFramesMeta/test/chaining.jl:133
 in include at ./boot.jl:242
 in include_from_node1 at ./loading.jl:128
 in anonymous at no file:13
 in include at ./boot.jl:242
 in include_from_node1 at loading.jl:128
 in process_options at ./client.jl:300
 in _start at ./client.jl:382
ERROR: "Tests failed"
 in include at ./boot.jl:242
 in include_from_node1 at loading.jl:128
 in process_options at ./client.jl:300
 in _start at ./client.jl:382
while loading /home/idunning/pkgtest/.julia/v0.4/DataFramesMeta/test/runtests.jl, in expression starting on line 25
Running tests:
	[1m[32mPASSED[0m: dict.jl
	[1m[32mPASSED[0m: dataframes.jl
	[1m[31mFAILED[0m: grouping.jl
	[1m[31mFAILED[0m: chaining.jl

INFO: Testing DataFramesMeta
===========================[ ERROR: DataFramesMeta ]============================

failed process: Process(`/home/idunning/julia04/usr/bin/julia /home/idunning/pkgtest/.julia/v0.4/DataFramesMeta/test/runtests.jl`, ProcessExited(1)) [1]

================================================================================
INFO: No packages to install, update or remove
ERROR: DataFramesMeta had test errors
 in error at error.jl:21
 in test at pkg/entry.jl:720
 in anonymous at pkg/dir.jl:28
 in cd at ./file.jl:20
 in cd at pkg/dir.jl:28
 in test at pkg.jl:68
 in process_options at ./client.jl:222
 in _start at ./client.jl:382


>>> end of log
