>>> 'Pkg.add("DataFrames")' log
WARNING: Base.Pkg is deprecated, run `using Pkg` instead
 in module Main
[ Info: Installing BinaryProvider v0.3.0
[ Info: Installing CategoricalArrays v0.3.9
[ Info: Installing CodecZlib v0.4.3
[ Info: Installing DataFrames v0.11.6
[ Info: Installing DataStreams v0.3.4
[ Info: Installing DataStructures v0.8.1
[ Info: Installing Missings v0.2.9
[ Info: Installing NamedTuples v4.0.0
[ Info: Installing Reexport v0.1.0
[ Info: Installing SHA v0.5.7
[ Info: Installing SortingAlgorithms v0.2.1
[ Info: Installing StatsBase v0.21.0
[ Info: Installing TranscodingStreams v0.5.2
[ Info: Installing WeakRefStrings v0.4.6
[ Info: Building CodecZlib
â”Œ Warning: `ismatch(r::Regex, s::AbstractString)` is deprecated, use `occursin(r, s)` instead.
â”‚   caller = valid_dl_path(::String, ::BinaryProvider.Linux) at PlatformNames.jl:376
â”” @ BinaryProvider PlatformNames.jl:376
WARNING: importing deprecated binding Base.Libdl into Sys.
WARNING: Base.Libdl is deprecated, run `using Libdl` instead
  likely near /home/vagrant/.julia/v0.7/CodecZlib/deps/build.jl:98
[ Info: Package database updated
â”Œ Info: METADATA is out-of-date â€” you may not have the latest version of DataFrames
â”” Use `Pkg.update()` to get the latest versions of your packages

>>> 'Pkg.test("DataFrames")' log
WARNING: Base.versioninfo is deprecated: it has been moved to the standard library package `InteractiveUtils`.
Add `using InteractiveUtils` to your imports.
 in module Main
WARNING: Base.versioninfo is deprecated: it has been moved to the standard library package `InteractiveUtils`.
Add `using InteractiveUtils` to your imports.
 in module Main
Julia Version 0.7.0-DEV.4960
Commit 8770821e88 (2018-04-30 21:25 UTC)
Platform Info:
  OS: Linux (x86_64-pc-linux-gnu)
      Ubuntu 14.04.5 LTS
  uname: Linux 3.13.0-143-generic #192-Ubuntu SMP Tue Feb 27 10:45:36 UTC 2018 x86_64 x86_64
  CPU: Intel(R) Xeon(R) CPU E3-1241 v3 @ 3.50GHz: 
              speed         user         nice          sys         idle          irq
       #1  3499 MHz    3233363 s       8153 s     240320 s     950212 s         42 s
       #2  3499 MHz     784441 s         52 s      94386 s    4210159 s          0 s
       
  Memory: 2.939197540283203 GB (646.16796875 MB free)
  Uptime: 51994.0 sec
  Load Avg:  0.9951171875  0.97021484375  0.95458984375
  WORD_SIZE: 64
  LIBM: libopenlibm
  LLVM: libLLVM-3.9.1 (ORCJIT, haswell)
Environment:
  TERM = vt100
  LD_LIBRARY_PATH = :/usr/local/lib/
  PATH = /usr/local/sbin:/usr/local/bin:/usr/sbin:/usr/bin:/sbin:/bin:/usr/games:/usr/local/games:/home/vagrant/julia/bin/
  JAVA_HOME = /usr/lib/jvm/java-8-openjdk-amd64
  HOME = /home/vagrant
Packages:
  Package Directory: /home/vagrant/.julia/v0.7
  Package Status:
2 required packages:
 - DataFrames                    0.11.6
 - JSON                          0.17.2
15 additional packages:
 - BinaryProvider                0.3.0
 - CategoricalArrays             0.3.9
 - CodecZlib                     0.4.3
 - Compat                        0.64.0
 - DataStreams                   0.3.4
 - DataStructures                0.8.1
 - Missings                      0.2.9
 - NamedTuples                   4.0.0
 - Nullables                     0.0.5
 - Reexport                      0.1.0
 - SHA                           0.5.7
 - SortingAlgorithms             0.2.1
 - StatsBase                     0.21.0
 - TranscodingStreams            0.5.2
 - WeakRefStrings                0.4.6
WARNING: Base.Pkg is deprecated, run `using Pkg` instead
 in module Main
[ Info: Computing test dependencies for DataFrames...
[ Info: Installing LaTeXStrings v0.3.0
[ Info: Testing DataFrames
â”Œ Warning: `Array{T, 1}(m::Int) where T` is deprecated, use `Array{T, 1}(undef, m)` instead.
â”‚   caller = top-level scope
â”” @ Core :0
Running tests:
â”Œ Warning: Unable to validate reserved words against parser. 
â”‚   Expected if Julia was not built from source. = "Expected if Julia was not built from source."
â”” @ Main.TestUtils utils.jl:34
Test Summary: | Pass  Total
describe      |    1      1
Test Summary: | Pass  Total
describe      |    1      1
	[1m[32mPASSED[0m: utils.jl
Test Summary:            | Pass  Total
hcat ::AbstractDataFrame |    2      2
Test Summary:            | Pass  Total
hcat ::AbstractDataFrame |    2      2
â”Œ Warning: Deprecated syntax `implicit assignment to global variable `df2``.
â”‚ Use `global df2` instead.
â”” @ nothing none:0
â”Œ Warning: Deprecated syntax `implicit assignment to global variable `df3``.
â”‚ Use `global df3` instead.
â”” @ nothing none:0
Test Summary:          | Pass  Total
hcat ::AbstractVectors |    9      9
â”Œ Warning: Deprecated syntax `implicit assignment to global variable `df``.
â”‚ Use `global df` instead.
â”” @ nothing none:0
Test Summary: | Pass  Total
vcat >2 args  |    2      2
â”Œ Warning: Deprecated syntax `implicit assignment to global variable `df``.
â”‚ Use `global df` instead.
â”” @ nothing none:0
â”Œ Warning: Deprecated syntax `implicit assignment to global variable `df``.
â”‚ Use `global df` instead.
â”” @ nothing none:0
â”Œ Warning: Deprecated syntax `implicit assignment to global variable `df``.
â”‚ Use `global df` instead.
â”” @ nothing none:0
â”Œ Warning: Deprecated syntax `implicit assignment to global variable `df``.
â”‚ Use `global df` instead.
â”” @ nothing none:0
â”Œ Warning: Deprecated syntax `implicit assignment to global variable `df``.
â”‚ Use `global df` instead.
â”” @ nothing none:0
â”Œ Warning: Deprecated syntax `implicit assignment to global variable `df``.
â”‚ Use `global df` instead.
â”” @ nothing none:0
â”Œ Warning: Deprecated syntax `implicit assignment to global variable `df``.
â”‚ Use `global df` instead.
â”” @ nothing none:0
â”Œ Warning: Deprecated syntax `implicit assignment to global variable `df``.
â”‚ Use `global df` instead.
â”” @ nothing none:0
â”Œ Warning: Deprecated syntax `implicit assignment to global variable `df``.
â”‚ Use `global df` instead.
â”” @ nothing none:0
Test Summary:       | Pass  Total
vcat mixed coltypes |   18     18
â”Œ Warning: Deprecated syntax `implicit assignment to global variable `df2``.
â”‚ Use `global df2` instead.
â”” @ nothing none:0
â”Œ Warning: Deprecated syntax `implicit assignment to global variable `df3``.
â”‚ Use `global df3` instead.
â”” @ nothing none:0
â”Œ Warning: Deprecated syntax `implicit assignment to global variable `res``.
â”‚ Use `global res` instead.
â”” @ nothing none:0
â”Œ Warning: Deprecated syntax `implicit assignment to global variable `df2``.
â”‚ Use `global df2` instead.
â”” @ nothing none:0
â”Œ Warning: Deprecated syntax `implicit assignment to global variable `df3``.
â”‚ Use `global df3` instead.
â”” @ nothing none:0
Test Summary:     | Pass  Total
vcat out of order |   16     16
â”Œ Warning: Deprecated syntax `implicit assignment to global variable `df2``.
â”‚ Use `global df2` instead.
â”” @ nothing none:0
â”Œ Warning: Deprecated syntax `implicit assignment to global variable `df2``.
â”‚ Use `global df2` instead.
â”” @ nothing none:0
â”Œ Warning: Deprecated syntax `implicit assignment to global variable `df3``.
â”‚ Use `global df3` instead.
â”” @ nothing none:0
â”Œ Warning: Deprecated syntax `implicit assignment to global variable `df2``.
â”‚ Use `global df2` instead.
â”” @ nothing none:0
â”Œ Warning: Deprecated syntax `implicit assignment to global variable `df3``.
â”‚ Use `global df3` instead.
â”” @ nothing none:0
â”Œ Warning: Deprecated syntax `implicit assignment to global variable `df4``.
â”‚ Use `global df4` instead.
â”” @ nothing none:0
Test Summary: | Pass  Total
vcat errors   |   34     34
	[1m[32mPASSED[0m: cat.jl
Test Failed at /home/vagrant/.julia/v0.7/DataFrames/test/data.jl:90
  Expression: (gd[2])[:d2] â‰… ["B", missing, "A", missing, missing, missing, missing, missing, "A"]
   Evaluated: Union{Missing, CategoricalString{UInt32}}[CategoricalString{UInt32} "A", CategoricalString{UInt32} "A", missing, missing, CategoricalString{UInt32} "A", CategoricalString{UInt32} "B", CategoricalString{UInt32} "B", CategoricalString{UInt32} "A", CategoricalString{UInt32} "B"] â‰… Union{Missing, String}["B", missing, "A", missing, missing, missing, missing, missing, "A"]
	[1m[31mFAILED[0m: data.jl
LoadError: There was an error during testing
in expression starting at /home/vagrant/.julia/v0.7/DataFrames/test/data.jl:90
	[1m[32mPASSED[0m: index.jl
â”Œ Warning: Inserting duplicate column name is deprecated, use makeunique=true.
â”‚   caller = (::getfield(Main.TestDataFrame, Symbol("##2#4")))() at Test.jl:558
â”” @ Main.TestDataFrame Test.jl:558
Test Failed at /buildworker/worker/package_linux64/build/usr/share/julia/stdlib/v0.7/Test/src/Test.jl:561
  Expression: contains_warn(read(fname, String), $(Expr(:escape, :(#= /home/vagrant/.julia/v0.7/DataFrames/test/dataframe.jl:112 =# @r_str "Inserting"))))
	[1m[31mFAILED[0m: dataframe.jl
LoadError: There was an error during testing
in expression starting at /home/vagrant/.julia/v0.7/DataFrames/test/dataframe.jl:112
	[1m[32mPASSED[0m: dataframerow.jl
â”Œ Warning: Deprecated syntax `parametric method syntax getindex{T <: Integer}(s::LaTeXString, i::UnitRange{T})` around /home/vagrant/.julia/v0.7/LaTeXStrings/src/LaTeXStrings.jl:57.
â”‚ Use `getindex(s::LaTeXString, i::UnitRange{T}) where T <: Integer` instead.
â”” @ nothing LaTeXStrings.jl:57
â”Œ Warning: `ismatch(r::Regex, s::AbstractString)` is deprecated, use `occursin(r, s)` instead.
â”‚   caller = latexstring(::String) at LaTeXStrings.jl:24
â”” @ LaTeXStrings LaTeXStrings.jl:24
â”Œ Warning: `reprmime(mime, x)` is deprecated, use `repr(mime, x)` instead.
â”‚   caller = top-level scope
â”” @ Core :0
â”Œ Warning: `showcompact(io, x)` is deprecated, use `show(IOContext(io, :compact => true), x)` instead.
â”‚   caller = ourshowcompact(::Base.GenericIOBuffer{Array{UInt8,1}}, ::Int64) at show.jl:57
â”” @ DataFrames show.jl:57
â”Œ Warning: `showcompact(io, x)` is deprecated, use `show(IOContext(io, :compact => true), x)` instead.
â”‚   caller = ourshowcompact(::Base.GenericIOBuffer{Array{UInt8,1}}, ::Float64) at show.jl:57
â”” @ DataFrames show.jl:57
â”Œ Warning: `showcompact(io, x)` is deprecated, use `show(IOContext(io, :compact => true), x)` instead.
â”‚   caller = ourshowcompact(::Base.GenericIOBuffer{Array{UInt8,1}}, ::Missing) at show.jl:57
â”” @ DataFrames show.jl:57
â”Œ Warning: `IOContext(io, k=v, ...)` is deprecated, use `IOContext(io, :k => v, ...)` instead.
â”‚   caller = ip:0x0
â”” @ Core :-1
â”Œ Warning: `showcompact(io, x)` is deprecated, use `show(IOContext(io, :compact => true), x)` instead.
â”‚   caller = ourshowcompact at show.jl:57 [inlined]
â”” @ Core show.jl:57
â”Œ Warning: `showcompact(io, x)` is deprecated, use `show(IOContext(io, :compact => true), x)` instead.
â”‚   caller = ourshowcompact at show.jl:57 [inlined]
â”” @ Core show.jl:57
â”Œ Warning: `datatype_module(t::DataType)` is deprecated, use `parentmodule(t)` instead.
â”‚   caller = datatype at DataStreams.jl:464 [inlined]
â”” @ Core DataStreams.jl:464
â”Œ Warning: `datatype_name(t::DataType)` is deprecated, use `nameof(t)` instead.
â”‚   caller = datatype at DataStreams.jl:464 [inlined]
â”” @ Core DataStreams.jl:464
â”Œ Warning: `datatype_module(t::DataType)` is deprecated, use `parentmodule(t)` instead.
â”‚   caller = datatype at DataStreams.jl:464 [inlined]
â”” @ Core DataStreams.jl:464
â”Œ Warning: `datatype_name(t::DataType)` is deprecated, use `nameof(t)` instead.
â”‚   caller = datatype at DataStreams.jl:464 [inlined]
â”” @ Core DataStreams.jl:464
	[1m[31mFAILED[0m: io.jl
LoadError: UndefVarError: Inference not defined
Stacktrace:
 [1] top-level scope at /home/vagrant/.julia/v0.7/DataFrames/test/runtests.jl:42
 [2] include at ./boot.jl:314 [inlined]
 [3] include_relative(::Module, ::String) at ./loading.jl:1067
 [4] include(::Module, ::String) at ./sysimg.jl:29
 [5] exec_options(::Base.JLOptions) at ./client.jl:327
 [6] _start() at ./client.jl:455
in expression starting at /home/vagrant/.julia/v0.7/DataFrames/test/io.jl:72
â”Œ Warning: Deprecated syntax `implicit assignment to global variable `df``.
â”‚ Use `global df` instead.
â”” @ nothing none:0
â”Œ Warning: Deprecated syntax `implicit assignment to global variable `df``.
â”‚ Use `global df` instead.
â”” @ nothing none:0
Test Summary:    | Pass  Total
pair constructor |    4      4
â”Œ Warning: Deprecated syntax `implicit assignment to global variable `df``.
â”‚ Use `global df` instead.
â”” @ nothing none:0
Test Summary: | Pass  Total
associative   |    2      2
Test Summary: | Pass  Total
recyclers     |    2      2
Test Summary:      | Pass  Total
constructor errors |    4      4
â”Œ Warning: Deprecated syntax `implicit assignment to global variable `df``.
â”‚ Use `global df` instead.
â”” @ nothing none:0
Test Summary: | Pass  Total
column types  |    3      3
â”Œ Warning: Deprecated syntax `implicit assignment to global variable `df``.
â”‚ Use `global df` instead.
â”” @ nothing none:0
Test Summary:           | Pass  Total
categorical constructor |    3      3
	[1m[32mPASSED[0m: constructors.jl
â”Œ Warning: `convert(::Type{Symbol}, s::AbstractString)` is deprecated, use `Symbol(s)` instead.
â”‚   caller = setindex! at array.jl:705 [inlined]
â”” @ Core array.jl:705
â”Œ Warning: `convert(::Type{Symbol}, s::AbstractString)` is deprecated, use `Symbol(s)` instead.
â”‚   caller = setindex! at array.jl:705 [inlined]
â”” @ Core array.jl:705
â”Œ Warning: `convert(::Type{Symbol}, s::AbstractString)` is deprecated, use `Symbol(s)` instead.
â”‚   caller = setindex! at array.jl:705 [inlined]
â”” @ Core array.jl:705
â”Œ Warning: `convert(::Type{Symbol}, s::AbstractString)` is deprecated, use `Symbol(s)` instead.
â”‚   caller = setindex! at array.jl:705 [inlined]
â”” @ Core array.jl:705
â”Œ Warning: `convert(::Type{Symbol}, s::AbstractString)` is deprecated, use `Symbol(s)` instead.
â”‚   caller = setindex! at array.jl:705 [inlined]
â”” @ Core array.jl:705
â”Œ Warning: `convert(::Type{Symbol}, s::AbstractString)` is deprecated, use `Symbol(s)` instead.
â”‚   caller = setindex! at array.jl:705 [inlined]
â”” @ Core array.jl:705
	[1m[32mPASSED[0m: conversions.jl
WARNING: importing deprecated binding Base.srand into TestSort.
WARNING: Base.srand is deprecated: it has been moved to the standard library package `Random`.
Add `using Random` to your imports.
  likely near /home/vagrant/.julia/v0.7/DataFrames/test/sort.jl:69
WARNING: importing deprecated binding Base.shuffle into TestSort.
WARNING: Base.shuffle is deprecated: it has been moved to the standard library package `Random`.
Add `using Random` to your imports.
  likely near /home/vagrant/.julia/v0.7/DataFrames/test/sort.jl:74
WARNING: Base.shuffle is deprecated: it has been moved to the standard library package `Random`.
Add `using Random` to your imports.
  likely near /home/vagrant/.julia/v0.7/DataFrames/test/sort.jl:75
	[1m[32mPASSED[0m: sort.jl
Test Summary: | Pass  Total
colwise       |   29     29
â”Œ Warning: Deprecated syntax `implicit assignment to global variable `df``.
â”‚ Use `global df` instead.
â”” @ nothing none:0
â”Œ Warning: Deprecated syntax `implicit assignment to global variable `gd``.
â”‚ Use `global gd` instead.
â”” @ nothing none:0
â”Œ Warning: Deprecated syntax `implicit assignment to global variable `gd``.
â”‚ Use `global gd` instead.
â”” @ nothing none:0
â”Œ Warning: Deprecated syntax `implicit assignment to global variable `gd``.
â”‚ Use `global gd` instead.
â”” @ nothing none:0
â”Œ Warning: Deprecated syntax `implicit assignment to global variable `gd``.
â”‚ Use `global gd` instead.
â”” @ nothing none:0
â”Œ Warning: Deprecated syntax `implicit assignment to global variable `gd``.
â”‚ Use `global gd` instead.
â”” @ nothing none:0
â”Œ Warning: Deprecated syntax `implicit assignment to global variable `gd``.
â”‚ Use `global gd` instead.
â”” @ nothing none:0
â”Œ Warning: Deprecated syntax `implicit assignment to global variable `gd``.
â”‚ Use `global gd` instead.
â”” @ nothing none:0
â”Œ Warning: Deprecated syntax `implicit assignment to global variable `gd``.
â”‚ Use `global gd` instead.
â”” @ nothing none:0
Test Summary:          | Pass  Total
grouping with missings |   34     34
	[1m[32mPASSED[0m: grouping.jl
â”Œ Warning: `a::Number + b::AbstractArray` is deprecated, use `broadcast(+, a, b)` instead.
â”‚   caller = + at operators.jl:466 [inlined]
â”” @ Core operators.jl:466
Test Summary:       | Pass  Total
Test empty inputs 1 |   21     21
Test Summary:       | Pass  Total
Test empty inputs 2 |   21     21
â”Œ Warning: Deprecated syntax `implicit assignment to global variable `df1``.
â”‚ Use `global df1` instead.
â”” @ nothing none:0
â”Œ Warning: Deprecated syntax `implicit assignment to global variable `df2``.
â”‚ Use `global df2` instead.
â”” @ nothing none:0
â”Œ Warning: Deprecated syntax `implicit assignment to global variable `on``.
â”‚ Use `global on` instead.
â”” @ nothing none:0
â”Œ Warning: Deprecated syntax `implicit assignment to global variable `on``.
â”‚ Use `global on` instead.
â”” @ nothing none:0
â”Œ Warning: Deprecated syntax `implicit assignment to global variable `on``.
â”‚ Use `global on` instead.
â”” @ nothing none:0
Test Summary: | Pass  Total
all joins     |   30     30
â”Œ Warning: Deprecated syntax `implicit assignment to global variable `df1``.
â”‚ Use `global df1` instead.
â”” @ nothing none:0
â”Œ Warning: Deprecated syntax `implicit assignment to global variable `df2``.
â”‚ Use `global df2` instead.
â”” @ nothing none:0
â”Œ Warning: Deprecated syntax `implicit assignment to global variable `on``.
â”‚ Use `global on` instead.
â”” @ nothing none:0
â”Œ Warning: Deprecated syntax `implicit assignment to global variable `on``.
â”‚ Use `global on` instead.
â”” @ nothing none:0
â”Œ Warning: Deprecated syntax `implicit assignment to global variable `on``.
â”‚ Use `global on` instead.
â”” @ nothing none:0
Test Summary:                    | Pass  Total
all joins with CategoricalArrays |   32     32
Test Summary:                                                     | Pass  Total
maintain CategoricalArray levels ordering on join - non-`on` cols |    6      6
Test Summary:                                                          | Pass  Total
maintain CategoricalArray levels ordering on join - ordering conflicts |   10     10
Test Summary:                                                           | Pass  Total
maintain CategoricalArray levels ordering on join - left is categorical |   12     12
â”Œ Warning: Deprecated syntax `implicit assignment to global variable `left``.
â”‚ Use `global left` instead.
â”” @ nothing none:0
â”Œ Warning: Deprecated syntax `implicit assignment to global variable `right``.
â”‚ Use `global right` instead.
â”” @ nothing none:0
Test Summary:                                   | Pass  Total
join on columns with different left/right names |   36     36
Test Summary:                  | Pass  Total
join with a column of type Any |   16     16
Test Summary:                                       | Pass  Total
joins with categorical columns and no matching rows |   24     24
	[1m[32mPASSED[0m: join.jl
	[1m[32mPASSED[0m: iteration.jl
â”Œ Warning: Deprecated syntax `implicit assignment to global variable `df``.
â”‚ Use `global df` instead.
â”” @ nothing none:0
Test Summary: | Pass  Total
missing       |    1      1
	[1m[32mPASSED[0m: duplicates.jl
â”Œ Warning: `showcompact(io, x)` is deprecated, use `show(IOContext(io, :compact => true), x)` instead.
â”‚   caller = ourshowcompact at show.jl:57 [inlined]
â”” @ Core show.jl:57
â”Œ Warning: `showcompact(io, x)` is deprecated, use `show(IOContext(io, :compact => true), x)` instead.
â”‚   caller = ourshowcompact at show.jl:57 [inlined]
â”” @ Core show.jl:57
â”Œ Warning: `showcompact(io, x)` is deprecated, use `show(IOContext(io, :compact => true), x)` instead.
â”‚   caller = ourshowcompact(::Base.GenericIOBuffer{Array{UInt8,1}}, ::Float32) at show.jl:57
â”” @ DataFrames show.jl:57
â”Œ Warning: `showcompact(io, x)` is deprecated, use `show(IOContext(io, :compact => true), x)` instead.
â”‚   caller = ourshowcompact(::Base.GenericIOBuffer{Array{UInt8,1}}, ::Type) at show.jl:57
â”” @ DataFrames show.jl:57
WARNING: importing deprecated binding Base.srand into TestShow.
WARNING: Base.srand is deprecated: it has been moved to the standard library package `Random`.
Add `using Random` to your imports.
  likely near /home/vagrant/.julia/v0.7/DataFrames/test/show.jl:52
â”Œ Warning: `showcompact(io, x)` is deprecated, use `show(IOContext(io, :compact => true), x)` instead.
â”‚   caller = ourshowcompact at show.jl:57 [inlined]
â”” @ Core show.jl:57
â”Œ Warning: `showcompact(io, x)` is deprecated, use `show(IOContext(io, :compact => true), x)` instead.
â”‚   caller = ourshowcompact(::IOContext{Base.GenericIOBuffer{Array{UInt8,1}}}, ::Float64) at show.jl:57
â”” @ DataFrames show.jl:57
â”Œ Warning: `showcompact(io, x)` is deprecated, use `show(IOContext(io, :compact => true), x)` instead.
â”‚   caller = ourshowcompact(::IOContext{Base.GenericIOBuffer{Array{UInt8,1}}}, ::Type) at show.jl:57
â”” @ DataFrames show.jl:57
â”Œ Warning: `showcompact(io, x)` is deprecated, use `show(IOContext(io, :compact => true), x)` instead.
â”‚   caller = ourshowcompact(::IOContext{Base.GenericIOBuffer{Array{UInt8,1}}}, ::Int64) at show.jl:57
â”” @ DataFrames show.jl:57
â”Œ Warning: `showcompact(io, x)` is deprecated, use `show(IOContext(io, :compact => true), x)` instead.
â”‚   caller = ourshowcompact(::IOContext{Base.GenericIOBuffer{Array{UInt8,1}}}, ::Float32) at show.jl:57
â”” @ DataFrames show.jl:57
â”Œ Warning: `showall(io, x)` is deprecated, use `show(IOContext(io, :limit => false), x)` instead.
â”‚   caller = top-level scope
â”” @ Core :0
â”Œ Warning: `Array{T, 1}(m::Int) where T` is deprecated, use `Array{T, 1}(undef, m)` instead.
â”‚   caller = top-level scope
â”” @ Core :0
â”Œ Warning: `showcompact(io, x)` is deprecated, use `show(IOContext(io, :compact => true), x)` instead.
â”‚   caller = ourshowcompact at show.jl:57 [inlined]
â”” @ Core show.jl:57
Test Failed at /home/vagrant/.julia/v0.7/DataFrames/test/show.jl:356
  Expression: str == ref
   Evaluated: "3Ã—3 DataFrame\nâ”‚ Col # â”‚ Name â”‚ Eltype                 â”‚ Missing â”‚ Values              â”‚\nâ”œâ”€â”€â”€â”€â”€â”€â”€â”¼â”€â”€â”€â”€â”€â”€â”¼â”€â”€â”€â”€â”€â”€â”€â”€â”€â”€â”€â”€â”€â”€â”€â”€â”€â”€â”€â”€â”€â”€â”€â”€â”¼â”€â”€â”€â”€â”€â”€â”€â”€â”€â”¼â”€â”€â”€â”€â”€â”€â”€â”€â”€â”€â”€â”€â”€â”€â”€â”€â”€â”€â”€â”€â”€â”¤\nâ”‚ 1     â”‚ A    â”‚ Union{Missing, Symbol} â”‚ 1       â”‚ Symbol  â€¦  missing  â”‚\nâ”‚ 2     â”‚ B    â”‚ Union{Missing, String} â”‚ 1       â”‚ missing  â€¦  missing â”‚\nâ”‚ 3     â”‚ C    â”‚ Any                    â”‚ 1       â”‚ missing  â€¦  missing â”‚" == "3Ã—3 DataFrame\nâ”‚ Col # â”‚ Name â”‚ Eltype                 â”‚ Missing â”‚\nâ”œâ”€â”€â”€â”€â”€â”€â”€â”¼â”€â”€â”€â”€â”€â”€â”¼â”€â”€â”€â”€â”€â”€â”€â”€â”€â”€â”€â”€â”€â”€â”€â”€â”€â”€â”€â”€â”€â”€â”€â”€â”¼â”€â”€â”€â”€â”€â”€â”€â”€â”€â”¤\nâ”‚ 1     â”‚ A    â”‚ Union{Missing, Symbol} â”‚ 1       â”‚\nâ”‚ 2     â”‚ B    â”‚ Union{Missing, String} â”‚ 1       â”‚\nâ”‚ 3     â”‚ C    â”‚ Any                    â”‚ 1       â”‚\n\nâ”‚ Col # â”‚ Values              â”‚\nâ”œâ”€â”€â”€â”€â”€â”€â”€â”¼â”€â”€â”€â”€â”€â”€â”€â”€â”€â”€â”€â”€â”€â”€â”€â”€â”€â”€â”€â”€â”€â”¤\nâ”‚ 1     â”‚ Symbol  â€¦  missing  â”‚\nâ”‚ 2     â”‚ missing  â€¦  missing â”‚\nâ”‚ 3     â”‚ missing  â€¦  missing â”‚"
	[1m[31mFAILED[0m: show.jl
LoadError: There was an error during testing
in expression starting at /home/vagrant/.julia/v0.7/DataFrames/test/show.jl:356
Test Summary:     | Pass  Total
view -- DataFrame |   38     38
Test Summary:        | Pass  Total
view -- SubDataFrame |   38     38
	[1m[32mPASSED[0m: subdataframe.jl
â”Œ Warning: Indexing with values that are not Integer is deprecated
â”‚   caller = top-level scope at <missing>:17
â”” @ Core <missing>:17
â”Œ Warning: using missing in column indexing is deprecated
â”‚   caller = top-level scope at <missing>:19
â”” @ Core <missing>:19
â”Œ Warning: Duplicate variable names are deprecated: pass makeunique=true to add a suffix automatically.
â”‚   caller = ip:0x0
â”” @ Core :-1
	[1m[32mPASSED[0m: deprecated.jl
ERROR: LoadError: "Tests failed"
Stacktrace:
 [1] top-level scope at /home/vagrant/.julia/v0.7/DataFrames/test/runtests.jl:49
 [2] include at ./boot.jl:314 [inlined]
 [3] include_relative(::Module, ::String) at ./loading.jl:1067
 [4] include(::Module, ::String) at ./sysimg.jl:29
 [5] exec_options(::Base.JLOptions) at ./client.jl:327
 [6] _start() at ./client.jl:455
in expression starting at /home/vagrant/.julia/v0.7/DataFrames/test/runtests.jl:49
â”Œ Error: ------------------------------------------------------------
â”‚ # Testing failed for DataFrames
â”‚   exception =
â”‚    failed process: Process(`/home/vagrant/julia/bin/julia -Cnative -J/home/vagrant/julia/lib/julia/sys.so --compile=yes --depwarn=yes --code-coverage=none --color=no --compiled-modules=yes --check-bounds=yes --warn-overwrite=yes --startup-file=yes /home/vagrant/.julia/v0.7/DataFrames/test/runtests.jl`, ProcessExited(1)) [1]
â”‚    Stacktrace:
â”‚     [1] error(::String, ::Base.Process, ::String, ::Int64, ::String) at ./error.jl:42
â”‚     [2] pipeline_error(::Base.Process) at ./process.jl:712
â”‚     [3] #run#533(::Bool, ::Function, ::Cmd) at ./process.jl:670
â”‚     [4] run at ./process.jl:668 [inlined]
â”‚     [5] (::getfield(Pkg.Entry, Symbol("##56#57")){Bool,String,Array{AbstractString,1}})() at /buildworker/worker/package_linux64/build/usr/share/julia/stdlib/v0.7/Pkg/src/entry.jl:729
â”‚     [6] cd(::getfield(Pkg.Entry, Symbol("##56#57")){Bool,String,Array{AbstractString,1}}, ::String) at ./file.jl:72
â”‚     [7] #test!#55(::Bool, ::Function, ::String, ::Array{AbstractString,1}, ::Array{AbstractString,1}, ::Array{AbstractString,1}) at /buildworker/worker/package_linux64/build/usr/share/julia/stdlib/v0.7/Pkg/src/entry.jl:717
â”‚     [8] (::getfield(Pkg.Entry, Symbol("#kw##test!")))(::NamedTuple{(:coverage,),Tuple{Bool}}, ::typeof(Pkg.Entry.test!), ::String, ::Array{AbstractString,1}, ::Array{AbstractString,1}, ::Array{AbstractString,1}) at ./<missing>:0
â”‚     [9] #test#59(::Bool, ::Function, ::Array{AbstractString,1}) at /buildworker/worker/package_linux64/build/usr/share/julia/stdlib/v0.7/Pkg/src/entry.jl:756
â”‚     [10] #test at ./<missing>:0 [inlined]
â”‚     [11] #4 at /buildworker/worker/package_linux64/build/usr/share/julia/stdlib/v0.7/Pkg/src/dir.jl:36 [inlined]
â”‚     [12] cd(::getfield(Pkg.Dir, Symbol("##4#7")){Base.Iterators.Pairs{Symbol,Bool,Tuple{Symbol},NamedTuple{(:coverage,),Tuple{Bool}}},typeof(Pkg.Entry.test),Tuple{Array{AbstractString,1}}}, ::String) at ./file.jl:72
â”‚     [13] #cd#1(::Base.Iterators.Pairs{Symbol,Bool,Tuple{Symbol},NamedTuple{(:coverage,),Tuple{Bool}}}, ::Function, ::Function, ::Array{AbstractString,1}, ::Vararg{Array{AbstractString,1},N} where N) at /buildworker/worker/package_linux64/build/usr/share/julia/stdlib/v0.7/Pkg/src/dir.jl:36
â”‚     [14] (::getfield(Pkg.Dir, Symbol("#kw##cd")))(::NamedTuple{(:coverage,),Tuple{Bool}}, ::typeof(Pkg.Dir.cd), ::Function, ::Array{AbstractString,1}, ::Vararg{Array{AbstractString,1},N} where N) at ./<missing>:0
â”‚     [15] #test#3(::Bool, ::Function, ::String, ::Vararg{String,N} where N) at /buildworker/worker/package_linux64/build/usr/share/julia/stdlib/v0.7/Pkg/src/Pkg.jl:278
â”‚     [16] test(::String, ::Vararg{String,N} where N) at /buildworker/worker/package_linux64/build/usr/share/julia/stdlib/v0.7/Pkg/src/Pkg.jl:278
â”‚     [17] top-level scope
â”‚     [18] eval at ./boot.jl:317 [inlined]
â”‚     [19] eval(::Module, ::Expr) at ./sysimg.jl:74
â”‚     [20] exec_options(::Base.JLOptions) at ./client.jl:304
â”‚     [21] _start() at ./client.jl:455
â”” @ Pkg.Entry entry.jl:732
[ Info: Removing LaTeXStrings v0.3.0
ERROR: DataFrames had test errors

>>> End of log
