>>> 'Pkg.add("DataFramesMeta")' log
INFO: Cloning cache of DataFramesMeta from https://github.com/JuliaStats/DataFramesMeta.jl.git
INFO: Installing DataArrays v0.5.3
INFO: Installing DataFrames v0.10.0
INFO: Installing DataFramesMeta v0.1.3
INFO: Installing DataStructures v0.5.3
INFO: Installing FileIO v0.3.1
INFO: Installing GZip v0.3.0
INFO: Installing Reexport v0.0.3
INFO: Installing SortingAlgorithms v0.1.1
INFO: Installing SpecialFunctions v0.1.1
INFO: Installing StatsBase v0.16.0
INFO: Package database updated
INFO: METADATA is out-of-date â€” you may not have the latest version of DataFramesMeta
INFO: Use `Pkg.update()` to get the latest versions of your packages

>>> 'Pkg.test("DataFramesMeta")' log
Julia Version 0.6.0-rc3.0
Commit ad290e9 (2017-06-07 11:53 UTC)
Platform Info:
  OS: Linux (x86_64-pc-linux-gnu)
  CPU: Intel(R) Xeon(R) CPU E3-1241 v3 @ 3.50GHz
  WORD_SIZE: 64
           Ubuntu 14.04.5 LTS
  uname: Linux 3.13.0-119-generic #166-Ubuntu SMP Wed May 3 12:18:55 UTC 2017 x86_64 x86_64
Memory: 2.9392738342285156 GB (1140.24609375 MB free)
Uptime: 38583.0 sec
Load Avg:  0.9970703125  0.998046875  1.18505859375
Intel(R) Xeon(R) CPU E3-1241 v3 @ 3.50GHz: 
       speed         user         nice          sys         idle          irq
#1  3500 MHz    2476426 s       2124 s     117203 s     725159 s         42 s
#2  3500 MHz     822111 s       4011 s      69351 s    2883165 s          1 s

  BLAS: libopenblas (USE64BITINT DYNAMIC_ARCH NO_AFFINITY Nehalem)
  LAPACK: libopenblas64_
  LIBM: libopenlibm
  LLVM: libLLVM-3.9.1 (ORCJIT, haswell)
Environment:
  TERM = vt100
  LD_LIBRARY_PATH = :/usr/local/lib/
  PATH = /usr/local/sbin:/usr/local/bin:/usr/sbin:/usr/bin:/sbin:/bin:/usr/games:/usr/local/games:/home/vagrant/julia/bin/
  JAVA_HOME = /usr/lib/jvm/java-7-oracle
  HOME = /home/vagrant

Package Directory: /home/vagrant/.julia/v0.6
2 required packages:
 - DataFramesMeta                0.1.3
 - JSON                          0.12.0
10 additional packages:
 - Compat                        0.26.0
 - DataArrays                    0.5.3
 - DataFrames                    0.10.0
 - DataStructures                0.5.3
 - FileIO                        0.3.1
 - GZip                          0.3.0
 - Reexport                      0.0.3
 - SortingAlgorithms             0.1.1
 - SpecialFunctions              0.1.1
 - StatsBase                     0.16.0
INFO: Computing test dependencies for DataFramesMeta...
INFO: Installing Lazy v0.11.7
INFO: Installing MacroTools v0.3.6
INFO: Testing DataFramesMeta
Running tests:

WARNING: deprecated syntax "abstract AbstractCompositeDataFrame<:AbstractDataFrame" at /home/vagrant/.julia/v0.6/DataFramesMeta/src/compositedataframe.jl:13.
Use "abstract type AbstractCompositeDataFrame<:AbstractDataFrame end" instead.

WARNING: deprecated syntax "abstract AbstractCompositeDataFrameRow" at /home/vagrant/.julia/v0.6/DataFramesMeta/src/compositedataframe.jl:15.
Use "abstract type AbstractCompositeDataFrameRow end" instead.
WARNING: Method definition nrow(DataFramesMeta.AbstractCompositeDataFrame) in module DataFramesMeta at /home/vagrant/.julia/v0.6/DataFramesMeta/src/compositedataframe.jl:108 overwritten at /home/vagrant/.julia/v0.6/DataFramesMeta/src/compositedataframe.jl:109.
	[1m[31mFAILED[0m: dict.jl
Error During Test
  Test threw an exception of type MethodError
  Expression: @where(df, :A .> 1, :B .> 1) == df[(df[:A] .> 1) & (df[:B] .> 1), :]
  MethodError: &(::DataArrays.DataArray{Bool,1}, ::DataArrays.DataArray{Bool,1}) is ambiguous. Candidates:
    &(a::DataArrays.DataArray{Bool,N} where N, b::Union{AbstractArray{Bool,N} where N, Bool}) in DataArrays at /home/vagrant/.julia/v0.6/DataArrays/src/operators.jl:390
    &(b::Union{AbstractArray{Bool,N} where N, Bool}, a::DataArrays.DataArray{Bool,N} where N) in DataArrays at /home/vagrant/.julia/v0.6/DataArrays/src/operators.jl:390
  Possible fix, define
    &(::DataArrays.DataArray{Bool,N} where N, ::DataArrays.DataArray{Bool,N} where N)
  Stacktrace:
   [1] (::TestDataFrames.##35#40)(::DataFrames.DataFrame) at /home/vagrant/.julia/v0.6/DataFramesMeta/src/DataFramesMeta.jl:171
   [2] where(::DataFrames.DataFrame, ::TestDataFrames.##35#40) at /home/vagrant/.julia/v0.6/DataFramesMeta/src/DataFramesMeta.jl:164
   [3] include_from_node1(::String) at ./loading.jl:569
   [4] include(::String) at ./sysimg.jl:14
   [5] macro expansion at /home/vagrant/.julia/v0.6/DataFramesMeta/test/runtests.jl:15 [inlined]
   [6] anonymous at ./<missing>:?
   [7] include_from_node1(::String) at ./loading.jl:569
   [8] include(::String) at ./sysimg.jl:14
   [9] process_options(::Base.JLOptions) at ./client.jl:305
   [10] _start() at ./client.jl:371
	[1m[31mFAILED[0m: dataframes.jl
	[1m[31mFAILED[0m: compositedataframes.jl
Error During Test
  Test threw an exception of type MethodError
  Expression: (@transform(g, y = :n - median(:n)))[1, :y] == -5.0
  MethodError: no method matching transform(::DataFrames.GroupedDataFrame, ::TestGrouping.##23#24)
  Closest candidates are:
    transform(::DataFrames.GroupedDataFrame; kwargs...) at /home/vagrant/.julia/v0.6/DataFramesMeta/src/DataFramesMeta.jl:276
  Stacktrace:
   [1] include_from_node1(::String) at ./loading.jl:569
   [2] include(::String) at ./sysimg.jl:14
   [3] macro expansion at /home/vagrant/.julia/v0.6/DataFramesMeta/test/runtests.jl:15 [inlined]
   [4] anonymous at ./<missing>:?
   [5] include_from_node1(::String) at ./loading.jl:569
   [6] include(::String) at ./sysimg.jl:14
   [7] process_options(::Base.JLOptions) at ./client.jl:305
   [8] _start() at ./client.jl:371
	[1m[31mFAILED[0m: grouping.jl
WARNING: Method definition macroexpand(Module, Any) in module Compat at /home/vagrant/.julia/v0.6/Compat/src/Compat.jl:1491 overwritten in module MacroTools at /home/vagrant/.julia/v0.6/MacroTools/src/utils.jl:64.
	[1m[31mFAILED[0m: chaining.jl
	[1m[31mFAILED[0m: linqmacro.jl
ERROR: LoadError: "Tests failed"
Stacktrace:
 [1] include_from_node1(::String) at ./loading.jl:569
 [2] include(::String) at ./sysimg.jl:14
 [3] process_options(::Base.JLOptions) at ./client.jl:305
 [4] _start() at ./client.jl:371
while loading /home/vagrant/.julia/v0.6/DataFramesMeta/test/runtests.jl, in expression starting on line 27
===========================[ ERROR: DataFramesMeta ]============================

failed process: Process(`/home/vagrant/julia/bin/julia -Cx86-64 -J/home/vagrant/julia/lib/julia/sys.so --compile=yes --depwarn=yes --check-bounds=yes --code-coverage=none --color=no --compilecache=yes /home/vagrant/.julia/v0.6/DataFramesMeta/test/runtests.jl`, ProcessExited(1)) [1]

================================================================================
INFO: Removing Lazy v0.11.7
INFO: Removing MacroTools v0.3.6
ERROR: DataFramesMeta had test errors

>>> End of log
