>>> 'Pkg.add("DiffEqBayes")' log
WARNING: Base.Pkg is deprecated, run `using Pkg` instead
 in module Main
[ Info: Cloning cache of DiffEqBayes from https://github.com/JuliaDiffEq/DiffEqBayes.jl.git
[ Info: Cloning cache of DiffWrappers from https://github.com/tpapp/DiffWrappers.jl.git
[ Info: Cloning cache of DynamicHMC from https://github.com/tpapp/DynamicHMC.jl.git
[ Info: Cloning cache of Mamba from https://github.com/brian-j-smith/Mamba.jl.git
[ Info: Cloning cache of Stan from https://github.com/goedman/Stan.jl.git
[ Info: Cloning cache of Turing from https://github.com/yebai/Turing.jl.git
[ Info: Installing ArgCheck v0.6.0
[ Info: Installing AutoHashEquals v0.2.0
[ Info: Installing AxisAlgorithms v0.2.0
[ Info: Installing BinDeps v0.8.7
[ Info: Installing BinaryProvider v0.2.7
[ Info: Installing Cairo v0.5.1
[ Info: Installing Calculus v0.2.2
[ Info: Installing CodecZlib v0.4.3
[ Info: Installing ColorTypes v0.6.7
[ Info: Installing Colors v0.8.2
[ Info: Installing CommonSubexpressions v0.1.0
[ Info: Installing Compose v0.5.5
[ Info: Installing Conda v0.7.1
[ Info: Installing ContinuousTransformations v0.0.2
[ Info: Installing Contour v0.4.0
[ Info: Installing CoupledFields v0.0.1
[ Info: Installing DataArrays v0.6.2
[ Info: Installing DataFrames v0.10.1
[ Info: Installing DataStructures v0.7.4
[ Info: Installing DiffBase v0.3.2
[ Info: Installing DiffEqBase v3.8.0
[ Info: Installing DiffEqBayes v0.2.0
[ Info: Installing DiffEqDiffTools v0.4.0
[ Info: Installing DiffEqOperators v1.2.0
[ Info: Installing DiffResults v0.0.3
[ Info: Installing DiffRules v0.0.4
[ Info: Installing DiffWrappers v0.0.1
[ Info: Installing Distances v0.5.0
[ Info: Installing Distributions v0.15.0
[ Info: Installing DocStringExtensions v0.4.4
[ Info: Installing Documenter v0.16.1
[ Info: Installing DualNumbers v0.3.0
[ Info: Installing DynamicHMC v0.0.1
[ Info: Installing Expokit v0.0.1
[ Info: Installing FileIO v0.7.0
[ Info: Installing FixedPointNumbers v0.4.6
[ Info: Installing ForwardDiff v0.7.4
[ Info: Installing FunctionWrappers v0.1.0
[ Info: Installing GZip v0.3.0
[ Info: Installing Gadfly v0.6.5
[ Info: Installing GenericSVD v0.1.0
[ Info: Installing Graphics v0.2.0
[ Info: Installing Hexagons v0.1.0
[ Info: Installing Interpolations v0.7.3
[ Info: Installing IterTools v0.2.1
[ Info: Installing IteratorInterfaceExtensions v0.0.2
[ Info: Installing Juno v0.4.0
[ Info: Installing KernelDensity v0.4.1
[ Info: Installing Lazy v0.12.0
[ Info: Installing LightGraphs v0.13.0
[ Info: Installing LineSearches v3.2.5
[ Info: Installing LinearMaps v1.0.4
[ Info: Installing Loess v0.3.0
[ Info: Installing MacroTools v0.4.0
[ Info: Installing Mamba v0.11.2
[ Info: Installing Measures v0.1.0
[ Info: Installing Media v0.3.0
[ Info: Installing Missings v0.2.8
[ Info: Installing MuladdMacro v0.0.2
[ Info: Installing NLSolversBase v4.3.0
[ Info: Installing NLsolve v1.0.1
[ Info: Installing NaNMath v0.3.1
[ Info: Installing NamedTuples v4.0.0
[ Info: Installing Optim v0.14.0
[ Info: Installing OrdinaryDiffEq v3.7.0
[ Info: Installing PDMats v0.9.0
[ Info: Installing ParameterizedFunctions v3.0.0
[ Info: Installing Parameters v0.8.1
[ Info: Installing PositiveFactorizations v0.1.0
[ Info: Installing ProgressMeter v0.5.5
[ Info: Installing QuadGK v0.2.1
[ Info: Installing Ratios v0.2.0
[ Info: Installing RecipesBase v0.2.3
[ Info: Installing RecursiveArrayTools v0.14.6
[ Info: Installing Reexport v0.1.0
[ Info: Installing Requires v0.4.3
[ Info: Installing Rmath v0.3.2
[ Info: Installing Roots v0.5.0
[ Info: Installing SHA v0.5.6
[ Info: Installing ShowItLikeYouBuildIt v0.2.0
[ Info: Installing Showoff v0.1.1
[ Info: Installing SimpleTraits v0.7.1
[ Info: Installing SortingAlgorithms v0.2.0
[ Info: Installing SpecialFunctions v0.3.8
[ Info: Installing Stan v3.0.1
[ Info: Installing StaticArrays v0.7.0
[ Info: Installing StatsBase v0.20.1
[ Info: Installing StatsFuns v0.5.0
[ Info: Installing SymEngine v0.3.0
[ Info: Installing TableTraits v0.2.0
[ Info: Installing TranscodingStreams v0.5.2
[ Info: Installing Turing v0.4.0
[ Info: Installing URIParser v0.3.1
[ Info: Installing Unrolled v0.0.2
[ Info: Installing WoodburyMatrices v0.2.2
[ Info: Building Cairo
┌ Warning: `is_apple` is deprecated, use `Sys.isapple` instead.
│   caller = top-level scope
└ @ Core :0
┌ Warning: `is_linux` is deprecated, use `Sys.islinux` instead.
│   caller = xx(::String, ::Vararg{String,N} where N) at build.jl:113
└ @ Main.__anon__ build.jl:113
┌ Warning: `is_linux` is deprecated, use `Sys.islinux` instead.
│   caller = top-level scope
└ @ Core :0
┌ Warning: `is_apple` is deprecated, use `Sys.isapple` instead.
│   caller = top-level scope
└ @ Core :0
┌ Warning: `similar(a::AbstractDict)` is deprecated, use `empty(a)` instead.
│   caller = adjust_env(::Dict{AbstractString,AbstractString}) at BinDeps.jl:391
└ @ BinDeps BinDeps.jl:391
┌ Warning: `replace(s::AbstractString, pat, f)` is deprecated, use `replace(s, pat => f)` instead.
│   caller = top-level scope
└ @ Core :0
┌ Warning: `replace(s::AbstractString, pat, f)` is deprecated, use `replace(s, pat => f)` instead.
│   caller = top-level scope
└ @ Core :0
WARNING: importing deprecated binding Base.Associative into BinDeps.
WARNING: Base.Associative is deprecated, use AbstractDict instead.
  likely near /home/vagrant/.julia/v0.7/Cairo/deps/build.jl:165
in @install at /home/vagrant/.julia/v0.7/BinDeps/src/dependencies.jl
┌ Warning: `contains(haystack, needle)` is deprecated, use `occursin(needle, haystack)` instead.
│   caller = read_sonames() at dependencies.jl:402
└ @ BinDeps dependencies.jl:402
┌ Warning: `contains(haystack, needle)` is deprecated, use `occursin(needle, haystack)` instead.
│   caller = read_sonames() at dependencies.jl:405
└ @ BinDeps dependencies.jl:405
[ Info: Building CodecZlib
┌ Warning: `ismatch(r::Regex, s::AbstractString)` is deprecated, use `occursin(r, s)` instead.
│   caller = valid_dl_path(::String, ::BinaryProvider.Linux) at PlatformNames.jl:387
└ @ BinaryProvider PlatformNames.jl:387
WARNING: importing deprecated binding Base.Libdl into Sys.
WARNING: Base.Libdl is deprecated, run `using Libdl` instead
  likely near /home/vagrant/.julia/v0.7/CodecZlib/deps/build.jl:98
[ Info: Building Conda
┌ Warning: `isdefined(:symbol)` is deprecated, use `@isdefined symbol` instead
│   caller = ip:0x0
└ @ Core :-1
┌ Warning: `readstring(filename::AbstractString)` is deprecated, use `read(filename, String)` instead.
│   caller = top-level scope
└ @ Core :0
[ Info: Building SpecialFunctions
WARNING: importing deprecated binding Base.Associative into BinDeps.
WARNING: Base.Associative is deprecated, use AbstractDict instead.
  likely near /home/vagrant/.julia/v0.7/SpecialFunctions/deps/binaries.jl:44
in @install at /home/vagrant/.julia/v0.7/BinDeps/src/dependencies.jl
┌ Warning: `contains(haystack, needle)` is deprecated, use `occursin(needle, haystack)` instead.
│   caller = read_sonames() at dependencies.jl:402
└ @ BinDeps dependencies.jl:402
┌ Warning: `contains(haystack, needle)` is deprecated, use `occursin(needle, haystack)` instead.
│   caller = read_sonames() at dependencies.jl:405
└ @ BinDeps dependencies.jl:405
[ Info: Building Rmath
WARNING: importing deprecated binding Base.Associative into BinDeps.
WARNING: Base.Associative is deprecated, use AbstractDict instead.
  likely near /home/vagrant/.julia/v0.7/Rmath/deps/build.jl:47
in @install at /home/vagrant/.julia/v0.7/BinDeps/src/dependencies.jl
┌ Warning: `contains(haystack, needle)` is deprecated, use `occursin(needle, haystack)` instead.
│   caller = read_sonames() at dependencies.jl:402
└ @ BinDeps dependencies.jl:402
┌ Warning: `contains(haystack, needle)` is deprecated, use `occursin(needle, haystack)` instead.
│   caller = read_sonames() at dependencies.jl:405
└ @ BinDeps dependencies.jl:405
[ Info: Building DiffEqBase
┌ Warning: `info()` is deprecated, use `@info` instead.
│   caller = top-level scope
└ @ Core :0
INFO: ~~~ DifferentialEquations.jl *BREAKING* changes  ~~~

We have changed the front-end API on how
users may define equations of motion and 
problems, for all problem types that can
be used in the DifferentialEquations.jl.
These are *BREAKING* changes, and they
also have *NO WARNINGS*!

Please see our latest documentation here:
http://docs.juliadiffeq.org/latest/

or the blogpost that describes the changes:
http://juliadiffeq.org/2018/01/24/Parameters.html

In short, the mutated argument is the first argument,
and parameters are now directly passed
into the equations of motion function. For all
types now mutation goes first, then dependent variables, 
then parameters, then independent variables. 

`f(mutated, dependent variables, p/integrator, independent variables)`

For example, this means that the ODE syntax will be `f(u,p,t)` (for the
out-of-place) and `f(du,u,p,t)` (for the in-place). Notice
that this change also removes the need for ParameterizedFunctions
as now parameters are part of the equations of motion.

For more details please visit the above links!
[ Info: Building Stan
[ Info: Building SymEngine
┌ Warning: `is_windows` is deprecated, use `Sys.iswindows` instead.
│   caller = top-level scope
└ @ Core :0
┌ Warning: `is_apple` is deprecated, use `Sys.isapple` instead.
│   caller = top-level scope at build.jl:14
└ @ Core build.jl:14
┌ Warning: `is_windows` is deprecated, use `Sys.iswindows` instead.
│   caller = top-level scope
└ @ Core :0
WARNING: importing deprecated binding Base.Associative into BinDeps.
WARNING: Base.Associative is deprecated, use AbstractDict instead.
  likely near /home/vagrant/.julia/v0.7/SymEngine/deps/build.jl:50
in @install at /home/vagrant/.julia/v0.7/BinDeps/src/dependencies.jl
┌ Warning: `contains(haystack, needle)` is deprecated, use `occursin(needle, haystack)` instead.
│   caller = read_sonames() at dependencies.jl:402
└ @ BinDeps dependencies.jl:402
┌ Warning: `contains(haystack, needle)` is deprecated, use `occursin(needle, haystack)` instead.
│   caller = read_sonames() at dependencies.jl:405
└ @ BinDeps dependencies.jl:405
[ Info: Building Turing
┌ Warning: `is_unix` is deprecated, use `Sys.isunix` instead.
│   caller = top-level scope
└ @ Core :0
ERROR: UndefVarError: JULIA_HOME not defined
ERROR: could not open file /julia-config.jl
Stacktrace:
 [1] include at ./boot.jl:306 [inlined]
 [2] include_relative(::Module, ::String) at ./loading.jl:1067
 [3] include(::Module, ::String) at ./sysimg.jl:29
 [4] exec_options(::Base.JLOptions) at ./client.jl:327
 [5] _start() at ./client.jl:455
┌ Warning: `is_windows` is deprecated, use `Sys.iswindows` instead.
│   caller = top-level scope
└ @ Core :0
ERROR: UndefVarError: JULIA_HOME not defined
ERROR: could not open file /julia-config.jl
Stacktrace:
 [1] include at ./boot.jl:306 [inlined]
 [2] include_relative(::Module, ::String) at ./loading.jl:1067
 [3] include(::Module, ::String) at ./sysimg.jl:29
 [4] exec_options(::Base.JLOptions) at ./client.jl:327
 [5] _start() at ./client.jl:455
ERROR: UndefVarError: JULIA_HOME not defined
ERROR: could not open file /julia-config.jl
Stacktrace:
 [1] include at ./boot.jl:306 [inlined]
 [2] include_relative(::Module, ::String) at ./loading.jl:1067
 [3] include(::Module, ::String) at ./sysimg.jl:29
 [4] exec_options(::Base.JLOptions) at ./client.jl:327
 [5] _start() at ./client.jl:455
gcc  -std=gnu99   -O2 -shared -fPIC task.c   -o libtask.so
task.c:6:19: fatal error: julia.h: No such file or directory
 #include "julia.h"
                   ^
compilation terminated.
make: *** [task] Error 1
┌ Error: ------------------------------------------------------------
│ # Build failed for Turing
│   exception =
│    LoadError: failed process: Process(`make`, ProcessExited(2)) [2]
│    Stacktrace:
│     [1] error(::String, ::Base.Process, ::String, ::Int64, ::String) at ./error.jl:42
│     [2] pipeline_error(::Base.Process) at ./process.jl:712
│     [3] #run#541(::Bool, ::Function, ::Cmd) at ./process.jl:670
│     [4] run(::Cmd) at ./process.jl:668
│     [5] top-level scope at /home/vagrant/.julia/v0.7/Turing/deps/build.jl:1
│     [6] include at ./boot.jl:306 [inlined]
│     [7] include_relative(::Module, ::String) at ./loading.jl:1067
│     [8] include at ./sysimg.jl:29 [inlined]
│     [9] include(::String) at ./loading.jl:1101
│     [10] top-level scope
│     [11] eval at ./boot.jl:309 [inlined]
│     [12] eval at ./sysimg.jl:74 [inlined]
│     [13] evalfile(::String, ::Array{String,1}) at ./loading.jl:1096 (repeats 2 times)
│     [14] #6 at ./none:13 [inlined]
│     [15] cd(::getfield(Main, Symbol("##6#8")){String}, ::String) at ./file.jl:72
│     [16] (::getfield(Main, Symbol("##5#7")))(::IOStream) at ./none:12
│     [17] #open#321(::Base.Iterators.Pairs{Union{},Union{},Tuple{},NamedTuple{(),Tuple{}}}, ::Function, ::getfield(Main, Symbol("##5#7")), ::String, ::Vararg{String,N} where N) at ./iostream.jl:369
│     [18] open(::Function, ::String, ::String) at ./iostream.jl:367
│     [19] top-level scope
│     [20] eval at ./boot.jl:309 [inlined]
│     [21] eval(::Module, ::Expr) at ./sysimg.jl:74
│     [22] exec_options(::Base.JLOptions) at ./client.jl:304
│     [23] _start() at ./client.jl:455
│    in expression starting at /home/vagrant/.julia/v0.7/Turing/deps/build.jl:1
└ @ Main none:16
┌ Warning: ------------------------------------------------------------
│ # Build error summary
│ 
│ Turing had build errors.
│ 
│  - packages with build errors remain installed in /home/vagrant/.julia/v0.7
│  - build the package(s) and all dependencies with `Pkg.build("Turing")`
│  - build a single package by running its `deps/build.jl` script
└ @ Pkg.Entry entry.jl:649
[ Info: Package database updated
┌ Info: METADATA is out-of-date — you may not have the latest version of DiffEqBayes
└ Use `Pkg.update()` to get the latest versions of your packages

>>> 'Pkg.test("DiffEqBayes")' log
WARNING: Base.versioninfo is deprecated: it has been moved to the standard library package `InteractiveUtils`.
Add `using InteractiveUtils` to your imports.
 in module Main
WARNING: Base.versioninfo is deprecated: it has been moved to the standard library package `InteractiveUtils`.
Add `using InteractiveUtils` to your imports.
 in module Main
Julia Version 0.7.0-DEV.4737
Commit c4c93ea692 (2018-04-02 15:45 UTC)
Platform Info:
  OS: Linux (x86_64-pc-linux-gnu)
      Ubuntu 14.04.5 LTS
  uname: Linux 3.13.0-143-generic #192-Ubuntu SMP Tue Feb 27 10:45:36 UTC 2018 x86_64 x86_64
  CPU: Intel(R) Xeon(R) CPU E3-1241 v3 @ 3.50GHz: 
              speed         user         nice          sys         idle          irq
       #1  3500 MHz    3435500 s        298 s     271106 s    1307359 s         66 s
       #2  3500 MHz    1097932 s       6982 s     103518 s    4453321 s          0 s
       
  Memory: 2.939197540283203 GB (1420.4453125 MB free)
  Uptime: 58215.0 sec
  Load Avg:  0.8955078125  0.95361328125  1.0185546875
  WORD_SIZE: 64
  LIBM: libopenlibm
  LLVM: libLLVM-3.9.1 (ORCJIT, haswell)
Environment:
  TERM = vt100
  LD_LIBRARY_PATH = :/usr/local/lib/
  PATH = /usr/local/sbin:/usr/local/bin:/usr/sbin:/usr/bin:/sbin:/bin:/usr/games:/usr/local/games:/home/vagrant/julia/bin/
  JAVA_HOME = /usr/lib/jvm/java-8-openjdk-amd64
  HOME = /home/vagrant
Packages:
  Package Directory: /home/vagrant/.julia/v0.7
  Package Status:
2 required packages:
 - DiffEqBayes                   0.2.0
 - JSON                          0.17.2
96 additional packages:
 - ArgCheck                      0.6.0
 - AutoHashEquals                0.2.0
 - AxisAlgorithms                0.2.0
 - BinDeps                       0.8.7
 - BinaryProvider                0.2.7
 - Cairo                         0.5.1
 - Calculus                      0.2.2
 - CodecZlib                     0.4.3
 - ColorTypes                    0.6.7
 - Colors                        0.8.2
 - CommonSubexpressions          0.1.0
 - Compat                        0.63.0
 - Compose                       0.5.5
 - Conda                         0.7.1
 - ContinuousTransformations     0.0.2
 - Contour                       0.4.0
 - CoupledFields                 0.0.1
 - DataArrays                    0.6.2
 - DataFrames                    0.10.1
 - DataStructures                0.7.4
 - DiffBase                      0.3.2
 - DiffEqBase                    3.8.0
 - DiffEqDiffTools               0.4.0
 - DiffEqOperators               1.2.0
 - DiffResults                   0.0.3
 - DiffRules                     0.0.4
 - DiffWrappers                  0.0.1
 - Distances                     0.5.0
 - Distributions                 0.15.0
 - DocStringExtensions           0.4.4
 - Documenter                    0.16.1
 - DualNumbers                   0.3.0
 - DynamicHMC                    0.0.1
 - Expokit                       0.0.1
 - FileIO                        0.7.0
 - FixedPointNumbers             0.4.6
 - ForwardDiff                   0.7.4
 - FunctionWrappers              0.1.0
 - GZip                          0.3.0
 - Gadfly                        0.6.5
 - GenericSVD                    0.1.0
 - Graphics                      0.2.0
 - Hexagons                      0.1.0
 - Interpolations                0.7.3
 - IterTools                     0.2.1
 - IteratorInterfaceExtensions   0.0.2
 - Juno                          0.4.0
 - KernelDensity                 0.4.1
 - Lazy                          0.12.0
 - LightGraphs                   0.13.0
 - LineSearches                  3.2.5
 - LinearMaps                    1.0.4
 - Loess                         0.3.0
 - MacroTools                    0.4.0
 - Mamba                         0.11.2
 - Measures                      0.1.0
 - Media                         0.3.0
 - Missings                      0.2.8
 - MuladdMacro                   0.0.2
 - NLSolversBase                 4.3.0
 - NLsolve                       1.0.1
 - NaNMath                       0.3.1
 - NamedTuples                   4.0.0
 - Nullables                     0.0.5
 - Optim                         0.14.0
 - OrdinaryDiffEq                3.7.0
 - PDMats                        0.9.0
 - ParameterizedFunctions        3.0.0
 - Parameters                    0.8.1
 - PositiveFactorizations        0.1.0
 - ProgressMeter                 0.5.5
 - QuadGK                        0.2.1
 - Ratios                        0.2.0
 - RecipesBase                   0.2.3
 - RecursiveArrayTools           0.14.6
 - Reexport                      0.1.0
 - Requires                      0.4.3
 - Rmath                         0.3.2
 - Roots                         0.5.0
 - SHA                           0.5.6
 - ShowItLikeYouBuildIt          0.2.0
 - Showoff                       0.1.1
 - SimpleTraits                  0.7.1
 - SortingAlgorithms             0.2.0
 - SpecialFunctions              0.3.8
 - Stan                          3.0.1
 - StaticArrays                  0.7.0
 - StatsBase                     0.20.1
 - StatsFuns                     0.5.0
 - SymEngine                     0.3.0
 - TableTraits                   0.2.0
 - TranscodingStreams            0.5.2
 - Turing                        0.4.0
 - URIParser                     0.3.1
 - Unrolled                      0.0.2
 - WoodburyMatrices              0.2.2
WARNING: Base.Pkg is deprecated, run `using Pkg` instead
 in module Main
[ Info: Computing test dependencies for DiffEqBayes...
[ Info: No packages to install, update or remove
[ Info: Testing DiffEqBayes
WARNING: Method definition __init__() in module Requires at /home/vagrant/.julia/v0.7/Requires/src/init.jl:9 overwritten in module RecursiveArrayTools at /home/vagrant/.julia/v0.7/Requires/src/init.jl:9.
WARNING: importing deprecated binding Base.A_ldiv_B! into DiffEqBase.
ERROR: LoadError: LoadError: UndefVarError: TypeName not defined
Stacktrace:
 [1] top-level scope
 [2] include at ./boot.jl:306 [inlined]
 [3] include_relative(::Module, ::String) at ./loading.jl:1067
 [4] include at ./sysimg.jl:29 [inlined]
 [5] include(::String) at /home/vagrant/.julia/v0.7/DiffEqBase/src/DiffEqBase.jl:3
 [6] top-level scope
 [7] include at ./boot.jl:306 [inlined]
 [8] include_relative(::Module, ::String) at ./loading.jl:1067
 [9] include(::Module, ::String) at ./sysimg.jl:29
 [10] top-level scope
 [11] eval at ./boot.jl:309 [inlined]
 [12] top-level scope at ./<missing>:3
in expression starting at /home/vagrant/.julia/v0.7/DiffEqBase/src/utils.jl:43
in expression starting at /home/vagrant/.julia/v0.7/DiffEqBase/src/DiffEqBase.jl:178
ERROR: LoadError: LoadError: Failed to precompile DiffEqBase to /home/vagrant/.julia/compiled/v0.7/DiffEqBase.ji.
Stacktrace:
 [1] error at ./error.jl:33 [inlined]
 [2] compilecache(::Base.PkgId) at ./loading.jl:1201
 [3] _require(::Base.PkgId) at ./loading.jl:1003
 [4] require(::Base.PkgId) at ./loading.jl:874
 [5] require(::Module, ::Symbol) at ./loading.jl:869
 [6] include at ./boot.jl:306 [inlined]
 [7] include_relative(::Module, ::String) at ./loading.jl:1067
 [8] _require(::Base.PkgId) at ./loading.jl:993
 [9] require(::Base.PkgId) at ./loading.jl:874
 [10] require(::Module, ::Symbol) at ./loading.jl:869
 [11] include at ./boot.jl:306 [inlined]
 [12] include_relative(::Module, ::String) at ./loading.jl:1067
 [13] include(::Module, ::String) at ./sysimg.jl:29
 [14] exec_options(::Base.JLOptions) at ./client.jl:327
 [15] _start() at ./client.jl:455
in expression starting at /home/vagrant/.julia/v0.7/DiffEqBayes/src/DiffEqBayes.jl:2
in expression starting at /home/vagrant/.julia/v0.7/DiffEqBayes/test/runtests.jl:1
┌ Error: ------------------------------------------------------------
│ # Testing failed for DiffEqBayes
│   exception =
│    failed process: Process(`/home/vagrant/julia/bin/julia -Cnative -J/home/vagrant/julia/lib/julia/sys.so --compile=yes --depwarn=yes --code-coverage=none --color=no --compiled-modules=yes --check-bounds=yes --warn-overwrite=yes --startup-file=yes /home/vagrant/.julia/v0.7/DiffEqBayes/test/runtests.jl`, ProcessExited(1)) [1]
│    Stacktrace:
│     [1] error(::String, ::Base.Process, ::String, ::Int64, ::String) at ./error.jl:42
│     [2] pipeline_error(::Base.Process) at ./process.jl:712
│     [3] #run#541(::Bool, ::Function, ::Cmd) at ./process.jl:670
│     [4] run at ./process.jl:668 [inlined]
│     [5] (::getfield(Pkg.Entry, Symbol("##56#57")){Bool,String,Array{AbstractString,1}})() at /buildworker/worker/package_linux64/build/usr/share/julia/site/v0.7/Pkg/src/entry.jl:729
│     [6] cd(::getfield(Pkg.Entry, Symbol("##56#57")){Bool,String,Array{AbstractString,1}}, ::String) at ./file.jl:72
│     [7] #test!#55(::Bool, ::Function, ::String, ::Array{AbstractString,1}, ::Array{AbstractString,1}, ::Array{AbstractString,1}) at /buildworker/worker/package_linux64/build/usr/share/julia/site/v0.7/Pkg/src/entry.jl:717
│     [8] (::getfield(Pkg.Entry, Symbol("#kw##test!")))(::NamedTuple{(:coverage,),Tuple{Bool}}, ::typeof(Pkg.Entry.test!), ::String, ::Array{AbstractString,1}, ::Array{AbstractString,1}, ::Array{AbstractString,1}) at ./<missing>:0
│     [9] #test#59(::Bool, ::Function, ::Array{AbstractString,1}) at /buildworker/worker/package_linux64/build/usr/share/julia/site/v0.7/Pkg/src/entry.jl:756
│     [10] #test at ./<missing>:0 [inlined]
│     [11] #4 at /buildworker/worker/package_linux64/build/usr/share/julia/site/v0.7/Pkg/src/dir.jl:36 [inlined]
│     [12] cd(::getfield(Pkg.Dir, Symbol("##4#7")){Base.Iterators.Pairs{Symbol,Bool,Tuple{Symbol},NamedTuple{(:coverage,),Tuple{Bool}}},typeof(Pkg.Entry.test),Tuple{Array{AbstractString,1}}}, ::String) at ./file.jl:72
│     [13] #cd#1(::Base.Iterators.Pairs{Symbol,Bool,Tuple{Symbol},NamedTuple{(:coverage,),Tuple{Bool}}}, ::Function, ::Function, ::Array{AbstractString,1}, ::Vararg{Array{AbstractString,1},N} where N) at /buildworker/worker/package_linux64/build/usr/share/julia/site/v0.7/Pkg/src/dir.jl:36
│     [14] (::getfield(Pkg.Dir, Symbol("#kw##cd")))(::NamedTuple{(:coverage,),Tuple{Bool}}, ::typeof(Pkg.Dir.cd), ::Function, ::Array{AbstractString,1}, ::Vararg{Array{AbstractString,1},N} where N) at ./<missing>:0
│     [15] #test#3(::Bool, ::Function, ::String, ::Vararg{String,N} where N) at /buildworker/worker/package_linux64/build/usr/share/julia/site/v0.7/Pkg/src/Pkg.jl:278
│     [16] test(::String, ::Vararg{String,N} where N) at /buildworker/worker/package_linux64/build/usr/share/julia/site/v0.7/Pkg/src/Pkg.jl:278
│     [17] top-level scope
│     [18] eval at ./boot.jl:309 [inlined]
│     [19] eval(::Module, ::Expr) at ./sysimg.jl:74
│     [20] exec_options(::Base.JLOptions) at ./client.jl:304
│     [21] _start() at ./client.jl:455
└ @ Pkg.Entry entry.jl:732
[ Info: No packages to install, update or remove
ERROR: DiffEqBayes had test errors

>>> End of log
