>>> 'Pkg.add("Dispatcher")' log
INFO: Cloning cache of Dispatcher from https://github.com/invenia/Dispatcher.jl.git
INFO: Cloning cache of ResultTypes from https://github.com/iamed2/ResultTypes.jl.git
INFO: Installing AutoHashEquals v0.2.0
INFO: Installing CodecZlib v0.4.1
INFO: Installing DataStructures v0.7.4
INFO: Installing DeferredFutures v0.5.0
INFO: Installing Dispatcher v0.4.1
INFO: Installing IterTools v0.2.0
INFO: Installing LightGraphs v0.11.1
INFO: Installing MacroTools v0.4.0
INFO: Installing Memento v0.5.0
INFO: Installing ResultTypes v1.1.0
INFO: Installing SimpleTraits v0.5.1
INFO: Installing Syslogs v0.0.1
INFO: Installing TranscodingStreams v0.4.1
INFO: Package database updated
INFO: METADATA is out-of-date â€” you may not have the latest version of Dispatcher
INFO: Use `Pkg.update()` to get the latest versions of your packages

>>> 'Pkg.test("Dispatcher")' log
Julia Version 0.6.2
Commit d386e40c17 (2017-12-13 18:08 UTC)
Platform Info:
  OS: Linux (x86_64-pc-linux-gnu)
  CPU: Intel(R) Xeon(R) CPU E3-1241 v3 @ 3.50GHz
  WORD_SIZE: 64
           Ubuntu 14.04.5 LTS
  uname: Linux 3.13.0-135-generic #184-Ubuntu SMP Wed Oct 18 11:55:51 UTC 2017 x86_64 x86_64
Memory: 2.93927001953125 GB (1960.18359375 MB free)
Uptime: 60938.0 sec
Load Avg:  0.9736328125  0.9384765625  0.98095703125
Intel(R) Xeon(R) CPU E3-1241 v3 @ 3.50GHz: 
       speed         user         nice          sys         idle          irq
#1  3499 MHz    3939920 s         71 s     167227 s    1078141 s         20 s
#2  3499 MHz    1158330 s        124 s     109307 s    4703085 s          0 s

  BLAS: libopenblas (USE64BITINT DYNAMIC_ARCH NO_AFFINITY Nehalem)
  LAPACK: libopenblas64_
  LIBM: libopenlibm
  LLVM: libLLVM-3.9.1 (ORCJIT, haswell)
Environment:
  TERM = vt100
  LD_LIBRARY_PATH = :/usr/local/lib/
  PATH = /usr/local/sbin:/usr/local/bin:/usr/sbin:/usr/bin:/sbin:/bin:/usr/games:/usr/local/games:/home/vagrant/julia/bin/
  JAVA_HOME = /usr/lib/jvm/java-8-openjdk-amd64
  HOME = /home/vagrant

Package Directory: /home/vagrant/.julia/v0.6
2 required packages:
 - Dispatcher                    0.4.1
 - JSON                          0.16.3
14 additional packages:
 - AutoHashEquals                0.2.0
 - CodecZlib                     0.4.1
 - Compat                        0.43.0
 - DataStructures                0.7.4
 - DeferredFutures               0.5.0
 - IterTools                     0.2.0
 - LightGraphs                   0.11.1
 - MacroTools                    0.4.0
 - Memento                       0.5.0
 - Nullables                     0.0.2
 - ResultTypes                   1.1.0
 - SimpleTraits                  0.5.1
 - Syslogs                       0.0.1
 - TranscodingStreams            0.4.1
INFO: Testing Dispatcher
WARNING: get_logger(name) is deprecated, use getlogger(name) instead.
Stacktrace:
 [1] depwarn(::String, ::Symbol) at ./deprecated.jl:70
 [2] get_logger(::Module) at ./deprecated.jl:57
 [3] include_from_node1(::String) at ./loading.jl:576
 [4] include(::String) at ./sysimg.jl:14
 [5] anonymous at ./<missing>:2
 [6] eval(::Module, ::Any) at ./boot.jl:235
 [7] process_options(::Base.JLOptions) at ./client.jl:286
 [8] _start() at ./client.jl:371
while loading /home/vagrant/.julia/v0.6/Dispatcher/src/Dispatcher.jl, in expression starting on line 41
WARNING: get_logger(name) is deprecated, use getlogger(name) instead.
Stacktrace:
 [1] depwarn(::String, ::Symbol) at ./deprecated.jl:70
 [2] get_logger(::Module) at ./deprecated.jl:57
 [3] include_from_node1(::String) at ./loading.jl:576
 [4] include(::String) at ./sysimg.jl:14
 [5] process_options(::Base.JLOptions) at ./client.jl:305
 [6] _start() at ./client.jl:371
while loading /home/vagrant/.julia/v0.6/Dispatcher/test/runtests.jl, in expression starting on line 12
Test Summary: | Pass  Total
Graph         |   34     34
fatal error on 1: ERROR: attempt to send to unknown socket
fatal error on 1: ERROR: attempt to send to unknown socket
fatal error on 1: ERROR: attempt to send to unknown socket
fatal error on 1: ERROR: attempt to send to unknown socket
fatal error on 1: ERROR: attempt to send to unknown socket
fatal error on 1: ERROR: attempt to send to unknown socket
fatal error on 1: ERROR: attempt to send to unknown socket
fatal error on 1: ERROR: attempt to send to unknown socket
fatal error on 1: ERROR: attempt to send to unknown socket
fatal error on 1: ERROR: attempt to send to unknown socket
fatal error on 1: ERROR: fatal error on attempt to send to unknown socket1
: ERROR: attempt to send to unknown socket
fatal error on 1: ERROR: attempt to send to unknown socket
fatal error on 1: ERROR: fatal error on attempt to send to unknown socket1
: ERROR: attempt to send to unknown socket
fatal error on 1: ERROR: attempt to send to unknown socket
fatal error on 1: ERROR: fatal error on attempt to send to unknown socket1
: ERROR: attempt to send to unknown socket
fatal error on 1: ERROR: attempt to send to unknown socket
fatal error on 1: ERROR: fatal error on attempt to send to unknown socket1
: ERROR: attempt to send to unknown socket
fatal error on 1: ERROR: attempt to send to unknown socket
fatal error on 1: ERROR: fatal error on attempt to send to unknown socket1
: ERROR: attempt to send to unknown socket
fatal error on 1: ERROR: attempt to send to unknown socket
fatal error on 1: ERROR: fatal error on attempt to send to unknown socket1
: ERROR: attempt to send to unknown socket
Test Summary: | Pass  Total
Dispatcher    |  270    270
INFO: Dispatcher tests passed

>>> End of log
