>>> 'Pkg.add("Documenter")' log
WARNING: Base.Pkg is deprecated, run `using Pkg` instead
 in module Main
[ Info: Installing DocStringExtensions v0.4.4
[ Info: Installing Documenter v0.16.1
[ Info: Package database updated
┌ Info: METADATA is out-of-date — you may not have the latest version of Documenter
└ Use `Pkg.update()` to get the latest versions of your packages

>>> 'Pkg.test("Documenter")' log
WARNING: Base.versioninfo is deprecated: it has been moved to the standard library package `InteractiveUtils`.
Add `using InteractiveUtils` to your imports.
 in module Main
WARNING: Base.versioninfo is deprecated: it has been moved to the standard library package `InteractiveUtils`.
Add `using InteractiveUtils` to your imports.
 in module Main
Julia Version 0.7.0-DEV.4737
Commit c4c93ea692 (2018-04-02 15:45 UTC)
Platform Info:
  OS: Linux (x86_64-pc-linux-gnu)
      Ubuntu 14.04.5 LTS
  uname: Linux 3.13.0-143-generic #192-Ubuntu SMP Tue Feb 27 10:45:36 UTC 2018 x86_64 x86_64
  CPU: Intel(R) Xeon(R) CPU E3-1241 v3 @ 3.50GHz: 
              speed         user         nice          sys         idle          irq
       #1  3500 MHz    3850252 s        298 s     296938 s    1452012 s         73 s
       #2  3500 MHz    1224682 s       6982 s     114440 s    4983135 s          0 s
       
  Memory: 2.939197540283203 GB (1204.515625 MB free)
  Uptime: 65084.0 sec
  Load Avg:  0.93310546875  0.96240234375  0.95458984375
  WORD_SIZE: 64
  LIBM: libopenlibm
  LLVM: libLLVM-3.9.1 (ORCJIT, haswell)
Environment:
  TERM = vt100
  LD_LIBRARY_PATH = :/usr/local/lib/
  PATH = /usr/local/sbin:/usr/local/bin:/usr/sbin:/usr/bin:/sbin:/bin:/usr/games:/usr/local/games:/home/vagrant/julia/bin/
  JAVA_HOME = /usr/lib/jvm/java-8-openjdk-amd64
  HOME = /home/vagrant
Packages:
  Package Directory: /home/vagrant/.julia/v0.7
  Package Status:
2 required packages:
 - Documenter                    0.16.1
 - JSON                          0.17.2
3 additional packages:
 - Compat                        0.63.0
 - DocStringExtensions           0.4.4
 - Nullables                     0.0.5
WARNING: Base.Pkg is deprecated, run `using Pkg` instead
 in module Main
[ Info: Testing Documenter
Documenter: setting up build directory.
Documenter: expanding markdown templates.
Documenter: building cross-references.
Documenter: running document checks.
 > checking for missing docstrings.
 !! 2 docstrings potentially missing:

    Documenter.git_push :: Tuple{Any,Any,Any}
    Documenter.Documenter

 > running doctests.
 > checking footnote links.
 > checking external URLs:
   - lib/internals/dom.md
   - lib/internals.md
   - lib/internals/builder.md
   - man/contributing.md
      200 https://help.github.com/articles/about-protected-branches/
      200 https://github.com/JuliaDocs/Documenter.jl/pulls?q=label%3A%22Type%3A+Backport%22
      200 https://github.com/JuliaDocs/Documenter.jl/milestones
   - lib/internals/writers.md
      200 https://en.wikipedia.org/wiki/Canonical_link_element
      200 https://www.ecma-international.org/ecma-262/8.0/index.html#sec-literals-string-literals
   - man/guide.md
      200 http://www.mkdocs.org/
      200 https://github.com/JuliaDocs/Documenter.jl/issues
   - lib/public.md
   - lib/internals/mdflatten.md
   - man/examples.md
      200 https://evizero.github.io/Augmentor.jl/
      200 https://stephenbnicar.github.io/BeaData.jl/latest/
      200 https://biojulia.net/Bio.jl/latest/
      200 http://juliacontrol.github.io/ControlSystems.jl/latest/
      200 https://juliafinance.github.io/Currencies.jl/latest/
      200 http://docs.juliadiffeq.org/latest/
      200 https://github.com/v-i-s-h/DiscretePredictors.jl
      200 https://juliadocs.github.io/Documenter.jl/latest/
      200 https://carlobaldassi.github.io/ExtractMacro.jl/latest/
      200 https://bicycle1885.github.io/EzXML.jl/latest/
      200 http://juliohm.github.io/GeoStats.jl/latest/
      200 https://juliadocs.github.io/Highlights.jl/latest/
      200 https://juliaintervals.github.io/IntervalConstraintProgramming.jl/latest/
      200 https://juliagraphics.github.io/Luxor.jl/stable/
      200 https://michaelhatherly.github.io/MergedMethods.jl/latest/
      200 http://anthofflab.berkeley.edu/Mimi.jl/stable/
      200 https://michaelhatherly.github.io/NumericSuffixes.jl/latest/
      200 http://joshday.github.io/OnlineStats.jl/latest/
      200 http://juliapomdp.github.io/POMDPs.jl/latest/
      200 http://crsl4.github.io/PhyloNetworks.jl/latest/
      200 https://michaelhatherly.github.io/PrivateModules.jl/latest/
      200 http://www.david-anthoff.com/Query.jl/stable/
      200 http://www.juliadiff.org/TaylorSeries.jl/latest/
      200 http://weavejl.mpastell.com/stable/
      200 https://michaelhatherly.github.io/AnonymousTypes.jl/latest/
      200 https://github.com/KristofferC/OhMyREPL.jl
   - lib/internals/documents.md
   - lib/internals/docchecks.md
   - lib/internals/walkers.md
   - lib/internals/utilities.md
   - lib/internals/cross-references.md
   - man/latex.md
   - lib/internals/selectors.md
   - lib/internals/generator.md
      200 https://docs.julialang.org/en/latest/base/io-network/#Base.open
   - lib/internals/expanders.md
   - man/doctests.md
   - lib/internals/formats.md
   - man/hosting.md
      200 https://docs.travis-ci.com/user/environment-variables/#Defining-Variables-in-Repository-Settings
      200 http://www.mkdocs.org
      200 https://github.com/mitya57/python-markdown-math
      200 http://www.mkdocs.org
      200 https://coderwall.com/p/0n3soa/create-a-disconnected-git-branch
      200 http://shields.io
   - lib/internals/docsystem.md
   - lib/internals/documenter.md
      200 https://github.com/JuliaDocs/Documenter.jl/issues/507
   - lib/internals/textdiff.md
   - index.md
      200 https://docs.julialang.org/en/latest/manual/documentation/
      200 https://en.wikipedia.org/wiki/Markdown
   - lib/internals/anchors.md
   - man/syntax.md
Documenter: populating indices.
Documenter: rendering document.
Documenter: skipping docs deployment.
  You can set DOCUMENTER_DEBUG to "true" in Travis to see more information.
[ Info: Building mock package docs: MarkdownWriter
Documenter: setting up build directory.
Documenter: expanding markdown templates.
Documenter: building cross-references.
 !! No doc found for reference '[`@timev`](@ref)'. [src/lib/functions.md]
 !! No doc found for reference '[`@timed`](@ref)'. [src/lib/functions.md]
 !! No doc found for reference '[`@elapsed`](@ref)'. [src/lib/functions.md]
 !! No doc found for reference '[`@allocated`](@ref)'. [src/lib/functions.md]
 !! No doc found for reference '[`AssertionError`](@ref)'. [src/lib/functions.md]
Documenter: running document checks.
 > checking for missing docstrings.
 !! Skipped doctesting.
 > checking footnote links.
Documenter: populating indices.
Documenter: rendering document.
Documenter: copying assets to build directory.
[ Info: Building mock package docs: HTMLWriter
Documenter: setting up build directory.
Documenter: expanding markdown templates.
Documenter: building cross-references.
 !! No doc found for reference '[`@timev`](@ref)'. [src/lib/functions.md]
 !! No doc found for reference '[`@timed`](@ref)'. [src/lib/functions.md]
 !! No doc found for reference '[`@elapsed`](@ref)'. [src/lib/functions.md]
 !! No doc found for reference '[`@allocated`](@ref)'. [src/lib/functions.md]
 !! No doc found for reference '[`AssertionError`](@ref)'. [src/lib/functions.md]
Documenter: running document checks.
 > checking for missing docstrings.
 > running doctests.
=====[Test Error]==============================

> Location: src/index.md:234-248

> Code block:

```jldoctest
julia> struct T end

julia> t = T()
T()

julia> fullname(current_module())
()

julia> fullname(Base.Broadcast)
(:Base, :Broadcast)

julia> current_module()
Main
```

> Subexpression:

    fullname(current_module())

> Output Diff (REQUIRES COLOR):

()┌ Warning: `current_module()` is deprecated, use `@__MODULE__` instead.
│   caller = top-level scope
└ @ Core :0
(:Main, Symbol("Main"))

=====[End Error]===============================
=====[Test Error]==============================

> Location: src/index.md:234-248

> Code block:

```jldoctest
julia> struct T end

julia> t = T()
T()

julia> fullname(current_module())
()

julia> fullname(Base.Broadcast)
(:Base, :Broadcast)

julia> current_module()
Main
```

> Subexpression:

    current_module()

> Output Diff (REQUIRES COLOR):

┌ Warning: `current_module()` is deprecated, use `@__MODULE__` instead.
│   caller = top-level scope
└ @ Core :0
Main

=====[End Error]===============================
=====[Test Error]==============================

> Location: src/man/tutorial.md:73-96

> Code block:

```jldoctest
julia> # First definition.
       function f(x, y)
           x + y
       end
       #
       # Second definition.
       #
       struct T
           x
       end

julia> isdefined(:f), isdefined(:T) # Check for both definitions.
(true, true)

julia> import Base

julia> using Base.Meta

julia> r = isexpr(:(using Base.Meta), :using); # Discarded result.

julia> !r
false
```

> Subexpression:

    isdefined(:f), isdefined(:T) # Check for both definitions.

> Output Diff (REQUIRES COLOR):

┌ Warning: `isdefined(:symbol)` is deprecated, use `@isdefined symbol` instead
│   caller = ip:0x0
└ @ Core :-1
(true, true)

=====[End Error]===============================
 > checking footnote links.
 > checking external URLs:
   - hidden/index.md
      --- index.md#Documenter.hide
      --- x.md
      --- y.md
      --- z.md
   - lib/functions.md
   - lib/crlf.md
   - hidden/z.md
   - hidden/y.md
   - hidden/x.md
   - hidden.md
   - index.md
      302 https://github.com/JuliaDocs/Documenter.jl/issues/60
       -> https://github.com/JuliaDocs/Documenter.jl/pull/60

      200 https://github.com/JuliaDocs/Documenter.jl/issues/61
 !! `curl -sI some:path` failed:

ErrorException("failed process: Process(`curl -sI some:path`, ProcessExited(6)) [6]")
 !! `curl -sI :path` failed:

ErrorException("failed process: Process(`curl -sI :path`, ProcessExited(6)) [6]")
 !! `curl -sI X:\some\path` failed:

ErrorException("failed process: Process(`curl -sI 'X:\\some\\path'`, ProcessExited(7)) [7]")
   - man/tutorial.md
      --- ../index.md#Documentation-1
      --- ../index.md#Index-1
 !! `curl -sI data.csv` failed:

ErrorException("failed process: Process(`curl -sI data.csv`, ProcessExited(6)) [6]")
      --- ../index.md
   - lib/autodocs.md
Documenter: populating indices.
Documenter: rendering document.
 !! Not copying '/home/vagrant/.julia/v0.7/Documenter/assets/html/search.js', provided by the user.
 !! Invalid local link: unresolved path
    'some:path' in index.md
 !! Invalid local link: unresolved path
    ':path' in index.md
 !! Invalid local link: unresolved path
    'X:\some\path' in index.md
 !! Invalid local link: unresolved path
    '@ref' in lib/functions.md
 !! Invalid local link: unresolved path
    '@ref' in lib/functions.md
 !! Invalid local link: unresolved path
    '@ref' in lib/functions.md
 !! Invalid local link: unresolved path
    '@ref' in lib/functions.md
 !! Invalid local link: unresolved path
    '@ref' in lib/functions.md
[ Info: Building mock package docs: HTMLWriter with pretty URLs and canonical links
Documenter: setting up build directory.
Documenter: expanding markdown templates.
Documenter: building cross-references.
 !! No doc found for reference '[`@timev`](@ref)'. [src/lib/functions.md]
 !! No doc found for reference '[`@timed`](@ref)'. [src/lib/functions.md]
 !! No doc found for reference '[`@elapsed`](@ref)'. [src/lib/functions.md]
 !! No doc found for reference '[`@allocated`](@ref)'. [src/lib/functions.md]
 !! No doc found for reference '[`AssertionError`](@ref)'. [src/lib/functions.md]
Documenter: running document checks.
 > checking for missing docstrings.
 !! Skipped doctesting.
 > checking footnote links.
Documenter: populating indices.
Documenter: rendering document.
 !! Not copying '/home/vagrant/.julia/v0.7/Documenter/assets/html/search.js', provided by the user.
 !! Invalid local link: unresolved path
    'some:path' in index.md
 !! Invalid local link: unresolved path
    ':path' in index.md
 !! Invalid local link: unresolved path
    'X:\some\path' in index.md
 !! Invalid local link: unresolved path
    '@ref' in lib/functions.md
 !! Invalid local link: unresolved path
    '@ref' in lib/functions.md
 !! Invalid local link: unresolved path
    '@ref' in lib/functions.md
 !! Invalid local link: unresolved path
    '@ref' in lib/functions.md
 !! Invalid local link: unresolved path
    '@ref' in lib/functions.md
Documenter: setting up build directory.
Documenter: expanding markdown templates.
Documenter: building cross-references.
Documenter: running document checks.
 > running doctests.
 > checking footnote links.
Documenter: populating indices.
Documenter: rendering document.
Documenter: setting up build directory.
Documenter: expanding markdown templates.
Documenter: building cross-references.
Documenter: running document checks.
 > checking for missing docstrings.
 > running doctests.
 > checking footnote links.
Documenter: populating indices.
Documenter: rendering document.
==================================================
[ Info: The following errors are expected output.
Documenter: setting up build directory.
Documenter: expanding markdown templates.
 !! Undefined binding 'missing_doc'. [src/index.md]
 !! Warning in src/index.md:

Failed to parse expression.

ERROR: Base.Meta.ParseError("extra token \"error\" after end of expression")

 !! Warning in src/index.md:

Failed to evaluate `CurrentModule = NonExistantModule` in `@meta` block.

ERROR: UndefVarError(:NonExistantModule)

 !! Warning in src/index.md:

Failed to evaluate `Modules = [NonExistantModule]` in `@autodocs` block.

ERROR: UndefVarError(:NonExistantModule)

 !! '@autodocs' missing 'Modules = ...'. [src/index.md]
 !! Warning in src/index.md:

Failed to evaluate `@eval` block.

ERROR: UndefVarError(:NonExistantModule)

 !! Unable to get the binding for '# comment in a @docs block'. [src/index.md]

ERROR: ArgumentError("cannot convert `nothing` to a `Binding`.")

expression 'nothing' in module 'Main'

Documenter: building cross-references.
 !! Unable to evaluate the type signature for '[`foo(x::Foo)`](@ref)'. [src/index.md]

ERROR: UndefVarError(:Foo)

expression 'foo(x::Foo)' in module 'Main'

 !! No doc found for reference '[`UndefVarError`](@ref)'. [src/index.md]
 !! Unable to get the binding for '[`1`](@ref)'. [src/index.md]

ERROR: ArgumentError("cannot convert `1` to a `Binding`.")

expression '1' in module 'Main'

 !! Unable to get the binding for '[`"strings"`](@ref)'. [src/index.md]

ERROR: ArgumentError("cannot convert `strings` to a `Binding`.")

expression 'strings' in module 'Main'

 !! Unable to parse the reference '[`foo+*bar`](@ref)'. [src/index.md]
 !! Unable to get the binding for '[`foo(x`](@ref)'. [src/index.md]

ERROR: ErrorException("`binding` cannot understand expression `\$(Expr(:incomplete, \"incomplete: premature end of input\"))`.")

expression '$(Expr(:incomplete, "incomplete: premature end of input"))' in module 'Main'

Documenter: running document checks.
 > checking for missing docstrings.
 > running doctests.
=====[Test Error]==============================

> Location: /home/vagrant/.julia/v0.7/Documenter/test/errors/make.jl:4-7

> Code block:

```jldoctest
julia> a = 1
2

```

> Subexpression:

    a = 1

> Output Diff (REQUIRES COLOR):

21

=====[End Error]===============================
 !! Invalid doctest block in /home/vagrant/.julia/v0.7/Documenter/test/errors/make.jl:0-1
Requires `julia> ` or `# output`

```jldoctest

```

=====[Test Error]==============================

> Location: src/index.md:55-65

> Code block:

```jldoctest
julia> b = 1
2

julia> x

julia> x
ERROR: UndefVarError: x not defined

julia> x
```

> Subexpression:

    b = 1

> Output Diff (REQUIRES COLOR):

21

=====[End Error]===============================
=====[Test Error]==============================

> Location: src/index.md:55-65

> Code block:

```jldoctest
julia> b = 1
2

julia> x

julia> x
ERROR: UndefVarError: x not defined

julia> x
```

> Subexpression:

    x

> Output Diff (REQUIRES COLOR):

ERROR: UndefVarError: x not defined

=====[End Error]===============================
=====[Test Error]==============================

> Location: src/index.md:55-65

> Code block:

```jldoctest
julia> b = 1
2

julia> x

julia> x
ERROR: UndefVarError: x not defined

julia> x
```

> Subexpression:

    x

> Output Diff (REQUIRES COLOR):

ERROR: UndefVarError: x not defined

=====[End Error]===============================
 !! Invalid syntax for doctest keyword arguments in src/index.md:67-70
Use ```jldoctest name; key1 = value1, key2 = value2

```jldoctest; setup
julia> 1+1
2
```

 !! Invalid syntax for doctest keyword arguments in src/index.md:67-70
Use ```jldoctest name; key1 = value1, key2 = value2

```jldoctest invalidkwarg1; setup
julia> 1+1
2
```

 !! Invalid syntax for doctest keyword arguments in src/index.md:67-70
Use ```jldoctest name; key1 = value1, key2 = value2

```jldoctest; setup == 1
julia> 1+1
2
```

 !! Invalid syntax for doctest keyword arguments in src/index.md:67-70
Use ```jldoctest name; key1 = value1, key2 = value2

```jldoctest invalidkwarg2; setup == 1
julia> 1+1
2
```

 > checking footnote links.
 !! No footnotes found for 'another'. [src/index.md]
 !! No footnotes found for '2'. [src/index.md]
 !! Unused footnote named 'another_one'. [src/index.md]
 !! Footnote 'nested' has 2 bodies. [src/index.md]
Documenter: populating indices.
Documenter: rendering document.
Documenter: copying assets to build directory.
Documenter: setting up build directory.
Documenter: expanding markdown templates.
 !! Undefined binding 'missing_doc'. [src/index.md]
 !! Warning in src/index.md:

Failed to parse expression.

ERROR: Base.Meta.ParseError("extra token \"error\" after end of expression")

 !! Warning in src/index.md:

Failed to evaluate `CurrentModule = NonExistantModule` in `@meta` block.

ERROR: UndefVarError(:NonExistantModule)

 !! Warning in src/index.md:

Failed to evaluate `Modules = [NonExistantModule]` in `@autodocs` block.

ERROR: UndefVarError(:NonExistantModule)

 !! '@autodocs' missing 'Modules = ...'. [src/index.md]
 !! Warning in src/index.md:

Failed to evaluate `@eval` block.

ERROR: UndefVarError(:NonExistantModule)

 !! Unable to get the binding for '# comment in a @docs block'. [src/index.md]

ERROR: ArgumentError("cannot convert `nothing` to a `Binding`.")

expression 'nothing' in module 'Main'

Documenter: building cross-references.
 !! Unable to evaluate the type signature for '[`foo(x::Foo)`](@ref)'. [src/index.md]

ERROR: UndefVarError(:Foo)

expression 'foo(x::Foo)' in module 'Main'

 !! No doc found for reference '[`UndefVarError`](@ref)'. [src/index.md]
 !! Unable to get the binding for '[`1`](@ref)'. [src/index.md]

ERROR: ArgumentError("cannot convert `1` to a `Binding`.")

expression '1' in module 'Main'

 !! Unable to get the binding for '[`"strings"`](@ref)'. [src/index.md]

ERROR: ArgumentError("cannot convert `strings` to a `Binding`.")

expression 'strings' in module 'Main'

 !! Unable to parse the reference '[`foo+*bar`](@ref)'. [src/index.md]
 !! Unable to get the binding for '[`foo(x`](@ref)'. [src/index.md]

ERROR: ErrorException("`binding` cannot understand expression `\$(Expr(:incomplete, \"incomplete: premature end of input\"))`.")

expression '$(Expr(:incomplete, "incomplete: premature end of input"))' in module 'Main'

Documenter: running document checks.
 > checking for missing docstrings.
 > running doctests.
 !! Invalid doctest block in /home/vagrant/.julia/v0.7/Documenter/test/errors/make.jl:0-1
Requires `julia> ` or `# output`

```jldoctest

```

=====[Test Error]==============================

> Location: src/index.md:55-65

> Code block:

```jldoctest
julia> b = 1
2

julia> x

julia> x
ERROR: UndefVarError: x not defined

julia> x
```

> Subexpression:

    b = 1

> Output Diff (REQUIRES COLOR):

21

=====[End Error]===============================
=====[Test Error]==============================

> Location: src/index.md:55-65

> Code block:

```jldoctest
julia> b = 1
2

julia> x

julia> x
ERROR: UndefVarError: x not defined

julia> x
```

> Subexpression:

    x

> Output Diff (REQUIRES COLOR):

ERROR: UndefVarError: x not defined

=====[End Error]===============================
=====[Test Error]==============================

> Location: src/index.md:55-65

> Code block:

```jldoctest
julia> b = 1
2

julia> x

julia> x
ERROR: UndefVarError: x not defined

julia> x
```

> Subexpression:

    x

> Output Diff (REQUIRES COLOR):

ERROR: UndefVarError: x not defined

=====[End Error]===============================
 !! Invalid syntax for doctest keyword arguments in src/index.md:67-70
Use ```jldoctest name; key1 = value1, key2 = value2

```jldoctest; setup
julia> 1+1
2
```

 !! Invalid syntax for doctest keyword arguments in src/index.md:67-70
Use ```jldoctest name; key1 = value1, key2 = value2

```jldoctest invalidkwarg1; setup
julia> 1+1
2
```

 !! Invalid syntax for doctest keyword arguments in src/index.md:67-70
Use ```jldoctest name; key1 = value1, key2 = value2

```jldoctest; setup == 1
julia> 1+1
2
```

 !! Invalid syntax for doctest keyword arguments in src/index.md:67-70
Use ```jldoctest name; key1 = value1, key2 = value2

```jldoctest invalidkwarg2; setup == 1
julia> 1+1
2
```

 > checking footnote links.
 !! No footnotes found for 'another'. [src/index.md]
 !! No footnotes found for '2'. [src/index.md]
 !! Unused footnote named 'another_one'. [src/index.md]
 !! Footnote 'nested' has 2 bodies. [src/index.md]
Documenter: populating indices.
[ Info: END of expected error output.
==================================================
filepath = "/home/vagrant/.julia/v0.7/Documenter/src/Utilities/Utilities.jl"
expected_filepath = "Documenter/src/Utilities/Utilities.jl"
==================================================
[ Info: Testing `doctest = :fix`
Documenter: setting up build directory.
Documenter: expanding markdown templates.
Documenter: building cross-references.
Documenter: running document checks.
 > checking for missing docstrings.
 > running doctests.
 > checking footnote links.
Documenter: populating indices.
Documenter: rendering document.
Documenter: copying assets to build directory.
Documenter: setting up build directory.
Documenter: expanding markdown templates.
Documenter: building cross-references.
Documenter: running document checks.
 > checking for missing docstrings.
 > running doctests.
 > checking footnote links.
Documenter: populating indices.
Documenter: rendering document.
Documenter: copying assets to build directory.
[ Info: Done testing `doctest = :fix`
==================================================
[ Info: Building Documenter's docs with Markdown.
Documenter: setting up build directory.
Documenter: expanding markdown templates.
Documenter: building cross-references.
Documenter: running document checks.
 > checking for missing docstrings.
 !! 2 docstrings potentially missing:

    Documenter.git_push :: Tuple{Any,Any,Any}
    Documenter.Documenter

 > running doctests.
 > checking footnote links.
Documenter: populating indices.
Documenter: rendering document.
Documenter: copying assets to build directory.
[ Info: Deploying documentation to /tmp/tmpBBVWx5/docs
[ Info: Generating .gitignore at /tmp/tmpBBVWx5/docs/.gitignore
[ Info: Generating make.jl at /tmp/tmpBBVWx5/docs/make.jl
[ Info: Generating mkdocs.yml at /tmp/tmpBBVWx5/docs/mkdocs.yml
[ Info: Generating src/index.md at /tmp/tmpBBVWx5/docs/src/index.md
[ Info: Building Documenter's docs with LaTeX.
Documenter: setting up build directory.
Documenter: expanding markdown templates.
Documenter: building cross-references.
Documenter: running document checks.
 > checking for missing docstrings.
 !! 2 docstrings potentially missing:

    Documenter.git_push :: Tuple{Any,Any,Any}
    Documenter.Documenter

 > running doctests.
 > checking footnote links.
Documenter: populating indices.
Documenter: rendering document.
 !! `latexmk` and `lualatex` required for PDF generation.
Test Summary: | Pass  Total
Documenter    |  344    344
[ Info: Documenter tests passed

>>> End of log
