>>> 'Pkg.add("EcologicalNetwork")' log
INFO: Cloning cache of EcologicalNetwork from https://github.com/PoisotLab/EcologicalNetwork.jl.git
INFO: Cloning cache of Lexicon from https://github.com/MichaelHatherly/Lexicon.jl.git
INFO: Installing BinDeps v0.6.0
INFO: Installing Cairo v0.3.0
INFO: Installing ColorTypes v0.5.1
INFO: Installing Colors v0.7.3
INFO: Installing DataStructures v0.5.3
INFO: Installing Docile v0.5.23
INFO: Installing EcologicalNetwork v1.0.1
INFO: Installing FixedPointNumbers v0.3.8
INFO: Installing Graphics v0.2.0
INFO: Installing Lexicon v0.1.18
INFO: Installing Logging v0.3.1
INFO: Installing NaNMath v0.2.5
INFO: Installing Reexport v0.0.3
INFO: Installing SHA v0.3.3
INFO: Installing SpecialFunctions v0.1.1
INFO: Installing StatsBase v0.15.0
INFO: Installing URIParser v0.1.8
INFO: Building Cairo
WARNING: BinDeps.shlib_ext is deprecated.
  likely near /home/vagrant/.julia/v0.6/Cairo/deps/build.jl:112
INFO: Package database updated
INFO: METADATA is out-of-date â€” you may not have the latest version of EcologicalNetwork
INFO: Use `Pkg.update()` to get the latest versions of your packages

>>> 'Pkg.test("EcologicalNetwork")' log
Julia Version 0.6.0-rc2.0
Commit 68e911b (2017-05-18 02:31 UTC)
Platform Info:
  OS: Linux (x86_64-pc-linux-gnu)
  CPU: Intel(R) Xeon(R) CPU E3-1241 v3 @ 3.50GHz
  WORD_SIZE: 64
           Ubuntu 14.04.5 LTS
  uname: Linux 3.13.0-119-generic #166-Ubuntu SMP Wed May 3 12:18:55 UTC 2017 x86_64 x86_64
Memory: 2.9392738342285156 GB (1027.97265625 MB free)
Uptime: 49944.0 sec
Load Avg:  0.92919921875  0.998046875  0.970703125
Intel(R) Xeon(R) CPU E3-1241 v3 @ 3.50GHz: 
       speed         user         nice          sys         idle          irq
#1  3492 MHz    3286594 s        126 s     150569 s     795091 s         52 s
#2  3492 MHz     919656 s       6077 s      90477 s    3861431 s          0 s

  BLAS: libopenblas (USE64BITINT DYNAMIC_ARCH NO_AFFINITY Nehalem)
  LAPACK: libopenblas64_
  LIBM: libopenlibm
  LLVM: libLLVM-3.9.1 (ORCJIT, haswell)
Environment:
  TERM = vt100
  LD_LIBRARY_PATH = :/usr/local/lib/
  PATH = /usr/local/sbin:/usr/local/bin:/usr/sbin:/usr/bin:/sbin:/bin:/usr/games:/usr/local/games:/home/vagrant/julia/bin/
  JAVA_HOME = /usr/lib/jvm/java-7-oracle
  HOME = /home/vagrant

Package Directory: /home/vagrant/.julia/v0.6
2 required packages:
 - EcologicalNetwork             1.0.1
 - JSON                          0.12.0
17 additional packages:
 - BinDeps                       0.6.0
 - Cairo                         0.3.0
 - ColorTypes                    0.5.1
 - Colors                        0.7.3
 - Compat                        0.25.2
 - DataStructures                0.5.3
 - Docile                        0.5.23
 - FixedPointNumbers             0.3.8
 - Graphics                      0.2.0
 - Lexicon                       0.1.18
 - Logging                       0.3.1
 - NaNMath                       0.2.5
 - Reexport                      0.0.3
 - SHA                           0.3.3
 - SpecialFunctions              0.1.1
 - StatsBase                     0.15.0
 - URIParser                     0.1.8
INFO: Testing EcologicalNetwork
WARNING: Method definition info(Any...) in module Base at util.jl:532 overwritten in module Logging at /home/vagrant/.julia/v0.6/Logging/src/Logging.jl:115.
WARNING: Method definition warn(Any...) in module Base at util.jl:585 overwritten in module Logging at /home/vagrant/.julia/v0.6/Logging/src/Logging.jl:115.
WARNING: Method definition warn(Any...) in module Base at util.jl:585 overwritten in module Logging at /home/vagrant/.julia/v0.6/Logging/src/Logging.jl:115.
WARNING: Method definition info(Any...) in module Base at util.jl:532 overwritten in module Logging at /home/vagrant/.julia/v0.6/Logging/src/Logging.jl:115.
Error During Test
  Test threw an exception of type UndefVarError
  Expression: i_esp(0.2) == 0.2
  UndefVarError: p not defined
  Stacktrace:
   [1] i_esp(::Float64) at /home/vagrant/.julia/v0.6/EcologicalNetwork/src/./proba_utils.jl:20
   [2] include_from_node1(::String) at ./loading.jl:569
   [3] include(::String) at ./sysimg.jl:14
   [4] macro expansion at /home/vagrant/.julia/v0.6/EcologicalNetwork/test/runtests.jl:23 [inlined]
   [5] anonymous at ./<missing>:?
   [6] include_from_node1(::String) at ./loading.jl:569
   [7] include(::String) at ./sysimg.jl:14
   [8] process_options(::Base.JLOptions) at ./client.jl:305
   [9] _start() at ./client.jl:371
	[1m[31mFAILED[0m: utils.jl
LoadError: There was an error during testing
while loading /home/vagrant/.julia/v0.6/EcologicalNetwork/test/utils.jl, in expression starting on line 26
	[1m[31mFAILED[0m: degree.jl
LoadError: UndefVarError: p not defined
Stacktrace:
 [1] macro expansion at /home/vagrant/.julia/v0.6/EcologicalNetwork/test/runtests.jl:28 [inlined]
 [2] anonymous at ./<missing>:?
 [3] include_from_node1(::String) at ./loading.jl:569
 [4] include(::String) at ./sysimg.jl:14
 [5] process_options(::Base.JLOptions) at ./client.jl:305
 [6] _start() at ./client.jl:371
while loading /home/vagrant/.julia/v0.6/EcologicalNetwork/test/degree.jl, in expression starting on line 17
WARNING: @test_approx_eq is deprecated, use `@test links(A) â‰ˆ 1.4` instead
Stacktrace:
 [1] depwarn(::String, ::Symbol) at ./deprecated.jl:64
 [2] @test_approx_eq(::ANY, ::ANY) at ./deprecated.jl:1044
 [3] include_from_node1(::String) at ./loading.jl:569
 [4] include(::String) at ./sysimg.jl:14
 [5] macro expansion at /home/vagrant/.julia/v0.6/EcologicalNetwork/test/runtests.jl:23 [inlined]
 [6] anonymous at ./<missing>:?
 [7] include_from_node1(::String) at ./loading.jl:569
 [8] include(::String) at ./sysimg.jl:14
 [9] process_options(::Base.JLOptions) at ./client.jl:305
 [10] _start() at ./client.jl:371
while loading /home/vagrant/.julia/v0.6/EcologicalNetwork/test/connectance.jl, in expression starting on line 9
WARNING: @test_approx_eq is deprecated, use `@test links_var(A) â‰ˆ 0.9` instead
Stacktrace:
 [1] depwarn(::String, ::Symbol) at ./deprecated.jl:64
 [2] @test_approx_eq(::ANY, ::ANY) at ./deprecated.jl:1044
 [3] include_from_node1(::String) at ./loading.jl:569
 [4] include(::String) at ./sysimg.jl:14
 [5] macro expansion at /home/vagrant/.julia/v0.6/EcologicalNetwork/test/runtests.jl:23 [inlined]
 [6] anonymous at ./<missing>:?
 [7] include_from_node1(::String) at ./loading.jl:569
 [8] include(::String) at ./sysimg.jl:14
 [9] process_options(::Base.JLOptions) at ./client.jl:305
 [10] _start() at ./client.jl:371
while loading /home/vagrant/.julia/v0.6/EcologicalNetwork/test/connectance.jl, in expression starting on line 10
WARNING: @test_approx_eq is deprecated, use `@test connectance(A) â‰ˆ 1.4 / 9.0` instead
Stacktrace:
 [1] depwarn(::String, ::Symbol) at ./deprecated.jl:64
 [2] @test_approx_eq(::ANY, ::ANY) at ./deprecated.jl:1044
 [3] include_from_node1(::String) at ./loading.jl:569
 [4] include(::String) at ./sysimg.jl:14
 [5] macro expansion at /home/vagrant/.julia/v0.6/EcologicalNetwork/test/runtests.jl:23 [inlined]
 [6] anonymous at ./<missing>:?
 [7] include_from_node1(::String) at ./loading.jl:569
 [8] include(::String) at ./sysimg.jl:14
 [9] process_options(::Base.JLOptions) at ./client.jl:305
 [10] _start() at ./client.jl:371
while loading /home/vagrant/.julia/v0.6/EcologicalNetwork/test/connectance.jl, in expression starting on line 11
WARNING: @test_approx_eq is deprecated, use `@test connectance_var(A) â‰ˆ 0.011111111111111112` instead
Stacktrace:
 [1] depwarn(::String, ::Symbol) at ./deprecated.jl:64
 [2] @test_approx_eq(::ANY, ::ANY) at ./deprecated.jl:1044
 [3] include_from_node1(::String) at ./loading.jl:569
 [4] include(::String) at ./sysimg.jl:14
 [5] macro expansion at /home/vagrant/.julia/v0.6/EcologicalNetwork/test/runtests.jl:23 [inlined]
 [6] anonymous at ./<missing>:?
 [7] include_from_node1(::String) at ./loading.jl:569
 [8] include(::String) at ./sysimg.jl:14
 [9] process_options(::Base.JLOptions) at ./client.jl:305
 [10] _start() at ./client.jl:371
while loading /home/vagrant/.julia/v0.6/EcologicalNetwork/test/connectance.jl, in expression starting on line 12
	[1m[32mPASSED[0m: connectance.jl
WARNING: @test_approx_eq is deprecated, use `@test (nestedness(A))[1] â‰ˆ 0.0` instead
Stacktrace:
 [1] depwarn(::String, ::Symbol) at ./deprecated.jl:64
 [2] @test_approx_eq(::ANY, ::ANY) at ./deprecated.jl:1044
 [3] include_from_node1(::String) at ./loading.jl:569
 [4] include(::String) at ./sysimg.jl:14
 [5] macro expansion at /home/vagrant/.julia/v0.6/EcologicalNetwork/test/runtests.jl:23 [inlined]
 [6] anonymous at ./<missing>:?
 [7] include_from_node1(::String) at ./loading.jl:569
 [8] include(::String) at ./sysimg.jl:14
 [9] process_options(::Base.JLOptions) at ./client.jl:305
 [10] _start() at ./client.jl:371
while loading /home/vagrant/.julia/v0.6/EcologicalNetwork/test/nestedness.jl, in expression starting on line 12
WARNING: @test_approx_eq is deprecated, use `@test (nestedness(B))[1] â‰ˆ 1.0` instead
Stacktrace:
 [1] depwarn(::String, ::Symbol) at ./deprecated.jl:64
 [2] @test_approx_eq(::ANY, ::ANY) at ./deprecated.jl:1044
 [3] include_from_node1(::String) at ./loading.jl:569
 [4] include(::String) at ./sysimg.jl:14
 [5] macro expansion at /home/vagrant/.julia/v0.6/EcologicalNetwork/test/runtests.jl:23 [inlined]
 [6] anonymous at ./<missing>:?
 [7] include_from_node1(::String) at ./loading.jl:569
 [8] include(::String) at ./sysimg.jl:14
 [9] process_options(::Base.JLOptions) at ./client.jl:305
 [10] _start() at ./client.jl:371
while loading /home/vagrant/.julia/v0.6/EcologicalNetwork/test/nestedness.jl, in expression starting on line 13
WARNING: @test_approx_eq is deprecated, use `@test (nestedness(C))[1] â‰ˆ 0.9153846153846155` instead
Stacktrace:
 [1] depwarn(::String, ::Symbol) at ./deprecated.jl:64
 [2] @test_approx_eq(::ANY, ::ANY) at ./deprecated.jl:1044
 [3] include_from_node1(::String) at ./loading.jl:569
 [4] include(::String) at ./sysimg.jl:14
 [5] macro expansion at /home/vagrant/.julia/v0.6/EcologicalNetwork/test/runtests.jl:23 [inlined]
 [6] anonymous at ./<missing>:?
 [7] include_from_node1(::String) at ./loading.jl:569
 [8] include(::String) at ./sysimg.jl:14
 [9] process_options(::Base.JLOptions) at ./client.jl:305
 [10] _start() at ./client.jl:371
while loading /home/vagrant/.julia/v0.6/EcologicalNetwork/test/nestedness.jl, in expression starting on line 14
WARNING: @test_approx_eq is deprecated, use `@test (nestedness(D))[1] â‰ˆ 1.0` instead
Stacktrace:
 [1] depwarn(::String, ::Symbol) at ./deprecated.jl:64
 [2] @test_approx_eq(::ANY, ::ANY) at ./deprecated.jl:1044
 [3] include_from_node1(::String) at ./loading.jl:569
 [4] include(::String) at ./sysimg.jl:14
 [5] macro expansion at /home/vagrant/.julia/v0.6/EcologicalNetwork/test/runtests.jl:23 [inlined]
 [6] anonymous at ./<missing>:?
 [7] include_from_node1(::String) at ./loading.jl:569
 [8] include(::String) at ./sysimg.jl:14
 [9] process_options(::Base.JLOptions) at ./client.jl:305
 [10] _start() at ./client.jl:371
while loading /home/vagrant/.julia/v0.6/EcologicalNetwork/test/nestedness.jl, in expression starting on line 15
	[1m[32mPASSED[0m: nestedness.jl
WARNING: @test_approx_eq is deprecated, use `@test n1[1, 1] â‰ˆ 6.0 / 9.0` instead
Stacktrace:
 [1] depwarn(::String, ::Symbol) at ./deprecated.jl:64
 [2] @test_approx_eq(::ANY, ::ANY) at ./deprecated.jl:1044
 [3] include_from_node1(::String) at ./loading.jl:569
 [4] include(::String) at ./sysimg.jl:14
 [5] macro expansion at /home/vagrant/.julia/v0.6/EcologicalNetwork/test/runtests.jl:23 [inlined]
 [6] anonymous at ./<missing>:?
 [7] include_from_node1(::String) at ./loading.jl:569
 [8] include(::String) at ./sysimg.jl:14
 [9] process_options(::Base.JLOptions) at ./client.jl:305
 [10] _start() at ./client.jl:371
while loading /home/vagrant/.julia/v0.6/EcologicalNetwork/test/nullmodels.jl, in expression starting on line 15
WARNING: @test_approx_eq is deprecated, use `@test n1[2, 2] â‰ˆ 6.0 / 9.0` instead
Stacktrace:
 [1] depwarn(::String, ::Symbol) at ./deprecated.jl:64
 [2] @test_approx_eq(::ANY, ::ANY) at ./deprecated.jl:1044
 [3] include_from_node1(::String) at ./loading.jl:569
 [4] include(::String) at ./sysimg.jl:14
 [5] macro expansion at /home/vagrant/.julia/v0.6/EcologicalNetwork/test/runtests.jl:23 [inlined]
 [6] anonymous at ./<missing>:?
 [7] include_from_node1(::String) at ./loading.jl:569
 [8] include(::String) at ./sysimg.jl:14
 [9] process_options(::Base.JLOptions) at ./client.jl:305
 [10] _start() at ./client.jl:371
while loading /home/vagrant/.julia/v0.6/EcologicalNetwork/test/nullmodels.jl, in expression starting on line 16
WARNING: @test_approx_eq is deprecated, use `@test n1[3, 3] â‰ˆ 6.0 / 9.0` instead
Stacktrace:
 [1] depwarn(::String, ::Symbol) at ./deprecated.jl:64
 [2] @test_approx_eq(::ANY, ::ANY) at ./deprecated.jl:1044
 [3] include_from_node1(::String) at ./loading.jl:569
 [4] include(::String) at ./sysimg.jl:14
 [5] macro expansion at /home/vagrant/.julia/v0.6/EcologicalNetwork/test/runtests.jl:23 [inlined]
 [6] anonymous at ./<missing>:?
 [7] include_from_node1(::String) at ./loading.jl:569
 [8] include(::String) at ./sysimg.jl:14
 [9] process_options(::Base.JLOptions) at ./client.jl:305
 [10] _start() at ./client.jl:371
while loading /home/vagrant/.julia/v0.6/EcologicalNetwork/test/nullmodels.jl, in expression starting on line 17
WARNING: @test_approx_eq is deprecated, use `@test n2[1, 3] â‰ˆ 0.5` instead
Stacktrace:
 [1] depwarn(::String, ::Symbol) at ./deprecated.jl:64
 [2] @test_approx_eq(::ANY, ::ANY) at ./deprecated.jl:1044
 [3] include_from_node1(::String) at ./loading.jl:569
 [4] include(::String) at ./sysimg.jl:14
 [5] macro expansion at /home/vagrant/.julia/v0.6/EcologicalNetwork/test/runtests.jl:23 [inlined]
 [6] anonymous at ./<missing>:?
 [7] include_from_node1(::String) at ./loading.jl:569
 [8] include(::String) at ./sysimg.jl:14
 [9] process_options(::Base.JLOptions) at ./client.jl:305
 [10] _start() at ./client.jl:371
while loading /home/vagrant/.julia/v0.6/EcologicalNetwork/test/nullmodels.jl, in expression starting on line 20
WARNING: @test_approx_eq is deprecated, use `@test n2[2, 2] â‰ˆ 1.0` instead
Stacktrace:
 [1] depwarn(::String, ::Symbol) at ./deprecated.jl:64
 [2] @test_approx_eq(::ANY, ::ANY) at ./deprecated.jl:1044
 [3] include_from_node1(::String) at ./loading.jl:569
 [4] include(::String) at ./sysimg.jl:14
 [5] macro expansion at /home/vagrant/.julia/v0.6/EcologicalNetwork/test/runtests.jl:23 [inlined]
 [6] anonymous at ./<missing>:?
 [7] include_from_node1(::String) at ./loading.jl:569
 [8] include(::String) at ./sysimg.jl:14
 [9] process_options(::Base.JLOptions) at ./client.jl:305
 [10] _start() at ./client.jl:371
while loading /home/vagrant/.julia/v0.6/EcologicalNetwork/test/nullmodels.jl, in expression starting on line 21
WARNING: @test_approx_eq is deprecated, use `@test n2[1, 1] â‰ˆ 2.0 / 3.0` instead
Stacktrace:
 [1] depwarn(::String, ::Symbol) at ./deprecated.jl:64
 [2] @test_approx_eq(::ANY, ::ANY) at ./deprecated.jl:1044
 [3] include_from_node1(::String) at ./loading.jl:569
 [4] include(::String) at ./sysimg.jl:14
 [5] macro expansion at /home/vagrant/.julia/v0.6/EcologicalNetwork/test/runtests.jl:23 [inlined]
 [6] anonymous at ./<missing>:?
 [7] include_from_node1(::String) at ./loading.jl:569
 [8] include(::String) at ./sysimg.jl:14
 [9] process_options(::Base.JLOptions) at ./client.jl:305
 [10] _start() at ./client.jl:371
while loading /home/vagrant/.julia/v0.6/EcologicalNetwork/test/nullmodels.jl, in expression starting on line 22
WARNING: @test_approx_eq is deprecated, use `@test n3o[1, 1] â‰ˆ 2.0 / 3.0` instead
Stacktrace:
 [1] depwarn(::String, ::Symbol) at ./deprecated.jl:64
 [2] @test_approx_eq(::ANY, ::ANY) at ./deprecated.jl:1044
 [3] include_from_node1(::String) at ./loading.jl:569
 [4] include(::String) at ./sysimg.jl:14
 [5] macro expansion at /home/vagrant/.julia/v0.6/EcologicalNetwork/test/runtests.jl:23 [inlined]
 [6] anonymous at ./<missing>:?
 [7] include_from_node1(::String) at ./loading.jl:569
 [8] include(::String) at ./sysimg.jl:14
 [9] process_options(::Base.JLOptions) at ./client.jl:305
 [10] _start() at ./client.jl:371
while loading /home/vagrant/.julia/v0.6/EcologicalNetwork/test/nullmodels.jl, in expression starting on line 25
WARNING: @test_approx_eq is deprecated, use `@test n3o[2, 1] â‰ˆ 1.0` instead
Stacktrace:
 [1] depwarn(::String, ::Symbol) at ./deprecated.jl:64
 [2] @test_approx_eq(::ANY, ::ANY) at ./deprecated.jl:1044
 [3] include_from_node1(::String) at ./loading.jl:569
 [4] include(::String) at ./sysimg.jl:14
 [5] macro expansion at /home/vagrant/.julia/v0.6/EcologicalNetwork/test/runtests.jl:23 [inlined]
 [6] anonymous at ./<missing>:?
 [7] include_from_node1(::String) at ./loading.jl:569
 [8] include(::String) at ./sysimg.jl:14
 [9] process_options(::Base.JLOptions) at ./client.jl:305
 [10] _start() at ./client.jl:371
while loading /home/vagrant/.julia/v0.6/EcologicalNetwork/test/nullmodels.jl, in expression starting on line 26
WARNING: @test_approx_eq is deprecated, use `@test n3o[3, 3] â‰ˆ 1.0 / 3.0` instead
Stacktrace:
 [1] depwarn(::String, ::Symbol) at ./deprecated.jl:64
 [2] @test_approx_eq(::ANY, ::ANY) at ./deprecated.jl:1044
 [3] include_from_node1(::String) at ./loading.jl:569
 [4] include(::String) at ./sysimg.jl:14
 [5] macro expansion at /home/vagrant/.julia/v0.6/EcologicalNetwork/test/runtests.jl:23 [inlined]
 [6] anonymous at ./<missing>:?
 [7] include_from_node1(::String) at ./loading.jl:569
 [8] include(::String) at ./sysimg.jl:14
 [9] process_options(::Base.JLOptions) at ./client.jl:305
 [10] _start() at ./client.jl:371
while loading /home/vagrant/.julia/v0.6/EcologicalNetwork/test/nullmodels.jl, in expression starting on line 27
WARNING: @test_approx_eq is deprecated, use `@test n3i[1, 1] â‰ˆ 2.0 / 3.0` instead
Stacktrace:
 [1] depwarn(::String, ::Symbol) at ./deprecated.jl:64
 [2] @test_approx_eq(::ANY, ::ANY) at ./deprecated.jl:1044
 [3] include_from_node1(::String) at ./loading.jl:569
 [4] include(::String) at ./sysimg.jl:14
 [5] macro expansion at /home/vagrant/.julia/v0.6/EcologicalNetwork/test/runtests.jl:23 [inlined]
 [6] anonymous at ./<missing>:?
 [7] include_from_node1(::String) at ./loading.jl:569
 [8] include(::String) at ./sysimg.jl:14
 [9] process_options(::Base.JLOptions) at ./client.jl:305
 [10] _start() at ./client.jl:371
while loading /home/vagrant/.julia/v0.6/EcologicalNetwork/test/nullmodels.jl, in expression starting on line 29
WARNING: @test_approx_eq is deprecated, use `@test n3i[2, 2] â‰ˆ 1.0` instead
Stacktrace:
 [1] depwarn(::String, ::Symbol) at ./deprecated.jl:64
 [2] @test_approx_eq(::ANY, ::ANY) at ./deprecated.jl:1044
 [3] include_from_node1(::String) at ./loading.jl:569
 [4] include(::String) at ./sysimg.jl:14
 [5] macro expansion at /home/vagrant/.julia/v0.6/EcologicalNetwork/test/runtests.jl:23 [inlined]
 [6] anonymous at ./<missing>:?
 [7] include_from_node1(::String) at ./loading.jl:569
 [8] include(::String) at ./sysimg.jl:14
 [9] process_options(::Base.JLOptions) at ./client.jl:305
 [10] _start() at ./client.jl:371
while loading /home/vagrant/.julia/v0.6/EcologicalNetwork/test/nullmodels.jl, in expression starting on line 30
WARNING: @test_approx_eq is deprecated, use `@test n3i[3, 3] â‰ˆ 1.0 / 3.0` instead
Stacktrace:
 [1] depwarn(::String, ::Symbol) at ./deprecated.jl:64
 [2] @test_approx_eq(::ANY, ::ANY) at ./deprecated.jl:1044
 [3] include_from_node1(::String) at ./loading.jl:569
 [4] include(::String) at ./sysimg.jl:14
 [5] macro expansion at /home/vagrant/.julia/v0.6/EcologicalNetwork/test/runtests.jl:23 [inlined]
 [6] anonymous at ./<missing>:?
 [7] include_from_node1(::String) at ./loading.jl:569
 [8] include(::String) at ./sysimg.jl:14
 [9] process_options(::Base.JLOptions) at ./client.jl:305
 [10] _start() at ./client.jl:371
while loading /home/vagrant/.julia/v0.6/EcologicalNetwork/test/nullmodels.jl, in expression starting on line 31
	[1m[32mPASSED[0m: nullmodels.jl
	[1m[31mFAILED[0m: nullmodelswrapper.jl
LoadError: MethodError: no method matching remotecall_fetch(::Int64, ::EcologicalNetwork.#make_bernoulli, ::Array{Float64,2})
Closest candidates are:
  remotecall_fetch(::Any, !Matched::Base.Distributed.LocalProcess, ::Any...; kwargs...) at distributed/remotecall.jl:339
  remotecall_fetch(::Any, !Matched::Base.Distributed.Worker, ::Any...; kwargs...) at distributed/remotecall.jl:346
  remotecall_fetch(::Any, !Matched::Integer, ::Any...; kwargs...) at distributed/remotecall.jl:367
  ...
macro expansion at /home/vagrant/.julia/v0.6/EcologicalNetwork/src/./nullmodels.jl:100 [inlined]
(::EcologicalNetwork.##24#26{Int64,Array{Float64,2}})() at ./task.jl:335
Stacktrace:
 [1] macro expansion at /home/vagrant/.julia/v0.6/EcologicalNetwork/test/runtests.jl:28 [inlined]
 [2] anonymous at ./<missing>:?
 [3] include_from_node1(::String) at ./loading.jl:569
 [4] include(::String) at ./sysimg.jl:14
 [5] process_options(::Base.JLOptions) at ./client.jl:305
 [6] _start() at ./client.jl:371
while loading /home/vagrant/.julia/v0.6/EcologicalNetwork/test/nullmodelswrapper.jl, in expression starting on line 7
WARNING: @test_approx_eq is deprecated, use `@test e_c_1_1[i] â‰ˆ c_1_1[i]` instead
Stacktrace:
 [1] depwarn(::String, ::Symbol) at ./deprecated.jl:64
 [2] @test_approx_eq(::ANY, ::ANY) at ./deprecated.jl:1044
 [3] include_from_node1(::String) at ./loading.jl:569
 [4] include(::String) at ./sysimg.jl:14
 [5] macro expansion at /home/vagrant/.julia/v0.6/EcologicalNetwork/test/runtests.jl:23 [inlined]
 [6] anonymous at ./<missing>:?
 [7] include_from_node1(::String) at ./loading.jl:569
 [8] include(::String) at ./sysimg.jl:14
 [9] process_options(::Base.JLOptions) at ./client.jl:305
 [10] _start() at ./client.jl:371
while loading /home/vagrant/.julia/v0.6/EcologicalNetwork/test/centrality.jl, in expression starting on line 17
	[1m[32mPASSED[0m: centrality.jl
	[1m[32mPASSED[0m: make_unipartite.jl
WARNING: @test_approx_eq is deprecated, use `@test free_species(A) â‰ˆ 3.0` instead
Stacktrace:
 [1] depwarn(::String, ::Symbol) at ./deprecated.jl:64
 [2] @test_approx_eq(::ANY, ::ANY) at ./deprecated.jl:1044
 [3] include_from_node1(::String) at ./loading.jl:569
 [4] include(::String) at ./sysimg.jl:14
 [5] macro expansion at /home/vagrant/.julia/v0.6/EcologicalNetwork/test/runtests.jl:23 [inlined]
 [6] anonymous at ./<missing>:?
 [7] include_from_node1(::String) at ./loading.jl:569
 [8] include(::String) at ./sysimg.jl:14
 [9] process_options(::Base.JLOptions) at ./client.jl:305
 [10] _start() at ./client.jl:371
while loading /home/vagrant/.julia/v0.6/EcologicalNetwork/test/free_species.jl, in expression starting on line 11
WARNING: @test_approx_eq is deprecated, use `@test free_species(B) â‰ˆ 0.9` instead
Stacktrace:
 [1] depwarn(::String, ::Symbol) at ./deprecated.jl:64
 [2] @test_approx_eq(::ANY, ::ANY) at ./deprecated.jl:1044
 [3] include_from_node1(::String) at ./loading.jl:569
 [4] include(::String) at ./sysimg.jl:14
 [5] macro expansion at /home/vagrant/.julia/v0.6/EcologicalNetwork/test/runtests.jl:23 [inlined]
 [6] anonymous at ./<missing>:?
 [7] include_from_node1(::String) at ./loading.jl:569
 [8] include(::String) at ./sysimg.jl:14
 [9] process_options(::Base.JLOptions) at ./client.jl:305
 [10] _start() at ./client.jl:371
while loading /home/vagrant/.julia/v0.6/EcologicalNetwork/test/free_species.jl, in expression starting on line 14
	[1m[32mPASSED[0m: free_species.jl
WARNING: @test_approx_eq is deprecated, use `@test P[1, 1] â‰ˆ 0.02` instead
Stacktrace:
 [1] depwarn(::String, ::Symbol) at ./deprecated.jl:64
 [2] @test_approx_eq(::ANY, ::ANY) at ./deprecated.jl:1044
 [3] include_from_node1(::String) at ./loading.jl:569
 [4] include(::String) at ./sysimg.jl:14
 [5] macro expansion at /home/vagrant/.julia/v0.6/EcologicalNetwork/test/runtests.jl:23 [inlined]
 [6] anonymous at ./<missing>:?
 [7] include_from_node1(::String) at ./loading.jl:569
 [8] include(::String) at ./sysimg.jl:14
 [9] process_options(::Base.JLOptions) at ./client.jl:305
 [10] _start() at ./client.jl:371
while loading /home/vagrant/.julia/v0.6/EcologicalNetwork/test/paths.jl, in expression starting on line 11
WARNING: @test_approx_eq is deprecated, use `@test P[1, 2] â‰ˆ 0.08` instead
Stacktrace:
 [1] depwarn(::String, ::Symbol) at ./deprecated.jl:64
 [2] @test_approx_eq(::ANY, ::ANY) at ./deprecated.jl:1044
 [3] include_from_node1(::String) at ./loading.jl:569
 [4] include(::String) at ./sysimg.jl:14
 [5] macro expansion at /home/vagrant/.julia/v0.6/EcologicalNetwork/test/runtests.jl:23 [inlined]
 [6] anonymous at ./<missing>:?
 [7] include_from_node1(::String) at ./loading.jl:569
 [8] include(::String) at ./sysimg.jl:14
 [9] process_options(::Base.JLOptions) at ./client.jl:305
 [10] _start() at ./client.jl:371
while loading /home/vagrant/.julia/v0.6/EcologicalNetwork/test/paths.jl, in expression starting on line 12
WARNING: @test_approx_eq is deprecated, use `@test P[2, 2] â‰ˆ 0.66` instead
Stacktrace:
 [1] depwarn(::String, ::Symbol) at ./deprecated.jl:64
 [2] @test_approx_eq(::ANY, ::ANY) at ./deprecated.jl:1044
 [3] include_from_node1(::String) at ./loading.jl:569
 [4] include(::String) at ./sysimg.jl:14
 [5] macro expansion at /home/vagrant/.julia/v0.6/EcologicalNetwork/test/runtests.jl:23 [inlined]
 [6] anonymous at ./<missing>:?
 [7] include_from_node1(::String) at ./loading.jl:569
 [8] include(::String) at ./sysimg.jl:14
 [9] process_options(::Base.JLOptions) at ./client.jl:305
 [10] _start() at ./client.jl:371
while loading /home/vagrant/.julia/v0.6/EcologicalNetwork/test/paths.jl, in expression starting on line 13
	[1m[32mPASSED[0m: paths.jl
WARNING: round{T}(::Type{T}, x::AbstractArray) is deprecated, use round.(T, x) instead.
Stacktrace:
 [1] depwarn(::String, ::Symbol) at ./deprecated.jl:64
 [2] round(::Type{Int64}, ::StepRangeLen{Float64,Base.TwicePrecision{Float64},Base.TwicePrecision{Float64}}) at ./deprecated.jl:51
 [3] propagate_labels(::Array{Float64,2}, ::Int64, ::Int64) at /home/vagrant/.julia/v0.6/EcologicalNetwork/src/./modularity.jl:99
 [4] #modularity#44(::Int64, ::Int64, ::Int64, ::Bool, ::Function, ::Array{Float64,2}) at /home/vagrant/.julia/v0.6/EcologicalNetwork/src/./modularity.jl:167
 [5] modularity(::Array{Float64,2}) at /home/vagrant/.julia/v0.6/EcologicalNetwork/src/./modularity.jl:162
 [6] include_from_node1(::String) at ./loading.jl:569
 [7] include(::String) at ./sysimg.jl:14
 [8] macro expansion at /home/vagrant/.julia/v0.6/EcologicalNetwork/test/runtests.jl:23 [inlined]
 [9] anonymous at ./<missing>:?
 [10] include_from_node1(::String) at ./loading.jl:569
 [11] include(::String) at ./sysimg.jl:14
 [12] process_options(::Base.JLOptions) at ./client.jl:305
 [13] _start() at ./client.jl:371
while loading /home/vagrant/.julia/v0.6/EcologicalNetwork/test/modularity.jl, in expression starting on line 13
WARNING: @test_approx_eq is deprecated, use `@test mod.Q â‰ˆ 0.375` instead
Stacktrace:
 [1] depwarn(::String, ::Symbol) at ./deprecated.jl:64
 [2] @test_approx_eq(::ANY, ::ANY) at ./deprecated.jl:1044
 [3] include_from_node1(::String) at ./loading.jl:569
 [4] include(::String) at ./sysimg.jl:14
 [5] macro expansion at /home/vagrant/.julia/v0.6/EcologicalNetwork/test/runtests.jl:23 [inlined]
 [6] anonymous at ./<missing>:?
 [7] include_from_node1(::String) at ./loading.jl:569
 [8] include(::String) at ./sysimg.jl:14
 [9] process_options(::Base.JLOptions) at ./client.jl:305
 [10] _start() at ./client.jl:371
while loading /home/vagrant/.julia/v0.6/EcologicalNetwork/test/modularity.jl, in expression starting on line 14
WARNING: round{T}(::Type{T}, x::AbstractArray) is deprecated, use round.(T, x) instead.
Stacktrace:
 [1] depwarn(::String, ::Symbol) at ./deprecated.jl:64
 [2] round(::Type{Int64}, ::StepRangeLen{Float64,Base.TwicePrecision{Float64},Base.TwicePrecision{Float64}}) at ./deprecated.jl:51
 [3] propagate_labels(::Array{Float64,2}, ::Int64, ::Int64) at /home/vagrant/.julia/v0.6/EcologicalNetwork/src/./modularity.jl:99
 [4] #modularity#44(::Int64, ::Int64, ::Int64, ::Bool, ::Function, ::Array{Float64,2}) at /home/vagrant/.julia/v0.6/EcologicalNetwork/src/./modularity.jl:167
 [5] modularity(::Array{Float64,2}) at /home/vagrant/.julia/v0.6/EcologicalNetwork/src/./modularity.jl:162
 [6] include_from_node1(::String) at ./loading.jl:569
 [7] include(::String) at ./sysimg.jl:14
 [8] macro expansion at /home/vagrant/.julia/v0.6/EcologicalNetwork/test/runtests.jl:23 [inlined]
 [9] anonymous at ./<missing>:?
 [10] include_from_node1(::String) at ./loading.jl:569
 [11] include(::String) at ./sysimg.jl:14
 [12] process_options(::Base.JLOptions) at ./client.jl:305
 [13] _start() at ./client.jl:371
while loading /home/vagrant/.julia/v0.6/EcologicalNetwork/test/modularity.jl, in expression starting on line 28
WARNING: round{T}(::Type{T}, x::AbstractArray) is deprecated, use round.(T, x) instead.
Stacktrace:
 [1] depwarn(::String, ::Symbol) at ./deprecated.jl:64
 [2] round(::Type{Int64}, ::StepRangeLen{Float64,Base.TwicePrecision{Float64},Base.TwicePrecision{Float64}}) at ./deprecated.jl:51
 [3] propagate_labels(::Array{Float64,2}, ::Int64, ::Int64) at /home/vagrant/.julia/v0.6/EcologicalNetwork/src/./modularity.jl:99
 [4] #modularity#44(::Int64, ::Int64, ::Int64, ::Bool, ::Function, ::Array{Float64,2}) at /home/vagrant/.julia/v0.6/EcologicalNetwork/src/./modularity.jl:167
 [5] modularity(::Array{Float64,2}) at /home/vagrant/.julia/v0.6/EcologicalNetwork/src/./modularity.jl:162
 [6] include_from_node1(::String) at ./loading.jl:569
 [7] include(::String) at ./sysimg.jl:14
 [8] macro expansion at /home/vagrant/.julia/v0.6/EcologicalNetwork/test/runtests.jl:23 [inlined]
 [9] anonymous at ./<missing>:?
 [10] include_from_node1(::String) at ./loading.jl:569
 [11] include(::String) at ./sysimg.jl:14
 [12] process_options(::Base.JLOptions) at ./client.jl:305
 [13] _start() at ./client.jl:371
while loading /home/vagrant/.julia/v0.6/EcologicalNetwork/test/modularity.jl, in expression starting on line 34
WARNING: @test_approx_eq is deprecated, use `@test Qr(mod) â‰ˆ 1.0` instead
Stacktrace:
 [1] depwarn(::String, ::Symbol) at ./deprecated.jl:64
 [2] @test_approx_eq(::ANY, ::ANY) at ./deprecated.jl:1044
 [3] include_from_node1(::String) at ./loading.jl:569
 [4] include(::String) at ./sysimg.jl:14
 [5] macro expansion at /home/vagrant/.julia/v0.6/EcologicalNetwork/test/runtests.jl:23 [inlined]
 [6] anonymous at ./<missing>:?
 [7] include_from_node1(::String) at ./loading.jl:569
 [8] include(::String) at ./sysimg.jl:14
 [9] process_options(::Base.JLOptions) at ./client.jl:305
 [10] _start() at ./client.jl:371
while loading /home/vagrant/.julia/v0.6/EcologicalNetwork/test/modularity.jl, in expression starting on line 38
WARNING: @test_approx_eq is deprecated, use `@test Q(mod) â‰ˆ mod.Q` instead
Stacktrace:
 [1] depwarn(::String, ::Symbol) at ./deprecated.jl:64
 [2] @test_approx_eq(::ANY, ::ANY) at ./deprecated.jl:1044
 [3] include_from_node1(::String) at ./loading.jl:569
 [4] include(::String) at ./sysimg.jl:14
 [5] macro expansion at /home/vagrant/.julia/v0.6/EcologicalNetwork/test/runtests.jl:23 [inlined]
 [6] anonymous at ./<missing>:?
 [7] include_from_node1(::String) at ./loading.jl:569
 [8] include(::String) at ./sysimg.jl:14
 [9] process_options(::Base.JLOptions) at ./client.jl:305
 [10] _start() at ./client.jl:371
while loading /home/vagrant/.julia/v0.6/EcologicalNetwork/test/modularity.jl, in expression starting on line 39
WARNING: @test_approx_eq is deprecated, use `@test modularity(A).Q â‰ˆ 15 / 36` instead
Stacktrace:
 [1] depwarn(::String, ::Symbol) at ./deprecated.jl:64
 [2] @test_approx_eq(::ANY, ::ANY) at ./deprecated.jl:1044
 [3] include_from_node1(::String) at ./loading.jl:569
 [4] include(::String) at ./sysimg.jl:14
 [5] macro expansion at /home/vagrant/.julia/v0.6/EcologicalNetwork/test/runtests.jl:23 [inlined]
 [6] anonymous at ./<missing>:?
 [7] include_from_node1(::String) at ./loading.jl:569
 [8] include(::String) at ./sysimg.jl:14
 [9] process_options(::Base.JLOptions) at ./client.jl:305
 [10] _start() at ./client.jl:371
while loading /home/vagrant/.julia/v0.6/EcologicalNetwork/test/modularity.jl, in expression starting on line 43
WARNING: round{T}(::Type{T}, x::AbstractArray) is deprecated, use round.(T, x) instead.
Stacktrace:
 [1] depwarn(::String, ::Symbol) at ./deprecated.jl:64
 [2] round(::Type{Int64}, ::StepRangeLen{Float64,Base.TwicePrecision{Float64},Base.TwicePrecision{Float64}}) at ./deprecated.jl:51
 [3] propagate_labels(::Array{Float64,2}, ::Int64, ::Int64) at /home/vagrant/.julia/v0.6/EcologicalNetwork/src/./modularity.jl:99
 [4] #modularity#44(::Int64, ::Int64, ::Int64, ::Bool, ::Function, ::Array{Float64,2}) at /home/vagrant/.julia/v0.6/EcologicalNetwork/src/./modularity.jl:167
 [5] modularity(::Array{Float64,2}) at /home/vagrant/.julia/v0.6/EcologicalNetwork/src/./modularity.jl:162
 [6] include_from_node1(::String) at ./loading.jl:569
 [7] include(::String) at ./sysimg.jl:14
 [8] macro expansion at /home/vagrant/.julia/v0.6/EcologicalNetwork/test/runtests.jl:23 [inlined]
 [9] anonymous at ./<missing>:?
 [10] include_from_node1(::String) at ./loading.jl:569
 [11] include(::String) at ./sysimg.jl:14
 [12] process_options(::Base.JLOptions) at ./client.jl:305
 [13] _start() at ./client.jl:371
while loading /home/vagrant/.julia/v0.6/EcologicalNetwork/test/modularity.jl, in expression starting on line 43
WARNING: round{T}(::Type{T}, x::AbstractArray) is deprecated, use round.(T, x) instead.
Stacktrace:
 [1] depwarn(::String, ::Symbol) at ./deprecated.jl:64
 [2] round(::Type{Int64}, ::StepRangeLen{Float64,Base.TwicePrecision{Float64},Base.TwicePrecision{Float64}}) at ./deprecated.jl:51
 [3] propagate_labels(::Array{Float64,2}, ::Int64, ::Int64) at /home/vagrant/.julia/v0.6/EcologicalNetwork/src/./modularity.jl:99
 [4] #modularity#44(::Int64, ::Int64, ::Int64, ::Bool, ::Function, ::Array{Float64,2}) at /home/vagrant/.julia/v0.6/EcologicalNetwork/src/./modularity.jl:167
 [5] modularity(::Array{Float64,2}) at /home/vagrant/.julia/v0.6/EcologicalNetwork/src/./modularity.jl:162
 [6] include_from_node1(::String) at ./loading.jl:569
 [7] include(::String) at ./sysimg.jl:14
 [8] macro expansion at /home/vagrant/.julia/v0.6/EcologicalNetwork/test/runtests.jl:23 [inlined]
 [9] anonymous at ./<missing>:?
 [10] include_from_node1(::String) at ./loading.jl:569
 [11] include(::String) at ./sysimg.jl:14
 [12] process_options(::Base.JLOptions) at ./client.jl:305
 [13] _start() at ./client.jl:371
while loading /home/vagrant/.julia/v0.6/EcologicalNetwork/test/modularity.jl, in expression starting on line 47
WARNING: round{T}(::Type{T}, x::AbstractArray) is deprecated, use round.(T, x) instead.
Stacktrace:
 [1] depwarn(::String, ::Symbol) at ./deprecated.jl:64
 [2] round(::Type{Int64}, ::StepRangeLen{Float64,Base.TwicePrecision{Float64},Base.TwicePrecision{Float64}}) at ./deprecated.jl:51
 [3] propagate_labels(::Array{Float64,2}, ::Int64, ::Int64) at /home/vagrant/.julia/v0.6/EcologicalNetwork/src/./modularity.jl:99
 [4] #modularity#44(::Int64, ::Int64, ::Int64, ::Bool, ::Function, ::Array{Float64,2}) at /home/vagrant/.julia/v0.6/EcologicalNetwork/src/./modularity.jl:167
 [5] modularity(::Array{Float64,2}) at /home/vagrant/.julia/v0.6/EcologicalNetwork/src/./modularity.jl:162
 [6] include_from_node1(::String) at ./loading.jl:569
 [7] include(::String) at ./sysimg.jl:14
 [8] macro expansion at /home/vagrant/.julia/v0.6/EcologicalNetwork/test/runtests.jl:23 [inlined]
 [9] anonymous at ./<missing>:?
 [10] include_from_node1(::String) at ./loading.jl:569
 [11] include(::String) at ./sysimg.jl:14
 [12] process_options(::Base.JLOptions) at ./client.jl:305
 [13] _start() at ./client.jl:371
while loading /home/vagrant/.julia/v0.6/EcologicalNetwork/test/modularity.jl, in expression starting on line 54
WARNING: round{T}(::Type{T}, x::AbstractArray) is deprecated, use round.(T, x) instead.
Stacktrace:
 [1] depwarn(::String, ::Symbol) at ./deprecated.jl:64
 [2] round(::Type{Int64}, ::StepRangeLen{Float64,Base.TwicePrecision{Float64},Base.TwicePrecision{Float64}}) at ./deprecated.jl:51
 [3] propagate_labels(::Array{Float64,2}, ::Int64, ::Int64) at /home/vagrant/.julia/v0.6/EcologicalNetwork/src/./modularity.jl:99
 [4] #modularity#44(::Int64, ::Int64, ::Int64, ::Bool, ::Function, ::Array{Float64,2}) at /home/vagrant/.julia/v0.6/EcologicalNetwork/src/./modularity.jl:167
 [5] (::EcologicalNetwork.#kw##modularity)(::Array{Any,1}, ::EcologicalNetwork.#modularity, ::Array{Float64,2}) at ./<missing>:0
 [6] include_from_node1(::String) at ./loading.jl:569
 [7] include(::String) at ./sysimg.jl:14
 [8] macro expansion at /home/vagrant/.julia/v0.6/EcologicalNetwork/test/runtests.jl:23 [inlined]
 [9] anonymous at ./<missing>:?
 [10] include_from_node1(::String) at ./loading.jl:569
 [11] include(::String) at ./sysimg.jl:14
 [12] process_options(::Base.JLOptions) at ./client.jl:305
 [13] _start() at ./client.jl:371
while loading /home/vagrant/.julia/v0.6/EcologicalNetwork/test/modularity.jl, in expression starting on line 60
	[1m[32mPASSED[0m: modularity.jl
WARNING: @test_approx_eq is deprecated, use `@test jaccard(S) â‰ˆ 0.4715189873417721` instead
Stacktrace:
 [1] depwarn(::String, ::Symbol) at ./deprecated.jl:64
 [2] @test_approx_eq(::ANY, ::ANY) at ./deprecated.jl:1044
 [3] include_from_node1(::String) at ./loading.jl:569
 [4] include(::String) at ./sysimg.jl:14
 [5] macro expansion at /home/vagrant/.julia/v0.6/EcologicalNetwork/test/runtests.jl:23 [inlined]
 [6] anonymous at ./<missing>:?
 [7] include_from_node1(::String) at ./loading.jl:569
 [8] include(::String) at ./sysimg.jl:14
 [9] process_options(::Base.JLOptions) at ./client.jl:305
 [10] _start() at ./client.jl:371
while loading /home/vagrant/.julia/v0.6/EcologicalNetwork/test/betadiversity.jl, in expression starting on line 31
WARNING: @test_approx_eq is deprecated, use `@test whittaker(S) â‰ˆ 0.35913978494623655` instead
Stacktrace:
 [1] depwarn(::String, ::Symbol) at ./deprecated.jl:64
 [2] @test_approx_eq(::ANY, ::ANY) at ./deprecated.jl:1044
 [3] include_from_node1(::String) at ./loading.jl:569
 [4] include(::String) at ./sysimg.jl:14
 [5] macro expansion at /home/vagrant/.julia/v0.6/EcologicalNetwork/test/runtests.jl:23 [inlined]
 [6] anonymous at ./<missing>:?
 [7] include_from_node1(::String) at ./loading.jl:569
 [8] include(::String) at ./sysimg.jl:14
 [9] process_options(::Base.JLOptions) at ./client.jl:305
 [10] _start() at ./client.jl:371
while loading /home/vagrant/.julia/v0.6/EcologicalNetwork/test/betadiversity.jl, in expression starting on line 32
WARNING: @test_approx_eq is deprecated, use `@test sorensen(S) â‰ˆ 0.6408602150537633` instead
Stacktrace:
 [1] depwarn(::String, ::Symbol) at ./deprecated.jl:64
 [2] @test_approx_eq(::ANY, ::ANY) at ./deprecated.jl:1044
 [3] include_from_node1(::String) at ./loading.jl:569
 [4] include(::String) at ./sysimg.jl:14
 [5] macro expansion at /home/vagrant/.julia/v0.6/EcologicalNetwork/test/runtests.jl:23 [inlined]
 [6] anonymous at ./<missing>:?
 [7] include_from_node1(::String) at ./loading.jl:569
 [8] include(::String) at ./sysimg.jl:14
 [9] process_options(::Base.JLOptions) at ./client.jl:305
 [10] _start() at ./client.jl:371
while loading /home/vagrant/.julia/v0.6/EcologicalNetwork/test/betadiversity.jl, in expression starting on line 33
WARNING: @test_approx_eq is deprecated, use `@test whittaker(set_s) â‰ˆ 0.0` instead
Stacktrace:
 [1] depwarn(::String, ::Symbol) at ./deprecated.jl:64
 [2] @test_approx_eq(::ANY, ::ANY) at ./deprecated.jl:1044
 [3] include_from_node1(::String) at ./loading.jl:569
 [4] include(::String) at ./sysimg.jl:14
 [5] macro expansion at /home/vagrant/.julia/v0.6/EcologicalNetwork/test/runtests.jl:23 [inlined]
 [6] anonymous at ./<missing>:?
 [7] include_from_node1(::String) at ./loading.jl:569
 [8] include(::String) at ./sysimg.jl:14
 [9] process_options(::Base.JLOptions) at ./client.jl:305
 [10] _start() at ./client.jl:371
while loading /home/vagrant/.julia/v0.6/EcologicalNetwork/test/betadiversity.jl, in expression starting on line 41
WARNING: @test_approx_eq is deprecated, use `@test whittaker(set_d) â‰ˆ 1.0` instead
Stacktrace:
 [1] depwarn(::String, ::Symbol) at ./deprecated.jl:64
 [2] @test_approx_eq(::ANY, ::ANY) at ./deprecated.jl:1044
 [3] include_from_node1(::String) at ./loading.jl:569
 [4] include(::String) at ./sysimg.jl:14
 [5] macro expansion at /home/vagrant/.julia/v0.6/EcologicalNetwork/test/runtests.jl:23 [inlined]
 [6] anonymous at ./<missing>:?
 [7] include_from_node1(::String) at ./loading.jl:569
 [8] include(::String) at ./sysimg.jl:14
 [9] process_options(::Base.JLOptions) at ./client.jl:305
 [10] _start() at ./client.jl:371
while loading /home/vagrant/.julia/v0.6/EcologicalNetwork/test/betadiversity.jl, in expression starting on line 42
WARNING: @test_approx_eq is deprecated, use `@test whittaker(set_e) â‰ˆ 0.5` instead
Stacktrace:
 [1] depwarn(::String, ::Symbol) at ./deprecated.jl:64
 [2] @test_approx_eq(::ANY, ::ANY) at ./deprecated.jl:1044
 [3] include_from_node1(::String) at ./loading.jl:569
 [4] include(::String) at ./sysimg.jl:14
 [5] macro expansion at /home/vagrant/.julia/v0.6/EcologicalNetwork/test/runtests.jl:23 [inlined]
 [6] anonymous at ./<missing>:?
 [7] include_from_node1(::String) at ./loading.jl:569
 [8] include(::String) at ./sysimg.jl:14
 [9] process_options(::Base.JLOptions) at ./client.jl:305
 [10] _start() at ./client.jl:371
while loading /home/vagrant/.julia/v0.6/EcologicalNetwork/test/betadiversity.jl, in expression starting on line 43
WARNING: @test_approx_eq is deprecated, use `@test gaston(set_s) â‰ˆ 0.0` instead
Stacktrace:
 [1] depwarn(::String, ::Symbol) at ./deprecated.jl:64
 [2] @test_approx_eq(::ANY, ::ANY) at ./deprecated.jl:1044
 [3] include_from_node1(::String) at ./loading.jl:569
 [4] include(::String) at ./sysimg.jl:14
 [5] macro expansion at /home/vagrant/.julia/v0.6/EcologicalNetwork/test/runtests.jl:23 [inlined]
 [6] anonymous at ./<missing>:?
 [7] include_from_node1(::String) at ./loading.jl:569
 [8] include(::String) at ./sysimg.jl:14
 [9] process_options(::Base.JLOptions) at ./client.jl:305
 [10] _start() at ./client.jl:371
while loading /home/vagrant/.julia/v0.6/EcologicalNetwork/test/betadiversity.jl, in expression starting on line 46
WARNING: @test_approx_eq is deprecated, use `@test gaston(set_d) â‰ˆ 1.0` instead
Stacktrace:
 [1] depwarn(::String, ::Symbol) at ./deprecated.jl:64
 [2] @test_approx_eq(::ANY, ::ANY) at ./deprecated.jl:1044
 [3] include_from_node1(::String) at ./loading.jl:569
 [4] include(::String) at ./sysimg.jl:14
 [5] macro expansion at /home/vagrant/.julia/v0.6/EcologicalNetwork/test/runtests.jl:23 [inlined]
 [6] anonymous at ./<missing>:?
 [7] include_from_node1(::String) at ./loading.jl:569
 [8] include(::String) at ./sysimg.jl:14
 [9] process_options(::Base.JLOptions) at ./client.jl:305
 [10] _start() at ./client.jl:371
while loading /home/vagrant/.julia/v0.6/EcologicalNetwork/test/betadiversity.jl, in expression starting on line 47
WARNING: @test_approx_eq is deprecated, use `@test gaston(set_e) â‰ˆ 2.0 / 3.0` instead
Stacktrace:
 [1] depwarn(::String, ::Symbol) at ./deprecated.jl:64
 [2] @test_approx_eq(::ANY, ::ANY) at ./deprecated.jl:1044
 [3] include_from_node1(::String) at ./loading.jl:569
 [4] include(::String) at ./sysimg.jl:14
 [5] macro expansion at /home/vagrant/.julia/v0.6/EcologicalNetwork/test/runtests.jl:23 [inlined]
 [6] anonymous at ./<missing>:?
 [7] include_from_node1(::String) at ./loading.jl:569
 [8] include(::String) at ./sysimg.jl:14
 [9] process_options(::Base.JLOptions) at ./client.jl:305
 [10] _start() at ./client.jl:371
while loading /home/vagrant/.julia/v0.6/EcologicalNetwork/test/betadiversity.jl, in expression starting on line 48
WARNING: @test_approx_eq is deprecated, use `@test williams(set_s) â‰ˆ 0.0` instead
Stacktrace:
 [1] depwarn(::String, ::Symbol) at ./deprecated.jl:64
 [2] @test_approx_eq(::ANY, ::ANY) at ./deprecated.jl:1044
 [3] include_from_node1(::String) at ./loading.jl:569
 [4] include(::String) at ./sysimg.jl:14
 [5] macro expansion at /home/vagrant/.julia/v0.6/EcologicalNetwork/test/runtests.jl:23 [inlined]
 [6] anonymous at ./<missing>:?
 [7] include_from_node1(::String) at ./loading.jl:569
 [8] include(::String) at ./sysimg.jl:14
 [9] process_options(::Base.JLOptions) at ./client.jl:305
 [10] _start() at ./client.jl:371
while loading /home/vagrant/.julia/v0.6/EcologicalNetwork/test/betadiversity.jl, in expression starting on line 51
WARNING: @test_approx_eq is deprecated, use `@test williams(set_d) â‰ˆ 0.5` instead
Stacktrace:
 [1] depwarn(::String, ::Symbol) at ./deprecated.jl:64
 [2] @test_approx_eq(::ANY, ::ANY) at ./deprecated.jl:1044
 [3] include_from_node1(::String) at ./loading.jl:569
 [4] include(::String) at ./sysimg.jl:14
 [5] macro expansion at /home/vagrant/.julia/v0.6/EcologicalNetwork/test/runtests.jl:23 [inlined]
 [6] anonymous at ./<missing>:?
 [7] include_from_node1(::String) at ./loading.jl:569
 [8] include(::String) at ./sysimg.jl:14
 [9] process_options(::Base.JLOptions) at ./client.jl:305
 [10] _start() at ./client.jl:371
while loading /home/vagrant/.julia/v0.6/EcologicalNetwork/test/betadiversity.jl, in expression starting on line 52
WARNING: @test_approx_eq is deprecated, use `@test williams(set_e) â‰ˆ 1.0 / 3.0` instead
Stacktrace:
 [1] depwarn(::String, ::Symbol) at ./deprecated.jl:64
 [2] @test_approx_eq(::ANY, ::ANY) at ./deprecated.jl:1044
 [3] include_from_node1(::String) at ./loading.jl:569
 [4] include(::String) at ./sysimg.jl:14
 [5] macro expansion at /home/vagrant/.julia/v0.6/EcologicalNetwork/test/runtests.jl:23 [inlined]
 [6] anonymous at ./<missing>:?
 [7] include_from_node1(::String) at ./loading.jl:569
 [8] include(::String) at ./sysimg.jl:14
 [9] process_options(::Base.JLOptions) at ./client.jl:305
 [10] _start() at ./client.jl:371
while loading /home/vagrant/.julia/v0.6/EcologicalNetwork/test/betadiversity.jl, in expression starting on line 53
WARNING: @test_approx_eq is deprecated, use `@test lande(set_s) â‰ˆ 0.0` instead
Stacktrace:
 [1] depwarn(::String, ::Symbol) at ./deprecated.jl:64
 [2] @test_approx_eq(::ANY, ::ANY) at ./deprecated.jl:1044
 [3] include_from_node1(::String) at ./loading.jl:569
 [4] include(::String) at ./sysimg.jl:14
 [5] macro expansion at /home/vagrant/.julia/v0.6/EcologicalNetwork/test/runtests.jl:23 [inlined]
 [6] anonymous at ./<missing>:?
 [7] include_from_node1(::String) at ./loading.jl:569
 [8] include(::String) at ./sysimg.jl:14
 [9] process_options(::Base.JLOptions) at ./client.jl:305
 [10] _start() at ./client.jl:371
while loading /home/vagrant/.julia/v0.6/EcologicalNetwork/test/betadiversity.jl, in expression starting on line 56
WARNING: @test_approx_eq is deprecated, use `@test lande(set_d) â‰ˆ 1.0` instead
Stacktrace:
 [1] depwarn(::String, ::Symbol) at ./deprecated.jl:64
 [2] @test_approx_eq(::ANY, ::ANY) at ./deprecated.jl:1044
 [3] include_from_node1(::String) at ./loading.jl:569
 [4] include(::String) at ./sysimg.jl:14
 [5] macro expansion at /home/vagrant/.julia/v0.6/EcologicalNetwork/test/runtests.jl:23 [inlined]
 [6] anonymous at ./<missing>:?
 [7] include_from_node1(::String) at ./loading.jl:569
 [8] include(::String) at ./sysimg.jl:14
 [9] process_options(::Base.JLOptions) at ./client.jl:305
 [10] _start() at ./client.jl:371
while loading /home/vagrant/.julia/v0.6/EcologicalNetwork/test/betadiversity.jl, in expression starting on line 57
WARNING: @test_approx_eq is deprecated, use `@test lande(set_e) â‰ˆ 1.0` instead
Stacktrace:
 [1] depwarn(::String, ::Symbol) at ./deprecated.jl:64
 [2] @test_approx_eq(::ANY, ::ANY) at ./deprecated.jl:1044
 [3] include_from_node1(::String) at ./loading.jl:569
 [4] include(::String) at ./sysimg.jl:14
 [5] macro expansion at /home/vagrant/.julia/v0.6/EcologicalNetwork/test/runtests.jl:23 [inlined]
 [6] anonymous at ./<missing>:?
 [7] include_from_node1(::String) at ./loading.jl:569
 [8] include(::String) at ./sysimg.jl:14
 [9] process_options(::Base.JLOptions) at ./client.jl:305
 [10] _start() at ./client.jl:371
while loading /home/vagrant/.julia/v0.6/EcologicalNetwork/test/betadiversity.jl, in expression starting on line 58
WARNING: @test_approx_eq is deprecated, use `@test ruggiero(set_s) â‰ˆ 1.0` instead
Stacktrace:
 [1] depwarn(::String, ::Symbol) at ./deprecated.jl:64
 [2] @test_approx_eq(::ANY, ::ANY) at ./deprecated.jl:1044
 [3] include_from_node1(::String) at ./loading.jl:569
 [4] include(::String) at ./sysimg.jl:14
 [5] macro expansion at /home/vagrant/.julia/v0.6/EcologicalNetwork/test/runtests.jl:23 [inlined]
 [6] anonymous at ./<missing>:?
 [7] include_from_node1(::String) at ./loading.jl:569
 [8] include(::String) at ./sysimg.jl:14
 [9] process_options(::Base.JLOptions) at ./client.jl:305
 [10] _start() at ./client.jl:371
while loading /home/vagrant/.julia/v0.6/EcologicalNetwork/test/betadiversity.jl, in expression starting on line 61
WARNING: @test_approx_eq is deprecated, use `@test ruggiero(set_d) â‰ˆ 0.0` instead
Stacktrace:
 [1] depwarn(::String, ::Symbol) at ./deprecated.jl:64
 [2] @test_approx_eq(::ANY, ::ANY) at ./deprecated.jl:1044
 [3] include_from_node1(::String) at ./loading.jl:569
 [4] include(::String) at ./sysimg.jl:14
 [5] macro expansion at /home/vagrant/.julia/v0.6/EcologicalNetwork/test/runtests.jl:23 [inlined]
 [6] anonymous at ./<missing>:?
 [7] include_from_node1(::String) at ./loading.jl:569
 [8] include(::String) at ./sysimg.jl:14
 [9] process_options(::Base.JLOptions) at ./client.jl:305
 [10] _start() at ./client.jl:371
while loading /home/vagrant/.julia/v0.6/EcologicalNetwork/test/betadiversity.jl, in expression starting on line 62
WARNING: @test_approx_eq is deprecated, use `@test ruggiero(set_e) â‰ˆ 0.5` instead
Stacktrace:
 [1] depwarn(::String, ::Symbol) at ./deprecated.jl:64
 [2] @test_approx_eq(::ANY, ::ANY) at ./deprecated.jl:1044
 [3] include_from_node1(::String) at ./loading.jl:569
 [4] include(::String) at ./sysimg.jl:14
 [5] macro expansion at /home/vagrant/.julia/v0.6/EcologicalNetwork/test/runtests.jl:23 [inlined]
 [6] anonymous at ./<missing>:?
 [7] include_from_node1(::String) at ./loading.jl:569
 [8] include(::String) at ./sysimg.jl:14
 [9] process_options(::Base.JLOptions) at ./client.jl:305
 [10] _start() at ./client.jl:371
while loading /home/vagrant/.julia/v0.6/EcologicalNetwork/test/betadiversity.jl, in expression starting on line 63
WARNING: @test_approx_eq is deprecated, use `@test harrison(set_s) â‰ˆ 0.0` instead
Stacktrace:
 [1] depwarn(::String, ::Symbol) at ./deprecated.jl:64
 [2] @test_approx_eq(::ANY, ::ANY) at ./deprecated.jl:1044
 [3] include_from_node1(::String) at ./loading.jl:569
 [4] include(::String) at ./sysimg.jl:14
 [5] macro expansion at /home/vagrant/.julia/v0.6/EcologicalNetwork/test/runtests.jl:23 [inlined]
 [6] anonymous at ./<missing>:?
 [7] include_from_node1(::String) at ./loading.jl:569
 [8] include(::String) at ./sysimg.jl:14
 [9] process_options(::Base.JLOptions) at ./client.jl:305
 [10] _start() at ./client.jl:371
while loading /home/vagrant/.julia/v0.6/EcologicalNetwork/test/betadiversity.jl, in expression starting on line 66
WARNING: @test_approx_eq is deprecated, use `@test harrison(set_d) â‰ˆ 1.0` instead
Stacktrace:
 [1] depwarn(::String, ::Symbol) at ./deprecated.jl:64
 [2] @test_approx_eq(::ANY, ::ANY) at ./deprecated.jl:1044
 [3] include_from_node1(::String) at ./loading.jl:569
 [4] include(::String) at ./sysimg.jl:14
 [5] macro expansion at /home/vagrant/.julia/v0.6/EcologicalNetwork/test/runtests.jl:23 [inlined]
 [6] anonymous at ./<missing>:?
 [7] include_from_node1(::String) at ./loading.jl:569
 [8] include(::String) at ./sysimg.jl:14
 [9] process_options(::Base.JLOptions) at ./client.jl:305
 [10] _start() at ./client.jl:371
while loading /home/vagrant/.julia/v0.6/EcologicalNetwork/test/betadiversity.jl, in expression starting on line 67
WARNING: @test_approx_eq is deprecated, use `@test harrison(set_e) â‰ˆ 0.5` instead
Stacktrace:
 [1] depwarn(::String, ::Symbol) at ./deprecated.jl:64
 [2] @test_approx_eq(::ANY, ::ANY) at ./deprecated.jl:1044
 [3] include_from_node1(::String) at ./loading.jl:569
 [4] include(::String) at ./sysimg.jl:14
 [5] macro expansion at /home/vagrant/.julia/v0.6/EcologicalNetwork/test/runtests.jl:23 [inlined]
 [6] anonymous at ./<missing>:?
 [7] include_from_node1(::String) at ./loading.jl:569
 [8] include(::String) at ./sysimg.jl:14
 [9] process_options(::Base.JLOptions) at ./client.jl:305
 [10] _start() at ./client.jl:371
while loading /home/vagrant/.julia/v0.6/EcologicalNetwork/test/betadiversity.jl, in expression starting on line 68
WARNING: @test_approx_eq is deprecated, use `@test hartekinzig(set_s) â‰ˆ 0.0` instead
Stacktrace:
 [1] depwarn(::String, ::Symbol) at ./deprecated.jl:64
 [2] @test_approx_eq(::ANY, ::ANY) at ./deprecated.jl:1044
 [3] include_from_node1(::String) at ./loading.jl:569
 [4] include(::String) at ./sysimg.jl:14
 [5] macro expansion at /home/vagrant/.julia/v0.6/EcologicalNetwork/test/runtests.jl:23 [inlined]
 [6] anonymous at ./<missing>:?
 [7] include_from_node1(::String) at ./loading.jl:569
 [8] include(::String) at ./sysimg.jl:14
 [9] process_options(::Base.JLOptions) at ./client.jl:305
 [10] _start() at ./client.jl:371
while loading /home/vagrant/.julia/v0.6/EcologicalNetwork/test/betadiversity.jl, in expression starting on line 71
WARNING: @test_approx_eq is deprecated, use `@test hartekinzig(set_d) â‰ˆ 1.0` instead
Stacktrace:
 [1] depwarn(::String, ::Symbol) at ./deprecated.jl:64
 [2] @test_approx_eq(::ANY, ::ANY) at ./deprecated.jl:1044
 [3] include_from_node1(::String) at ./loading.jl:569
 [4] include(::String) at ./sysimg.jl:14
 [5] macro expansion at /home/vagrant/.julia/v0.6/EcologicalNetwork/test/runtests.jl:23 [inlined]
 [6] anonymous at ./<missing>:?
 [7] include_from_node1(::String) at ./loading.jl:569
 [8] include(::String) at ./sysimg.jl:14
 [9] process_options(::Base.JLOptions) at ./client.jl:305
 [10] _start() at ./client.jl:371
while loading /home/vagrant/.julia/v0.6/EcologicalNetwork/test/betadiversity.jl, in expression starting on line 72
WARNING: @test_approx_eq is deprecated, use `@test hartekinzig(set_e) â‰ˆ 0.5` instead
Stacktrace:
 [1] depwarn(::String, ::Symbol) at ./deprecated.jl:64
 [2] @test_approx_eq(::ANY, ::ANY) at ./deprecated.jl:1044
 [3] include_from_node1(::String) at ./loading.jl:569
 [4] include(::String) at ./sysimg.jl:14
 [5] macro expansion at /home/vagrant/.julia/v0.6/EcologicalNetwork/test/runtests.jl:23 [inlined]
 [6] anonymous at ./<missing>:?
 [7] include_from_node1(::String) at ./loading.jl:569
 [8] include(::String) at ./sysimg.jl:14
 [9] process_options(::Base.JLOptions) at ./client.jl:305
 [10] _start() at ./client.jl:371
while loading /home/vagrant/.julia/v0.6/EcologicalNetwork/test/betadiversity.jl, in expression starting on line 73
	[1m[32mPASSED[0m: betadiversity.jl
Error During Test
  Test threw an exception of type UndefVarError
  Expression: motif_v(A, m) == 0.0
  UndefVarError: p not defined
  Stacktrace:
   [1] i_var(::Float64) at /home/vagrant/.julia/v0.6/EcologicalNetwork/src/./proba_utils.jl:20
   [2] #15 at /home/vagrant/.julia/v0.6/EcologicalNetwork/src/./proba_utils.jl:75 [inlined]
   [3] next at ./generator.jl:45 [inlined]
   [4] _collect(::Array{Float64,1}, ::Base.Generator{Array{Float64,1},EcologicalNetwork.##15#17}, ::Base.EltypeUnknown, ::Base.HasShape) at ./array.jl:442
   [5] m_var at /home/vagrant/.julia/v0.6/EcologicalNetwork/src/./proba_utils.jl:75 [inlined]
   [6] motif_v(::Array{Float64,2}, ::Array{Float64,2}) at /home/vagrant/.julia/v0.6/EcologicalNetwork/src/./motifs.jl:28
   [7] include_from_node1(::String) at ./loading.jl:569
   [8] include(::String) at ./sysimg.jl:14
   [9] macro expansion at /home/vagrant/.julia/v0.6/EcologicalNetwork/test/runtests.jl:23 [inlined]
   [10] anonymous at ./<missing>:?
   [11] include_from_node1(::String) at ./loading.jl:569
   [12] include(::String) at ./sysimg.jl:14
   [13] process_options(::Base.JLOptions) at ./client.jl:305
   [14] _start() at ./client.jl:371
	[1m[31mFAILED[0m: motifs.jl
LoadError: There was an error during testing
while loading /home/vagrant/.julia/v0.6/EcologicalNetwork/test/motifs.jl, in expression starting on line 17
ERROR: LoadError: "Tests failed"
Stacktrace:
 [1] include_from_node1(::String) at ./loading.jl:569
 [2] include(::String) at ./sysimg.jl:14
 [3] process_options(::Base.JLOptions) at ./client.jl:305
 [4] _start() at ./client.jl:371
while loading /home/vagrant/.julia/v0.6/EcologicalNetwork/test/runtests.jl, in expression starting on line 34
==========================[ ERROR: EcologicalNetwork ]==========================

failed process: Process(`/home/vagrant/julia/bin/julia -Cx86-64 -J/home/vagrant/julia/lib/julia/sys.so --compile=yes --depwarn=yes --check-bounds=yes --code-coverage=none --color=no --compilecache=yes /home/vagrant/.julia/v0.6/EcologicalNetwork/test/runtests.jl`, ProcessExited(1)) [1]

================================================================================
ERROR: EcologicalNetwork had test errors

>>> End of log
