>>> 'Pkg.add("Evolutionary")' log
INFO: Cloning cache of Evolutionary from git://github.com/wildart/Evolutionary.jl.git
INFO: Installing Evolutionary v0.1.2
INFO: Package database updated
INFO: METADATA is out-of-date â€” you may not have the latest version of Evolutionary
INFO: Use `Pkg.update()` to get the latest versions of your packages

>>> 'Pkg.test("Evolutionary")' log
Julia Version 0.4.7
Commit ae26b25 (2016-09-18 16:17 UTC)
Platform Info:
  System: Linux (x86_64-pc-linux-gnu)
  CPU: Intel(R) Xeon(R) CPU E3-1241 v3 @ 3.50GHz
  WORD_SIZE: 64
           Ubuntu 14.04.5 LTS
  uname: Linux 3.13.0-128-generic #177-Ubuntu SMP Tue Aug 8 11:40:23 UTC 2017 x86_64 x86_64
Memory: 2.9392738342285156 GB (698.67578125 MB free)
Uptime: 30540.0 sec
Load Avg:  1.09814453125  1.11279296875  1.05908203125
Intel(R) Xeon(R) CPU E3-1241 v3 @ 3.50GHz: 
       speed         user         nice          sys         idle          irq
#1  3504 MHz    1431239 s       2478 s     116189 s    1205407 s         44 s
#2  3504 MHz     980415 s       4112 s     104730 s    1863514 s          0 s

  BLAS: libopenblas (USE64BITINT DYNAMIC_ARCH NO_AFFINITY Nehalem)
  LAPACK: libopenblas64_
  LIBM: libopenlibm
  LLVM: libLLVM-3.3
Environment:
  TERM = vt100
  LD_LIBRARY_PATH = :/usr/local/lib/
  PATH = /usr/local/sbin:/usr/local/bin:/usr/sbin:/usr/bin:/sbin:/bin:/usr/games:/usr/local/games:/home/vagrant/julia/bin/
  JAVA_HOME = /usr/lib/jvm/java-8-openjdk-amd64
  HOME = /home/vagrant

Package Directory: /home/vagrant/.julia/v0.4
2 required packages:
 - Evolutionary                  0.1.2
 - JSON                          0.9.1
1 additional packages:
 - Compat                        0.26.0
INFO: Testing Evolutionary
Running tests:
WARNING: Base.Nothing is deprecated, use Void instead.
  likely near /home/vagrant/.julia/v0.4/Evolutionary/src/Evolutionary.jl:22
WARNING: Union(args...) is deprecated, use Union{args...} instead.
 in depwarn at deprecated.jl:73
 in call at deprecated.jl:50
 in include at ./boot.jl:261
 in include_from_node1 at ./loading.jl:333
 in require at ./loading.jl:273
 in include at ./boot.jl:261
 in include_from_node1 at ./loading.jl:333
 [inlined code] from /home/vagrant/.julia/v0.4/Evolutionary/test/runtests.jl:17
 in anonymous at no file:0
 in include at ./boot.jl:261
 in include_from_node1 at ./loading.jl:333
 in process_options at ./client.jl:280
 in _start at ./client.jl:378
while loading /home/vagrant/.julia/v0.4/Evolutionary/src/Evolutionary.jl, in expression starting on line 22
WARNING: Base.Nothing is deprecated, use Void instead.
  likely near /home/vagrant/.julia/v0.4/Evolutionary/src/ga.jl:15
WARNING: Union(args...) is deprecated, use Union{args...} instead.
 in depwarn at deprecated.jl:73
 in call at deprecated.jl:50
 in include at ./boot.jl:261
 in include_from_node1 at ./loading.jl:333
 in include at ./boot.jl:261
 in include_from_node1 at ./loading.jl:333
 in require at ./loading.jl:273
 in include at ./boot.jl:261
 in include_from_node1 at ./loading.jl:333
 [inlined code] from /home/vagrant/.julia/v0.4/Evolutionary/test/runtests.jl:17
 in anonymous at no file:0
 in include at ./boot.jl:261
 in include_from_node1 at ./loading.jl:333
 in process_options at ./client.jl:280
 in _start at ./client.jl:378
while loading /home/vagrant/.julia/v0.4/Evolutionary/src/ga.jl, in expression starting on line 15
WARNING: Base.Nothing is deprecated, use Void instead.
  likely near /home/vagrant/.julia/v0.4/Evolutionary/src/ga.jl:15
WARNING: Union(args...) is deprecated, use Union{args...} instead.
 in depwarn at deprecated.jl:73
 in call at deprecated.jl:50
 in include at ./boot.jl:261
 in include_from_node1 at ./loading.jl:333
 in include at ./boot.jl:261
 in include_from_node1 at ./loading.jl:333
 in require at ./loading.jl:273
 in include at ./boot.jl:261
 in include_from_node1 at ./loading.jl:333
 [inlined code] from /home/vagrant/.julia/v0.4/Evolutionary/test/runtests.jl:17
 in anonymous at no file:0
 in include at ./boot.jl:261
 in include_from_node1 at ./loading.jl:333
 in process_options at ./client.jl:280
 in _start at ./client.jl:378
while loading /home/vagrant/.julia/v0.4/Evolutionary/src/ga.jl, in expression starting on line 15
(3/3,25)-Ïƒ-SA-ES => F: 3.057796434418727e-19, C: 301
WARNING: Base.Nothing is deprecated, use Void instead.
  likely near /home/vagrant/.julia/v0.4/Evolutionary/test/sphere.jl:31
WARNING: Base.Nothing is deprecated, use Void instead.
  likely near /home/vagrant/.julia/v0.4/Evolutionary/test/sphere.jl:31
WARNING: Base.Nothing is deprecated, use Void instead.
  likely near /home/vagrant/.julia/v0.4/Evolutionary/test/sphere.jl:31
WARNING: Base.Nothing is deprecated, use Void instead.
  likely near /home/vagrant/.julia/v0.4/Evolutionary/test/sphere.jl:31
WARNING: Base.Nothing is deprecated, use Void instead.
  likely near /home/vagrant/.julia/v0.4/Evolutionary/test/sphere.jl:31
WARNING: Base.Nothing is deprecated, use Void instead.
  likely near /home/vagrant/.julia/v0.4/Evolutionary/test/sphere.jl:31
WARNING: Base.Nothing is deprecated, use Void instead.
  likely near /home/vagrant/.julia/v0.4/Evolutionary/test/sphere.jl:31
WARNING: Base.Nothing is deprecated, use Void instead.
  likely near /home/vagrant/.julia/v0.4/Evolutionary/test/sphere.jl:31
WARNING: Base.Nothing is deprecated, use Void instead.
  likely near /home/vagrant/.julia/v0.4/Evolutionary/test/sphere.jl:31
WARNING: Base.Nothing is deprecated, use Void instead.
  likely near /home/vagrant/.julia/v0.4/Evolutionary/test/sphere.jl:31
in ga at 
WARNING: Base.Nothing is deprecated, use Void instead.
  likely near /home/vagrant/.julia/v0.4/Evolutionary/test/sphere.jl:31
in ga at 
WARNING: Base.Nothing is deprecated, use Void instead.
  likely near /home/vagrant/.julia/v0.4/Evolutionary/test/sphere.jl:31
in ga at 
WARNING: Base.Nothing is deprecated, use Void instead.
  likely near /home/vagrant/.julia/v0.4/Evolutionary/test/sphere.jl:31
in ga at 
WARNING: Base.Nothing is deprecated, use Void instead.
  likely near /home/vagrant/.julia/v0.4/Evolutionary/test/sphere.jl:31
in ga at 
WARNING: Base.Nothing is deprecated, use Void instead.
  likely near /home/vagrant/.julia/v0.4/Evolutionary/test/sphere.jl:31
in ga at 
GA(pop=25,xover=0.8,Î¼=0.1) => F: 0.001271018287210983, C: 620
	[1m[32mPASSED[0m: sphere.jl
(15/5+100)-ES => F: 0.00010405740568227348, C: 1000, OBJ: [1.0100188205101641,1.0203298677591344]
(15/15+100)-Ïƒ-SA-ES-IS => F: 6.7053176943786e-30, C: 1000, OBJ: [1.0000000000000013,1.0000000000000029]
(15/15+100)-Ïƒ-SA-ES-AS => F: 5.2406890875204444e-5, C: 1000, OBJ: [1.0009682145593355,1.001219944426843]
(3/3,12)-CMA-ES => F: 1.8377929987072346e-9, C: 6023, OBJ: [0.9999571480154338,0.9999144203586882]
GA(p=50,x=0.8,Î¼=0.1) => F: 0.000295350747523686, C: 200, OBJ: [0.9828164157653699,0.9659006880579601]
	[1m[32mPASSED[0m: rosenbrock.jl
(3/3,12)-CMA-ES (Schwefel) => F: 4.121999257585561e-18, C: 893
	[1m[32mPASSED[0m: schwefel.jl
(15/15,100)-Ïƒ-SA-ES-AS => F: 8.23309940174899, C: 1000, OBJ: [-0.042406835499010254,0.9000492171465543,-0.8436688136372048]
WARNING: Found local minimum!!!
(15/15,100)-CMA-ES => F: 2.9848771712798694, C: 156, OBJ: [0.9949586377687121,0.9949586378503849,0.9949586378596207]
WARNING: Found local minimum!!!
	[1m[31mFAILED[0m: rastrigin.jl
LoadError: test failed: 3.0 < 3
 in expression: sum(round(abs(result))) < N
 [inlined code] from /home/vagrant/.julia/v0.4/Evolutionary/test/runtests.jl:25
 in anonymous at no file:0
 in include at ./boot.jl:261
 in include_from_node1 at ./loading.jl:333
 in process_options at ./client.jl:280
 in _start at ./client.jl:378
while loading /home/vagrant/.julia/v0.4/Evolutionary/test/rastrigin.jl, in expression starting on line 40
GA:PMX:Evolutionary.inversion(N=8, P=50) => F: 0, C: 800, OBJ: [6,3,1,8,4,2,7,5]
GA:PMX:Evolutionary.insertion(N=8, P=50) => F: 0, C: 800, OBJ: [5,2,4,6,8,3,1,7]
GA:PMX:Evolutionary.swap2(N=8, P=50) => F: 0, C: 800, OBJ: [7,4,2,8,6,1,3,5]
GA:PMX:Evolutionary.scramble(N=8, P=50) => F: 0, C: 800, OBJ: [2,7,5,8,1,4,6,3]
GA:PMX:Evolutionary.shifting(N=8, P=50) => F: 0, C: 800, OBJ: [2,5,7,1,3,8,6,4]
(15+50)-ES:Evolutionary.inversion => F: 0.0, C: 800, OBJ: [5,1,4,6,8,2,7,3]
(15+50)-ES:Evolutionary.insertion => F: 5.0, C: 800, OBJ: [1,6,5,4,2,7,8,3]
	[1m[31mFAILED[0m: n-queens.jl
LoadError: test failed: 5 == 0
 in expression: nqueens(result) == 0
 [inlined code] from /home/vagrant/.julia/v0.4/Evolutionary/test/runtests.jl:25
 in anonymous at no file:0
 in include at ./boot.jl:261
 in include_from_node1 at ./loading.jl:333
 in process_options at ./client.jl:280
 in _start at ./client.jl:378
while loading /home/vagrant/.julia/v0.4/Evolutionary/test/n-queens.jl, in expression starting on line 40
INFO: Evolutionary tests passed

>>> End of log
