>>> 'Pkg.add("Evolutionary")' log
INFO: Installing Evolutionary v0.1.2
INFO: Package database updated
INFO: METADATA is out-of-date â€” you may not have the latest version of Evolutionary
INFO: Use `Pkg.update()` to get the latest versions of your packages

>>> 'Pkg.test("Evolutionary")' log
Julia Version 0.6.2
Commit d386e40c17 (2017-12-13 18:08 UTC)
Platform Info:
  OS: Linux (x86_64-pc-linux-gnu)
  CPU: Intel(R) Xeon(R) CPU E3-1241 v3 @ 3.50GHz
  WORD_SIZE: 64
           Ubuntu 14.04.5 LTS
  uname: Linux 3.13.0-143-generic #192-Ubuntu SMP Tue Feb 27 10:45:36 UTC 2018 x86_64 x86_64
Memory: 2.939197540283203 GB (766.203125 MB free)
Uptime: 91596.0 sec
Load Avg:  0.90234375  0.990234375  1.044921875
Intel(R) Xeon(R) CPU E3-1241 v3 @ 3.50GHz: 
       speed         user         nice          sys         idle          irq
#1  3500 MHz    5628029 s       6328 s     363517 s    1906531 s         88 s
#2  3500 MHz    1621976 s        117 s     190774 s    7159610 s          2 s

  BLAS: libopenblas (USE64BITINT DYNAMIC_ARCH NO_AFFINITY Nehalem)
  LAPACK: libopenblas64_
  LIBM: libopenlibm
  LLVM: libLLVM-3.9.1 (ORCJIT, haswell)
Environment:
  TERM = vt100
  LD_LIBRARY_PATH = :/usr/local/lib/
  PATH = /usr/local/sbin:/usr/local/bin:/usr/sbin:/usr/bin:/sbin:/bin:/usr/games:/usr/local/games:/home/vagrant/julia/bin/
  JAVA_HOME = /usr/lib/jvm/java-8-openjdk-amd64
  HOME = /home/vagrant

Package Directory: /home/vagrant/.julia/v0.6
2 required packages:
 - Evolutionary                  0.1.2
 - JSON                          0.17.2
2 additional packages:
 - Compat                        0.63.0
 - Nullables                     0.0.5
INFO: Testing Evolutionary
Running tests:

WARNING: deprecated syntax "typealias Strategy Dict{Symbol,Any}" at /home/vagrant/.julia/v0.6/Evolutionary/src/Evolutionary.jl:22.
Use "const Strategy = Dict{Symbol,Any}" instead.

WARNING: deprecated syntax "typealias Individual Union(Vector,Matrix,Function,Nothing)" at /home/vagrant/.julia/v0.6/Evolutionary/src/Evolutionary.jl:23.
Use "const Individual = Union(Vector,Matrix,Function,Nothing)" instead.
	[1m[31mFAILED[0m: sphere.jl
LoadError: LoadError: MethodError: no method matching Union(::Type{Array{T,1} where T}, ::Type{Array{T,2} where T}, ::Type{Function}, ::Type{Void})
Stacktrace:
 [1] macro expansion at /home/vagrant/.julia/v0.6/Evolutionary/test/runtests.jl:25 [inlined]
 [2] anonymous at ./<missing>:?
 [3] include_from_node1(::String) at ./loading.jl:576
 [4] include(::String) at ./sysimg.jl:14
 [5] process_options(::Base.JLOptions) at ./client.jl:305
 [6] _start() at ./client.jl:371
while loading /home/vagrant/.julia/v0.6/Evolutionary/src/Evolutionary.jl, in expression starting on line 22
while loading /home/vagrant/.julia/v0.6/Evolutionary/test/sphere.jl, in expression starting on line 2
WARNING: @test_approx_eq_eps is deprecated, use `@test result â‰ˆ ones(N) atol=tol` instead
Stacktrace:
 [1] depwarn(::String, ::Symbol) at ./deprecated.jl:70
 [2] @test_approx_eq_eps(::ANY, ::ANY, ::ANY) at ./deprecated.jl:1048
 [3] include_from_node1(::String) at ./loading.jl:576
 [4] include(::String) at ./sysimg.jl:14
 [5] macro expansion at /home/vagrant/.julia/v0.6/Evolutionary/test/runtests.jl:17 [inlined]
 [6] anonymous at ./<missing>:?
 [7] include_from_node1(::String) at ./loading.jl:576
 [8] include(::String) at ./sysimg.jl:14
 [9] process_options(::Base.JLOptions) at ./client.jl:305
 [10] _start() at ./client.jl:371
while loading /home/vagrant/.julia/v0.6/Evolutionary/test/rosenbrock.jl, in expression starting on line 5
	[1m[31mFAILED[0m: rosenbrock.jl
LoadError: UndefVarError: es not defined
Stacktrace:
 [1] macro expansion at /home/vagrant/.julia/v0.6/Evolutionary/test/runtests.jl:25 [inlined]
 [2] anonymous at ./<missing>:?
 [3] include_from_node1(::String) at ./loading.jl:576
 [4] include(::String) at ./sysimg.jl:14
 [5] process_options(::Base.JLOptions) at ./client.jl:305
 [6] _start() at ./client.jl:371
while loading /home/vagrant/.julia/v0.6/Evolutionary/test/rosenbrock.jl, in expression starting on line 20
	[1m[31mFAILED[0m: schwefel.jl
LoadError: UndefVarError: cmaes not defined
Stacktrace:
 [1] macro expansion at /home/vagrant/.julia/v0.6/Evolutionary/test/runtests.jl:25 [inlined]
 [2] anonymous at ./<missing>:?
 [3] include_from_node1(::String) at ./loading.jl:576
 [4] include(::String) at ./sysimg.jl:14
 [5] process_options(::Base.JLOptions) at ./client.jl:305
 [6] _start() at ./client.jl:371
while loading /home/vagrant/.julia/v0.6/Evolutionary/test/schwefel.jl, in expression starting on line 19
WARNING: @test_approx_eq_eps is deprecated, use `@test result â‰ˆ zeros(N) atol=tol` instead
Stacktrace:
 [1] depwarn(::String, ::Symbol) at ./deprecated.jl:70
 [2] @test_approx_eq_eps(::ANY, ::ANY, ::ANY) at ./deprecated.jl:1048
 [3] include_from_node1(::String) at ./loading.jl:576
 [4] include(::String) at ./sysimg.jl:14
 [5] macro expansion at /home/vagrant/.julia/v0.6/Evolutionary/test/runtests.jl:17 [inlined]
 [6] anonymous at ./<missing>:?
 [7] include_from_node1(::String) at ./loading.jl:576
 [8] include(::String) at ./sysimg.jl:14
 [9] process_options(::Base.JLOptions) at ./client.jl:305
 [10] _start() at ./client.jl:371
while loading /home/vagrant/.julia/v0.6/Evolutionary/test/rastrigin.jl, in expression starting on line 5
	[1m[31mFAILED[0m: rastrigin.jl
LoadError: UndefVarError: es not defined
Stacktrace:
 [1] macro expansion at /home/vagrant/.julia/v0.6/Evolutionary/test/runtests.jl:25 [inlined]
 [2] anonymous at ./<missing>:?
 [3] include_from_node1(::String) at ./loading.jl:576
 [4] include(::String) at ./sysimg.jl:14
 [5] process_options(::Base.JLOptions) at ./client.jl:305
 [6] _start() at ./client.jl:371
while loading /home/vagrant/.julia/v0.6/Evolutionary/test/rastrigin.jl, in expression starting on line 27
	[1m[31mFAILED[0m: n-queens.jl
LoadError: UndefVarError: inversion not defined
Stacktrace:
 [1] macro expansion at /home/vagrant/.julia/v0.6/Evolutionary/test/runtests.jl:25 [inlined]
 [2] anonymous at ./<missing>:?
 [3] include_from_node1(::String) at ./loading.jl:576
 [4] include(::String) at ./sysimg.jl:14
 [5] process_options(::Base.JLOptions) at ./client.jl:305
 [6] _start() at ./client.jl:371
while loading /home/vagrant/.julia/v0.6/Evolutionary/test/n-queens.jl, in expression starting on line 28
INFO: Evolutionary tests passed

>>> End of log
