>>> 'Pkg.add("Evolutionary")' log
WARNING: Base.Pkg is deprecated, run `using Pkg` instead.
 in module Main
[ Info: Installing Evolutionary v0.1.2
[ Info: Package database updated
â”Œ Info: METADATA is out-of-date â€” you may not have the latest version of Evolutionary
â”” Use `Pkg.update()` to get the latest versions of your packages

>>> 'Pkg.test("Evolutionary")' log
WARNING: Base.versioninfo is deprecated: it has been moved to the standard library package `InteractiveUtils`.
Add a `using InteractiveUtils` to your imports..
 in module Main
WARNING: Base.versioninfo is deprecated: it has been moved to the standard library package `InteractiveUtils`.
Add a `using InteractiveUtils` to your imports..
 in module Main
Julia Version 0.7.0-DEV.3664
Commit 9d5aebb07a (2018-01-30 22:46 UTC)
Platform Info:
  OS: Linux (x86_64-pc-linux-gnu)
      Ubuntu 14.04.5 LTS
  uname: Linux 3.13.0-135-generic #184-Ubuntu SMP Wed Oct 18 11:55:51 UTC 2017 x86_64 x86_64
  CPU: Intel(R) Xeon(R) CPU E3-1241 v3 @ 3.50GHz: 
              speed         user         nice          sys         idle          irq
       #1  3499 MHz    4589250 s       7082 s     224258 s    1453507 s         82 s
       #2  3499 MHz    1275553 s         44 s      96815 s    5813263 s          0 s
       
  Memory: 2.93927001953125 GB (796.53125 MB free)
  Uptime: 73357.0 sec
  Load Avg:  0.9970703125  1.0146484375  1.04541015625
  WORD_SIZE: 64
  LIBM: libopenlibm
  LLVM: libLLVM-3.9.1 (ORCJIT, haswell)
Environment:
  TERM = vt100
  LD_LIBRARY_PATH = :/usr/local/lib/
  PATH = /usr/local/sbin:/usr/local/bin:/usr/sbin:/usr/bin:/sbin:/bin:/usr/games:/usr/local/games:/home/vagrant/julia/bin/
  JAVA_HOME = /usr/lib/jvm/java-8-openjdk-amd64
  HOME = /home/vagrant
Packages:
  Package Directory: /home/vagrant/.julia/v0.7
  Package Status:
2 required packages:
 - Evolutionary                  0.1.2
 - JSON                          0.16.4
2 additional packages:
 - Compat                        0.49.0
 - Nullables                     0.0.3
WARNING: Base.Pkg is deprecated, run `using Pkg` instead.
 in module Main
[ Info: Testing Evolutionary
Running tests:
â”Œ Warning: Deprecated syntax `implicit assignment to global variable `anyerrors``.
â”‚ Use `global anyerrors` instead.
â”” @ nothing none:0
	[1m[31mFAILED[0m: sphere.jl
LoadError: LoadError: syntax: extra token "Strategy" after end of expression
Stacktrace:
 [1] top-level scope at ./<missing>:25
 [2] include at ./boot.jl:292 [inlined]
 [3] include_relative(::Module, ::String) at ./loading.jl:1012
 [4] include(::Module, ::String) at ./sysimg.jl:26
 [5] exec_options(::Base.JLOptions) at ./client.jl:332
 [6] _start() at ./client.jl:447
in expression starting at /home/vagrant/.julia/v0.7/Evolutionary/src/Evolutionary.jl:21
in expression starting at /home/vagrant/.julia/v0.7/Evolutionary/test/sphere.jl:2
	[1m[31mFAILED[0m: rosenbrock.jl
LoadError: LoadError: syntax: extra token "Strategy" after end of expression
Stacktrace:
 [1] top-level scope at ./<missing>:25
 [2] include at ./boot.jl:292 [inlined]
 [3] include_relative(::Module, ::String) at ./loading.jl:1012
 [4] include(::Module, ::String) at ./sysimg.jl:26
 [5] exec_options(::Base.JLOptions) at ./client.jl:332
 [6] _start() at ./client.jl:447
in expression starting at /home/vagrant/.julia/v0.7/Evolutionary/src/Evolutionary.jl:21
in expression starting at /home/vagrant/.julia/v0.7/Evolutionary/test/rosenbrock.jl:2
	[1m[31mFAILED[0m: schwefel.jl
LoadError: LoadError: syntax: extra token "Strategy" after end of expression
Stacktrace:
 [1] top-level scope at ./<missing>:25
 [2] include at ./boot.jl:292 [inlined]
 [3] include_relative(::Module, ::String) at ./loading.jl:1012
 [4] include(::Module, ::String) at ./sysimg.jl:26
 [5] exec_options(::Base.JLOptions) at ./client.jl:332
 [6] _start() at ./client.jl:447
in expression starting at /home/vagrant/.julia/v0.7/Evolutionary/src/Evolutionary.jl:21
in expression starting at /home/vagrant/.julia/v0.7/Evolutionary/test/schwefel.jl:2
	[1m[31mFAILED[0m: rastrigin.jl
LoadError: LoadError: syntax: extra token "Strategy" after end of expression
Stacktrace:
 [1] top-level scope at ./<missing>:25
 [2] include at ./boot.jl:292 [inlined]
 [3] include_relative(::Module, ::String) at ./loading.jl:1012
 [4] include(::Module, ::String) at ./sysimg.jl:26
 [5] exec_options(::Base.JLOptions) at ./client.jl:332
 [6] _start() at ./client.jl:447
in expression starting at /home/vagrant/.julia/v0.7/Evolutionary/src/Evolutionary.jl:21
in expression starting at /home/vagrant/.julia/v0.7/Evolutionary/test/rastrigin.jl:2
	[1m[31mFAILED[0m: n-queens.jl
LoadError: LoadError: syntax: extra token "Strategy" after end of expression
Stacktrace:
 [1] top-level scope at ./<missing>:25
 [2] include at ./boot.jl:292 [inlined]
 [3] include_relative(::Module, ::String) at ./loading.jl:1012
 [4] include(::Module, ::String) at ./sysimg.jl:26
 [5] exec_options(::Base.JLOptions) at ./client.jl:332
 [6] _start() at ./client.jl:447
in expression starting at /home/vagrant/.julia/v0.7/Evolutionary/src/Evolutionary.jl:21
in expression starting at /home/vagrant/.julia/v0.7/Evolutionary/test/n-queens.jl:2
[ Info: Evolutionary tests passed

>>> End of log
