>>> 'Pkg.add("Evolutionary")' log
INFO: Cloning cache of Evolutionary from https://github.com/wildart/Evolutionary.jl.git
INFO: Installing Evolutionary v0.1.2
INFO: Package database updated

>>> 'Pkg.test("Evolutionary")' log
Julia Version 0.5.2
Commit f4c6c9d (2017-05-06 16:34 UTC)
Platform Info:
  OS: Linux (x86_64-pc-linux-gnu)
  CPU: Intel(R) Xeon(R) CPU E3-1241 v3 @ 3.50GHz
  WORD_SIZE: 64
           Ubuntu 14.04.5 LTS
  uname: Linux 3.13.0-135-generic #184-Ubuntu SMP Wed Oct 18 11:55:51 UTC 2017 x86_64 x86_64
Memory: 2.93927001953125 GB (771.86328125 MB free)
Uptime: 40448.0 sec
Load Avg:  1.01171875  1.0634765625  1.06591796875
Intel(R) Xeon(R) CPU E3-1241 v3 @ 3.50GHz: 
       speed         user         nice          sys         idle          irq
#1  3500 MHz    2483423 s       7286 s     222572 s     886686 s         35 s
#2  3500 MHz     981595 s        183 s      99886 s    2851850 s          0 s

  BLAS: libopenblas (USE64BITINT DYNAMIC_ARCH NO_AFFINITY Nehalem)
  LAPACK: libopenblas64_
  LIBM: libopenlibm
  LLVM: libLLVM-3.7.1 (ORCJIT, haswell)
Environment:
  TERM = vt100
  LD_LIBRARY_PATH = :/usr/local/lib/
  PATH = /usr/local/sbin:/usr/local/bin:/usr/sbin:/usr/bin:/sbin:/bin:/usr/games:/usr/local/games:/home/vagrant/julia/bin/
  JAVA_HOME = /usr/lib/jvm/java-8-openjdk-amd64
  HOME = /home/vagrant

Package Directory: /home/vagrant/.julia/v0.5
2 required packages:
 - Evolutionary                  0.1.2
 - JSON                          0.14.0
1 additional packages:
 - Compat                        0.41.0
INFO: Testing Evolutionary
Running tests:
	[1m[31mFAILED[0m: sphere.jl
LoadError: LoadError: MethodError: no method matching Union(::Type{Array{T,1}}, ::Type{Array{T,2}}, ::Type{Function}, ::Type{Void})
Closest candidates are:
  Union{T}(::Any) at sysimg.jl:53
 in macro expansion; at /home/vagrant/.julia/v0.5/Evolutionary/test/runtests.jl:25 [inlined]
 in anonymous at ./<missing>:?
 in include_from_node1(::String) at ./loading.jl:488
 in process_options(::Base.JLOptions) at ./client.jl:265
 in _start() at ./client.jl:321
while loading /home/vagrant/.julia/v0.5/Evolutionary/src/Evolutionary.jl, in expression starting on line 22
while loading /home/vagrant/.julia/v0.5/Evolutionary/test/sphere.jl, in expression starting on line 2
	[1m[31mFAILED[0m: rosenbrock.jl
LoadError: UndefVarError: es not defined
 in macro expansion; at /home/vagrant/.julia/v0.5/Evolutionary/test/runtests.jl:25 [inlined]
 in anonymous at ./<missing>:?
 in include_from_node1(::String) at ./loading.jl:488
 in process_options(::Base.JLOptions) at ./client.jl:265
 in _start() at ./client.jl:321
while loading /home/vagrant/.julia/v0.5/Evolutionary/test/rosenbrock.jl, in expression starting on line 20
	[1m[31mFAILED[0m: schwefel.jl
LoadError: UndefVarError: cmaes not defined
 in macro expansion; at /home/vagrant/.julia/v0.5/Evolutionary/test/runtests.jl:25 [inlined]
 in anonymous at ./<missing>:?
 in include_from_node1(::String) at ./loading.jl:488
 in process_options(::Base.JLOptions) at ./client.jl:265
 in _start() at ./client.jl:321
while loading /home/vagrant/.julia/v0.5/Evolutionary/test/schwefel.jl, in expression starting on line 19
	[1m[31mFAILED[0m: rastrigin.jl
LoadError: UndefVarError: es not defined
 in macro expansion; at /home/vagrant/.julia/v0.5/Evolutionary/test/runtests.jl:25 [inlined]
 in anonymous at ./<missing>:?
 in include_from_node1(::String) at ./loading.jl:488
 in process_options(::Base.JLOptions) at ./client.jl:265
 in _start() at ./client.jl:321
while loading /home/vagrant/.julia/v0.5/Evolutionary/test/rastrigin.jl, in expression starting on line 27
	[1m[31mFAILED[0m: n-queens.jl
LoadError: UndefVarError: inversion not defined
 in macro expansion; at /home/vagrant/.julia/v0.5/Evolutionary/test/runtests.jl:25 [inlined]
 in anonymous at ./<missing>:?
 in include_from_node1(::String) at ./loading.jl:488
 in process_options(::Base.JLOptions) at ./client.jl:265
 in _start() at ./client.jl:321
while loading /home/vagrant/.julia/v0.5/Evolutionary/test/n-queens.jl, in expression starting on line 28
INFO: Evolutionary tests passed

>>> End of log
