>>> 'Pkg.add("FilePathsBase")' log
WARNING: Base.Pkg is deprecated, run `using Pkg` instead
 in module Main
[ Info: Cloning cache of FilePathsBase from https://github.com/rofinn/FilePathsBase.jl.git
[ Info: Installing FilePathsBase v0.1.0
[ Info: Package database updated
┌ Info: METADATA is out-of-date — you may not have the latest version of FilePathsBase
└ Use `Pkg.update()` to get the latest versions of your packages

>>> 'Pkg.test("FilePathsBase")' log
WARNING: Base.versioninfo is deprecated: it has been moved to the standard library package `InteractiveUtils`.
Add `using InteractiveUtils` to your imports.
 in module Main
WARNING: Base.versioninfo is deprecated: it has been moved to the standard library package `InteractiveUtils`.
Add `using InteractiveUtils` to your imports.
 in module Main
Julia Version 0.7.0-DEV.4931
Commit de705f3b69 (2018-04-22 20:14 UTC)
Platform Info:
  OS: Linux (x86_64-pc-linux-gnu)
      Ubuntu 14.04.5 LTS
  uname: Linux 3.13.0-143-generic #192-Ubuntu SMP Tue Feb 27 10:45:36 UTC 2018 x86_64 x86_64
  CPU: Intel(R) Xeon(R) CPU E3-1241 v3 @ 3.50GHz: 
              speed         user         nice          sys         idle          irq
       #1  3495 MHz    5383684 s       5434 s     395619 s    1636164 s         84 s
       #2  3495 MHz    1299564 s       1907 s     149892 s    7072065 s          2 s
       
  Memory: 2.939197540283203 GB (1764.3828125 MB free)
  Uptime: 86870.0 sec
  Load Avg:  1.0029296875  1.0009765625  0.96533203125
  WORD_SIZE: 64
  LIBM: libopenlibm
  LLVM: libLLVM-3.9.1 (ORCJIT, haswell)
Environment:
  TERM = vt100
  LD_LIBRARY_PATH = :/usr/local/lib/
  PATH = /usr/local/sbin:/usr/local/bin:/usr/sbin:/usr/bin:/sbin:/bin:/usr/games:/usr/local/games:/home/vagrant/julia/bin/
  JAVA_HOME = /usr/lib/jvm/java-8-openjdk-amd64
  HOME = /home/vagrant
Packages:
  Package Directory: /home/vagrant/.julia/v0.7
  Package Status:
2 required packages:
 - FilePathsBase                 0.1.0
 - JSON                          0.17.2
2 additional packages:
 - Compat                        0.63.0
 - Nullables                     0.0.5
WARNING: Base.Pkg is deprecated, run `using Pkg` instead
 in module Main
[ Info: Testing FilePathsBase
WARNING: importing deprecated binding Base.@sprintf into FilePathsBase.
WARNING: Base.@sprintf is deprecated: it has been moved to the standard library package `Printf`.
Add `using Printf` to your imports.
  likely near /home/vagrant/.julia/v0.7/FilePathsBase/src/utils.jl:2
┌ Warning: Deprecated syntax `immutable` at /home/vagrant/.julia/v0.7/FilePathsBase/src/libc.jl:2.
│ Use `struct` instead.
└ @ nothing libc.jl:2
┌ Warning: Deprecated syntax `immutable` at /home/vagrant/.julia/v0.7/FilePathsBase/src/libc.jl:16.
│ Use `struct` instead.
└ @ nothing libc.jl:16
┌ Warning: Deprecated syntax `immutable` at /home/vagrant/.julia/v0.7/FilePathsBase/src/libc.jl:26.
│ Use `struct` instead.
└ @ nothing libc.jl:26
┌ Warning: Deprecated syntax `immutable` at /home/vagrant/.julia/v0.7/FilePathsBase/src/libc.jl:37.
│ Use `struct` instead.
└ @ nothing libc.jl:37
┌ Warning: Deprecated syntax `immutable` at /home/vagrant/.julia/v0.7/FilePathsBase/src/libc.jl:45.
│ Use `struct` instead.
└ @ nothing libc.jl:45
┌ Warning: Deprecated syntax `immutable` at /home/vagrant/.julia/v0.7/FilePathsBase/src/libc.jl:94.
│ Use `struct` instead.
└ @ nothing libc.jl:94
┌ Warning: `is_apple` is deprecated, use `Sys.isapple` instead.
│   caller = top-level scope
└ @ Core :0
┌ Warning: `is_linux` is deprecated, use `Sys.islinux` instead.
│   caller = top-level scope at libc.jl:15
└ @ Core libc.jl:15
┌ Warning: `is_unix` is deprecated, use `Sys.isunix` instead.
│   caller = top-level scope
└ @ Core :0
┌ Warning: `is_unix` is deprecated, use `Sys.isunix` instead.
│   caller = top-level scope
└ @ Core :0
┌ Warning: `is_unix` is deprecated, use `Sys.isunix` instead.
│   caller = top-level scope
└ @ Core :0
┌ Warning: `is_unix` is deprecated, use `Sys.isunix` instead.
│   caller = top-level scope
└ @ Core :0
┌ Warning: `is_unix` is deprecated, use `Sys.isunix` instead.
│   caller = top-level scope
└ @ Core :0
┌ Warning: `is_unix` is deprecated, use `Sys.isunix` instead.
│   caller = top-level scope
└ @ Core :0
┌ Warning: Deprecated syntax `immutable` at /home/vagrant/.julia/v0.7/FilePathsBase/src/mode.jl:12.
│ Use `struct` instead.
└ @ nothing mode.jl:12
┌ Warning: Deprecated syntax `immutable` at /home/vagrant/.julia/v0.7/FilePathsBase/src/status.jl:5.
│ Use `struct` instead.
└ @ nothing status.jl:5
WARNING: Base.Dates is deprecated, run `using Dates` instead
  likely near /home/vagrant/.julia/v0.7/FilePathsBase/src/status.jl:1
┌ Warning: Deprecated syntax `immutable` at /home/vagrant/.julia/v0.7/FilePathsBase/src/posix.jl:1.
│ Use `struct` instead.
└ @ nothing posix.jl:1
┌ Warning: Deprecated syntax `immutable` at /home/vagrant/.julia/v0.7/FilePathsBase/src/windows.jl:1.
│ Use `struct` instead.
└ @ nothing windows.jl:1
┌ Warning: `is_unix` is deprecated, use `Sys.isunix` instead.
│   caller = top-level scope
└ @ Core :0
┌ Warning: `is_unix` is deprecated, use `Sys.isunix` instead.
│   caller = top-level scope
└ @ Core :0
┌ Warning: `is_unix` is deprecated, use `Sys.isunix` instead.
│   caller = top-level scope
└ @ Core :0
┌ Warning: Deprecated syntax `parametric method syntax parents{T <: AbstractPath}(path::T)` around /home/vagrant/.julia/v0.7/FilePathsBase/src/path.jl:75.
│ Use `parents(path::T) where T <: AbstractPath` instead.
└ @ nothing path.jl:75
┌ Warning: Deprecated syntax `parametric method syntax Base.norm{T <: AbstractPath}(path::T)` around /home/vagrant/.julia/v0.7/FilePathsBase/src/path.jl:200.
│ Use `Base.norm(path::T) where T <: AbstractPath` instead.
└ @ nothing path.jl:200
WARNING: Base.norm is deprecated: it has been moved to the standard library package `LinearAlgebra`.
Add `using LinearAlgebra` to your imports.
  likely near /home/vagrant/.julia/v0.7/FilePathsBase/src/path.jl:194
┌ Warning: `is_windows` is deprecated, use `Sys.iswindows` instead.
│   caller = top-level scope
└ @ Core :0
┌ Warning: Deprecated syntax `parametric method syntax relative{T <: AbstractPath}(path::T, start::T = T("."))` around /home/vagrant/.julia/v0.7/FilePathsBase/src/path.jl:247.
│ Use `relative(path::T, start::T = T(".")) where T <: AbstractPath` instead.
└ @ nothing path.jl:247
┌ Warning: `is_unix` is deprecated, use `Sys.isunix` instead.
│   caller = top-level scope
└ @ Core :0
WARNING: Base.Test is deprecated, run `using Test` instead
  likely near /home/vagrant/.julia/v0.7/FilePathsBase/test/runtests.jl:2
WARNING: importing deprecated binding Base.norm into FilePathsBase.
WARNING: Base.norm is deprecated: it has been moved to the standard library package `LinearAlgebra`.
Add `using LinearAlgebra` to your imports.
  likely near /home/vagrant/.julia/v0.7/FilePathsBase/test/runtests.jl:4
WARNING: Base.norm is deprecated: it has been moved to the standard library package `LinearAlgebra`.
Add `using LinearAlgebra` to your imports.
  likely near /home/vagrant/.julia/v0.7/FilePathsBase/test/runtests.jl:4
WARNING: Base.norm is deprecated: it has been moved to the standard library package `LinearAlgebra`.
Add `using LinearAlgebra` to your imports.
  likely near /home/vagrant/.julia/v0.7/FilePathsBase/test/runtests.jl:4
in normpath at deprecated.jl
WARNING: Base.norm is deprecated: it has been moved to the standard library package `LinearAlgebra`.
Add `using LinearAlgebra` to your imports.
  likely near /home/vagrant/.julia/v0.7/FilePathsBase/test/path.jl:2
WARNING: Base.norm is deprecated: it has been moved to the standard library package `LinearAlgebra`.
Add `using LinearAlgebra` to your imports.
  likely near /home/vagrant/.julia/v0.7/FilePathsBase/test/path.jl:2
WARNING: Base.norm is deprecated: it has been moved to the standard library package `LinearAlgebra`.
Add `using LinearAlgebra` to your imports.
  likely near /home/vagrant/.julia/v0.7/FilePathsBase/test/path.jl:2
WARNING: Base.norm is deprecated: it has been moved to the standard library package `LinearAlgebra`.
Add `using LinearAlgebra` to your imports.
  likely near /home/vagrant/.julia/v0.7/FilePathsBase/test/path.jl:2
WARNING: Base.norm is deprecated: it has been moved to the standard library package `LinearAlgebra`.
Add `using LinearAlgebra` to your imports.
  likely near /home/vagrant/.julia/v0.7/FilePathsBase/test/path.jl:2
in abs at /home/vagrant/.julia/v0.7/FilePathsBase/src/path.jl
WARNING: Base.norm is deprecated: it has been moved to the standard library package `LinearAlgebra`.
Add `using LinearAlgebra` to your imports.
  likely near /home/vagrant/.julia/v0.7/FilePathsBase/test/path.jl:2
in abs at /home/vagrant/.julia/v0.7/FilePathsBase/src/path.jl
WARNING: Base.norm is deprecated: it has been moved to the standard library package `LinearAlgebra`.
Add `using LinearAlgebra` to your imports.
  likely near /home/vagrant/.julia/v0.7/FilePathsBase/test/path.jl:2
WARNING: Base.norm is deprecated: it has been moved to the standard library package `LinearAlgebra`.
Add `using LinearAlgebra` to your imports.
  likely near /home/vagrant/.julia/v0.7/FilePathsBase/test/path.jl:2
WARNING: Base.norm is deprecated: it has been moved to the standard library package `LinearAlgebra`.
Add `using LinearAlgebra` to your imports.
  likely near /home/vagrant/.julia/v0.7/FilePathsBase/test/path.jl:2
WARNING: Base.norm is deprecated: it has been moved to the standard library package `LinearAlgebra`.
Add `using LinearAlgebra` to your imports.
  likely near /home/vagrant/.julia/v0.7/FilePathsBase/test/path.jl:2
WARNING: Base.norm is deprecated: it has been moved to the standard library package `LinearAlgebra`.
Add `using LinearAlgebra` to your imports.
  likely near /home/vagrant/.julia/v0.7/FilePathsBase/test/path.jl:2
WARNING: Base.norm is deprecated: it has been moved to the standard library package `LinearAlgebra`.
Add `using LinearAlgebra` to your imports.
  likely near /home/vagrant/.julia/v0.7/FilePathsBase/test/path.jl:2
WARNING: Base.norm is deprecated: it has been moved to the standard library package `LinearAlgebra`.
Add `using LinearAlgebra` to your imports.
  likely near /home/vagrant/.julia/v0.7/FilePathsBase/test/path.jl:2
WARNING: Base.norm is deprecated: it has been moved to the standard library package `LinearAlgebra`.
Add `using LinearAlgebra` to your imports.
  likely near /home/vagrant/.julia/v0.7/FilePathsBase/test/path.jl:2
WARNING: Base.norm is deprecated: it has been moved to the standard library package `LinearAlgebra`.
Add `using LinearAlgebra` to your imports.
  likely near /home/vagrant/.julia/v0.7/FilePathsBase/test/path.jl:2
in #5 at /home/vagrant/.julia/v0.7/FilePathsBase/test/path.jl
┌ Warning: `is_windows` is deprecated, use `Sys.iswindows` instead.
│   caller = macro expansion at path.jl:4 [inlined]
└ @ Core path.jl:4
Simple Path Usage: Test Failed at /home/vagrant/.julia/v0.7/FilePathsBase/test/path.jl:18
  Expression: parents(#= /home/vagrant/.julia/v0.7/FilePathsBase/test/path.jl:18 =# @p_str("."))
    Expected: ErrorException
      Thrown: MethodError
Stacktrace:
 [1] macro expansion at /home/vagrant/.julia/v0.7/FilePathsBase/test/path.jl:18 [inlined]
 [2] macro expansion at /buildworker/worker/package_linux64/build/usr/share/julia/stdlib/v0.7/Test/src/Test.jl:1022 [inlined]
 [3] (::getfield(Main, Symbol("##5#6")))() at /home/vagrant/.julia/v0.7/FilePathsBase/test/path.jl:4
┌ Warning: `is_windows` is deprecated, use `Sys.iswindows` instead.
│   caller = macro expansion at path.jl:36 [inlined]
└ @ Core path.jl:36
Simple Path Usage: Error During Test at /home/vagrant/.julia/v0.7/FilePathsBase/test/path.jl:3
  Got exception ErrorException("error compiling Type: error compiling Type: could not load library \"libc\"\n/usr/lib/x86_64-linux-gnu/libc.so: invalid ELF header") outside of a @test
  error compiling Type: error compiling Type: could not load library "libc"
  /usr/lib/x86_64-linux-gnu/libc.so: invalid ELF header
  Stacktrace:
   [1] stat(::PosixPath) at /home/vagrant/.julia/v0.7/FilePathsBase/src/path.jl:287
   [2] macro expansion at /home/vagrant/.julia/v0.7/FilePathsBase/test/path.jl:45 [inlined]
   [3] macro expansion at /buildworker/worker/package_linux64/build/usr/share/julia/stdlib/v0.7/Test/src/Test.jl:1022 [inlined]
   [4] (::getfield(Main, Symbol("##5#6")))() at /home/vagrant/.julia/v0.7/FilePathsBase/test/path.jl:4
   [5] cd(::getfield(Main, Symbol("##5#6")), ::PosixPath) at /home/vagrant/.julia/v0.7/FilePathsBase/src/path.jl:410
   [6] top-level scope
   [7] include(::Module, ::String) at ./boot.jl:314
   [8] include_relative(::Module, ::String) at ./loading.jl:1067
   [9] include(::Module, ::String) at ./sysimg.jl:29
   [10] include(::String) at ./sysimg.jl:68
   [11] macro expansion at /home/vagrant/.julia/v0.7/FilePathsBase/test/runtests.jl:7 [inlined]
   [12] macro expansion at /buildworker/worker/package_linux64/build/usr/share/julia/stdlib/v0.7/Test/src/Test.jl:1022 [inlined]
   [13] top-level scope at /home/vagrant/.julia/v0.7/FilePathsBase/test/runtests.jl:6
   [14] include at ./boot.jl:314 [inlined]
   [15] include_relative(::Module, ::String) at ./loading.jl:1067
   [16] include(::Module, ::String) at ./sysimg.jl:29
   [17] exec_options(::Base.JLOptions) at ./client.jl:327
   [18] _start() at ./client.jl:455
┌ Warning: `is_unix` is deprecated, use `Sys.isunix` instead.
│   caller = top-level scope
└ @ Core :0
┌ Warning: `is_unix` is deprecated, use `Sys.isunix` instead.
│   caller = top-level scope
└ @ Core :0
┌ Warning: `mkdir(path, mode)` is deprecated, use `mkdir(path, mode=mode)` instead.
│   caller = #mkdir#8 at path.jl:421 [inlined]
└ @ Core path.jl:421
Modifying Path Usage: Test Failed at /home/vagrant/.julia/v0.7/FilePathsBase/test/path.jl:93
  Expression: mkdir(new_path)
    Expected: ErrorException
      Thrown: MethodError
Stacktrace:
 [1] macro expansion at /home/vagrant/.julia/v0.7/FilePathsBase/test/path.jl:93 [inlined]
 [2] macro expansion at /buildworker/worker/package_linux64/build/usr/share/julia/stdlib/v0.7/Test/src/Test.jl:1022 [inlined]
 [3] (::getfield(Main, Symbol("##8#11")){PosixPath})() at /home/vagrant/.julia/v0.7/FilePathsBase/test/path.jl:90
Modifying Path Usage: Test Failed at /home/vagrant/.julia/v0.7/FilePathsBase/test/path.jl:97
  Expression: mkdir(new_path)
    Expected: ErrorException
      Thrown: MethodError
Stacktrace:
 [1] macro expansion at /home/vagrant/.julia/v0.7/FilePathsBase/test/path.jl:97 [inlined]
 [2] macro expansion at /buildworker/worker/package_linux64/build/usr/share/julia/stdlib/v0.7/Test/src/Test.jl:1022 [inlined]
 [3] (::getfield(Main, Symbol("##8#11")){PosixPath})() at /home/vagrant/.julia/v0.7/FilePathsBase/test/path.jl:90
┌ Warning: `mkdir(path, mode)` is deprecated, use `mkdir(path, mode=mode)` instead.
│   caller = #mkdir#8(::UInt16, ::Bool, ::Bool, ::Function, ::PosixPath) at path.jl:421
└ @ FilePathsBase path.jl:421
┌ Warning: The `remove_destination` keyword argument is deprecated; use `force` instead
│   caller = ip:0x0
└ @ Core :-1
Modifying Path Usage: Test Failed at /home/vagrant/.julia/v0.7/FilePathsBase/test/path.jl:104
  Expression: copy(new_path, other_path)
    Expected: ErrorException
      Thrown: MethodError
Stacktrace:
 [1] macro expansion at /home/vagrant/.julia/v0.7/FilePathsBase/test/path.jl:104 [inlined]
 [2] macro expansion at /buildworker/worker/package_linux64/build/usr/share/julia/stdlib/v0.7/Test/src/Test.jl:1022 [inlined]
 [3] (::getfield(Main, Symbol("##8#11")){PosixPath})() at /home/vagrant/.julia/v0.7/FilePathsBase/test/path.jl:90
Modifying Path Usage: Test Failed at /home/vagrant/.julia/v0.7/FilePathsBase/test/path.jl:105
  Expression: copy(#= /home/vagrant/.julia/v0.7/FilePathsBase/test/path.jl:105 =# @p_str("badpath"), other_path; exist_ok=true, overwrite=true)
    Expected: ErrorException
      Thrown: MethodError
Stacktrace:
 [1] macro expansion at /home/vagrant/.julia/v0.7/FilePathsBase/test/path.jl:105 [inlined]
 [2] macro expansion at /buildworker/worker/package_linux64/build/usr/share/julia/stdlib/v0.7/Test/src/Test.jl:1022 [inlined]
 [3] (::getfield(Main, Symbol("##8#11")){PosixPath})() at /home/vagrant/.julia/v0.7/FilePathsBase/test/path.jl:90
Modifying Path Usage: Test Failed at /home/vagrant/.julia/v0.7/FilePathsBase/test/path.jl:111
  Expression: move(new_path, other_path)
    Expected: ErrorException
      Thrown: MethodError
Stacktrace:
 [1] macro expansion at /home/vagrant/.julia/v0.7/FilePathsBase/test/path.jl:111 [inlined]
 [2] macro expansion at /buildworker/worker/package_linux64/build/usr/share/julia/stdlib/v0.7/Test/src/Test.jl:1022 [inlined]
 [3] (::getfield(Main, Symbol("##8#11")){PosixPath})() at /home/vagrant/.julia/v0.7/FilePathsBase/test/path.jl:90
Modifying Path Usage: Test Failed at /home/vagrant/.julia/v0.7/FilePathsBase/test/path.jl:112
  Expression: move(#= /home/vagrant/.julia/v0.7/FilePathsBase/test/path.jl:112 =# @p_str("badpath"), other_path; exist_ok=true, overwrite=true)
    Expected: ErrorException
      Thrown: MethodError
Stacktrace:
 [1] macro expansion at /home/vagrant/.julia/v0.7/FilePathsBase/test/path.jl:112 [inlined]
 [2] macro expansion at /buildworker/worker/package_linux64/build/usr/share/julia/stdlib/v0.7/Test/src/Test.jl:1022 [inlined]
 [3] (::getfield(Main, Symbol("##8#11")){PosixPath})() at /home/vagrant/.julia/v0.7/FilePathsBase/test/path.jl:90
Modifying Path Usage: Test Failed at /home/vagrant/.julia/v0.7/FilePathsBase/test/path.jl:119
  Expression: symlink(new_path, #= /home/vagrant/.julia/v0.7/FilePathsBase/test/path.jl:119 =# @p_str("mysymlink"))
    Expected: ErrorException
      Thrown: MethodError
Stacktrace:
 [1] macro expansion at /home/vagrant/.julia/v0.7/FilePathsBase/test/path.jl:119 [inlined]
 [2] macro expansion at /buildworker/worker/package_linux64/build/usr/share/julia/stdlib/v0.7/Test/src/Test.jl:1022 [inlined]
 [3] (::getfield(Main, Symbol("##8#11")){PosixPath})() at /home/vagrant/.julia/v0.7/FilePathsBase/test/path.jl:90
Modifying Path Usage: Test Failed at /home/vagrant/.julia/v0.7/FilePathsBase/test/path.jl:120
  Expression: symlink(#= /home/vagrant/.julia/v0.7/FilePathsBase/test/path.jl:120 =# @p_str("badpath"), #= /home/vagrant/.julia/v0.7/FilePathsBase/test/path.jl:120 =# @p_str("mysymlink"); exist_ok=true, overwrite=true)
    Expected: ErrorException
      Thrown: MethodError
Stacktrace:
 [1] macro expansion at /home/vagrant/.julia/v0.7/FilePathsBase/test/path.jl:120 [inlined]
 [2] macro expansion at /buildworker/worker/package_linux64/build/usr/share/julia/stdlib/v0.7/Test/src/Test.jl:1022 [inlined]
 [3] (::getfield(Main, Symbol("##8#11")){PosixPath})() at /home/vagrant/.julia/v0.7/FilePathsBase/test/path.jl:90
Modifying Path Usage: Error During Test at /home/vagrant/.julia/v0.7/FilePathsBase/test/path.jl:89
  Got exception MethodError(ncodeunits, (p"//tmp/tmpTa8e1g/tmpNUGGum",), 0x0000000000006b11) outside of a @test
  MethodError: no method matching ncodeunits(::PosixPath)
  Closest candidates are:
    ncodeunits(!Matched::GenericString) at /buildworker/worker/package_linux64/build/usr/share/julia/stdlib/v0.7/Test/src/Test.jl:1441
    ncodeunits(!Matched::String) at strings/string.jl:82
    ncodeunits(!Matched::SubString) at strings/substring.jl:56
    ...
  Stacktrace:
   [1] done(::PosixPath, ::Int64) at ./strings/basic.jl:142
   [2] print at ./strings/io.jl:145 [inlined]
   [3] print(::Base.PipeEndpoint, ::PosixPath, ::Char, ::Vararg{Char,N} where N) at ./strings/io.jl:40
   [4] println(::Base.PipeEndpoint, ::PosixPath, ::Vararg{PosixPath,N} where N) at ./strings/io.jl:67
   [5] println(::PosixPath) at ./coreio.jl:4
   [6] (::getfield(Main, Symbol("##9#12")))(::PosixPath, ::IOStream) at /home/vagrant/.julia/v0.7/FilePathsBase/test/path.jl:124
   [7] mktmp(::getfield(Main, Symbol("##9#12")), ::PosixPath) at /home/vagrant/.julia/v0.7/FilePathsBase/src/path.jl:513
   [8] macro expansion at /home/vagrant/.julia/v0.7/FilePathsBase/test/path.jl:123 [inlined]
   [9] macro expansion at /buildworker/worker/package_linux64/build/usr/share/julia/stdlib/v0.7/Test/src/Test.jl:1022 [inlined]
   [10] (::getfield(Main, Symbol("##8#11")){PosixPath})() at /home/vagrant/.julia/v0.7/FilePathsBase/test/path.jl:90
   [11] cd(::getfield(Main, Symbol("##8#11")){PosixPath}, ::PosixPath) at /home/vagrant/.julia/v0.7/FilePathsBase/src/path.jl:410
   [12] (::getfield(Main, Symbol("##7#10")))(::PosixPath) at /home/vagrant/.julia/v0.7/FilePathsBase/test/path.jl:88
   [13] mktmpdir(::getfield(Main, Symbol("##7#10")), ::PosixPath) at /home/vagrant/.julia/v0.7/FilePathsBase/src/path.jl:523
   [14] mktmpdir(::Function) at /home/vagrant/.julia/v0.7/FilePathsBase/src/path.jl:521
   [15] top-level scope
   [16] include(::Module, ::String) at ./boot.jl:314
   [17] include_relative(::Module, ::String) at ./loading.jl:1067
   [18] include(::Module, ::String) at ./sysimg.jl:29
   [19] include(::String) at ./sysimg.jl:68
   [20] macro expansion at /home/vagrant/.julia/v0.7/FilePathsBase/test/runtests.jl:7 [inlined]
   [21] macro expansion at /buildworker/worker/package_linux64/build/usr/share/julia/stdlib/v0.7/Test/src/Test.jl:1022 [inlined]
   [22] top-level scope at /home/vagrant/.julia/v0.7/FilePathsBase/test/runtests.jl:6
   [23] include at ./boot.jl:314 [inlined]
   [24] include_relative(::Module, ::String) at ./loading.jl:1067
   [25] include(::Module, ::String) at ./sysimg.jl:29
   [26] exec_options(::Base.JLOptions) at ./client.jl:327
   [27] _start() at ./client.jl:455
Test Summary:          | Pass  Fail  Error  Total
FilePathsBase          |   50     9      2     61
  Mode Tests           |   27                  27
  Simple Path Usage    |   23     1      1     25
  Modifying Path Usage |          8      1      9
ERROR: LoadError: Some tests did not pass: 50 passed, 9 failed, 2 errored, 0 broken.
in expression starting at /home/vagrant/.julia/v0.7/FilePathsBase/test/runtests.jl:4
┌ Error: ------------------------------------------------------------
│ # Testing failed for FilePathsBase
│   exception =
│    failed process: Process(`/home/vagrant/julia/bin/julia -Cnative -J/home/vagrant/julia/lib/julia/sys.so --compile=yes --depwarn=yes --code-coverage=none --color=no --compiled-modules=yes --check-bounds=yes --warn-overwrite=yes --startup-file=yes /home/vagrant/.julia/v0.7/FilePathsBase/test/runtests.jl`, ProcessExited(1)) [1]
│    Stacktrace:
│     [1] error(::String, ::Base.Process, ::String, ::Int64, ::String) at ./error.jl:42
│     [2] pipeline_error(::Base.Process) at ./process.jl:712
│     [3] #run#533(::Bool, ::Function, ::Cmd) at ./process.jl:670
│     [4] run at ./process.jl:668 [inlined]
│     [5] (::getfield(Pkg.Entry, Symbol("##56#57")){Bool,String,Array{AbstractString,1}})() at /buildworker/worker/package_linux64/build/usr/share/julia/stdlib/v0.7/Pkg/src/entry.jl:729
│     [6] cd(::getfield(Pkg.Entry, Symbol("##56#57")){Bool,String,Array{AbstractString,1}}, ::String) at ./file.jl:72
│     [7] #test!#55(::Bool, ::Function, ::String, ::Array{AbstractString,1}, ::Array{AbstractString,1}, ::Array{AbstractString,1}) at /buildworker/worker/package_linux64/build/usr/share/julia/stdlib/v0.7/Pkg/src/entry.jl:717
│     [8] (::getfield(Pkg.Entry, Symbol("#kw##test!")))(::NamedTuple{(:coverage,),Tuple{Bool}}, ::typeof(Pkg.Entry.test!), ::String, ::Array{AbstractString,1}, ::Array{AbstractString,1}, ::Array{AbstractString,1}) at ./<missing>:0
│     [9] #test#59(::Bool, ::Function, ::Array{AbstractString,1}) at /buildworker/worker/package_linux64/build/usr/share/julia/stdlib/v0.7/Pkg/src/entry.jl:756
│     [10] #test at ./<missing>:0 [inlined]
│     [11] #4 at /buildworker/worker/package_linux64/build/usr/share/julia/stdlib/v0.7/Pkg/src/dir.jl:36 [inlined]
│     [12] cd(::getfield(Pkg.Dir, Symbol("##4#7")){Base.Iterators.Pairs{Symbol,Bool,Tuple{Symbol},NamedTuple{(:coverage,),Tuple{Bool}}},typeof(Pkg.Entry.test),Tuple{Array{AbstractString,1}}}, ::String) at ./file.jl:72
│     [13] #cd#1(::Base.Iterators.Pairs{Symbol,Bool,Tuple{Symbol},NamedTuple{(:coverage,),Tuple{Bool}}}, ::Function, ::Function, ::Array{AbstractString,1}, ::Vararg{Array{AbstractString,1},N} where N) at /buildworker/worker/package_linux64/build/usr/share/julia/stdlib/v0.7/Pkg/src/dir.jl:36
│     [14] (::getfield(Pkg.Dir, Symbol("#kw##cd")))(::NamedTuple{(:coverage,),Tuple{Bool}}, ::typeof(Pkg.Dir.cd), ::Function, ::Array{AbstractString,1}, ::Vararg{Array{AbstractString,1},N} where N) at ./<missing>:0
│     [15] #test#3(::Bool, ::Function, ::String, ::Vararg{String,N} where N) at /buildworker/worker/package_linux64/build/usr/share/julia/stdlib/v0.7/Pkg/src/Pkg.jl:278
│     [16] test(::String, ::Vararg{String,N} where N) at /buildworker/worker/package_linux64/build/usr/share/julia/stdlib/v0.7/Pkg/src/Pkg.jl:278
│     [17] top-level scope
│     [18] eval at ./boot.jl:317 [inlined]
│     [19] eval(::Module, ::Expr) at ./sysimg.jl:74
│     [20] exec_options(::Base.JLOptions) at ./client.jl:304
│     [21] _start() at ./client.jl:455
└ @ Pkg.Entry entry.jl:732
[ Info: No packages to install, update or remove
ERROR: FilePathsBase had test errors

>>> End of log
