>>> 'Pkg.add("FunctionWrappers")' log
WARNING: Base.Pkg is deprecated, run `using Pkg` instead.
 in module Main
[ Info: Installing FunctionWrappers v0.1.0
[ Info: Package database updated
┌ Info: METADATA is out-of-date — you may not have the latest version of FunctionWrappers
└ Use `Pkg.update()` to get the latest versions of your packages

>>> 'Pkg.test("FunctionWrappers")' log
WARNING: Base.versioninfo is deprecated: it has been moved to the standard library package `InteractiveUtils`.
Add a `using InteractiveUtils` to your imports..
 in module Main
WARNING: Base.versioninfo is deprecated: it has been moved to the standard library package `InteractiveUtils`.
Add a `using InteractiveUtils` to your imports..
 in module Main
Julia Version 0.7.0-DEV.3703
Commit 358ccc2b20 (2018-02-02 20:43 UTC)
Platform Info:
  OS: Linux (x86_64-pc-linux-gnu)
      Ubuntu 14.04.5 LTS
  uname: Linux 3.13.0-135-generic #184-Ubuntu SMP Wed Oct 18 11:55:51 UTC 2017 x86_64 x86_64
  CPU: Intel(R) Xeon(R) CPU E3-1241 v3 @ 3.50GHz: 
              speed         user         nice          sys         idle          irq
       #1  3498 MHz    5485704 s       8256 s     260469 s    1707706 s         95 s
       #2  3498 MHz    1310804 s         45 s     109368 s    7114834 s          5 s
       
  Memory: 2.93927001953125 GB (767.640625 MB free)
  Uptime: 87415.0 sec
  Load Avg:  1.00830078125  1.001953125  0.96630859375
  WORD_SIZE: 64
  LIBM: libopenlibm
  LLVM: libLLVM-3.9.1 (ORCJIT, haswell)
Environment:
  TERM = vt100
  LD_LIBRARY_PATH = :/usr/local/lib/
  PATH = /usr/local/sbin:/usr/local/bin:/usr/sbin:/usr/bin:/sbin:/bin:/usr/games:/usr/local/games:/home/vagrant/julia/bin/
  JAVA_HOME = /usr/lib/jvm/java-8-openjdk-amd64
  HOME = /home/vagrant
Packages:
  Package Directory: /home/vagrant/.julia/v0.7
  Package Status:
2 required packages:
 - FunctionWrappers              0.1.0
 - JSON                          0.16.4
2 additional packages:
 - Compat                        0.51.0
 - Nullables                     0.0.3
WARNING: Base.Pkg is deprecated, run `using Pkg` instead.
 in module Main
[ Info: Testing FunctionWrappers
WARNING: Base.Test is deprecated, run `using Test` instead.
  likely near /home/vagrant/.julia/v0.7/FunctionWrappers/test/runtests.jl:5
┌ Warning: `include_string(string)` is deprecated, use `include_string(module, string)` instead.
│   caller = top-level scope at runtests.jl:9
└ @ Core runtests.jl:9
WARNING: Base.Void is deprecated, use Nothing instead.
  likely near /home/vagrant/.julia/v0.7/FunctionWrappers/test/runtests.jl:16
WARNING: Base.Void is deprecated, use Nothing instead.
  likely near /home/vagrant/.julia/v0.7/FunctionWrappers/test/runtests.jl:16
WARNING: Base.Void is deprecated, use Nothing instead.
  likely near /home/vagrant/.julia/v0.7/FunctionWrappers/test/runtests.jl:16
WARNING: Base.Void is deprecated, use Nothing instead.
  likely near /home/vagrant/.julia/v0.7/FunctionWrappers/test/runtests.jl:16
WARNING: Base.Void is deprecated, use Nothing instead.
  likely near /home/vagrant/.julia/v0.7/FunctionWrappers/test/runtests.jl:16
WARNING: Base.Void is deprecated, use Nothing instead.
  likely near /home/vagrant/.julia/v0.7/FunctionWrappers/test/runtests.jl:16
WARNING: Base.Void is deprecated, use Nothing instead.
  likely near /home/vagrant/.julia/v0.7/FunctionWrappers/test/runtests.jl:16
WARNING: Base.Void is deprecated, use Nothing instead.
  likely near /home/vagrant/.julia/v0.7/FunctionWrappers/test/runtests.jl:16
WARNING: Base.Void is deprecated, use Nothing instead.
  likely near /home/vagrant/.julia/v0.7/FunctionWrappers/test/runtests.jl:16
WARNING: Base.Void is deprecated, use Nothing instead.
  likely near /home/vagrant/.julia/v0.7/FunctionWrappers/test/runtests.jl:16
WARNING: Base.Void is deprecated, use Nothing instead.
  likely near /home/vagrant/.julia/v0.7/FunctionWrappers/test/runtests.jl:16
WARNING: Base.Void is deprecated, use Nothing instead.
  likely near /home/vagrant/.julia/v0.7/FunctionWrappers/test/runtests.jl:16
WARNING: Base.Void is deprecated, use Nothing instead.
  likely near /home/vagrant/.julia/v0.7/FunctionWrappers/test/runtests.jl:16
WARNING: Base.Void is deprecated, use Nothing instead.
  likely near /home/vagrant/.julia/v0.7/FunctionWrappers/test/runtests.jl:16
WARNING: Base.Void is deprecated, use Nothing instead.
  likely near /home/vagrant/.julia/v0.7/FunctionWrappers/test/runtests.jl:16
WARNING: Base.Void is deprecated, use Nothing instead.
  likely near /home/vagrant/.julia/v0.7/FunctionWrappers/test/runtests.jl:16
WARNING: Base.Void is deprecated, use Nothing instead.
  likely near /home/vagrant/.julia/v0.7/FunctionWrappers/test/runtests.jl:16
WARNING: Base.Void is deprecated, use Nothing instead.
  likely near /home/vagrant/.julia/v0.7/FunctionWrappers/test/runtests.jl:16
WARNING: Base.Void is deprecated, use Nothing instead.
  likely near /home/vagrant/.julia/v0.7/FunctionWrappers/test/runtests.jl:16
WARNING: Base.Void is deprecated, use Nothing instead.
  likely near /home/vagrant/.julia/v0.7/FunctionWrappers/test/runtests.jl:16
WARNING: Base.Void is deprecated, use Nothing instead.
  likely near /home/vagrant/.julia/v0.7/FunctionWrappers/test/runtests.jl:16
WARNING: Base.Void is deprecated, use Nothing instead.
  likely near /home/vagrant/.julia/v0.7/FunctionWrappers/test/runtests.jl:16
WARNING: Base.Void is deprecated, use Nothing instead.
  likely near /home/vagrant/.julia/v0.7/FunctionWrappers/test/runtests.jl:16
WARNING: Base.Void is deprecated, use Nothing instead.
  likely near /home/vagrant/.julia/v0.7/FunctionWrappers/test/runtests.jl:16
in CallbackF64 at /home/vagrant/.julia/v0.7/FunctionWrappers/test/runtests.jl
As field: Error During Test at /home/vagrant/.julia/v0.7/FunctionWrappers/test/runtests.jl:21
  Test threw an exception of type ErrorException
  Expression: #= /home/vagrant/.julia/v0.7/FunctionWrappers/test/runtests.jl:21 =# @inferred(f1(1)) === 1.0
  error compiling CallbackF64: error statically evaluating llvm IR argument
  Stacktrace:
   [1] macro expansion at /home/vagrant/.julia/v0.7/FunctionWrappers/test/runtests.jl:21 [inlined]
   [2] macro expansion at /buildworker/worker/package_linux64/build/usr/share/julia/site/v0.7/Test/src/Test.jl:1008 [inlined]
   [3] top-level scope at /home/vagrant/.julia/v0.7/FunctionWrappers/test/runtests.jl:17
WARNING: Base.Void is deprecated, use Nothing instead.
  likely near /home/vagrant/.julia/v0.7/FunctionWrappers/test/runtests.jl:16
in CallbackF64 at /home/vagrant/.julia/v0.7/FunctionWrappers/test/runtests.jl
As field: Error During Test at /home/vagrant/.julia/v0.7/FunctionWrappers/test/runtests.jl:22
  Test threw an exception of type ErrorException
  Expression: #= /home/vagrant/.julia/v0.7/FunctionWrappers/test/runtests.jl:22 =# @inferred(f2(1)) === sin(1)
  error compiling CallbackF64: error statically evaluating llvm IR argument
  Stacktrace:
   [1] macro expansion at /home/vagrant/.julia/v0.7/FunctionWrappers/test/runtests.jl:22 [inlined]
   [2] macro expansion at /buildworker/worker/package_linux64/build/usr/share/julia/site/v0.7/Test/src/Test.jl:1008 [inlined]
   [3] top-level scope at /home/vagrant/.julia/v0.7/FunctionWrappers/test/runtests.jl:17
WARNING: Base.Void is deprecated, use Nothing instead.
  likely near /home/vagrant/.julia/v0.7/FunctionWrappers/test/runtests.jl:16
in CallbackF64 at /home/vagrant/.julia/v0.7/FunctionWrappers/test/runtests.jl
As field: Error During Test at /home/vagrant/.julia/v0.7/FunctionWrappers/test/runtests.jl:23
  Test threw an exception of type ErrorException
  Expression: #= /home/vagrant/.julia/v0.7/FunctionWrappers/test/runtests.jl:23 =# @inferred(f3(1)) === 3.0
  error compiling CallbackF64: error statically evaluating llvm IR argument
  Stacktrace:
   [1] macro expansion at /home/vagrant/.julia/v0.7/FunctionWrappers/test/runtests.jl:23 [inlined]
   [2] macro expansion at /buildworker/worker/package_linux64/build/usr/share/julia/site/v0.7/Test/src/Test.jl:1008 [inlined]
   [3] top-level scope at /home/vagrant/.julia/v0.7/FunctionWrappers/test/runtests.jl:17
Test Summary: | Pass  Error  Total
As field      |    1      3      4
ERROR: LoadError: Some tests did not pass: 1 passed, 0 failed, 3 errored, 0 broken.
in expression starting at /home/vagrant/.julia/v0.7/FunctionWrappers/test/runtests.jl:16
┌ Error: ------------------------------------------------------------
│ # Testing failed for FunctionWrappers
│   exception =
│    failed process: Process(`/home/vagrant/julia/bin/julia -Cnative -J/home/vagrant/julia/lib/julia/sys.so --compile=yes --depwarn=yes --code-coverage=none --color=no --compiled-modules=yes --check-bounds=yes --warn-overwrite=yes --startup-file=yes /home/vagrant/.julia/v0.7/FunctionWrappers/test/runtests.jl`, ProcessExited(1)) [1]
│    Stacktrace:
│     [1] error(::String, ::Base.Process, ::String, ::Int64, ::String) at ./error.jl:42
│     [2] pipeline_error(::Base.Process) at ./process.jl:698
│     [3] run(::Cmd) at ./process.jl:660
│     [4] (::getfield(Pkg.Entry, Symbol("##89#92")){Bool,String,Array{AbstractString,1}})() at /buildworker/worker/package_linux64/build/usr/share/julia/site/v0.7/Pkg/src/entry.jl:731
│     [5] cd(::getfield(Pkg.Entry, Symbol("##89#92")){Bool,String,Array{AbstractString,1}}, ::String) at ./file.jl:70
│     [6] #test!#88(::Bool, ::Function, ::String, ::Array{AbstractString,1}, ::Array{AbstractString,1}, ::Array{AbstractString,1}) at /buildworker/worker/package_linux64/build/usr/share/julia/site/v0.7/Pkg/src/entry.jl:719
│     [7] (::getfield(Pkg.Entry, Symbol("#kw##test!")))(::NamedTuple{(:coverage,),Tuple{Bool}}, ::typeof(Pkg.Entry.test!), ::String, ::Array{AbstractString,1}, ::Array{AbstractString,1}, ::Array{AbstractString,1}) at ./<missing>:0
│     [8] #test#96(::Bool, ::Function, ::Array{AbstractString,1}) at /buildworker/worker/package_linux64/build/usr/share/julia/site/v0.7/Pkg/src/entry.jl:758
│     [9] (::getfield(Pkg.Entry, Symbol("#kw##test")))(::NamedTuple{(:coverage,),Tuple{Bool}}, ::typeof(Pkg.Entry.test), ::Array{AbstractString,1}) at ./<missing>:0
│     [10] (::getfield(Pkg.Dir, Symbol("##4#7")){Base.Iterators.Pairs{Symbol,Bool,Tuple{Symbol},NamedTuple{(:coverage,),Tuple{Bool}}},typeof(Pkg.Entry.test),Tuple{Array{AbstractString,1}}})() at /buildworker/worker/package_linux64/build/usr/share/julia/site/v0.7/Pkg/src/dir.jl:36
│     [11] cd(::getfield(Pkg.Dir, Symbol("##4#7")){Base.Iterators.Pairs{Symbol,Bool,Tuple{Symbol},NamedTuple{(:coverage,),Tuple{Bool}}},typeof(Pkg.Entry.test),Tuple{Array{AbstractString,1}}}, ::String) at ./file.jl:70
│     [12] #cd#1(::Base.Iterators.Pairs{Symbol,Bool,Tuple{Symbol},NamedTuple{(:coverage,),Tuple{Bool}}}, ::Function, ::Function, ::Array{AbstractString,1}, ::Vararg{Array{AbstractString,1},N} where N) at /buildworker/worker/package_linux64/build/usr/share/julia/site/v0.7/Pkg/src/dir.jl:36
│     [13] (::getfield(Pkg.Dir, Symbol("#kw##cd")))(::NamedTuple{(:coverage,),Tuple{Bool}}, ::typeof(Pkg.Dir.cd), ::Function, ::Array{AbstractString,1}, ::Vararg{Array{AbstractString,1},N} where N) at ./<missing>:0
│     [14] #test#3(::Bool, ::Function, ::String, ::Vararg{String,N} where N) at /buildworker/worker/package_linux64/build/usr/share/julia/site/v0.7/Pkg/src/Pkg.jl:275
│     [15] test(::String, ::Vararg{String,N} where N) at /buildworker/worker/package_linux64/build/usr/share/julia/site/v0.7/Pkg/src/Pkg.jl:275
│     [16] top-level scope
│     [17] eval at ./boot.jl:299 [inlined]
│     [18] eval(::Module, ::Expr) at ./sysimg.jl:71
│     [19] exec_options(::Base.JLOptions) at ./client.jl:309
│     [20] _start() at ./client.jl:447
└ @ Pkg.Entry entry.jl:734
ERROR: FunctionWrappers had test errors

>>> End of log
