>>> 'Pkg.add("Gasp")' log
INFO: Cloning cache of Gasp from https://github.com/kpamnany/Gasp.jl.git
INFO: Installing Gasp v0.1.0
INFO: Building Gasp
Compiling libgasp...
make: Entering directory `/home/vagrant/.julia/v0.6/Gasp/deps/gasp'
mpicc -Wall -std=c11 -D_GNU_SOURCE -fpic -I./include -I./src -O2 -c src/gasp.c -o src/gasp.o
make: mpicc: Command not found
make: *** [src/gasp.o] Error 127
make: Leaving directory `/home/vagrant/.julia/v0.6/Gasp/deps/gasp'
================================[ ERROR: Gasp ]=================================

LoadError: failed process: Process(`make -C gasp`, ProcessExited(2)) [2]
while loading /home/vagrant/.julia/v0.6/Gasp/deps/build.jl, in expression starting on line 8

================================================================================

================================[ BUILD ERRORS ]================================

WARNING: Gasp had build errors.

 - packages with build errors remain installed in /home/vagrant/.julia/v0.6
 - build the package(s) and all dependencies with `Pkg.build("Gasp")`
 - build a single package by running its `deps/build.jl` script

================================================================================
INFO: Package database updated
INFO: METADATA is out-of-date â€” you may not have the latest version of Gasp
INFO: Use `Pkg.update()` to get the latest versions of your packages

>>> 'Pkg.test("Gasp")' log
Julia Version 0.6.1
Commit 0d7248e2ff (2017-10-24 22:15 UTC)
Platform Info:
  OS: Linux (x86_64-pc-linux-gnu)
  CPU: Intel(R) Xeon(R) CPU E3-1241 v3 @ 3.50GHz
  WORD_SIZE: 64
           Ubuntu 14.04.5 LTS
  uname: Linux 3.13.0-135-generic #184-Ubuntu SMP Wed Oct 18 11:55:51 UTC 2017 x86_64 x86_64
Memory: 2.93927001953125 GB (942.42578125 MB free)
Uptime: 74385.0 sec
Load Avg:  0.96435546875  0.97802734375  0.9599609375
Intel(R) Xeon(R) CPU E3-1241 v3 @ 3.50GHz: 
       speed         user         nice          sys         idle          irq
#1  3500 MHz    4853417 s        131 s     205097 s    1288390 s         60 s
#2  3500 MHz    1339306 s       6634 s     128299 s    5829393 s          0 s

  BLAS: libopenblas (USE64BITINT DYNAMIC_ARCH NO_AFFINITY Nehalem)
  LAPACK: libopenblas64_
  LIBM: libopenlibm
  LLVM: libLLVM-3.9.1 (ORCJIT, haswell)
Environment:
  TERM = vt100
  LD_LIBRARY_PATH = :/usr/local/lib/
  PATH = /usr/local/sbin:/usr/local/bin:/usr/sbin:/usr/bin:/sbin:/bin:/usr/games:/usr/local/games:/home/vagrant/julia/bin/
  JAVA_HOME = /usr/lib/jvm/java-8-openjdk-amd64
  HOME = /home/vagrant

Package Directory: /home/vagrant/.julia/v0.6
2 required packages:
 - Gasp                          0.1.0
 - JSON                          0.16.1
1 additional packages:
 - Compat                        0.37.0
INFO: Testing Gasp
ERROR: LoadError: error compiling __init__: could not load library "/home/vagrant/.julia/v0.6/Gasp/src/../deps/gasp/libgasp.so"
/home/vagrant/.julia/v0.6/Gasp/src/../deps/gasp/libgasp.so: cannot open shared object file: No such file or directory
Stacktrace:
 [1] include_from_node1(::String) at ./loading.jl:576
 [2] include(::String) at ./sysimg.jl:14
 [3] anonymous at ./<missing>:2
while loading /home/vagrant/.julia/v0.6/Gasp/src/Gasp.jl, in expression starting on line 31
ERROR: LoadError: Failed to precompile Gasp to /home/vagrant/.julia/lib/v0.6/Gasp.ji.
Stacktrace:
 [1] compilecache(::String) at ./loading.jl:710
 [2] _require(::Symbol) at ./loading.jl:497
 [3] require(::Symbol) at ./loading.jl:405
 [4] include_from_node1(::String) at ./loading.jl:576
 [5] include(::String) at ./sysimg.jl:14
 [6] process_options(::Base.JLOptions) at ./client.jl:305
 [7] _start() at ./client.jl:371
while loading /home/vagrant/.julia/v0.6/Gasp/test/runtests.jl, in expression starting on line 1
================================[ ERROR: Gasp ]=================================

failed process: Process(`/home/vagrant/julia/bin/julia -Cx86-64 -J/home/vagrant/julia/lib/julia/sys.so --compile=yes --depwarn=yes --check-bounds=yes --code-coverage=none --color=no --compilecache=yes /home/vagrant/.julia/v0.6/Gasp/test/runtests.jl`, ProcessExited(1)) [1]

================================================================================
ERROR: Gasp had test errors

>>> End of log
