>>> 'Pkg.add("Gasp")' log
┌ Info: Cloning cache of Gasp from https://github.com/kpamnany/Gasp.jl.git
└                                                   @ Base.Pkg.Cache cache.jl:43
[ Info: Installing Gasp v0.1.0                     @ Base.Pkg.Entry entry.jl:543
[ Info: Building Gasp                                             @ Main none:10
┌ Warning: `is_linux` is deprecated, use `Sys.islinux` instead.
│   caller = top-level scope
└                                                                      @ Core :0
Compiling libgasp...
make: Entering directory `/home/vagrant/.julia/v0.7/Gasp/deps/gasp'
mpicc -Wall -std=c11 -D_GNU_SOURCE -fpic -I./include -I./src -O2 -c src/gasp.c -o src/gasp.o
make: mpicc: Command not found
make: *** [src/gasp.o] Error 127
make: Leaving directory `/home/vagrant/.julia/v0.7/Gasp/deps/gasp'
┌ Error: ------------------------------------------------------------
│ # Build failed for Gasp
│   exception =
│    LoadError: failed process: Process(`make -C gasp`, ProcessExited(2)) [2]
│    Stacktrace:
│     [1] error(::String, ::Base.Process, ::String, ::Int64, ::String) at ./error.jl:42
│     [2] pipeline_error(::Base.Process) at ./process.jl:707
│     [3] run(::Cmd) at ./process.jl:669
│     [4] top-level scope at /home/vagrant/.julia/v0.7/Gasp/deps/build.jl:8
│     [5] include at ./boot.jl:293 [inlined]
│     [6] include_relative(::Module, ::String) at ./loading.jl:521
│     [7] include at ./sysimg.jl:26 [inlined]
│     [8] include(::String) at ./loading.jl:555
│     [9] top-level scope
│     [10] eval at ./boot.jl:296 [inlined]
│     [11] eval at ./sysimg.jl:71 [inlined]
│     [12] evalfile(::String, ::Array{String,1}) at ./loading.jl:550 (repeats 2 times)
│     [13] #2 at ./none:12 [inlined]
│     [14] cd(::getfield(, Symbol("##2#5")){String}, ::String) at ./file.jl:70
│     [15] (::getfield(, Symbol("##1#3")))(::IOStream) at ./none:11
│     [16] open(::getfield(, Symbol("##1#3")), ::String, ::String) at ./iostream.jl:310
│     [17] top-level scope
│     [18] eval at ./boot.jl:296 [inlined]
│     [19] eval(::Module, ::Expr) at ./sysimg.jl:71
│     [20] process_options(::Base.JLOptions) at ./client.jl:301
│     [21] _start() at ./client.jl:375
│    in expression starting at /home/vagrant/.julia/v0.7/Gasp/deps/build.jl:8
└                                                                 @ Main none:15
┌ Warning: ------------------------------------------------------------
│ # Build error summary
│ 
│ Gasp had build errors.
│ 
│  - packages with build errors remain installed in /home/vagrant/.julia/v0.7
│  - build the package(s) and all dependencies with `Pkg.build("Gasp")`
│  - build a single package by running its `deps/build.jl` script
└                                                  @ Base.Pkg.Entry entry.jl:656
[ Info: Package database updated                    @ Base.Pkg.Entry entry.jl:32

>>> 'Pkg.test("Gasp")' log
Julia Version 0.7.0-DEV.3354
Commit 9b5eed2b6c (2018-01-09 08:03 UTC)
Platform Info:
  OS: Linux (x86_64-pc-linux-gnu)
      Ubuntu 14.04.5 LTS
  uname: Linux 3.13.0-135-generic #184-Ubuntu SMP Wed Oct 18 11:55:51 UTC 2017 x86_64 x86_64
  CPU: Intel(R) Xeon(R) CPU E3-1241 v3 @ 3.50GHz: 
              speed         user         nice          sys         idle          irq
       #1  3505 MHz      61042 s        114 s       4981 s     110883 s          0 s
       #2  3505 MHz      11553 s         44 s       2685 s     176469 s          0 s
       
  Memory: 2.93927001953125 GB (913.625 MB free)
  Uptime: 1935.0 sec
  Load Avg:  0.99365234375  0.919921875  0.61669921875
  WORD_SIZE: 64
  BLAS: libopenblas (USE64BITINT DYNAMIC_ARCH NO_AFFINITY Nehalem)
  LAPACK: libopenblas64_
  LIBM: libopenlibm
  LLVM: libLLVM-3.9.1 (ORCJIT, haswell)
Environment:
  TERM = vt100
  LD_LIBRARY_PATH = :/usr/local/lib/
  PATH = /usr/local/sbin:/usr/local/bin:/usr/sbin:/usr/bin:/sbin:/bin:/usr/games:/usr/local/games:/home/vagrant/julia/bin/
  JAVA_HOME = /usr/lib/jvm/java-8-openjdk-amd64
  HOME = /home/vagrant
Packages:
  Package Directory: /home/vagrant/.julia/v0.7
  Package Status:
2 required packages:
 - Gasp                          0.1.0
 - JSON                          0.16.3
2 additional packages:
 - Compat                        0.46.0
 - Nullables                     0.0.3
[ Info: Testing Gasp                               @ Base.Pkg.Entry entry.jl:723
WARNING: importing deprecated binding Base.Void into Gasp.
WARNING: Base.Void is deprecated, use Nothing instead.
  likely near /home/vagrant/.julia/v0.7/Gasp/src/Gasp.jl:7
WARNING: Base.Void is deprecated, use Nothing instead.
  likely near /home/vagrant/.julia/v0.7/Gasp/src/Gasp.jl:21
WARNING: Base.Void is deprecated, use Nothing instead.
  likely near /home/vagrant/.julia/v0.7/Gasp/src/Gasp.jl:31
WARNING: Base.Void is deprecated, use Nothing instead.
  likely near /home/vagrant/.julia/v0.7/Gasp/src/Gasp.jl:31
WARNING: Base.Void is deprecated, use Nothing instead.
  likely near /home/vagrant/.julia/v0.7/Gasp/src/Gasp.jl:31
WARNING: Base.Void is deprecated, use Nothing instead.
  likely near /home/vagrant/.julia/v0.7/Gasp/src/Gasp.jl:31
ERROR: LoadError: error compiling __init__: could not load library "/home/vagrant/.julia/v0.7/Gasp/src/../deps/gasp/libgasp.so"
/home/vagrant/.julia/v0.7/Gasp/src/../deps/gasp/libgasp.so: cannot open shared object file: No such file or directory
Stacktrace:
 [1] top-level scope
 [2] include at ./boot.jl:293 [inlined]
 [3] include_relative(::Module, ::String) at ./loading.jl:521
 [4] include(::Module, ::String) at ./sysimg.jl:26
 [5] top-level scope
 [6] eval at ./boot.jl:296 [inlined]
 [7] top-level scope at ./<missing>:2
in expression starting at /home/vagrant/.julia/v0.7/Gasp/src/Gasp.jl:31
ERROR: LoadError: Failed to precompile Gasp to /home/vagrant/.julia/lib/v0.7/Gasp.ji.
Stacktrace:
 [1] error at ./error.jl:33 [inlined]
 [2] compilecache(::String) at ./loading.jl:648
 [3] compilecache at ./loading.jl:605 [inlined]
 [4] _require(::Symbol) at ./loading.jl:460
 [5] require(::Symbol) at ./loading.jl:333
 [6] include at ./boot.jl:293 [inlined]
 [7] include_relative(::Module, ::String) at ./loading.jl:521
 [8] include(::Module, ::String) at ./sysimg.jl:26
 [9] process_options(::Base.JLOptions) at ./client.jl:324
 [10] _start() at ./client.jl:375
in expression starting at /home/vagrant/.julia/v0.7/Gasp/test/runtests.jl:1
┌ Error: ------------------------------------------------------------
│ # Testing failed for Gasp
│   exception =
│    failed process: Process(`/home/vagrant/julia/bin/julia -Cnative -J/home/vagrant/julia/lib/julia/sys.so --compile=yes --depwarn=yes --code-coverage=none --color=no --compiled-modules=yes --check-bounds=yes --warn-overwrite=yes --startup-file=yes /home/vagrant/.julia/v0.7/Gasp/test/runtests.jl`, ProcessExited(1)) [1]
│    Stacktrace:
│     [1] error(::String, ::Base.Process, ::String, ::Int64, ::String) at ./error.jl:42
│     [2] pipeline_error(::Base.Process) at ./process.jl:707
│     [3] run(::Cmd) at ./process.jl:669
│     [4] (::getfield(Base.Pkg.Entry, Symbol("##91#94")){Bool,String,Array{AbstractString,1}})() at ./pkg/entry.jl:736
│     [5] cd(::getfield(Base.Pkg.Entry, Symbol("##91#94")){Bool,String,Array{AbstractString,1}}, ::String) at ./file.jl:70
│     [6] #test!#90(::Bool, ::Function, ::String, ::Array{AbstractString,1}, ::Array{AbstractString,1}, ::Array{AbstractString,1}) at ./pkg/entry.jl:724
│     [7] (::getfield(Base.Pkg.Entry, Symbol("#kw##test!")))(::NamedTuple{(:coverage,),Tuple{Bool}}, ::typeof(Base.Pkg.Entry.test!), ::String, ::Array{AbstractString,1}, ::Array{AbstractString,1}, ::Array{AbstractString,1}) at ./<missing>:0
│     [8] #test#98(::Bool, ::Function, ::Array{AbstractString,1}) at ./pkg/entry.jl:763
│     [9] (::getfield(Base.Pkg.Entry, Symbol("#kw##test")))(::NamedTuple{(:coverage,),Tuple{Bool}}, ::typeof(Base.Pkg.Entry.test), ::Array{AbstractString,1}) at ./<missing>:0
│     [10] (::getfield(Base.Pkg.Dir, Symbol("##4#7")){Base.Iterators.IndexValue{Symbol,Bool,Tuple{Symbol},NamedTuple{(:coverage,),Tuple{Bool}}},typeof(Base.Pkg.Entry.test),Tuple{Array{AbstractString,1}}})() at ./pkg/dir.jl:36
│     [11] cd(::getfield(Base.Pkg.Dir, Symbol("##4#7")){Base.Iterators.IndexValue{Symbol,Bool,Tuple{Symbol},NamedTuple{(:coverage,),Tuple{Bool}}},typeof(Base.Pkg.Entry.test),Tuple{Array{AbstractString,1}}}, ::String) at ./file.jl:70
│     [12] #cd#1(::Base.Iterators.IndexValue{Symbol,Bool,Tuple{Symbol},NamedTuple{(:coverage,),Tuple{Bool}}}, ::Function, ::Function, ::Array{AbstractString,1}, ::Vararg{Array{AbstractString,1},N} where N) at ./pkg/dir.jl:36
│     [13] (::getfield(Base.Pkg.Dir, Symbol("#kw##cd")))(::NamedTuple{(:coverage,),Tuple{Bool}}, ::typeof(Base.Pkg.Dir.cd), ::Function, ::Array{AbstractString,1}, ::Vararg{Array{AbstractString,1},N} where N) at ./<missing>:0
│     [14] #test#3(::Bool, ::Function, ::String, ::Vararg{String,N} where N) at ./pkg/pkg.jl:274
│     [15] test(::String, ::Vararg{String,N} where N) at ./pkg/pkg.jl:274
│     [16] top-level scope
│     [17] eval at ./boot.jl:296 [inlined]
│     [18] eval(::Module, ::Expr) at ./sysimg.jl:71
│     [19] process_options(::Base.JLOptions) at ./client.jl:301
│     [20] _start() at ./client.jl:375
└                                                  @ Base.Pkg.Entry entry.jl:739
ERROR: Gasp had test errors

>>> End of log
