>>> 'Pkg.add("JuliaKara")' log
WARNING: Base.Pkg is deprecated, run `using Pkg` instead
 in module Main
[ Info: Cloning cache of JuliaKara from https://github.com/sebastianpech/JuliaKara.jl.git
[ Info: Installing BinDeps v0.8.8
[ Info: Installing Cairo v0.5.1
[ Info: Installing ColorTypes v0.6.7
[ Info: Installing Colors v0.8.2
[ Info: Installing FixedPointNumbers v0.4.6
[ Info: Installing Graphics v0.3.0
[ Info: Installing Gtk v0.13.1
[ Info: Installing JuliaKara v0.0.3
[ Info: Installing LightXML v0.6.0
[ Info: Installing NaNMath v0.3.1
[ Info: Installing Reexport v0.1.0
[ Info: Installing SHA v0.5.7
[ Info: Installing URIParser v0.3.1
[ Info: Building Cairo
┌ Warning: `is_apple` is deprecated, use `Sys.isapple` instead.
│   caller = top-level scope
└ @ Core :0
┌ Warning: `is_linux` is deprecated, use `Sys.islinux` instead.
│   caller = xx(::String, ::Vararg{String,N} where N) at build.jl:113
└ @ Main.__anon__ build.jl:113
┌ Warning: `is_linux` is deprecated, use `Sys.islinux` instead.
│   caller = top-level scope
└ @ Core :0
┌ Warning: `is_apple` is deprecated, use `Sys.isapple` instead.
│   caller = top-level scope
└ @ Core :0
┌ Warning: `similar(a::AbstractDict)` is deprecated, use `empty(a)` instead.
│   caller = adjust_env(::Dict{AbstractString,AbstractString}) at BinDeps.jl:388
└ @ BinDeps BinDeps.jl:388
┌ Warning: `replace(s::AbstractString, pat, f)` is deprecated, use `replace(s, pat => f)` instead.
│   caller = top-level scope
└ @ Core :0
┌ Warning: `replace(s::AbstractString, pat, f)` is deprecated, use `replace(s, pat => f)` instead.
│   caller = top-level scope
└ @ Core :0
[ Info: Building Gtk
┌ Warning: `is_linux` is deprecated, use `Sys.islinux` instead.
│   caller = top-level scope
└ @ Core :0
┌ Warning: `is_windows` is deprecated, use `Sys.iswindows` instead.
│   caller = top-level scope
└ @ Core :0
┌ Warning: `is_apple` is deprecated, use `Sys.isapple` instead.
│   caller = top-level scope
└ @ Core :0
[ Info: Building LightXML
[ Info: Package database updated

>>> 'Pkg.test("JuliaKara")' log
WARNING: Base.versioninfo is deprecated: it has been moved to the standard library package `InteractiveUtils`.
Add `using InteractiveUtils` to your imports.
 in module Main
WARNING: Base.versioninfo is deprecated: it has been moved to the standard library package `InteractiveUtils`.
Add `using InteractiveUtils` to your imports.
 in module Main
Julia Version 0.7.0-DEV.4925
Commit 55d4808a62 (2018-04-21 19:20 UTC)
Platform Info:
  OS: Linux (x86_64-pc-linux-gnu)
      Ubuntu 14.04.5 LTS
  uname: Linux 3.13.0-143-generic #192-Ubuntu SMP Tue Feb 27 10:45:36 UTC 2018 x86_64 x86_64
  CPU: Intel(R) Xeon(R) CPU E3-1241 v3 @ 3.50GHz: 
              speed         user         nice          sys         idle          irq
       #1  3500 MHz    2262176 s       7182 s     186140 s     670461 s         15 s
       #2  3500 MHz     584947 s        364 s      67908 s    2912607 s          0 s
       
  Memory: 2.939197540283203 GB (1296.8046875 MB free)
  Uptime: 36375.0 sec
  Load Avg:  1.00390625  1.0146484375  0.96533203125
  WORD_SIZE: 64
  LIBM: libopenlibm
  LLVM: libLLVM-3.9.1 (ORCJIT, haswell)
Environment:
  TERM = vt100
  LD_LIBRARY_PATH = :/usr/local/lib/
  PATH = /usr/local/sbin:/usr/local/bin:/usr/sbin:/usr/bin:/sbin:/bin:/usr/games:/usr/local/games:/home/vagrant/julia/bin/
  JAVA_HOME = /usr/lib/jvm/java-8-openjdk-amd64
  HOME = /home/vagrant
Packages:
  Package Directory: /home/vagrant/.julia/v0.7
  Package Status:
2 required packages:
 - JSON                          0.17.2
 - JuliaKara                     0.0.3
14 additional packages:
 - BinDeps                       0.8.8
 - Cairo                         0.5.1
 - ColorTypes                    0.6.7
 - Colors                        0.8.2
 - Compat                        0.64.0
 - FixedPointNumbers             0.4.6
 - Graphics                      0.3.0
 - Gtk                           0.13.1
 - LightXML                      0.6.0
 - NaNMath                       0.3.1
 - Nullables                     0.0.5
 - Reexport                      0.1.0
 - SHA                           0.5.7
 - URIParser                     0.3.1
WARNING: Base.Pkg is deprecated, run `using Pkg` instead
 in module Main
[ Info: Testing JuliaKara
WARNING: Base.Test is deprecated, run `using Test` instead
  likely near /home/vagrant/.julia/v0.7/JuliaKara/test/test_actorsworld.jl:2
┌ Warning: Deprecated syntax `multiple line breaks between doc string and object` at /home/vagrant/.julia/v0.7/JuliaKara/src/ActorsWorld.jl:328.
│ Use `at most one line break` instead.
└ @ nothing ActorsWorld.jl:328
┌ Warning: `findnext(A, v, i::Integer)` is deprecated, use `coalesce(findnext(isequal(v), A, i), 0)` instead.
│   caller = actor_delete!(::Main.actor_world_test.ActorsWorld.World, ::Main.actor_world_test.ActorsWorld.Actor) at ActorsWorld.jl:358
└ @ Main.actor_world_test.ActorsWorld ActorsWorld.jl:358
┌ Warning: `findnext(A, v, i::Integer)` is deprecated, use `coalesce(findnext(isequal(v), A, i), 0)` instead.
│   caller = actor_delete! at ActorsWorld.jl:358 [inlined]
└ @ Core ActorsWorld.jl:358
Test Summary: | Pass  Total
Actors-World  |   43     43
WARNING: Base.Test is deprecated, run `using Test` instead
  likely near /home/vagrant/.julia/v0.7/JuliaKara/test/test_kara_01.jl:2
┌ Warning: Deprecated syntax `multiple line breaks between doc string and object` at /home/vagrant/.julia/v0.7/JuliaKara/src/ActorsWorld.jl:328.
│ Use `at most one line break` instead.
└ @ nothing ActorsWorld.jl:328
┌ Warning: `findnext(A, v, i::Integer)` is deprecated, use `coalesce(findnext(isequal(v), A, i), 0)` instead.
│   caller = actor_delete! at ActorsWorld.jl:358 [inlined]
└ @ Core ActorsWorld.jl:358
Test Summary:        | Pass  Total
JuliaKara Example 01 |   17     17
Test Summary:    | Pass  Total
JuliaKara Bounds |    4      4
WARNING: Base.Test is deprecated, run `using Test` instead
  likely near /home/vagrant/.julia/v0.7/JuliaKara/test/test_xml.jl:3
┌ Warning: Deprecated syntax `multiple line breaks between doc string and object` at /home/vagrant/.julia/v0.7/JuliaKara/src/ActorsWorld.jl:328.
│ Use `at most one line break` instead.
└ @ nothing ActorsWorld.jl:328
JuliaKara XML: Error During Test at /home/vagrant/.julia/v0.7/JuliaKara/test/test_xml.jl:6
  Got exception ErrorException("error compiling xml_load_world: error compiling parse_file: could not load library \"libxml2\"\nlibxml2.so: cannot open shared object file: No such file or directory") outside of a @test
  error compiling xml_load_world: error compiling parse_file: could not load library "libxml2"
  libxml2.so: cannot open shared object file: No such file or directory
  Stacktrace:
   [1] macro expansion at /home/vagrant/.julia/v0.7/JuliaKara/test/test_xml.jl:8 [inlined]
   [2] macro expansion at /buildworker/worker/package_linux64/build/usr/share/julia/stdlib/v0.7/Test/src/Test.jl:1022 [inlined]
   [3] top-level scope at /home/vagrant/.julia/v0.7/JuliaKara/test/test_xml.jl:7
   [4] include at ./boot.jl:314 [inlined]
   [5] include_relative(::Module, ::String) at ./loading.jl:1067
   [6] include(::Module, ::String) at ./sysimg.jl:29
   [7] include(::String) at ./sysimg.jl:68
   [8] top-level scope
   [9] include at ./boot.jl:314 [inlined]
   [10] include_relative(::Module, ::String) at ./loading.jl:1067
   [11] include(::Module, ::String) at ./sysimg.jl:29
   [12] exec_options(::Base.JLOptions) at ./client.jl:327
   [13] _start() at ./client.jl:455
Test Summary: | Error  Total
JuliaKara XML |     1      1
ERROR: LoadError: LoadError: Some tests did not pass: 0 passed, 0 failed, 1 errored, 0 broken.
in expression starting at /home/vagrant/.julia/v0.7/JuliaKara/test/test_xml.jl:6
in expression starting at /home/vagrant/.julia/v0.7/JuliaKara/test/runtests.jl:3
┌ Error: ------------------------------------------------------------
│ # Testing failed for JuliaKara
│   exception =
│    failed process: Process(`/home/vagrant/julia/bin/julia -Cnative -J/home/vagrant/julia/lib/julia/sys.so --compile=yes --depwarn=yes --code-coverage=none --color=no --compiled-modules=yes --check-bounds=yes --warn-overwrite=yes --startup-file=yes /home/vagrant/.julia/v0.7/JuliaKara/test/runtests.jl`, ProcessExited(1)) [1]
│    Stacktrace:
│     [1] error(::String, ::Base.Process, ::String, ::Int64, ::String) at ./error.jl:42
│     [2] pipeline_error(::Base.Process) at ./process.jl:712
│     [3] #run#533(::Bool, ::Function, ::Cmd) at ./process.jl:670
│     [4] run at ./process.jl:668 [inlined]
│     [5] (::getfield(Pkg.Entry, Symbol("##56#57")){Bool,String,Array{AbstractString,1}})() at /buildworker/worker/package_linux64/build/usr/share/julia/stdlib/v0.7/Pkg/src/entry.jl:729
│     [6] cd(::getfield(Pkg.Entry, Symbol("##56#57")){Bool,String,Array{AbstractString,1}}, ::String) at ./file.jl:72
│     [7] #test!#55(::Bool, ::Function, ::String, ::Array{AbstractString,1}, ::Array{AbstractString,1}, ::Array{AbstractString,1}) at /buildworker/worker/package_linux64/build/usr/share/julia/stdlib/v0.7/Pkg/src/entry.jl:717
│     [8] (::getfield(Pkg.Entry, Symbol("#kw##test!")))(::NamedTuple{(:coverage,),Tuple{Bool}}, ::typeof(Pkg.Entry.test!), ::String, ::Array{AbstractString,1}, ::Array{AbstractString,1}, ::Array{AbstractString,1}) at ./<missing>:0
│     [9] #test#59(::Bool, ::Function, ::Array{AbstractString,1}) at /buildworker/worker/package_linux64/build/usr/share/julia/stdlib/v0.7/Pkg/src/entry.jl:756
│     [10] #test at ./<missing>:0 [inlined]
│     [11] #4 at /buildworker/worker/package_linux64/build/usr/share/julia/stdlib/v0.7/Pkg/src/dir.jl:36 [inlined]
│     [12] cd(::getfield(Pkg.Dir, Symbol("##4#7")){Base.Iterators.Pairs{Symbol,Bool,Tuple{Symbol},NamedTuple{(:coverage,),Tuple{Bool}}},typeof(Pkg.Entry.test),Tuple{Array{AbstractString,1}}}, ::String) at ./file.jl:72
│     [13] #cd#1(::Base.Iterators.Pairs{Symbol,Bool,Tuple{Symbol},NamedTuple{(:coverage,),Tuple{Bool}}}, ::Function, ::Function, ::Array{AbstractString,1}, ::Vararg{Array{AbstractString,1},N} where N) at /buildworker/worker/package_linux64/build/usr/share/julia/stdlib/v0.7/Pkg/src/dir.jl:36
│     [14] (::getfield(Pkg.Dir, Symbol("#kw##cd")))(::NamedTuple{(:coverage,),Tuple{Bool}}, ::typeof(Pkg.Dir.cd), ::Function, ::Array{AbstractString,1}, ::Vararg{Array{AbstractString,1},N} where N) at ./<missing>:0
│     [15] #test#3(::Bool, ::Function, ::String, ::Vararg{String,N} where N) at /buildworker/worker/package_linux64/build/usr/share/julia/stdlib/v0.7/Pkg/src/Pkg.jl:278
│     [16] test(::String, ::Vararg{String,N} where N) at /buildworker/worker/package_linux64/build/usr/share/julia/stdlib/v0.7/Pkg/src/Pkg.jl:278
│     [17] top-level scope
│     [18] eval at ./boot.jl:317 [inlined]
│     [19] eval(::Module, ::Expr) at ./sysimg.jl:74
│     [20] exec_options(::Base.JLOptions) at ./client.jl:304
│     [21] _start() at ./client.jl:455
└ @ Pkg.Entry entry.jl:732
ERROR: JuliaKara had test errors

>>> End of log
