>>> 'Pkg.add("KernelEstimator")' log
INFO: Cloning cache of KernelEstimator from https://github.com/panlanfeng/KernelEstimator.jl.git
INFO: Installing BinDeps v0.6.0
INFO: Installing Calculus v0.2.2
INFO: Installing CommonSubexpressions v0.0.1
INFO: Installing Cubature v1.2.1
INFO: Installing DataStructures v0.6.0
INFO: Installing DiffBase v0.2.0
INFO: Installing Distributions v0.14.1
INFO: Installing ForwardDiff v0.5.0
INFO: Installing KernelEstimator v0.2.1
INFO: Installing LineSearches v2.2.1
INFO: Installing NLSolversBase v2.1.3
INFO: Installing NaNMath v0.2.5
INFO: Installing Optim v0.9.2
INFO: Installing PDMats v0.7.0
INFO: Installing Parameters v0.7.2
INFO: Installing PositiveFactorizations v0.0.4
INFO: Installing QuadGK v0.1.2
INFO: Installing RealInterface v0.0.2
INFO: Installing Rmath v0.1.7
INFO: Installing SHA v0.3.3
INFO: Installing SpecialFunctions v0.1.1
INFO: Installing StaticArrays v0.6.0
INFO: Installing StatsBase v0.17.0
INFO: Installing StatsFuns v0.5.0
INFO: Installing URIParser v0.1.8
INFO: Installing Yeppp v0.1.0
INFO: Building Cubature
INFO: Installing Cubature 1.0.2 library...

gzip: stdin: unexpected end of file
tar: Unexpected EOF in archive
tar: Unexpected EOF in archive
tar: Error is not recoverable: exiting now
==============================[ ERROR: Cubature ]===============================

LoadError: failed process: Process(`tar xzf cubature-1.0.2.tar.gz --directory=.`, ProcessExited(2)) [2]
while loading /home/vagrant/.julia/v0.6/Cubature/deps/build.jl, in expression starting on line 19

================================================================================
INFO: Building Rmath
INFO: Building Yeppp

================================[ BUILD ERRORS ]================================

WARNING: Cubature had build errors.

 - packages with build errors remain installed in /home/vagrant/.julia/v0.6
 - build the package(s) and all dependencies with `Pkg.build("Cubature")`
 - build a single package by running its `deps/build.jl` script

================================================================================
INFO: Package database updated
INFO: METADATA is out-of-date â€” you may not have the latest version of KernelEstimator
INFO: Use `Pkg.update()` to get the latest versions of your packages

>>> 'Pkg.test("KernelEstimator")' log
Julia Version 0.6.0
Commit 9036443 (2017-06-19 13:05 UTC)
Platform Info:
  OS: Linux (x86_64-pc-linux-gnu)
  CPU: Intel(R) Xeon(R) CPU E3-1241 v3 @ 3.50GHz
  WORD_SIZE: 64
           Ubuntu 14.04.5 LTS
  uname: Linux 3.13.0-121-generic #170-Ubuntu SMP Wed Jun 14 09:04:33 UTC 2017 x86_64 x86_64
Memory: 2.9392738342285156 GB (1081.6796875 MB free)
Uptime: 81108.0 sec
Load Avg:  0.9970703125  0.98876953125  0.94189453125
Intel(R) Xeon(R) CPU E3-1241 v3 @ 3.50GHz: 
       speed         user         nice          sys         idle          irq
#1  3500 MHz    5137795 s       4661 s     245420 s    1468989 s         43 s
#2  3500 MHz    1264568 s       3342 s     147273 s    6543057 s          0 s

  BLAS: libopenblas (USE64BITINT DYNAMIC_ARCH NO_AFFINITY Nehalem)
  LAPACK: libopenblas64_
  LIBM: libopenlibm
  LLVM: libLLVM-3.9.1 (ORCJIT, haswell)
Environment:
  TERM = vt100
  LD_LIBRARY_PATH = :/usr/local/lib/
  PATH = /usr/local/sbin:/usr/local/bin:/usr/sbin:/usr/bin:/sbin:/bin:/usr/games:/usr/local/games:/home/vagrant/julia/bin/
  JAVA_HOME = /usr/lib/jvm/java-8-openjdk-amd64
  HOME = /home/vagrant

Package Directory: /home/vagrant/.julia/v0.6
2 required packages:
 - JSON                          0.13.0
 - KernelEstimator               0.2.1
27 additional packages:
 - BinDeps                       0.6.0
 - Calculus                      0.2.2
 - CommonSubexpressions          0.0.1
 - Compat                        0.26.0
 - Cubature                      1.2.1
 - DataStructures                0.6.0
 - DiffBase                      0.2.0
 - Distributions                 0.14.1
 - ForwardDiff                   0.5.0
 - LineSearches                  2.2.1
 - NLSolversBase                 2.1.3
 - NaNMath                       0.2.5
 - Optim                         0.9.2
 - PDMats                        0.7.0
 - Parameters                    0.7.2
 - PositiveFactorizations        0.0.4
 - QuadGK                        0.1.2
 - RealInterface                 0.0.2
 - Rmath                         0.1.7
 - SHA                           0.3.3
 - SpecialFunctions              0.1.1
 - StaticArrays                  0.6.0
 - StatsBase                     0.17.0
 - StatsFuns                     0.5.0
 - URIParser                     0.1.8
 - Yeppp                         0.1.0
 - tmp                           0.0.0-             non-repo (unregistered)
INFO: Testing KernelEstimator
ERROR: LoadError: LoadError: error compiling cubature: error compiling #17: could not load library "/home/vagrant/.julia/v0.6/Cubature/src/../deps/libcubature"
/home/vagrant/.julia/v0.6/Cubature/src/../deps/libcubature.so: cannot open shared object file: No such file or directory
Stacktrace:
 [1] #pquadrature#34(::Float64, ::Int64, ::Int64, ::Function, ::Function, ::Float64, ::Float64) at /home/vagrant/.julia/v0.6/Cubature/src/Cubature.jl:232
 [2] (::Cubature.#kw##pquadrature)(::Array{Any,1}, ::Cubature.#pquadrature, ::Function, ::Float64, ::Float64) at ./<missing>:0
 [3] Jh(::Array{Float64,1}, ::KernelEstimator.#gaussiankernel, ::Float64, ::Array{Float64,1}, ::Int64, ::Float64, ::Float64) at /home/vagrant/.julia/v0.6/KernelEstimator/src/bandwidth.jl:47
 [4] #optimize#79(::Float64, ::Float64, ::Int64, ::Bool, ::Bool, ::Void, ::Int64, ::Bool, ::Optim.#optimize, ::KernelEstimator.##37#42{Array{Float64,1},KernelEstimator.#gaussiankernel,Int64,Array{Float64,1}}, ::Float64, ::Float64, ::Optim.Brent) at /home/vagrant/.julia/v0.6/Optim/src/univariate/solvers/brent.jl:51
 [5] (::Optim.#kw##optimize)(::Array{Any,1}, ::Optim.#optimize, ::KernelEstimator.##37#42{Array{Float64,1},KernelEstimator.#gaussiankernel,Int64,Array{Float64,1}}, ::Float64, ::Float64, ::Optim.Brent) at ./<missing>:0
 [6] #optimize#80(::Optim.Brent, ::Float64, ::Float64, ::Int64, ::Bool, ::Bool, ::Void, ::Int64, ::Bool, ::Optim.#optimize, ::KernelEstimator.##37#42{Array{Float64,1},KernelEstimator.#gaussiankernel,Int64,Array{Float64,1}}, ::Float64, ::Float64) at /home/vagrant/.julia/v0.6/Optim/src/univariate/optimize/interface.jl:22
 [7] (::Optim.#kw##optimize)(::Array{Any,1}, ::Optim.#optimize, ::KernelEstimator.##37#42{Array{Float64,1},KernelEstimator.#gaussiankernel,Int64,Array{Float64,1}}, ::Float64, ::Float64) at ./<missing>:0
 [8] bwlscv(::Array{Float64,1}, ::Function) at /home/vagrant/.julia/v0.6/KernelEstimator/src/bandwidth.jl:115
 [9] include_from_node1(::String) at ./loading.jl:569
 [10] include(::String) at ./sysimg.jl:14
 [11] include_from_node1(::String) at ./loading.jl:569
 [12] include(::String) at ./sysimg.jl:14
 [13] process_options(::Base.JLOptions) at ./client.jl:305
 [14] _start() at ./client.jl:371
while loading /home/vagrant/.julia/v0.6/KernelEstimator/test/testreg.jl, in expression starting on line 6
while loading /home/vagrant/.julia/v0.6/KernelEstimator/test/runtests.jl, in expression starting on line 5
===========================[ ERROR: KernelEstimator ]===========================

failed process: Process(`/home/vagrant/julia/bin/julia -Cx86-64 -J/home/vagrant/julia/lib/julia/sys.so --compile=yes --depwarn=yes --check-bounds=yes --code-coverage=none --color=no --compilecache=yes /home/vagrant/.julia/v0.6/KernelEstimator/test/runtests.jl`, ProcessExited(1)) [1]

================================================================================
ERROR: KernelEstimator had test errors

>>> End of log
