>>> 'Pkg.add("KNITRO")' log
INFO: Installing Docile v0.3.1
INFO: Installing KNITRO v0.0.1
INFO: Installing MathProgBase v0.3.2
INFO: Package database updated

>>> 'using KNITRO' log

WARNING: deprecated syntax "{a=>b, ...}" at /home/idunning/pkgtest/.julia/v0.4/Docile/src/Docile.jl:31.
Use "Dict{Any,Any}(a=>b, ...)" instead.
Julia Version 0.4.0-dev+1108
Commit 8c02093 (2014-10-15 21:52 UTC)
Platform Info:
  System: Linux (x86_64-unknown-linux-gnu)
  CPU: Intel(R) Xeon(R) CPU E5-2650 0 @ 2.00GHz
  WORD_SIZE: 64
  BLAS: libopenblas (USE64BITINT DYNAMIC_ARCH NO_AFFINITY Sandybridge)
  LAPACK: libopenblas
  LIBM: libopenlibm
  LLVM: libLLVM-3.3

>>> test log

WARNING: deprecated syntax "{a=>b, ...}" at /home/idunning/pkgtest/.julia/v0.4/Docile/src/Docile.jl:31.
Use "Dict{Any,Any}(a=>b, ...)" instead.

ERROR: error compiling createProblem: error compiling KnitroProblem: could not load module libknitro: libknitro: cannot open shared object file: No such file or directory
 in include at ./boot.jl:245
 in include_from_node1 at ./loading.jl:128
 in include at ./boot.jl:245
 in include_from_node1 at ./loading.jl:128
 in include at ./boot.jl:245
 in include_from_node1 at loading.jl:128
 in process_options at ./client.jl:293
 in _start at ./client.jl:362
 in _start_3B_3806 at /home/idunning/julia04/usr/bin/../lib/julia/sys.so
while loading /home/idunning/pkgtest/.julia/v0.4/KNITRO/test/../examples/hs015_tuner.jl, in expression starting on line 75
while loading /home/idunning/pkgtest/.julia/v0.4/KNITRO/test/testexamples.jl, in expression starting on line 1
while loading /home/idunning/pkgtest/.julia/v0.4/KNITRO/test/runtests.jl, in expression starting on line 1
INFO: Testing KNITRO
===============================[ ERROR: KNITRO ]================================

failed process: Process(`/home/idunning/julia04/usr/bin/julia /home/idunning/pkgtest/.julia/v0.4/KNITRO/test/runtests.jl`, ProcessExited(1)) [1]

================================================================================
INFO: No packages to install, update or remove
ERROR: KNITRO had test errors
 in error at error.jl:21
 in test at pkg/entry.jl:719
 in anonymous at pkg/dir.jl:28
 in cd at ./file.jl:20
 in cd at pkg/dir.jl:28
 in test at pkg.jl:68
 in process_options at ./client.jl:221
 in _start at ./client.jl:362
 in _start_3B_3806 at /home/idunning/julia04/usr/bin/../lib/julia/sys.so


>>> end of log
