>>> 'Pkg.add("LaTeX_Entities")' log
WARNING: Base.Pkg is deprecated, run `using Pkg` instead
 in module Main
[ Info: Cloning cache of LaTeX_Entities from https://github.com/JuliaString/LaTeX_Entities.jl.git
[ Info: Installing LaTeX_Entities v0.2.1
[ Info: Installing LightXML v0.6.0
[ Info: Installing StrTables v0.2.0
[ Info: Building LightXML
[ Info: Building LaTeX_Entities
Running LaTeX build in /home/vagrant/.julia/v0.7/LaTeX_Entities/deps
Creating tables
error compiling make_tables: error compiling get_math_symbols: error compiling parse_file: could not load library "libxml2"
libxml2.so: cannot open shared object file: No such file or directory
Stacktrace:
 [1] top-level scope at /home/vagrant/.julia/v0.7/LaTeX_Entities/deps/build.jl:400
 [2] include at ./boot.jl:314 [inlined]
 [3] include_relative(::Module, ::String) at ./loading.jl:1067
 [4] include at ./sysimg.jl:29 [inlined]
 [5] include(::String) at ./loading.jl:1101
 [6] top-level scope
 [7] eval at ./boot.jl:317 [inlined]
 [8] eval at ./sysimg.jl:74 [inlined]
 [9] evalfile(::String, ::Array{String,1}) at ./loading.jl:1096 (repeats 2 times)
 [10] #4 at ./none:13 [inlined]
 [11] cd(::getfield(Main, Symbol("##4#6")){String}, ::String) at ./file.jl:72
 [12] (::getfield(Main, Symbol("##3#5")))(::IOStream) at ./none:12
 [13] #open#326(::Base.Iterators.Pairs{Union{},Union{},Tuple{},NamedTuple{(),Tuple{}}}, ::Function, ::getfield(Main, Symbol("##3#5")), ::String, ::Vararg{String,N} where N) at ./iostream.jl:369
 [14] open(::Function, ::String, ::String) at ./iostream.jl:367
 [15] top-level scope
 [16] eval at ./boot.jl:317 [inlined]
 [17] eval(::Module, ::Expr) at ./sysimg.jl:74
 [18] exec_options(::Base.JLOptions) at ./client.jl:304
 [19] _start() at ./client.jl:457
Saving tables to /home/vagrant/.julia/v0.7/LaTeX_Entities/data/latex.dat
‚îå Error: ------------------------------------------------------------
‚îÇ # Build failed for LaTeX_Entities
‚îÇ   exception =
‚îÇ    LoadError: MethodError: no method matching getindex(::Nothing, ::Int64)
‚îÇ    Stacktrace:
‚îÇ     [1] top-level scope
‚îÇ     [2] include at ./boot.jl:314 [inlined]
‚îÇ     [3] include_relative(::Module, ::String) at ./loading.jl:1067
‚îÇ     [4] include at ./sysimg.jl:29 [inlined]
‚îÇ     [5] include(::String) at ./loading.jl:1101
‚îÇ     [6] top-level scope
‚îÇ     [7] eval at ./boot.jl:317 [inlined]
‚îÇ     [8] eval at ./sysimg.jl:74 [inlined]
‚îÇ     [9] evalfile(::String, ::Array{String,1}) at ./loading.jl:1096 (repeats 2 times)
‚îÇ     [10] #4 at ./none:13 [inlined]
‚îÇ     [11] cd(::getfield(Main, Symbol("##4#6")){String}, ::String) at ./file.jl:72
‚îÇ     [12] (::getfield(Main, Symbol("##3#5")))(::IOStream) at ./none:12
‚îÇ     [13] #open#326(::Base.Iterators.Pairs{Union{},Union{},Tuple{},NamedTuple{(),Tuple{}}}, ::Function, ::getfield(Main, Symbol("##3#5")), ::String, ::Vararg{String,N} where N) at ./iostream.jl:369
‚îÇ     [14] open(::Function, ::String, ::String) at ./iostream.jl:367
‚îÇ     [15] top-level scope
‚îÇ     [16] eval at ./boot.jl:317 [inlined]
‚îÇ     [17] eval(::Module, ::Expr) at ./sysimg.jl:74
‚îÇ     [18] exec_options(::Base.JLOptions) at ./client.jl:304
‚îÇ     [19] _start() at ./client.jl:457
‚îÇ    in expression starting at /home/vagrant/.julia/v0.7/LaTeX_Entities/deps/build.jl:406
‚îî @ Main none:16
‚îå Warning: ------------------------------------------------------------
‚îÇ # Build error summary
‚îÇ 
‚îÇ LaTeX_Entities had build errors.
‚îÇ 
‚îÇ  - packages with build errors remain installed in /home/vagrant/.julia/v0.7
‚îÇ  - build the package(s) and all dependencies with `Pkg.build("LaTeX_Entities")`
‚îÇ  - build a single package by running its `deps/build.jl` script
‚îî @ Pkg.Entry entry.jl:649
[ Info: Package database updated
‚îå Info: METADATA is out-of-date ‚Äî you may not have the latest version of LaTeX_Entities
‚îî Use `Pkg.update()` to get the latest versions of your packages

>>> 'Pkg.test("LaTeX_Entities")' log
WARNING: Base.versioninfo is deprecated: it has been moved to the standard library package `InteractiveUtils`.
Add `using InteractiveUtils` to your imports.
 in module Main
WARNING: Base.versioninfo is deprecated: it has been moved to the standard library package `InteractiveUtils`.
Add `using InteractiveUtils` to your imports.
 in module Main
Julia Version 0.7.0-DEV.5095
Commit 2a21849b10 (2018-05-12 22:13 UTC)
Platform Info:
  OS: Linux (x86_64-pc-linux-gnu)
      Ubuntu 14.04.5 LTS
  uname: Linux 3.13.0-143-generic #192-Ubuntu SMP Tue Feb 27 10:45:36 UTC 2018 x86_64 x86_64
  CPU: Intel(R) Xeon(R) CPU E3-1241 v3 @ 3.50GHz: 
              speed         user         nice          sys         idle          irq
       #1  3499 MHz    2960495 s       6854 s     226198 s     802283 s         25 s
       #2  3499 MHz     682679 s       1725 s      79521 s    3844384 s          0 s
       
  Memory: 2.939197540283203 GB (771.86328125 MB free)
  Uptime: 46975.0 sec
  Load Avg:  1.01025390625  1.001953125  0.96533203125
  WORD_SIZE: 64
  LIBM: libopenlibm
  LLVM: libLLVM-6.0.0 (ORCJIT, haswell)
Environment:
  TERM = vt100
  LD_LIBRARY_PATH = :/usr/local/lib/
  PATH = /usr/local/sbin:/usr/local/bin:/usr/sbin:/usr/bin:/sbin:/bin:/usr/games:/usr/local/games:/home/vagrant/julia/bin/
  JAVA_HOME = /usr/lib/jvm/java-8-openjdk-amd64
  HOME = /home/vagrant
Packages:
  Package Directory: /home/vagrant/.julia/v0.7
  Package Status:
2 required packages:
 - JSON                          0.17.2
 - LaTeX_Entities                0.2.1
4 additional packages:
 - Compat                        0.64.0
 - LightXML                      0.6.0
 - Nullables                     0.0.5
 - StrTables                     0.2.0
WARNING: Base.Pkg is deprecated, run `using Pkg` instead
 in module Main
[ Info: Testing LaTeX_Entities
lookupname: Test Failed at /home/vagrant/.julia/v0.7/LaTeX_Entities/test/runtests.jl:17
  Expression: lookupname(def, "c_l") == "ùìÅ"
   Evaluated: "" == "ùìÅ"
Stacktrace:
 [1] macro expansion at /home/vagrant/.julia/v0.7/LaTeX_Entities/test/runtests.jl:17 [inlined]
 [2] macro expansion at /buildworker/worker/package_linux64/build/usr/share/julia/stdlib/v0.7/Test/src/Test.jl:1079 [inlined]
 [3] macro expansion at /home/vagrant/.julia/v0.7/LaTeX_Entities/test/runtests.jl:13 [inlined]
 [4] macro expansion at /buildworker/worker/package_linux64/build/usr/share/julia/stdlib/v0.7/Test/src/Test.jl:1079 [inlined]
 [5] top-level scope at /home/vagrant/.julia/v0.7/LaTeX_Entities/test/runtests.jl:12
matches: Test Failed at /home/vagrant/.julia/v0.7/LaTeX_Entities/test/runtests.jl:31
  Expression: intersect(res, exp) == exp
   Evaluated: String[] == ["c_l"]
Stacktrace:
 [1] macro expansion at /home/vagrant/.julia/v0.7/LaTeX_Entities/test/runtests.jl:31 [inlined]
 [2] macro expansion at /buildworker/worker/package_linux64/build/usr/share/julia/stdlib/v0.7/Test/src/Test.jl:1079 [inlined]
 [3] macro expansion at /home/vagrant/.julia/v0.7/LaTeX_Entities/test/runtests.jl:22 [inlined]
 [4] macro expansion at /buildworker/worker/package_linux64/build/usr/share/julia/stdlib/v0.7/Test/src/Test.jl:1079 [inlined]
 [5] top-level scope at /home/vagrant/.julia/v0.7/LaTeX_Entities/test/runtests.jl:12
longestmatches: Test Failed at /home/vagrant/.julia/v0.7/LaTeX_Entities/test/runtests.jl:44
  Expression: intersect(res, exp) == exp
   Evaluated: String[] == ["c_l"]
Stacktrace:
 [1] macro expansion at /home/vagrant/.julia/v0.7/LaTeX_Entities/test/runtests.jl:44 [inlined]
 [2] macro expansion at /buildworker/worker/package_linux64/build/usr/share/julia/stdlib/v0.7/Test/src/Test.jl:1079 [inlined]
 [3] macro expansion at /home/vagrant/.julia/v0.7/LaTeX_Entities/test/runtests.jl:36 [inlined]
 [4] macro expansion at /buildworker/worker/package_linux64/build/usr/share/julia/stdlib/v0.7/Test/src/Test.jl:1079 [inlined]
 [5] top-level scope at /home/vagrant/.julia/v0.7/LaTeX_Entities/test/runtests.jl:12
Test Summary:    | Pass  Fail  Total
LaTeX_Entities   |   27     3     30
  lookupname     |    4     1      5
  matches        |    8     1      9
  longestmatches |    7     1      8
  completions    |    8            8
ERROR: LoadError: Some tests did not pass: 27 passed, 3 failed, 0 errored, 0 broken.
in expression starting at /home/vagrant/.julia/v0.7/LaTeX_Entities/test/runtests.jl:10
‚îå Error: ------------------------------------------------------------
‚îÇ # Testing failed for LaTeX_Entities
‚îÇ   exception =
‚îÇ    failed process: Process(`/home/vagrant/julia/bin/julia -Cnative -J/home/vagrant/julia/lib/julia/sys.so --compile=yes --depwarn=yes --code-coverage=none --color=no --compiled-modules=yes --check-bounds=yes --warn-overwrite=yes --startup-file=yes /home/vagrant/.julia/v0.7/LaTeX_Entities/test/runtests.jl`, ProcessExited(1)) [1]
‚îÇ    Stacktrace:
‚îÇ     [1] error(::String, ::Base.Process, ::String, ::Int64, ::String) at ./error.jl:42
‚îÇ     [2] pipeline_error(::Base.Process) at ./process.jl:712
‚îÇ     [3] #run#539(::Bool, ::Function, ::Cmd) at ./process.jl:670
‚îÇ     [4] run at ./process.jl:668 [inlined]
‚îÇ     [5] (::getfield(Pkg.Entry, Symbol("##56#57")){Bool,String,Array{AbstractString,1}})() at /buildworker/worker/package_linux64/build/usr/share/julia/stdlib/v0.7/Pkg/src/entry.jl:729
‚îÇ     [6] cd(::getfield(Pkg.Entry, Symbol("##56#57")){Bool,String,Array{AbstractString,1}}, ::String) at ./file.jl:72
‚îÇ     [7] #test!#55(::Bool, ::Function, ::String, ::Array{AbstractString,1}, ::Array{AbstractString,1}, ::Array{AbstractString,1}) at /buildworker/worker/package_linux64/build/usr/share/julia/stdlib/v0.7/Pkg/src/entry.jl:717
‚îÇ     [8] (::getfield(Pkg.Entry, Symbol("#kw##test!")))(::NamedTuple{(:coverage,),Tuple{Bool}}, ::typeof(Pkg.Entry.test!), ::String, ::Array{AbstractString,1}, ::Array{AbstractString,1}, ::Array{AbstractString,1}) at ./<missing>:0
‚îÇ     [9] #test#59(::Bool, ::Function, ::Array{AbstractString,1}) at /buildworker/worker/package_linux64/build/usr/share/julia/stdlib/v0.7/Pkg/src/entry.jl:756
‚îÇ     [10] #test at ./<missing>:0 [inlined]
‚îÇ     [11] #4 at /buildworker/worker/package_linux64/build/usr/share/julia/stdlib/v0.7/Pkg/src/dir.jl:36 [inlined]
‚îÇ     [12] cd(::getfield(Pkg.Dir, Symbol("##4#7")){Base.Iterators.Pairs{Symbol,Bool,Tuple{Symbol},NamedTuple{(:coverage,),Tuple{Bool}}},typeof(Pkg.Entry.test),Tuple{Array{AbstractString,1}}}, ::String) at ./file.jl:72
‚îÇ     [13] #cd#1(::Base.Iterators.Pairs{Symbol,Bool,Tuple{Symbol},NamedTuple{(:coverage,),Tuple{Bool}}}, ::Function, ::Function, ::Array{AbstractString,1}, ::Vararg{Array{AbstractString,1},N} where N) at /buildworker/worker/package_linux64/build/usr/share/julia/stdlib/v0.7/Pkg/src/dir.jl:36
‚îÇ     [14] (::getfield(Pkg.Dir, Symbol("#kw##cd")))(::NamedTuple{(:coverage,),Tuple{Bool}}, ::typeof(Pkg.Dir.cd), ::Function, ::Array{AbstractString,1}, ::Vararg{Array{AbstractString,1},N} where N) at ./<missing>:0
‚îÇ     [15] #test#3(::Bool, ::Function, ::String, ::Vararg{String,N} where N) at /buildworker/worker/package_linux64/build/usr/share/julia/stdlib/v0.7/Pkg/src/Pkg.jl:278
‚îÇ     [16] test(::String, ::Vararg{String,N} where N) at /buildworker/worker/package_linux64/build/usr/share/julia/stdlib/v0.7/Pkg/src/Pkg.jl:278
‚îÇ     [17] top-level scope
‚îÇ     [18] eval at ./boot.jl:317 [inlined]
‚îÇ     [19] eval(::Module, ::Expr) at ./sysimg.jl:74
‚îÇ     [20] exec_options(::Base.JLOptions) at ./client.jl:304
‚îÇ     [21] _start() at ./client.jl:457
‚îî @ Pkg.Entry entry.jl:732
ERROR: LaTeX_Entities had test errors

>>> End of log
