>>> 'Pkg.add("Latexify")' log
INFO: Cloning cache of Latexify from https://github.com/korsbo/Latexify.jl.git
INFO: Installing LaTeXStrings v0.3.0
INFO: Installing Latexify v0.3.0
INFO: Package database updated
INFO: METADATA is out-of-date â€” you may not have the latest version of Latexify
INFO: Use `Pkg.update()` to get the latest versions of your packages

>>> 'Pkg.test("Latexify")' log
Julia Version 0.6.2
Commit d386e40c17 (2017-12-13 18:08 UTC)
Platform Info:
  OS: Linux (x86_64-pc-linux-gnu)
  CPU: Intel(R) Xeon(R) CPU E3-1241 v3 @ 3.50GHz
  WORD_SIZE: 64
           Ubuntu 14.04.5 LTS
  uname: Linux 3.13.0-135-generic #184-Ubuntu SMP Wed Oct 18 11:55:51 UTC 2017 x86_64 x86_64
Memory: 2.93927001953125 GB (1172.21484375 MB free)
Uptime: 42758.0 sec
Load Avg:  1.00341796875  1.0068359375  1.029296875
Intel(R) Xeon(R) CPU E3-1241 v3 @ 3.50GHz: 
       speed         user         nice          sys         idle          irq
#1  3501 MHz    2621126 s       3600 s     119792 s     884588 s         32 s
#2  3501 MHz     596668 s       2974 s      63601 s    3533109 s          0 s

  BLAS: libopenblas (USE64BITINT DYNAMIC_ARCH NO_AFFINITY Nehalem)
  LAPACK: libopenblas64_
  LIBM: libopenlibm
  LLVM: libLLVM-3.9.1 (ORCJIT, haswell)
Environment:
  TERM = vt100
  LD_LIBRARY_PATH = :/usr/local/lib/
  PATH = /usr/local/sbin:/usr/local/bin:/usr/sbin:/usr/bin:/sbin:/bin:/usr/games:/usr/local/games:/home/vagrant/julia/bin/
  JAVA_HOME = /usr/lib/jvm/java-8-openjdk-amd64
  HOME = /home/vagrant

Package Directory: /home/vagrant/.julia/v0.6
2 required packages:
 - JSON                          0.16.4
 - Latexify                      0.3.0
18 additional packages:
 - BinDeps                       0.8.6
 - Cairo                         0.5.0
 - ColorTypes                    0.6.7
 - Colors                        0.8.2
 - Compat                        0.53.0
 - FixedPointNumbers             0.4.6
 - Graphics                      0.2.0
 - Gtk                           0.13.1
 - LaTeXStrings                  0.3.0
 - NaNMath                       0.3.1
 - NodeJS                        0.2.0
 - Nullables                     0.0.3
 - Reexport                      0.1.0
 - Requires                      0.4.3
 - Rsvg                          0.2.0
 - SHA                           0.5.6
 - URIParser                     0.3.0
 - VegaLite                      0.1.0              ecb31725 (dirty)
INFO: Computing test dependencies for Latexify...
INFO: Cloning cache of ParameterizedFunctions from https://github.com/JuliaDiffEq/ParameterizedFunctions.jl.git
INFO: Cloning cache of SymEngine from https://github.com/symengine/SymEngine.jl.git
INFO: Installing Conda v0.7.1
INFO: Installing DataStructures v0.7.4
INFO: Installing DiffEqBase v3.4.1
INFO: Installing FunctionWrappers v0.1.0
INFO: Installing IteratorInterfaceExtensions v0.0.2
INFO: Installing LinearMaps v1.0.4
INFO: Installing MacroTools v0.4.0
INFO: Installing Missings v0.2.6
INFO: Installing NamedTuples v4.0.0
INFO: Installing ParameterizedFunctions v3.0.0
INFO: Installing RecipesBase v0.2.3
INFO: Installing RecursiveArrayTools v0.14.6
INFO: Installing SimpleTraits v0.5.1
INFO: Installing StaticArrays v0.6.6
INFO: Installing SymEngine v0.3.0
INFO: Installing TableTraits v0.1.0
INFO: Building Conda
INFO: Building DiffEqBase
INFO: ~~~ DifferentialEquations.jl *BREAKING* changes  ~~~

We have changed the front-end API on how
users may define equations of motion and 
problems, for all problem types that can
be used in the DifferentialEquations.jl.
These are *BREAKING* changes, and they
also have *NO WARNINGS*!

Please see our latest documentation here:
http://docs.juliadiffeq.org/latest/

or the blogpost that describes the changes:
http://juliadiffeq.org/2018/01/24/Parameters.html

In short, the mutated argument is the first argument,
and parameters are now directly passed
into the equations of motion function. For all
types now mutation goes first, then dependent variables, 
then parameters, then independent variables. 

`f(mutated, dependent variables, p/integrator, independent variables)`

For example, this means that the ODE syntax will be `f(u,p,t)` (for the
out-of-place) and `f(du,u,p,t)` (for the in-place). Notice
that this change also removes the need for ParameterizedFunctions
as now parameters are part of the equations of motion.

For more details please visit the above links!
INFO: Building SymEngine
Solving environment: ...working... done
certifi 2018.1.18:            |   0% certifi 2018.1.18: 8          |   8% certifi 2018.1.18: #########1 |  92% certifi 2018.1.18: ########## | 100% 
mpc 1.0.3:            |   0% mpc 1.0.3: #3         |  14% mpc 1.0.3: ########## | 100% 
symengine 0.3.0:            |   0% symengine 0.3.0: 1          |   1% symengine 0.3.0: #####2     |  52% symengine 0.3.0: #######5   |  75% symengine 0.3.0: ########## | 100% 
ca-certificates 2018.1.18:            |   0% ca-certificates 2018.1.18: 8          |   9% ca-certificates 2018.1.18: ########## | 100% 
openssl 1.0.2n:            |   0% openssl 1.0.2n:            |   0% openssl 1.0.2n: ##1        |  21% openssl 1.0.2n: #####1     |  52% openssl 1.0.2n: #######5   |  75% openssl 1.0.2n: ########5  |  85% openssl 1.0.2n: #########3 |  93% openssl 1.0.2n: ########## | 100% 
conda 4.3.34:            |   0% conda 4.3.34: 2          |   2% conda 4.3.34: #######5   |  75% conda 4.3.34: #########2 |  92% conda 4.3.34: ########## | 100% 
mpfr 3.1.5:            |   0% mpfr 3.1.5: 2          |   3% mpfr 3.1.5: #######5   |  75% mpfr 3.1.5: ########## | 100% 

## Package Plan ##

  environment location: /home/vagrant/.julia/v0.6/Conda/deps/usr

  added / updated specs: 
    - symengine=0.3.0


The following packages will be downloaded:

    package                    |            build
    ---------------------------|-----------------
    certifi-2018.1.18          |           py27_0         143 KB  conda-forge
    mpc-1.0.3                  |                4          87 KB  conda-forge
    symengine-0.3.0            |                1         851 KB  conda-forge
    ca-certificates-2018.1.18  |                0         140 KB  conda-forge
    openssl-1.0.2n             |                0         3.5 MB  conda-forge
    conda-4.3.34               |           py27_0         507 KB  conda-forge
    mpfr-3.1.5                 |                0         406 KB  conda-forge
    ------------------------------------------------------------
                                           Total:         5.6 MB

The following NEW packages will be INSTALLED:

    mpc:             1.0.3-4               conda-forge
    mpfr:            3.1.5-0               conda-forge
    symengine:       0.3.0-1               conda-forge

The following packages will be UPDATED:

    ca-certificates: 2017.08.26-h1d4fec5_0             --> 2018.1.18-0      conda-forge
    certifi:         2018.1.18-py27_0                  --> 2018.1.18-py27_0 conda-forge
    openssl:         1.0.2n-hb7f436b_0                 --> 1.0.2n-0         conda-forge

The following packages will be DOWNGRADED:

    conda:           4.4.10-py27_0                     --> 4.3.34-py27_0    conda-forge


Downloading and Extracting Packages
Preparing transaction: ...working... done
Verifying transaction: ...working... done
Executing transaction: ...working... done
==============================[ ERROR: SymEngine ]==============================

LoadError: failed process: Process(setenv(`/home/vagrant/.julia/v0.6/Conda/deps/usr/bin/conda install -y symengine=0.3.0`,String["PATH=/usr/local/sbin:/usr/local/bin:/usr/sbin:/usr/bin:/sbin:/bin:/usr/games:/usr/local/games:/home/vagrant/julia/bin/", "PWD=/vagrant/0.6GO", "SHELL=/bin/bash", "SSH_CONNECTION=10.0.2.2 57481 10.0.2.15 22", "LD_LIBRARY_PATH=:/usr/local/lib/", "CONDARC=/home/vagrant/.julia/v0.6/Conda/deps/usr/condarc-julia.yml", "MAIL=/var/mail/vagrant", "LANG=en_US.UTF-8", "SHLVL=4", "LOGNAME=vagrant", "XDG_RUNTIME_DIR=/run/user/1000", "XDG_SESSION_ID=3", "CONDA_PREFIX=/home/vagrant/.julia/v0.6/Conda/deps/usr", "SSH_CLIENT=10.0.2.2 57481 22", "_=/usr/bin/timeout", "CONDA_DEFAULT_ENV=/home/vagrant/.julia/v0.6/Conda/deps/usr", "USER=vagrant", "TERM=vt100", "HOME=/home/vagrant", "OPENBLAS_MAIN_FREE=1", "JAVA_HOME=/usr/lib/jvm/java-8-openjdk-amd64"]), ProcessSignaled(11)) [0]
while loading /home/vagrant/.julia/v0.6/SymEngine/deps/build.jl, in expression starting on line 50

================================================================================

================================[ BUILD ERRORS ]================================

WARNING: SymEngine had build errors.

 - packages with build errors remain installed in /home/vagrant/.julia/v0.6
 - build the package(s) and all dependencies with `Pkg.build("SymEngine")`
 - build a single package by running its `deps/build.jl` script

================================================================================
INFO: Testing Latexify
Test latexraw function
Error During Test
  Test threw an exception of type LoadError
  Expression: include("latexraw_test.jl")
  LoadError: error compiling #ode_def_opts#1: error compiling symbols: error compiling _symbol: could not load library "libsymengine"
  libsymengine.so: cannot open shared object file: No such file or directory
  Stacktrace:
   [1] include_from_node1(::String) at ./loading.jl:576
   [2] include(::String) at ./sysimg.jl:14
   [3] include_from_node1(::String) at ./loading.jl:576
   [4] include(::String) at ./sysimg.jl:14
   [5] process_options(::Base.JLOptions) at ./client.jl:305
   [6] _start() at ./client.jl:371
  while loading /home/vagrant/.julia/v0.6/Latexify/test/latexraw_test.jl, in expression starting on line 47
ERROR: LoadError: There was an error during testing
while loading /home/vagrant/.julia/v0.6/Latexify/test/runtests.jl, in expression starting on line 237
==============================[ ERROR: Latexify ]===============================

failed process: Process(`/home/vagrant/julia/bin/julia -Cx86-64 -J/home/vagrant/julia/lib/julia/sys.so --compile=yes --depwarn=yes --check-bounds=yes --code-coverage=none --color=no --compilecache=yes /home/vagrant/.julia/v0.6/Latexify/test/runtests.jl`, ProcessExited(1)) [1]

================================================================================
INFO: Removing Conda v0.7.1
INFO: Removing DataStructures v0.7.4
INFO: Removing DiffEqBase v3.4.1
INFO: Removing FunctionWrappers v0.1.0
INFO: Removing IteratorInterfaceExtensions v0.0.2
INFO: Removing LinearMaps v1.0.4
INFO: Removing MacroTools v0.4.0
INFO: Removing Missings v0.2.6
INFO: Removing NamedTuples v4.0.0
INFO: Removing ParameterizedFunctions v3.0.0
INFO: Removing RecipesBase v0.2.3
INFO: Removing RecursiveArrayTools v0.14.6
INFO: Removing SimpleTraits v0.5.1
INFO: Removing StaticArrays v0.6.6
INFO: Removing SymEngine v0.3.0
INFO: Removing TableTraits v0.1.0
ERROR: Latexify had test errors

>>> End of log
