>>> 'Pkg.add("LibPQ")' log
WARNING: Base.Pkg is deprecated, run `using Pkg` instead
 in module Main
[ Info: Cloning cache of Decimals from https://github.com/tinybike/Decimals.jl.git
[ Info: Cloning cache of LibPQ from https://github.com/invenia/LibPQ.jl.git
[ Info: Installing BinDeps v0.8.7
[ Info: Installing DataStreams v0.3.4
[ Info: Installing Decimals v0.2.1
[ Info: Installing DocStringExtensions v0.4.4
[ Info: Installing IterTools v0.2.1
[ Info: Installing LayerDicts v0.1.0
[ Info: Installing LibPQ v0.3.0
[ Info: Installing Memento v0.6.0
[ Info: Installing Missings v0.2.9
[ Info: Installing Mocking v0.5.2
[ Info: Installing NamedTuples v4.0.0
[ Info: Installing OffsetArrays v0.5.0
[ Info: Installing SHA v0.5.7
[ Info: Installing Syslogs v0.1.1
[ Info: Installing TimeZones v0.6.5
[ Info: Installing URIParser v0.3.1
[ Info: Installing WeakRefStrings v0.4.4
[ Info: Building TimeZones
[ Info: Extracting tzdata archive
africa
antarctica
asia
australasia
europe
northamerica
southamerica
[ Info: Converting tz source files into TimeZone data
[ Info: Successfully built TimeZones
[ Info: Building LibPQ
┌ Warning: `is_apple` is deprecated, use `Sys.isapple` instead.
│   caller = top-level scope
└ @ Core :0
WARNING: importing deprecated binding Base.Associative into BinDeps.
WARNING: Base.Associative is deprecated, use AbstractDict instead.
  likely near /home/vagrant/.julia/v0.7/LibPQ/deps/build.jl:28
in @install at /home/vagrant/.julia/v0.7/BinDeps/src/dependencies.jl
┌ Warning: `contains(haystack, needle)` is deprecated, use `occursin(needle, haystack)` instead.
│   caller = read_sonames() at dependencies.jl:402
└ @ BinDeps dependencies.jl:402
┌ Warning: `contains(haystack, needle)` is deprecated, use `occursin(needle, haystack)` instead.
│   caller = read_sonames() at dependencies.jl:405
└ @ BinDeps dependencies.jl:405
Installing dependency libpq5 via `sudo apt-get install libpq5`:
Reading package lists...
Building dependency tree...
Reading state information...
The following NEW packages will be installed:
  libpq5
0 upgraded, 1 newly installed, 0 to remove and 4 not upgraded.
Need to get 78.7 kB of archives.
After this operation, 274 kB of additional disk space will be used.
Get:1 http://archive.ubuntu.com/ubuntu/ trusty-updates/main libpq5 amd64 9.3.22-0ubuntu0.14.04 [78.7 kB]
dpkg-preconfigure: unable to re-open stdin: No such file or directory
Fetched 78.7 kB in 0s (206 kB/s)
Selecting previously unselected package libpq5.
(Reading database ... 74663 files and directories currently installed.)
Preparing to unpack .../libpq5_9.3.22-0ubuntu0.14.04_amd64.deb ...
Unpacking libpq5 (9.3.22-0ubuntu0.14.04) ...
Setting up libpq5 (9.3.22-0ubuntu0.14.04) ...
Processing triggers for libc-bin (2.19-0ubuntu6.14) ...
[ Info: Package database updated

>>> 'Pkg.test("LibPQ")' log
WARNING: Base.versioninfo is deprecated: it has been moved to the standard library package `InteractiveUtils`.
Add `using InteractiveUtils` to your imports.
 in module Main
WARNING: Base.versioninfo is deprecated: it has been moved to the standard library package `InteractiveUtils`.
Add `using InteractiveUtils` to your imports.
 in module Main
Julia Version 0.7.0-DEV.4922
Commit 23b08c5c5c (2018-04-20 18:44 UTC)
Platform Info:
  OS: Linux (x86_64-pc-linux-gnu)
      Ubuntu 14.04.5 LTS
  uname: Linux 3.13.0-143-generic #192-Ubuntu SMP Tue Feb 27 10:45:36 UTC 2018 x86_64 x86_64
  CPU: Intel(R) Xeon(R) CPU E3-1241 v3 @ 3.50GHz: 
              speed         user         nice          sys         idle          irq
       #1  3506 MHz    2952393 s       7215 s     249213 s     845808 s         28 s
       #2  3506 MHz     701524 s         87 s      88823 s    3854102 s          0 s
       
  Memory: 2.939197540283203 GB (681.921875 MB free)
  Uptime: 47493.0 sec
  Load Avg:  1.1328125  1.00537109375  1.02392578125
  WORD_SIZE: 64
  LIBM: libopenlibm
  LLVM: libLLVM-3.9.1 (ORCJIT, haswell)
Environment:
  TERM = vt100
  LD_LIBRARY_PATH = :/usr/local/lib/
  PATH = /usr/local/sbin:/usr/local/bin:/usr/sbin:/usr/bin:/sbin:/bin:/usr/games:/usr/local/games:/home/vagrant/julia/bin/
  JAVA_HOME = /usr/lib/jvm/java-8-openjdk-amd64
  HOME = /home/vagrant
Packages:
  Package Directory: /home/vagrant/.julia/v0.7
  Package Status:
2 required packages:
 - JSON                          0.17.2
 - LibPQ                         0.3.0
18 additional packages:
 - BinDeps                       0.8.7
 - Compat                        0.63.0
 - DataStreams                   0.3.4
 - Decimals                      0.2.1
 - DocStringExtensions           0.4.4
 - IterTools                     0.2.1
 - LayerDicts                    0.1.0
 - Memento                       0.6.0
 - Missings                      0.2.9
 - Mocking                       0.5.2
 - NamedTuples                   4.0.0
 - Nullables                     0.0.5
 - OffsetArrays                  0.5.0
 - SHA                           0.5.7
 - Syslogs                       0.1.1
 - TimeZones                     0.6.5
 - URIParser                     0.3.1
 - WeakRefStrings                0.4.4
WARNING: Base.Pkg is deprecated, run `using Pkg` instead
 in module Main
[ Info: Computing test dependencies for LibPQ...
[ Info: Installing DeepDiffs v1.0.1
[ Info: Installing TestSetExtensions v1.1.1
[ Info: Testing LibPQ
WARNING: importing deprecated binding Base.norm into Decimals.
WARNING: Base.normalize is deprecated: it has been moved to the standard library package `LinearAlgebra`.
Add `using LinearAlgebra` to your imports.
  likely near /home/vagrant/.julia/v0.7/Decimals/src/norm.jl:2
WARNING: Base.normalize is deprecated: it has been moved to the standard library package `LinearAlgebra`.
Add `using LinearAlgebra` to your imports.
  likely near /home/vagrant/.julia/v0.7/Decimals/src/norm.jl:2
WARNING: Base.normalize is deprecated: it has been moved to the standard library package `LinearAlgebra`.
Add `using LinearAlgebra` to your imports.
  likely near /home/vagrant/.julia/v0.7/Decimals/src/norm.jl:2
WARNING: Base.norm is deprecated: it has been moved to the standard library package `LinearAlgebra`.
Add `using LinearAlgebra` to your imports.
  likely near /home/vagrant/.julia/v0.7/Decimals/src/norm.jl:18
WARNING: Base.norm is deprecated: it has been moved to the standard library package `LinearAlgebra`.
Add `using LinearAlgebra` to your imports.
  likely near /home/vagrant/.julia/v0.7/Decimals/src/norm.jl:18
WARNING: Base.norm is deprecated: it has been moved to the standard library package `LinearAlgebra`.
Add `using LinearAlgebra` to your imports.
  likely near /home/vagrant/.julia/v0.7/Decimals/src/norm.jl:18
WARNING: Base.norm is deprecated: it has been moved to the standard library package `LinearAlgebra`.
Add `using LinearAlgebra` to your imports.
  likely near /home/vagrant/.julia/v0.7/Decimals/src/norm.jl:18
WARNING: Base.norm is deprecated: it has been moved to the standard library package `LinearAlgebra`.
Add `using LinearAlgebra` to your imports.
  likely near /home/vagrant/.julia/v0.7/Decimals/src/norm.jl:18
WARNING: importing deprecated binding Base.normalize into Decimals.
WARNING: Base.normalize is deprecated: it has been moved to the standard library package `LinearAlgebra`.
Add `using LinearAlgebra` to your imports.
  likely near /home/vagrant/.julia/v0.7/LibPQ/src/LibPQ.jl:9
WARNING: Base.normalize is deprecated: it has been moved to the standard library package `LinearAlgebra`.
Add `using LinearAlgebra` to your imports.
  likely near /home/vagrant/.julia/v0.7/LibPQ/src/LibPQ.jl:9
WARNING: Base.normalize is deprecated: it has been moved to the standard library package `LinearAlgebra`.
Add `using LinearAlgebra` to your imports.
  likely near /home/vagrant/.julia/v0.7/LibPQ/src/LibPQ.jl:9
WARNING: Base.normalize is deprecated: it has been moved to the standard library package `LinearAlgebra`.
Add `using LinearAlgebra` to your imports.
  likely near /home/vagrant/.julia/v0.7/LibPQ/src/LibPQ.jl:9
WARNING: Base.normalize is deprecated: it has been moved to the standard library package `LinearAlgebra`.
Add `using LinearAlgebra` to your imports.
  likely near /home/vagrant/.julia/v0.7/LibPQ/src/LibPQ.jl:9
WARNING: Base.normalize is deprecated: it has been moved to the standard library package `LinearAlgebra`.
Add `using LinearAlgebra` to your imports.
  likely near /home/vagrant/.julia/v0.7/LibPQ/src/LibPQ.jl:9
WARNING: Base.normalize is deprecated: it has been moved to the standard library package `LinearAlgebra`.
Add `using LinearAlgebra` to your imports.
  likely near /home/vagrant/.julia/v0.7/LibPQ/src/LibPQ.jl:9
WARNING: Base.normalize is deprecated: it has been moved to the standard library package `LinearAlgebra`.
Add `using LinearAlgebra` to your imports.
  likely near /home/vagrant/.julia/v0.7/LibPQ/src/LibPQ.jl:9
WARNING: Base.normalize is deprecated: it has been moved to the standard library package `LinearAlgebra`.
Add `using LinearAlgebra` to your imports.
  likely near /home/vagrant/.julia/v0.7/LibPQ/src/LibPQ.jl:9
WARNING: Base.normalize is deprecated: it has been moved to the standard library package `LinearAlgebra`.
Add `using LinearAlgebra` to your imports.
  likely near /home/vagrant/.julia/v0.7/LibPQ/src/LibPQ.jl:9
WARNING: Base.normalize is deprecated: it has been moved to the standard library package `LinearAlgebra`.
Add `using LinearAlgebra` to your imports.
  likely near /home/vagrant/.julia/v0.7/LibPQ/src/LibPQ.jl:9
WARNING: Base.normalize is deprecated: it has been moved to the standard library package `LinearAlgebra`.
Add `using LinearAlgebra` to your imports.
  likely near /home/vagrant/.julia/v0.7/LibPQ/src/LibPQ.jl:9
WARNING: importing deprecated binding Base.UDPSocket into Syslogs.
WARNING: Base.UDPSocket is deprecated: it has been moved to the standard library package `Sockets`.
Add `using Sockets` to your imports.
  likely near /home/vagrant/.julia/v0.7/LibPQ/src/LibPQ.jl:13
WARNING: importing deprecated binding Base.TCPSocket into Syslogs.
WARNING: Base.TCPSocket is deprecated: it has been moved to the standard library package `Sockets`.
Add `using Sockets` to your imports.
  likely near /home/vagrant/.julia/v0.7/LibPQ/src/LibPQ.jl:13
WARNING: Base.UDPSocket is deprecated: it has been moved to the standard library package `Sockets`.
Add `using Sockets` to your imports.
  likely near /home/vagrant/.julia/v0.7/LibPQ/src/LibPQ.jl:13
WARNING: importing deprecated binding Base.send into Syslogs.
WARNING: Base.send is deprecated: it has been moved to the standard library package `Sockets`.
Add `using Sockets` to your imports.
  likely near /home/vagrant/.julia/v0.7/LibPQ/src/LibPQ.jl:13
WARNING: importing deprecated binding Base.connect into Syslogs.
WARNING: Base.connect is deprecated: it has been moved to the standard library package `Sockets`.
Add `using Sockets` to your imports.
  likely near /home/vagrant/.julia/v0.7/LibPQ/src/LibPQ.jl:13
WARNING: Base.UDPSocket is deprecated: it has been moved to the standard library package `Sockets`.
Add `using Sockets` to your imports.
  likely near /home/vagrant/.julia/v0.7/LibPQ/src/LibPQ.jl:13
WARNING: Base.TCPSocket is deprecated: it has been moved to the standard library package `Sockets`.
Add `using Sockets` to your imports.
  likely near /home/vagrant/.julia/v0.7/LibPQ/src/LibPQ.jl:13
WARNING: Base.UDPSocket is deprecated: it has been moved to the standard library package `Sockets`.
Add `using Sockets` to your imports.
  likely near /home/vagrant/.julia/v0.7/LibPQ/src/LibPQ.jl:13
WARNING: Base.send is deprecated: it has been moved to the standard library package `Sockets`.
Add `using Sockets` to your imports.
  likely near /home/vagrant/.julia/v0.7/LibPQ/src/LibPQ.jl:13
WARNING: Base.connect is deprecated: it has been moved to the standard library package `Sockets`.
Add `using Sockets` to your imports.
  likely near /home/vagrant/.julia/v0.7/LibPQ/src/LibPQ.jl:13
WARNING: Base.connect is deprecated: it has been moved to the standard library package `Sockets`.
Add `using Sockets` to your imports.
  likely near /home/vagrant/.julia/v0.7/LibPQ/src/LibPQ.jl:13
WARNING: Base.connect is deprecated: it has been moved to the standard library package `Sockets`.
Add `using Sockets` to your imports.
  likely near /home/vagrant/.julia/v0.7/LibPQ/src/LibPQ.jl:13
WARNING: Base.connect is deprecated: it has been moved to the standard library package `Sockets`.
Add `using Sockets` to your imports.
  likely near /home/vagrant/.julia/v0.7/LibPQ/src/LibPQ.jl:13
WARNING: Base.send is deprecated: it has been moved to the standard library package `Sockets`.
Add `using Sockets` to your imports.
  likely near /home/vagrant/.julia/v0.7/LibPQ/src/LibPQ.jl:13
WARNING: Base.send is deprecated: it has been moved to the standard library package `Sockets`.
Add `using Sockets` to your imports.
  likely near /home/vagrant/.julia/v0.7/LibPQ/src/LibPQ.jl:13
WARNING: Base.send is deprecated: it has been moved to the standard library package `Sockets`.
Add `using Sockets` to your imports.
  likely near /home/vagrant/.julia/v0.7/LibPQ/src/LibPQ.jl:13
WARNING: Base.STDOUT is deprecated, use stdout instead.
  likely near /home/vagrant/.julia/v0.7/LibPQ/src/LibPQ.jl:13
in #config#34 at /home/vagrant/.julia/v0.7/Memento/src/loggers.jl
WARNING: importing deprecated binding Base.Void into libpq_c.
WARNING: Base.Void is deprecated, use Nothing instead.
  likely near /home/vagrant/.julia/v0.7/LibPQ/src/headers/libpq-fe.jl:119
WARNING: Base.Void is deprecated, use Nothing instead.
  likely near /home/vagrant/.julia/v0.7/LibPQ/src/headers/libpq-fe.jl:119
WARNING: Base.Void is deprecated, use Nothing instead.
  likely near /home/vagrant/.julia/v0.7/LibPQ/src/headers/libpq-fe.jl:145
WARNING: Base.Void is deprecated, use Nothing instead.
  likely near /home/vagrant/.julia/v0.7/LibPQ/src/headers/libpq-fe.jl:148
WARNING: Base.Void is deprecated, use Nothing instead.
  likely near /home/vagrant/.julia/v0.7/LibPQ/src/headers/libpq-fe.jl:217
WARNING: Base.Void is deprecated, use Nothing instead.
  likely near /home/vagrant/.julia/v0.7/LibPQ/src/headers/libpq-fe.jl:219
WARNING: Base.Void is deprecated, use Nothing instead.
  likely near /home/vagrant/.julia/v0.7/LibPQ/src/headers/libpq-fe.jl:224
WARNING: Base.Void is deprecated, use Nothing instead.
  likely near /home/vagrant/.julia/v0.7/LibPQ/src/headers/libpq-fe.jl:226
WARNING: Base.Void is deprecated, use Nothing instead.
  likely near /home/vagrant/.julia/v0.7/LibPQ/src/headers/libpq-fe.jl:226
WARNING: Base.Void is deprecated, use Nothing instead.
  likely near /home/vagrant/.julia/v0.7/LibPQ/src/headers/libpq-fe.jl:233
WARNING: Base.Void is deprecated, use Nothing instead.
  likely near /home/vagrant/.julia/v0.7/LibPQ/src/headers/libpq-fe.jl:234
WARNING: Base.Void is deprecated, use Nothing instead.
  likely near /home/vagrant/.julia/v0.7/LibPQ/src/headers/libpq-fe.jl:235
WARNING: Base.Void is deprecated, use Nothing instead.
  likely near /home/vagrant/.julia/v0.7/LibPQ/src/headers/libpq-fe.jl:251
WARNING: Base.Void is deprecated, use Nothing instead.
  likely near /home/vagrant/.julia/v0.7/LibPQ/src/headers/libpq-fe.jl:263
WARNING: Base.Void is deprecated, use Nothing instead.
  likely near /home/vagrant/.julia/v0.7/LibPQ/src/headers/libpq-fe.jl:275
WARNING: Base.Void is deprecated, use Nothing instead.
  likely near /home/vagrant/.julia/v0.7/LibPQ/src/headers/libpq-fe.jl:276
WARNING: Base.Void is deprecated, use Nothing instead.
  likely near /home/vagrant/.julia/v0.7/LibPQ/src/headers/libpq-fe.jl:307
WARNING: Base.Void is deprecated, use Nothing instead.
  likely near /home/vagrant/.julia/v0.7/LibPQ/src/headers/libpq-fe.jl:323
WARNING: Base.Void is deprecated, use Nothing instead.
  likely near /home/vagrant/.julia/v0.7/LibPQ/src/headers/libpq-fe.jl:335
WARNING: Base.Void is deprecated, use Nothing instead.
  likely near /home/vagrant/.julia/v0.7/LibPQ/src/headers/libpq-fe.jl:343
WARNING: Base.Void is deprecated, use Nothing instead.
  likely near /home/vagrant/.julia/v0.7/LibPQ/src/headers/libpq-fe.jl:435
WARNING: Base.Void is deprecated, use Nothing instead.
  likely near /home/vagrant/.julia/v0.7/LibPQ/src/headers/libpq-fe.jl:447
WARNING: Base.Void is deprecated, use Nothing instead.
  likely near /home/vagrant/.julia/v0.7/LibPQ/src/headers/libpq-fe.jl:451
WARNING: Base.Void is deprecated, use Nothing instead.
  likely near /home/vagrant/.julia/v0.7/LibPQ/src/headers/libpq-fe.jl:455
WARNING: Base.Void is deprecated, use Nothing instead.
  likely near /home/vagrant/.julia/v0.7/LibPQ/src/headers/libpq-fe.jl:467
WARNING: Base.Void is deprecated, use Nothing instead.
  likely near /home/vagrant/.julia/v0.7/LibPQ/src/headers/libpq-fe.jl:471
WARNING: Base.Void is deprecated, use Nothing instead.
  likely near /home/vagrant/.julia/v0.7/LibPQ/src/headers/libpq-fe.jl:475
WARNING: Base.Void is deprecated, use Nothing instead.
  likely near /home/vagrant/.julia/v0.7/LibPQ/src/headers/libpq-fe.jl:479
WARNING: Base.Void is deprecated, use Nothing instead.
  likely near /home/vagrant/.julia/v0.7/LibPQ/src/headers/libpq-fe.jl:715
WARNING: Base.Void is deprecated, use Nothing instead.
  likely near /home/vagrant/.julia/v0.7/LibPQ/src/headers/libpq-fe.jl:719
WARNING: Base.Void is deprecated, use Nothing instead.
  likely near /home/vagrant/.julia/v0.7/LibPQ/src/headers/libpq-fe.jl:719
WARNING: Base.Void is deprecated, use Nothing instead.
  likely near /home/vagrant/.julia/v0.7/LibPQ/src/headers/libpq-fe.jl:735
WARNING: Base.Void is deprecated, use Nothing instead.
  likely near /home/vagrant/.julia/v0.7/LibPQ/src/headers/libpq-fe.jl:771
WARNING: Base.Void is deprecated, use Nothing instead.
  likely near /home/vagrant/.julia/v0.7/LibPQ/src/headers/libpq-fe.jl:775
WARNING: Base.Void is deprecated, use Nothing instead.
  likely near /home/vagrant/.julia/v0.7/LibPQ/src/headers/libpq-fe.jl:779
┌ Warning: `replace(s::AbstractString, pat, f)` is deprecated, use `replace(s, pat => f)` instead.
│   caller = show_option at LibPQ.jl:71 [inlined]
└ @ Core LibPQ.jl:71
┌ Warning: `replace(s::AbstractString, pat, f)` is deprecated, use `replace(s, pat => f)` instead.
│   caller = show_option at LibPQ.jl:71 [inlined]
└ @ Core LibPQ.jl:71
WARNING: Base.clear! is deprecated: it has been moved to the standard library package `Distributed`.
Add `using Distributed` to your imports.
  likely near /home/vagrant/.julia/v0.7/LibPQ/src/LibPQ.jl:727
┌ Warning: `using A: B` will only be allowed for single bindings, not modules. Use `using A.B` instead
│   caller = ip:0x0
└ @ Core :-1
┌ Warning: Deprecated syntax `type` at /home/vagrant/.julia/v0.7/DeepDiffs/src/DeepDiffs.jl:19.
│ Use `mutable struct` instead.
└ @ nothing DeepDiffs.jl:19
┌ Warning: Deprecated syntax `type` at /home/vagrant/.julia/v0.7/DeepDiffs/src/arrays.jl:1.
│ Use `mutable struct` instead.
└ @ nothing arrays.jl:1
┌ Warning: Deprecated syntax `type` at /home/vagrant/.julia/v0.7/DeepDiffs/src/dicts.jl:1.
│ Use `mutable struct` instead.
└ @ nothing dicts.jl:1
WARNING: importing deprecated binding Base.Associative into DeepDiffs.
WARNING: Base.Associative is deprecated, use AbstractDict instead.
  likely near /home/vagrant/.julia/v0.7/DeepDiffs/src/dicts.jl:27
WARNING: Base.Associative is deprecated, use AbstractDict instead.
  likely near /home/vagrant/.julia/v0.7/DeepDiffs/src/dicts.jl:27
WARNING: Base.Associative is deprecated, use AbstractDict instead.
  likely near /home/vagrant/.julia/v0.7/DeepDiffs/src/dicts.jl:104
┌ Warning: Deprecated syntax `parametric method syntax prettyprint{T1, T2 <: DictDiff}(io, p::Pair{T1, T2}, linemarker, indent)` around /home/vagrant/.julia/v0.7/DeepDiffs/src/dicts.jl:121.
│ Use `prettyprint(io, p::Pair{T1, T2}, linemarker, indent) where {T1, T2 <: DictDiff}` instead.
└ @ nothing dicts.jl:121
┌ Warning: Deprecated syntax `type` at /home/vagrant/.julia/v0.7/DeepDiffs/src/strings.jl:2.
│ Use `mutable struct` instead.
└ @ nothing strings.jl:2
┌ Warning: Deprecated syntax `type` at /home/vagrant/.julia/v0.7/DeepDiffs/src/strings.jl:9.
│ Use `mutable struct` instead.
└ @ nothing strings.jl:9
┌ Warning: Deprecated syntax `parametric method syntax =={T <: AllStringDiffs}(d1::T, d2::T)` around /home/vagrant/.julia/v0.7/DeepDiffs/src/strings.jl:37.
│ Use `(d1::T == d2::T) where T <: AllStringDiffs` instead.
└ @ nothing strings.jl:37
┌ Warning: Deprecated syntax ``const` declaration on local variable` around /home/vagrant/.julia/v0.7/LibPQ/test/runtests.jl:58.
└ @ nothing runtests.jl:58
WARNING: both NamedTuples and Core export "NamedTuple"; uses of it in module Main must be qualified
WARNING: Base.clear! is deprecated: it has been moved to the standard library package `Distributed`.
Add `using Distributed` to your imports.
  likely near /home/vagrant/.julia/v0.7/LibPQ/test/runtests.jl:20
in top-level scope at /home/vagrant/.julia/v0.7/LibPQ/test/runtests.jl
WARNING: Base.clear! is deprecated: it has been moved to the standard library package `Distributed`.
Add `using Distributed` to your imports.
  likely near /home/vagrant/.julia/v0.7/LibPQ/test/runtests.jl:20
in top-level scope at /home/vagrant/.julia/v0.7/LibPQ/test/runtests.jl
WARNING: Base.clear! is deprecated: it has been moved to the standard library package `Distributed`.
Add `using Distributed` to your imports.
  likely near /home/vagrant/.julia/v0.7/LibPQ/test/runtests.jl:20
in top-level scope at /home/vagrant/.julia/v0.7/LibPQ/test/runtests.jl
WARNING: Base.clear! is deprecated: it has been moved to the standard library package `Distributed`.
Add `using Distributed` to your imports.
  likely near /home/vagrant/.julia/v0.7/LibPQ/test/runtests.jl:20
in top-level scope at /home/vagrant/.julia/v0.7/LibPQ/test/runtests.jl
WARNING: Base.clear! is deprecated: it has been moved to the standard library package `Distributed`.
Add `using Distributed` to your imports.
  likely near /home/vagrant/.julia/v0.7/LibPQ/test/runtests.jl:20
in top-level scope at /home/vagrant/.julia/v0.7/LibPQ/test/runtests.jl
WARNING: Base.clear! is deprecated: it has been moved to the standard library package `Distributed`.
Add `using Distributed` to your imports.
  likely near /home/vagrant/.julia/v0.7/LibPQ/test/runtests.jl:20
in top-level scope at /home/vagrant/.julia/v0.7/LibPQ/test/runtests.jl
WARNING: Base.clear! is deprecated: it has been moved to the standard library package `Distributed`.
Add `using Distributed` to your imports.
  likely near /home/vagrant/.julia/v0.7/LibPQ/test/runtests.jl:20
in top-level scope at /home/vagrant/.julia/v0.7/LibPQ/test/runtests.jl
WARNING: Base.clear! is deprecated: it has been moved to the standard library package `Distributed`.
Add `using Distributed` to your imports.
  likely near /home/vagrant/.julia/v0.7/LibPQ/test/runtests.jl:20
in top-level scope at /home/vagrant/.julia/v0.7/LibPQ/test/runtests.jl
WARNING: Base.clear! is deprecated: it has been moved to the standard library package `Distributed`.
Add `using Distributed` to your imports.
  likely near /home/vagrant/.julia/v0.7/LibPQ/test/runtests.jl:20
in top-level scope at /home/vagrant/.julia/v0.7/LibPQ/test/runtests.jl
WARNING: Base.clear! is deprecated: it has been moved to the standard library package `Distributed`.
Add `using Distributed` to your imports.
  likely near /home/vagrant/.julia/v0.7/LibPQ/test/runtests.jl:20
in top-level scope at /home/vagrant/.julia/v0.7/LibPQ/test/runtests.jl
WARNING: Base.clear! is deprecated: it has been moved to the standard library package `Distributed`.
Add `using Distributed` to your imports.
  likely near /home/vagrant/.julia/v0.7/LibPQ/test/runtests.jl:20
in top-level scope at /home/vagrant/.julia/v0.7/LibPQ/test/runtests.jl
WARNING: Base.clear! is deprecated: it has been moved to the standard library package `Distributed`.
Add `using Distributed` to your imports.
  likely near /home/vagrant/.julia/v0.7/LibPQ/test/runtests.jl:20
in top-level scope at /home/vagrant/.julia/v0.7/LibPQ/test/runtests.jl
WARNING: Base.clear! is deprecated: it has been moved to the standard library package `Distributed`.
Add `using Distributed` to your imports.
  likely near /home/vagrant/.julia/v0.7/LibPQ/test/runtests.jl:20
in top-level scope at /home/vagrant/.julia/v0.7/LibPQ/test/runtests.jl
WARNING: Base.clear! is deprecated: it has been moved to the standard library package `Distributed`.
Add `using Distributed` to your imports.
  likely near /home/vagrant/.julia/v0.7/LibPQ/test/runtests.jl:20
in top-level scope at /home/vagrant/.julia/v0.7/LibPQ/test/runtests.jl
WARNING: Base.clear! is deprecated: it has been moved to the standard library package `Distributed`.
Add `using Distributed` to your imports.
  likely near /home/vagrant/.julia/v0.7/LibPQ/test/runtests.jl:20
in top-level scope at /home/vagrant/.julia/v0.7/LibPQ/test/runtests.jl
WARNING: Base.clear! is deprecated: it has been moved to the standard library package `Distributed`.
Add `using Distributed` to your imports.
  likely near /home/vagrant/.julia/v0.7/LibPQ/test/runtests.jl:20
in top-level scope at /home/vagrant/.julia/v0.7/LibPQ/test/runtests.jl
WARNING: Base.clear! is deprecated: it has been moved to the standard library package `Distributed`.
Add `using Distributed` to your imports.
  likely near /home/vagrant/.julia/v0.7/LibPQ/test/runtests.jl:20
in top-level scope at /home/vagrant/.julia/v0.7/LibPQ/test/runtests.jl
WARNING: Base.clear! is deprecated: it has been moved to the standard library package `Distributed`.
Add `using Distributed` to your imports.
  likely near /home/vagrant/.julia/v0.7/LibPQ/test/runtests.jl:20
in top-level scope at /home/vagrant/.julia/v0.7/LibPQ/test/runtests.jl
WARNING: Base.clear! is deprecated: it has been moved to the standard library package `Distributed`.
Add `using Distributed` to your imports.
  likely near /home/vagrant/.julia/v0.7/LibPQ/test/runtests.jl:20
in top-level scope at /home/vagrant/.julia/v0.7/LibPQ/test/runtests.jl
WARNING: Base.clear! is deprecated: it has been moved to the standard library package `Distributed`.
Add `using Distributed` to your imports.
  likely near /home/vagrant/.julia/v0.7/LibPQ/test/runtests.jl:20
in top-level scope at /home/vagrant/.julia/v0.7/LibPQ/test/runtests.jl
WARNING: Base.clear! is deprecated: it has been moved to the standard library package `Distributed`.
Add `using Distributed` to your imports.
  likely near /home/vagrant/.julia/v0.7/LibPQ/test/runtests.jl:20
in top-level scope at /home/vagrant/.julia/v0.7/LibPQ/test/runtests.jl
WARNING: Base.clear! is deprecated: it has been moved to the standard library package `Distributed`.
Add `using Distributed` to your imports.
  likely near /home/vagrant/.julia/v0.7/LibPQ/test/runtests.jl:20
in top-level scope at /home/vagrant/.julia/v0.7/LibPQ/test/runtests.jl
WARNING: Base.clear! is deprecated: it has been moved to the standard library package `Distributed`.
Add `using Distributed` to your imports.
  likely near /home/vagrant/.julia/v0.7/LibPQ/test/runtests.jl:20
in top-level scope at /home/vagrant/.julia/v0.7/LibPQ/test/runtests.jl
WARNING: Base.clear! is deprecated: it has been moved to the standard library package `Distributed`.
Add `using Distributed` to your imports.
  likely near /home/vagrant/.julia/v0.7/LibPQ/test/runtests.jl:20
in top-level scope at /home/vagrant/.julia/v0.7/LibPQ/test/runtests.jl
WARNING: importing deprecated binding Base.myid into TestSetExtensions.
WARNING: Base.myid is deprecated: it has been moved to the standard library package `Distributed`.
Add `using Distributed` to your imports.
  likely near /home/vagrant/.julia/v0.7/LibPQ/test/runtests.jl:20
WARNING: Base.normalize is deprecated: it has been moved to the standard library package `LinearAlgebra`.
Add `using LinearAlgebra` to your imports.
  likely near /home/vagrant/.julia/v0.7/LibPQ/test/runtests.jl:20
WARNING: Base.normalize is deprecated: it has been moved to the standard library package `LinearAlgebra`.
Add `using LinearAlgebra` to your imports.
  likely near /home/vagrant/.julia/v0.7/LibPQ/test/runtests.jl:20
WARNING: Base.normalize is deprecated: it has been moved to the standard library package `LinearAlgebra`.
Add `using LinearAlgebra` to your imports.
  likely near /home/vagrant/.julia/v0.7/LibPQ/test/runtests.jl:20
WARNING: importing deprecated binding Base.STDOUT into TestSetExtensions.
WARNING: Base.myid is deprecated: it has been moved to the standard library package `Distributed`.
Add `using Distributed` to your imports.
  likely near /home/vagrant/.julia/v0.7/LibPQ/test/runtests.jl:20
WARNING: Base.myid is deprecated: it has been moved to the standard library package `Distributed`.
Add `using Distributed` to your imports.
  likely near /home/vagrant/.julia/v0.7/LibPQ/test/runtests.jl:20
WARNING: importing deprecated binding Base.myid into Memento.
WARNING: Base.myid is deprecated: it has been moved to the standard library package `Distributed`.
Add `using Distributed` to your imports.
  likely near /home/vagrant/.julia/v0.7/LibPQ/test/runtests.jl:20
WARNING: Base.myid is deprecated: it has been moved to the standard library package `Distributed`.
Add `using Distributed` to your imports.
  likely near /home/vagrant/.julia/v0.7/LibPQ/test/runtests.jl:20
WARNING: Base.myid is deprecated: it has been moved to the standard library package `Distributed`.
Add `using Distributed` to your imports.
  likely near /home/vagrant/.julia/v0.7/LibPQ/test/runtests.jl:20
WARNING: Base.Void is deprecated, use Nothing instead.
  likely near /home/vagrant/.julia/v0.7/LibPQ/test/runtests.jl:20
WARNING: Base.Void is deprecated, use Nothing instead.
  likely near /home/vagrant/.julia/v0.7/LibPQ/test/runtests.jl:20
WARNING: Base.Void is deprecated, use Nothing instead.
  likely near /home/vagrant/.julia/v0.7/LibPQ/test/runtests.jl:20
WARNING: Base.Void is deprecated, use Nothing instead.
  likely near /home/vagrant/.julia/v0.7/LibPQ/test/runtests.jl:20
Example SELECT: Error During Test at /home/vagrant/.julia/v0.7/LibPQ/test/runtests.jl:60
  Got exception ErrorException("error compiling #Connection#8: error compiling conninfo: error compiling PQconninfoParse: could not load library \"libpq\"\nlibpq.so: cannot open shared object file: No such file or directory") outside of a @test
  error compiling #Connection#8: error compiling conninfo: error compiling PQconninfoParse: could not load library "libpq"
  libpq.so: cannot open shared object file: No such file or directory
  Stacktrace:
   [1] (::getfield(Core, Symbol("#kw#Type")))(::Core.NamedTuple{(:throw_error,),Tuple{Bool}}, ::Type{LibPQ.Connection}, ::String) at ./<missing>:0
   [2] macro expansion at /home/vagrant/.julia/v0.7/LibPQ/test/runtests.jl:61 [inlined]
   [3] macro expansion at /buildworker/worker/package_linux64/build/usr/share/julia/stdlib/v0.7/Test/src/Test.jl:1022 [inlined]
   [4] macro expansion at /home/vagrant/.julia/v0.7/LibPQ/test/runtests.jl:61 [inlined]
   [5] macro expansion at /buildworker/worker/package_linux64/build/usr/share/julia/stdlib/v0.7/Test/src/Test.jl:1022 [inlined]
   [6] macro expansion at /home/vagrant/.julia/v0.7/LibPQ/test/runtests.jl:58 [inlined]
   [7] macro expansion at /buildworker/worker/package_linux64/build/usr/share/julia/stdlib/v0.7/Test/src/Test.jl:1022 [inlined]
   [8] top-level scope at /home/vagrant/.julia/v0.7/LibPQ/test/runtests.jl:22
   [9] include at ./boot.jl:314 [inlined]
   [10] include_relative(::Module, ::String) at ./loading.jl:1067
   [11] include(::Module, ::String) at ./sysimg.jl:29
   [12] exec_options(::Base.JLOptions) at ./client.jl:327
   [13] _start() at ./client.jl:455
Example INSERT and DELETE: Error During Test at /home/vagrant/.julia/v0.7/LibPQ/test/runtests.jl:129
  Got exception ErrorException("error compiling Type: error compiling #Connection#8: error compiling conninfo: error compiling PQconninfoParse: could not load library \"libpq\"\nlibpq.so: cannot open shared object file: No such file or directory") outside of a @test
  error compiling Type: error compiling #Connection#8: error compiling conninfo: error compiling PQconninfoParse: could not load library "libpq"
  libpq.so: cannot open shared object file: No such file or directory
  Stacktrace:
   [1] macro expansion at /home/vagrant/.julia/v0.7/LibPQ/test/runtests.jl:130 [inlined]
   [2] macro expansion at /buildworker/worker/package_linux64/build/usr/share/julia/stdlib/v0.7/Test/src/Test.jl:1022 [inlined]
   [3] macro expansion at /home/vagrant/.julia/v0.7/LibPQ/test/runtests.jl:130 [inlined]
   [4] macro expansion at /buildworker/worker/package_linux64/build/usr/share/julia/stdlib/v0.7/Test/src/Test.jl:1022 [inlined]
   [5] macro expansion at /home/vagrant/.julia/v0.7/LibPQ/test/runtests.jl:58 [inlined]
   [6] macro expansion at /buildworker/worker/package_linux64/build/usr/share/julia/stdlib/v0.7/Test/src/Test.jl:1022 [inlined]
   [7] top-level scope at /home/vagrant/.julia/v0.7/LibPQ/test/runtests.jl:22
   [8] include at ./boot.jl:314 [inlined]
   [9] include_relative(::Module, ::String) at ./loading.jl:1067
   [10] include(::Module, ::String) at ./sysimg.jl:29
   [11] exec_options(::Base.JLOptions) at ./client.jl:327
   [12] _start() at ./client.jl:455
do: Error During Test at /home/vagrant/.julia/v0.7/LibPQ/test/runtests.jl:228
  Got exception ErrorException("error compiling #Connection#9: could not load library \"libpq\"\nlibpq.so: cannot open shared object file: No such file or directory") outside of a @test
  error compiling #Connection#9: could not load library "libpq"
  libpq.so: cannot open shared object file: No such file or directory
  Stacktrace:
   [1] (::getfield(Core, Symbol("#kw#Type")))(::Core.NamedTuple{(:throw_error,),Tuple{Bool}}, ::Type{LibPQ.Connection}, ::Function, ::String) at ./<missing>:0
   [2] macro expansion at /home/vagrant/.julia/v0.7/LibPQ/test/runtests.jl:231 [inlined]
   [3] macro expansion at /buildworker/worker/package_linux64/build/usr/share/julia/stdlib/v0.7/Test/src/Test.jl:1022 [inlined]
   [4] macro expansion at /home/vagrant/.julia/v0.7/LibPQ/test/runtests.jl:229 [inlined]
   [5] macro expansion at /buildworker/worker/package_linux64/build/usr/share/julia/stdlib/v0.7/Test/src/Test.jl:1022 [inlined]
   [6] macro expansion at /home/vagrant/.julia/v0.7/LibPQ/test/runtests.jl:228 [inlined]
   [7] macro expansion at /buildworker/worker/package_linux64/build/usr/share/julia/stdlib/v0.7/Test/src/Test.jl:1022 [inlined]
   [8] macro expansion at /home/vagrant/.julia/v0.7/LibPQ/test/runtests.jl:58 [inlined]
   [9] macro expansion at /buildworker/worker/package_linux64/build/usr/share/julia/stdlib/v0.7/Test/src/Test.jl:1022 [inlined]
   [10] top-level scope at /home/vagrant/.julia/v0.7/LibPQ/test/runtests.jl:22
   [11] include at ./boot.jl:314 [inlined]
   [12] include_relative(::Module, ::String) at ./loading.jl:1067
   [13] include(::Module, ::String) at ./sysimg.jl:29
   [14] exec_options(::Base.JLOptions) at ./client.jl:327
   [15] _start() at ./client.jl:455
Version Numbers: Error During Test at /home/vagrant/.julia/v0.7/LibPQ/test/runtests.jl:244
  Got exception ErrorException("error compiling #Connection#8: error compiling conninfo: error compiling PQconninfoParse: could not load library \"libpq\"\nlibpq.so: cannot open shared object file: No such file or directory") outside of a @test
  error compiling #Connection#8: error compiling conninfo: error compiling PQconninfoParse: could not load library "libpq"
  libpq.so: cannot open shared object file: No such file or directory
  Stacktrace:
   [1] (::getfield(Core, Symbol("#kw#Type")))(::Core.NamedTuple{(:throw_error,),Tuple{Bool}}, ::Type{LibPQ.Connection}, ::String) at ./<missing>:0
   [2] macro expansion at /home/vagrant/.julia/v0.7/LibPQ/test/runtests.jl:245 [inlined]
   [3] macro expansion at /buildworker/worker/package_linux64/build/usr/share/julia/stdlib/v0.7/Test/src/Test.jl:1022 [inlined]
   [4] macro expansion at /home/vagrant/.julia/v0.7/LibPQ/test/runtests.jl:245 [inlined]
   [5] macro expansion at /buildworker/worker/package_linux64/build/usr/share/julia/stdlib/v0.7/Test/src/Test.jl:1022 [inlined]
   [6] macro expansion at /home/vagrant/.julia/v0.7/LibPQ/test/runtests.jl:228 [inlined]
   [7] macro expansion at /buildworker/worker/package_linux64/build/usr/share/julia/stdlib/v0.7/Test/src/Test.jl:1022 [inlined]
   [8] macro expansion at /home/vagrant/.julia/v0.7/LibPQ/test/runtests.jl:58 [inlined]
   [9] macro expansion at /buildworker/worker/package_linux64/build/usr/share/julia/stdlib/v0.7/Test/src/Test.jl:1022 [inlined]
   [10] top-level scope at /home/vagrant/.julia/v0.7/LibPQ/test/runtests.jl:22
   [11] include at ./boot.jl:314 [inlined]
   [12] include_relative(::Module, ::String) at ./loading.jl:1067
   [13] include(::Module, ::String) at ./sysimg.jl:29
   [14] exec_options(::Base.JLOptions) at ./client.jl:327
   [15] _start() at ./client.jl:455
Encoding: Error During Test at /home/vagrant/.julia/v0.7/LibPQ/test/runtests.jl:251
  Got exception ErrorException("error compiling #Connection#8: error compiling conninfo: error compiling PQconninfoParse: could not load library \"libpq\"\nlibpq.so: cannot open shared object file: No such file or directory") outside of a @test
  error compiling #Connection#8: error compiling conninfo: error compiling PQconninfoParse: could not load library "libpq"
  libpq.so: cannot open shared object file: No such file or directory
  Stacktrace:
   [1] (::getfield(Core, Symbol("#kw#Type")))(::Core.NamedTuple{(:throw_error,),Tuple{Bool}}, ::Type{LibPQ.Connection}, ::String) at ./<missing>:0
   [2] macro expansion at /home/vagrant/.julia/v0.7/LibPQ/test/runtests.jl:252 [inlined]
   [3] macro expansion at /buildworker/worker/package_linux64/build/usr/share/julia/stdlib/v0.7/Test/src/Test.jl:1022 [inlined]
   [4] macro expansion at /home/vagrant/.julia/v0.7/LibPQ/test/runtests.jl:252 [inlined]
   [5] macro expansion at /buildworker/worker/package_linux64/build/usr/share/julia/stdlib/v0.7/Test/src/Test.jl:1022 [inlined]
   [6] macro expansion at /home/vagrant/.julia/v0.7/LibPQ/test/runtests.jl:228 [inlined]
   [7] macro expansion at /buildworker/worker/package_linux64/build/usr/share/julia/stdlib/v0.7/Test/src/Test.jl:1022 [inlined]
   [8] macro expansion at /home/vagrant/.julia/v0.7/LibPQ/test/runtests.jl:58 [inlined]
   [9] macro expansion at /buildworker/worker/package_linux64/build/usr/share/julia/stdlib/v0.7/Test/src/Test.jl:1022 [inlined]
   [10] top-level scope at /home/vagrant/.julia/v0.7/LibPQ/test/runtests.jl:22
   [11] include at ./boot.jl:314 [inlined]
   [12] include_relative(::Module, ::String) at ./loading.jl:1067
   [13] include(::Module, ::String) at ./sysimg.jl:29
   [14] exec_options(::Base.JLOptions) at ./client.jl:327
   [15] _start() at ./client.jl:455
throw_error=false: Error During Test at /home/vagrant/.julia/v0.7/LibPQ/test/runtests.jl:278
  Got exception ErrorException("error compiling #Connection#8: error compiling conninfo: error compiling PQconninfoParse: could not load library \"libpq\"\nlibpq.so: cannot open shared object file: No such file or directory") outside of a @test
  error compiling #Connection#8: error compiling conninfo: error compiling PQconninfoParse: could not load library "libpq"
  libpq.so: cannot open shared object file: No such file or directory
  Stacktrace:
   [1] (::getfield(Core, Symbol("#kw#Type")))(::Core.NamedTuple{(:throw_error,),Tuple{Bool}}, ::Type{LibPQ.Connection}, ::String) at ./<missing>:0
   [2] macro expansion at /home/vagrant/.julia/v0.7/LibPQ/test/runtests.jl:279 [inlined]
   [3] macro expansion at /buildworker/worker/package_linux64/build/usr/share/julia/stdlib/v0.7/Test/src/Test.jl:1022 [inlined]
   [4] macro expansion at /home/vagrant/.julia/v0.7/LibPQ/test/runtests.jl:279 [inlined]
   [5] macro expansion at /buildworker/worker/package_linux64/build/usr/share/julia/stdlib/v0.7/Test/src/Test.jl:1022 [inlined]
   [6] macro expansion at /home/vagrant/.julia/v0.7/LibPQ/test/runtests.jl:278 [inlined]
   [7] macro expansion at /buildworker/worker/package_linux64/build/usr/share/julia/stdlib/v0.7/Test/src/Test.jl:1022 [inlined]
   [8] macro expansion at /home/vagrant/.julia/v0.7/LibPQ/test/runtests.jl:228 [inlined]
   [9] macro expansion at /buildworker/worker/package_linux64/build/usr/share/julia/stdlib/v0.7/Test/src/Test.jl:1022 [inlined]
   [10] macro expansion at /home/vagrant/.julia/v0.7/LibPQ/test/runtests.jl:58 [inlined]
   [11] macro expansion at /buildworker/worker/package_linux64/build/usr/share/julia/stdlib/v0.7/Test/src/Test.jl:1022 [inlined]
   [12] top-level scope at /home/vagrant/.julia/v0.7/LibPQ/test/runtests.jl:22
   [13] include at ./boot.jl:314 [inlined]
   [14] include_relative(::Module, ::String) at ./loading.jl:1067
   [15] include(::Module, ::String) at ./sysimg.jl:29
   [16] exec_options(::Base.JLOptions) at ./client.jl:327
   [17] _start() at ./client.jl:455
throw_error=true: Error During Test at /home/vagrant/.julia/v0.7/LibPQ/test/runtests.jl:294
  Got exception ErrorException("error compiling #Connection#8: error compiling conninfo: error compiling PQconninfoParse: could not load library \"libpq\"\nlibpq.so: cannot open shared object file: No such file or directory") outside of a @test
  error compiling #Connection#8: error compiling conninfo: error compiling PQconninfoParse: could not load library "libpq"
  libpq.so: cannot open shared object file: No such file or directory
  Stacktrace:
   [1] (::getfield(Core, Symbol("#kw#Type")))(::Core.NamedTuple{(:throw_error,),Tuple{Bool}}, ::Type{LibPQ.Connection}, ::String) at ./<missing>:0
   [2] macro expansion at /home/vagrant/.julia/v0.7/LibPQ/test/runtests.jl:297 [inlined]
   [3] macro expansion at /buildworker/worker/package_linux64/build/usr/share/julia/stdlib/v0.7/Test/src/Test.jl:1022 [inlined]
   [4] macro expansion at /home/vagrant/.julia/v0.7/LibPQ/test/runtests.jl:295 [inlined]
   [5] macro expansion at /buildworker/worker/package_linux64/build/usr/share/julia/stdlib/v0.7/Test/src/Test.jl:1022 [inlined]
   [6] macro expansion at /home/vagrant/.julia/v0.7/LibPQ/test/runtests.jl:278 [inlined]
   [7] macro expansion at /buildworker/worker/package_linux64/build/usr/share/julia/stdlib/v0.7/Test/src/Test.jl:1022 [inlined]
   [8] macro expansion at /home/vagrant/.julia/v0.7/LibPQ/test/runtests.jl:228 [inlined]
   [9] macro expansion at /buildworker/worker/package_linux64/build/usr/share/julia/stdlib/v0.7/Test/src/Test.jl:1022 [inlined]
   [10] macro expansion at /home/vagrant/.julia/v0.7/LibPQ/test/runtests.jl:58 [inlined]
   [11] macro expansion at /buildworker/worker/package_linux64/build/usr/share/julia/stdlib/v0.7/Test/src/Test.jl:1022 [inlined]
   [12] top-level scope at /home/vagrant/.julia/v0.7/LibPQ/test/runtests.jl:22
   [13] include at ./boot.jl:314 [inlined]
   [14] include_relative(::Module, ::String) at ./loading.jl:1067
   [15] include(::Module, ::String) at ./sysimg.jl:29
   [16] exec_options(::Base.JLOptions) at ./client.jl:327
   [17] _start() at ./client.jl:455
Nulls: Error During Test at /home/vagrant/.julia/v0.7/LibPQ/test/runtests.jl:311
  Got exception ErrorException("error compiling #Connection#8: error compiling conninfo: error compiling PQconninfoParse: could not load library \"libpq\"\nlibpq.so: cannot open shared object file: No such file or directory") outside of a @test
  error compiling #Connection#8: error compiling conninfo: error compiling PQconninfoParse: could not load library "libpq"
  libpq.so: cannot open shared object file: No such file or directory
  Stacktrace:
   [1] (::getfield(Core, Symbol("#kw#Type")))(::Core.NamedTuple{(:throw_error,),Tuple{Bool}}, ::Type{LibPQ.Connection}, ::String) at ./<missing>:0
   [2] macro expansion at /home/vagrant/.julia/v0.7/LibPQ/test/runtests.jl:312 [inlined]
   [3] macro expansion at /buildworker/worker/package_linux64/build/usr/share/julia/stdlib/v0.7/Test/src/Test.jl:1022 [inlined]
   [4] macro expansion at /home/vagrant/.julia/v0.7/LibPQ/test/runtests.jl:312 [inlined]
   [5] macro expansion at /buildworker/worker/package_linux64/build/usr/share/julia/stdlib/v0.7/Test/src/Test.jl:1022 [inlined]
   [6] macro expansion at /home/vagrant/.julia/v0.7/LibPQ/test/runtests.jl:311 [inlined]
   [7] macro expansion at /buildworker/worker/package_linux64/build/usr/share/julia/stdlib/v0.7/Test/src/Test.jl:1022 [inlined]
   [8] macro expansion at /home/vagrant/.julia/v0.7/LibPQ/test/runtests.jl:58 [inlined]
   [9] macro expansion at /buildworker/worker/package_linux64/build/usr/share/julia/stdlib/v0.7/Test/src/Test.jl:1022 [inlined]
   [10] top-level scope at /home/vagrant/.julia/v0.7/LibPQ/test/runtests.jl:22
   [11] include at ./boot.jl:314 [inlined]
   [12] include_relative(::Module, ::String) at ./loading.jl:1067
   [13] include(::Module, ::String) at ./sysimg.jl:29
   [14] exec_options(::Base.JLOptions) at ./client.jl:327
   [15] _start() at ./client.jl:455
Not Nulls: Error During Test at /home/vagrant/.julia/v0.7/LibPQ/test/runtests.jl:370
  Got exception ErrorException("error compiling #Connection#8: error compiling conninfo: error compiling PQconninfoParse: could not load library \"libpq\"\nlibpq.so: cannot open shared object file: No such file or directory") outside of a @test
  error compiling #Connection#8: error compiling conninfo: error compiling PQconninfoParse: could not load library "libpq"
  libpq.so: cannot open shared object file: No such file or directory
  Stacktrace:
   [1] (::getfield(Core, Symbol("#kw#Type")))(::Core.NamedTuple{(:throw_error,),Tuple{Bool}}, ::Type{LibPQ.Connection}, ::String) at ./<missing>:0
   [2] macro expansion at /home/vagrant/.julia/v0.7/LibPQ/test/runtests.jl:371 [inlined]
   [3] macro expansion at /buildworker/worker/package_linux64/build/usr/share/julia/stdlib/v0.7/Test/src/Test.jl:1022 [inlined]
   [4] macro expansion at /home/vagrant/.julia/v0.7/LibPQ/test/runtests.jl:371 [inlined]
   [5] macro expansion at /buildworker/worker/package_linux64/build/usr/share/julia/stdlib/v0.7/Test/src/Test.jl:1022 [inlined]
   [6] macro expansion at /home/vagrant/.julia/v0.7/LibPQ/test/runtests.jl:311 [inlined]
   [7] macro expansion at /buildworker/worker/package_linux64/build/usr/share/julia/stdlib/v0.7/Test/src/Test.jl:1022 [inlined]
   [8] macro expansion at /home/vagrant/.julia/v0.7/LibPQ/test/runtests.jl:58 [inlined]
   [9] macro expansion at /buildworker/worker/package_linux64/build/usr/share/julia/stdlib/v0.7/Test/src/Test.jl:1022 [inlined]
   [10] top-level scope at /home/vagrant/.julia/v0.7/LibPQ/test/runtests.jl:22
   [11] include at ./boot.jl:314 [inlined]
   [12] include_relative(::Module, ::String) at ./loading.jl:1067
   [13] include(::Module, ::String) at ./sysimg.jl:29
   [14] exec_options(::Base.JLOptions) at ./client.jl:327
   [15] _start() at ./client.jl:455
Automatic: Error During Test at /home/vagrant/.julia/v0.7/LibPQ/test/runtests.jl:450
  Got exception ErrorException("error compiling #Connection#8: error compiling conninfo: error compiling PQconninfoParse: could not load library \"libpq\"\nlibpq.so: cannot open shared object file: No such file or directory") outside of a @test
  error compiling #Connection#8: error compiling conninfo: error compiling PQconninfoParse: could not load library "libpq"
  libpq.so: cannot open shared object file: No such file or directory
  Stacktrace:
   [1] (::getfield(Core, Symbol("#kw#Type")))(::Core.NamedTuple{(:throw_error,),Tuple{Bool}}, ::Type{LibPQ.Connection}, ::String) at ./<missing>:0
   [2] macro expansion at /home/vagrant/.julia/v0.7/LibPQ/test/runtests.jl:451 [inlined]
   [3] macro expansion at /buildworker/worker/package_linux64/build/usr/share/julia/stdlib/v0.7/Test/src/Test.jl:1022 [inlined]
   [4] macro expansion at /home/vagrant/.julia/v0.7/LibPQ/test/runtests.jl:451 [inlined]
   [5] macro expansion at /buildworker/worker/package_linux64/build/usr/share/julia/stdlib/v0.7/Test/src/Test.jl:1022 [inlined]
   [6] macro expansion at /home/vagrant/.julia/v0.7/LibPQ/test/runtests.jl:450 [inlined]
   [7] macro expansion at /buildworker/worker/package_linux64/build/usr/share/julia/stdlib/v0.7/Test/src/Test.jl:1022 [inlined]
   [8] macro expansion at /home/vagrant/.julia/v0.7/LibPQ/test/runtests.jl:311 [inlined]
   [9] macro expansion at /buildworker/worker/package_linux64/build/usr/share/julia/stdlib/v0.7/Test/src/Test.jl:1022 [inlined]
   [10] macro expansion at /home/vagrant/.julia/v0.7/LibPQ/test/runtests.jl:58 [inlined]
   [11] macro expansion at /buildworker/worker/package_linux64/build/usr/share/julia/stdlib/v0.7/Test/src/Test.jl:1022 [inlined]
   [12] top-level scope at /home/vagrant/.julia/v0.7/LibPQ/test/runtests.jl:22
   [13] include at ./boot.jl:314 [inlined]
   [14] include_relative(::Module, ::String) at ./loading.jl:1067
   [15] include(::Module, ::String) at ./sysimg.jl:29
   [16] exec_options(::Base.JLOptions) at ./client.jl:327
   [17] _start() at ./client.jl:455
Default Types: Error During Test at /home/vagrant/.julia/v0.7/LibPQ/test/runtests.jl:481
  Got exception ErrorException("error compiling #Connection#8: error compiling conninfo: error compiling PQconninfoParse: could not load library \"libpq\"\nlibpq.so: cannot open shared object file: No such file or directory") outside of a @test
  error compiling #Connection#8: error compiling conninfo: error compiling PQconninfoParse: could not load library "libpq"
  libpq.so: cannot open shared object file: No such file or directory
  Stacktrace:
   [1] (::getfield(Core, Symbol("#kw#Type")))(::Core.NamedTuple{(:throw_error,),Tuple{Bool}}, ::Type{LibPQ.Connection}, ::String) at ./<missing>:0
   [2] macro expansion at /home/vagrant/.julia/v0.7/LibPQ/test/runtests.jl:482 [inlined]
   [3] macro expansion at /buildworker/worker/package_linux64/build/usr/share/julia/stdlib/v0.7/Test/src/Test.jl:1022 [inlined]
   [4] macro expansion at /home/vagrant/.julia/v0.7/LibPQ/test/runtests.jl:482 [inlined]
   [5] macro expansion at /buildworker/worker/package_linux64/build/usr/share/julia/stdlib/v0.7/Test/src/Test.jl:1022 [inlined]
   [6] macro expansion at /home/vagrant/.julia/v0.7/LibPQ/test/runtests.jl:481 [inlined]
   [7] macro expansion at /buildworker/worker/package_linux64/build/usr/share/julia/stdlib/v0.7/Test/src/Test.jl:1022 [inlined]
   [8] macro expansion at /home/vagrant/.julia/v0.7/LibPQ/test/runtests.jl:450 [inlined]
   [9] macro expansion at /buildworker/worker/package_linux64/build/usr/share/julia/stdlib/v0.7/Test/src/Test.jl:1022 [inlined]
   [10] macro expansion at /home/vagrant/.julia/v0.7/LibPQ/test/runtests.jl:311 [inlined]
   [11] macro expansion at /buildworker/worker/package_linux64/build/usr/share/julia/stdlib/v0.7/Test/src/Test.jl:1022 [inlined]
   [12] macro expansion at /home/vagrant/.julia/v0.7/LibPQ/test/runtests.jl:58 [inlined]
   [13] macro expansion at /buildworker/worker/package_linux64/build/usr/share/julia/stdlib/v0.7/Test/src/Test.jl:1022 [inlined]
   [14] top-level scope at /home/vagrant/.julia/v0.7/LibPQ/test/runtests.jl:22
   [15] include at ./boot.jl:314 [inlined]
   [16] include_relative(::Module, ::String) at ./loading.jl:1067
   [17] include(::Module, ::String) at ./sysimg.jl:29
   [18] exec_options(::Base.JLOptions) at ./client.jl:327
   [19] _start() at ./client.jl:455
Specified Types: Error During Test at /home/vagrant/.julia/v0.7/LibPQ/test/runtests.jl:572
  Got exception ErrorException("error compiling #Connection#8: error compiling conninfo: error compiling PQconninfoParse: could not load library \"libpq\"\nlibpq.so: cannot open shared object file: No such file or directory") outside of a @test
  error compiling #Connection#8: error compiling conninfo: error compiling PQconninfoParse: could not load library "libpq"
  libpq.so: cannot open shared object file: No such file or directory
  Stacktrace:
   [1] (::getfield(Core, Symbol("#kw#Type")))(::Core.NamedTuple{(:throw_error,),Tuple{Bool}}, ::Type{LibPQ.Connection}, ::String) at ./<missing>:0
   [2] macro expansion at /home/vagrant/.julia/v0.7/LibPQ/test/runtests.jl:573 [inlined]
   [3] macro expansion at /buildworker/worker/package_linux64/build/usr/share/julia/stdlib/v0.7/Test/src/Test.jl:1022 [inlined]
   [4] macro expansion at /home/vagrant/.julia/v0.7/LibPQ/test/runtests.jl:573 [inlined]
   [5] macro expansion at /buildworker/worker/package_linux64/build/usr/share/julia/stdlib/v0.7/Test/src/Test.jl:1022 [inlined]
   [6] macro expansion at /home/vagrant/.julia/v0.7/LibPQ/test/runtests.jl:481 [inlined]
   [7] macro expansion at /buildworker/worker/package_linux64/build/usr/share/julia/stdlib/v0.7/Test/src/Test.jl:1022 [inlined]
   [8] macro expansion at /home/vagrant/.julia/v0.7/LibPQ/test/runtests.jl:450 [inlined]
   [9] macro expansion at /buildworker/worker/package_linux64/build/usr/share/julia/stdlib/v0.7/Test/src/Test.jl:1022 [inlined]
   [10] macro expansion at /home/vagrant/.julia/v0.7/LibPQ/test/runtests.jl:311 [inlined]
   [11] macro expansion at /buildworker/worker/package_linux64/build/usr/share/julia/stdlib/v0.7/Test/src/Test.jl:1022 [inlined]
   [12] macro expansion at /home/vagrant/.julia/v0.7/LibPQ/test/runtests.jl:58 [inlined]
   [13] macro expansion at /buildworker/worker/package_linux64/build/usr/share/julia/stdlib/v0.7/Test/src/Test.jl:1022 [inlined]
   [14] top-level scope at /home/vagrant/.julia/v0.7/LibPQ/test/runtests.jl:22
   [15] include at ./boot.jl:314 [inlined]
   [16] include_relative(::Module, ::String) at ./loading.jl:1067
   [17] include(::Module, ::String) at ./sysimg.jl:29
   [18] exec_options(::Base.JLOptions) at ./client.jl:327
   [19] _start() at ./client.jl:455
Syntax Errors: Error During Test at /home/vagrant/.julia/v0.7/LibPQ/test/runtests.jl:616
  Got exception ErrorException("error compiling #Connection#8: error compiling conninfo: error compiling PQconninfoParse: could not load library \"libpq\"\nlibpq.so: cannot open shared object file: No such file or directory") outside of a @test
  error compiling #Connection#8: error compiling conninfo: error compiling PQconninfoParse: could not load library "libpq"
  libpq.so: cannot open shared object file: No such file or directory
  Stacktrace:
   [1] (::getfield(Core, Symbol("#kw#Type")))(::Core.NamedTuple{(:throw_error,),Tuple{Bool}}, ::Type{LibPQ.Connection}, ::String) at ./<missing>:0
   [2] macro expansion at /home/vagrant/.julia/v0.7/LibPQ/test/runtests.jl:617 [inlined]
   [3] macro expansion at /buildworker/worker/package_linux64/build/usr/share/julia/stdlib/v0.7/Test/src/Test.jl:1022 [inlined]
   [4] macro expansion at /home/vagrant/.julia/v0.7/LibPQ/test/runtests.jl:617 [inlined]
   [5] macro expansion at /buildworker/worker/package_linux64/build/usr/share/julia/stdlib/v0.7/Test/src/Test.jl:1022 [inlined]
   [6] macro expansion at /home/vagrant/.julia/v0.7/LibPQ/test/runtests.jl:616 [inlined]
   [7] macro expansion at /buildworker/worker/package_linux64/build/usr/share/julia/stdlib/v0.7/Test/src/Test.jl:1022 [inlined]
   [8] macro expansion at /home/vagrant/.julia/v0.7/LibPQ/test/runtests.jl:311 [inlined]
   [9] macro expansion at /buildworker/worker/package_linux64/build/usr/share/julia/stdlib/v0.7/Test/src/Test.jl:1022 [inlined]
   [10] macro expansion at /home/vagrant/.julia/v0.7/LibPQ/test/runtests.jl:58 [inlined]
   [11] macro expansion at /buildworker/worker/package_linux64/build/usr/share/julia/stdlib/v0.7/Test/src/Test.jl:1022 [inlined]
   [12] top-level scope at /home/vagrant/.julia/v0.7/LibPQ/test/runtests.jl:22
   [13] include at ./boot.jl:314 [inlined]
   [14] include_relative(::Module, ::String) at ./loading.jl:1067
   [15] include(::Module, ::String) at ./sysimg.jl:29
   [16] exec_options(::Base.JLOptions) at ./client.jl:327
   [17] _start() at ./client.jl:455
Wrong No. Parameters: Error During Test at /home/vagrant/.julia/v0.7/LibPQ/test/runtests.jl:634
  Got exception ErrorException("error compiling #Connection#8: error compiling conninfo: error compiling PQconninfoParse: could not load library \"libpq\"\nlibpq.so: cannot open shared object file: No such file or directory") outside of a @test
  error compiling #Connection#8: error compiling conninfo: error compiling PQconninfoParse: could not load library "libpq"
  libpq.so: cannot open shared object file: No such file or directory
  Stacktrace:
   [1] (::getfield(Core, Symbol("#kw#Type")))(::Core.NamedTuple{(:throw_error,),Tuple{Bool}}, ::Type{LibPQ.Connection}, ::String) at ./<missing>:0
   [2] macro expansion at /home/vagrant/.julia/v0.7/LibPQ/test/runtests.jl:635 [inlined]
   [3] macro expansion at /buildworker/worker/package_linux64/build/usr/share/julia/stdlib/v0.7/Test/src/Test.jl:1022 [inlined]
   [4] macro expansion at /home/vagrant/.julia/v0.7/LibPQ/test/runtests.jl:635 [inlined]
   [5] macro expansion at /buildworker/worker/package_linux64/build/usr/share/julia/stdlib/v0.7/Test/src/Test.jl:1022 [inlined]
   [6] macro expansion at /home/vagrant/.julia/v0.7/LibPQ/test/runtests.jl:616 [inlined]
   [7] macro expansion at /buildworker/worker/package_linux64/build/usr/share/julia/stdlib/v0.7/Test/src/Test.jl:1022 [inlined]
   [8] macro expansion at /home/vagrant/.julia/v0.7/LibPQ/test/runtests.jl:311 [inlined]
   [9] macro expansion at /buildworker/worker/package_linux64/build/usr/share/julia/stdlib/v0.7/Test/src/Test.jl:1022 [inlined]
   [10] macro expansion at /home/vagrant/.julia/v0.7/LibPQ/test/runtests.jl:58 [inlined]
   [11] macro expansion at /buildworker/worker/package_linux64/build/usr/share/julia/stdlib/v0.7/Test/src/Test.jl:1022 [inlined]
   [12] top-level scope at /home/vagrant/.julia/v0.7/LibPQ/test/runtests.jl:22
   [13] include at ./boot.jl:314 [inlined]
   [14] include_relative(::Module, ::String) at ./loading.jl:1067
   [15] include(::Module, ::String) at ./sysimg.jl:29
   [16] exec_options(::Base.JLOptions) at ./client.jl:327
   [17] _start() at ./client.jl:455
Interface Errors: Error During Test at /home/vagrant/.julia/v0.7/LibPQ/test/runtests.jl:658
  Got exception ErrorException("error compiling #Connection#8: error compiling conninfo: error compiling PQconninfoParse: could not load library \"libpq\"\nlibpq.so: cannot open shared object file: No such file or directory") outside of a @test
  error compiling #Connection#8: error compiling conninfo: error compiling PQconninfoParse: could not load library "libpq"
  libpq.so: cannot open shared object file: No such file or directory
  Stacktrace:
   [1] (::getfield(Core, Symbol("#kw#Type")))(::Core.NamedTuple{(:throw_error,),Tuple{Bool}}, ::Type{LibPQ.Connection}, ::String) at ./<missing>:0
   [2] macro expansion at /home/vagrant/.julia/v0.7/LibPQ/test/runtests.jl:659 [inlined]
   [3] macro expansion at /buildworker/worker/package_linux64/build/usr/share/julia/stdlib/v0.7/Test/src/Test.jl:1022 [inlined]
   [4] macro expansion at /home/vagrant/.julia/v0.7/LibPQ/test/runtests.jl:659 [inlined]
   [5] macro expansion at /buildworker/worker/package_linux64/build/usr/share/julia/stdlib/v0.7/Test/src/Test.jl:1022 [inlined]
   [6] macro expansion at /home/vagrant/.julia/v0.7/LibPQ/test/runtests.jl:311 [inlined]
   [7] macro expansion at /buildworker/worker/package_linux64/build/usr/share/julia/stdlib/v0.7/Test/src/Test.jl:1022 [inlined]
   [8] macro expansion at /home/vagrant/.julia/v0.7/LibPQ/test/runtests.jl:58 [inlined]
   [9] macro expansion at /buildworker/worker/package_linux64/build/usr/share/julia/stdlib/v0.7/Test/src/Test.jl:1022 [inlined]
   [10] top-level scope at /home/vagrant/.julia/v0.7/LibPQ/test/runtests.jl:22
   [11] include at ./boot.jl:314 [inlined]
   [12] include_relative(::Module, ::String) at ./loading.jl:1067
   [13] include(::Module, ::String) at ./sysimg.jl:29
   [14] exec_options(::Base.JLOptions) at ./client.jl:327
   [15] _start() at ./client.jl:455
No Params, Output: Error During Test at /home/vagrant/.julia/v0.7/LibPQ/test/runtests.jl:675
  Got exception ErrorException("error compiling #Connection#8: error compiling conninfo: error compiling PQconninfoParse: could not load library \"libpq\"\nlibpq.so: cannot open shared object file: No such file or directory") outside of a @test
  error compiling #Connection#8: error compiling conninfo: error compiling PQconninfoParse: could not load library "libpq"
  libpq.so: cannot open shared object file: No such file or directory
  Stacktrace:
   [1] (::getfield(Core, Symbol("#kw#Type")))(::Core.NamedTuple{(:throw_error,),Tuple{Bool}}, ::Type{LibPQ.Connection}, ::String) at ./<missing>:0
   [2] macro expansion at /home/vagrant/.julia/v0.7/LibPQ/test/runtests.jl:676 [inlined]
   [3] macro expansion at /buildworker/worker/package_linux64/build/usr/share/julia/stdlib/v0.7/Test/src/Test.jl:1022 [inlined]
   [4] macro expansion at /home/vagrant/.julia/v0.7/LibPQ/test/runtests.jl:676 [inlined]
   [5] macro expansion at /buildworker/worker/package_linux64/build/usr/share/julia/stdlib/v0.7/Test/src/Test.jl:1022 [inlined]
   [6] macro expansion at /home/vagrant/.julia/v0.7/LibPQ/test/runtests.jl:675 [inlined]
   [7] macro expansion at /buildworker/worker/package_linux64/build/usr/share/julia/stdlib/v0.7/Test/src/Test.jl:1022 [inlined]
   [8] macro expansion at /home/vagrant/.julia/v0.7/LibPQ/test/runtests.jl:58 [inlined]
   [9] macro expansion at /buildworker/worker/package_linux64/build/usr/share/julia/stdlib/v0.7/Test/src/Test.jl:1022 [inlined]
   [10] top-level scope at /home/vagrant/.julia/v0.7/LibPQ/test/runtests.jl:22
   [11] include at ./boot.jl:314 [inlined]
   [12] include_relative(::Module, ::String) at ./loading.jl:1067
   [13] include(::Module, ::String) at ./sysimg.jl:29
   [14] exec_options(::Base.JLOptions) at ./client.jl:327
   [15] _start() at ./client.jl:455
Params, Output: Error During Test at /home/vagrant/.julia/v0.7/LibPQ/test/runtests.jl:696
  Got exception ErrorException("error compiling #Connection#8: error compiling conninfo: error compiling PQconninfoParse: could not load library \"libpq\"\nlibpq.so: cannot open shared object file: No such file or directory") outside of a @test
  error compiling #Connection#8: error compiling conninfo: error compiling PQconninfoParse: could not load library "libpq"
  libpq.so: cannot open shared object file: No such file or directory
  Stacktrace:
   [1] (::getfield(Core, Symbol("#kw#Type")))(::Core.NamedTuple{(:throw_error,),Tuple{Bool}}, ::Type{LibPQ.Connection}, ::String) at ./<missing>:0
   [2] macro expansion at /home/vagrant/.julia/v0.7/LibPQ/test/runtests.jl:697 [inlined]
   [3] macro expansion at /buildworker/worker/package_linux64/build/usr/share/julia/stdlib/v0.7/Test/src/Test.jl:1022 [inlined]
   [4] macro expansion at /home/vagrant/.julia/v0.7/LibPQ/test/runtests.jl:697 [inlined]
   [5] macro expansion at /buildworker/worker/package_linux64/build/usr/share/julia/stdlib/v0.7/Test/src/Test.jl:1022 [inlined]
   [6] macro expansion at /home/vagrant/.julia/v0.7/LibPQ/test/runtests.jl:675 [inlined]
   [7] macro expansion at /buildworker/worker/package_linux64/build/usr/share/julia/stdlib/v0.7/Test/src/Test.jl:1022 [inlined]
   [8] macro expansion at /home/vagrant/.julia/v0.7/LibPQ/test/runtests.jl:58 [inlined]
   [9] macro expansion at /buildworker/worker/package_linux64/build/usr/share/julia/stdlib/v0.7/Test/src/Test.jl:1022 [inlined]
   [10] top-level scope at /home/vagrant/.julia/v0.7/LibPQ/test/runtests.jl:22
   [11] include at ./boot.jl:314 [inlined]
   [12] include_relative(::Module, ::String) at ./loading.jl:1067
   [13] include(::Module, ::String) at ./sysimg.jl:29
   [14] exec_options(::Base.JLOptions) at ./client.jl:327
   [15] _start() at ./client.jl:455
Test Summary:                 | Pass  Error  Total
LibPQ                         |   16     17     33
  ConninfoDisplay             |    4             4
  Version Numbers             |   11            11
  Online                      |    1     17     18
    Example SELECT            |           1      1
    Example INSERT and DELETE |           1      1
    LibPQ.Connection          |    1      5      6
      do                      |           1      1
      Version Numbers         |           1      1
      Encoding                |           1      1
      Bad Connection          |    1      2      3
        throw_error=false     |           1      1
        throw_error=true      |    1      1      2
    Results                   |           8      8
      Nulls                   |           1      1
      Not Nulls               |           1      1
      Type Conversions        |           3      3
        Automatic             |           1      1
        Parsing               |           2      2
          Default Types       |           1      1
          Specified Types     |           1      1
      Query Errors            |           2      2
        Syntax Errors         |           1      1
        Wrong No. Parameters  |           1      1
      Interface Errors        |           1      1
    Statements                |           2      2
      No Params, Output       |           1      1
      Params, Output          |           1      1
ERROR: LoadError: Some tests did not pass: 16 passed, 0 failed, 17 errored, 0 broken.
in expression starting at /home/vagrant/.julia/v0.7/LibPQ/test/runtests.jl:20
┌ Error: ------------------------------------------------------------
│ # Testing failed for LibPQ
│   exception =
│    failed process: Process(`/home/vagrant/julia/bin/julia -Cnative -J/home/vagrant/julia/lib/julia/sys.so --compile=yes --depwarn=yes --code-coverage=none --color=no --compiled-modules=yes --check-bounds=yes --warn-overwrite=yes --startup-file=yes /home/vagrant/.julia/v0.7/LibPQ/test/runtests.jl`, ProcessExited(1)) [1]
│    Stacktrace:
│     [1] error(::String, ::Base.Process, ::String, ::Int64, ::String) at ./error.jl:42
│     [2] pipeline_error(::Base.Process) at ./process.jl:712
│     [3] #run#533(::Bool, ::Function, ::Cmd) at ./process.jl:670
│     [4] run at ./process.jl:668 [inlined]
│     [5] (::getfield(Pkg.Entry, Symbol("##56#57")){Bool,String,Array{AbstractString,1}})() at /buildworker/worker/package_linux64/build/usr/share/julia/stdlib/v0.7/Pkg/src/entry.jl:729
│     [6] cd(::getfield(Pkg.Entry, Symbol("##56#57")){Bool,String,Array{AbstractString,1}}, ::String) at ./file.jl:72
│     [7] #test!#55(::Bool, ::Function, ::String, ::Array{AbstractString,1}, ::Array{AbstractString,1}, ::Array{AbstractString,1}) at /buildworker/worker/package_linux64/build/usr/share/julia/stdlib/v0.7/Pkg/src/entry.jl:717
│     [8] (::getfield(Pkg.Entry, Symbol("#kw##test!")))(::NamedTuple{(:coverage,),Tuple{Bool}}, ::typeof(Pkg.Entry.test!), ::String, ::Array{AbstractString,1}, ::Array{AbstractString,1}, ::Array{AbstractString,1}) at ./<missing>:0
│     [9] #test#59(::Bool, ::Function, ::Array{AbstractString,1}) at /buildworker/worker/package_linux64/build/usr/share/julia/stdlib/v0.7/Pkg/src/entry.jl:756
│     [10] #test at ./<missing>:0 [inlined]
│     [11] #4 at /buildworker/worker/package_linux64/build/usr/share/julia/stdlib/v0.7/Pkg/src/dir.jl:36 [inlined]
│     [12] cd(::getfield(Pkg.Dir, Symbol("##4#7")){Base.Iterators.Pairs{Symbol,Bool,Tuple{Symbol},NamedTuple{(:coverage,),Tuple{Bool}}},typeof(Pkg.Entry.test),Tuple{Array{AbstractString,1}}}, ::String) at ./file.jl:72
│     [13] #cd#1(::Base.Iterators.Pairs{Symbol,Bool,Tuple{Symbol},NamedTuple{(:coverage,),Tuple{Bool}}}, ::Function, ::Function, ::Array{AbstractString,1}, ::Vararg{Array{AbstractString,1},N} where N) at /buildworker/worker/package_linux64/build/usr/share/julia/stdlib/v0.7/Pkg/src/dir.jl:36
│     [14] (::getfield(Pkg.Dir, Symbol("#kw##cd")))(::NamedTuple{(:coverage,),Tuple{Bool}}, ::typeof(Pkg.Dir.cd), ::Function, ::Array{AbstractString,1}, ::Vararg{Array{AbstractString,1},N} where N) at ./<missing>:0
│     [15] #test#3(::Bool, ::Function, ::String, ::Vararg{String,N} where N) at /buildworker/worker/package_linux64/build/usr/share/julia/stdlib/v0.7/Pkg/src/Pkg.jl:278
│     [16] test(::String, ::Vararg{String,N} where N) at /buildworker/worker/package_linux64/build/usr/share/julia/stdlib/v0.7/Pkg/src/Pkg.jl:278
│     [17] top-level scope
│     [18] eval at ./boot.jl:317 [inlined]
│     [19] eval(::Module, ::Expr) at ./sysimg.jl:74
│     [20] exec_options(::Base.JLOptions) at ./client.jl:304
│     [21] _start() at ./client.jl:455
└ @ Pkg.Entry entry.jl:732
[ Info: Removing DeepDiffs v1.0.1
[ Info: Removing TestSetExtensions v1.1.1
ERROR: LibPQ had test errors

>>> End of log
