>>> 'Pkg.add("LinkedLists")' log
WARNING: Base.Pkg is deprecated, run `using Pkg` instead
 in module Main
[ Info: Cloning cache of LinkedLists from https://github.com/ChrisRackauckas/LinkedLists.jl.git
[ Info: Installing LinkedLists v0.0.1
[ Info: Package database updated

>>> 'Pkg.test("LinkedLists")' log
WARNING: Base.versioninfo is deprecated: it has been moved to the standard library package `InteractiveUtils`.
Add `using InteractiveUtils` to your imports.
 in module Main
WARNING: Base.versioninfo is deprecated: it has been moved to the standard library package `InteractiveUtils`.
Add `using InteractiveUtils` to your imports.
 in module Main
Julia Version 0.7.0-DEV.4922
Commit 23b08c5c5c (2018-04-20 18:44 UTC)
Platform Info:
  OS: Linux (x86_64-pc-linux-gnu)
      Ubuntu 14.04.5 LTS
  uname: Linux 3.13.0-143-generic #192-Ubuntu SMP Tue Feb 27 10:45:36 UTC 2018 x86_64 x86_64
  CPU: Intel(R) Xeon(R) CPU E3-1241 v3 @ 3.50GHz: 
              speed         user         nice          sys         idle          irq
       #1  3506 MHz    3160184 s       7215 s     262387 s     952378 s         30 s
       #2  3506 MHz     785900 s         87 s     101744 s    4121917 s          0 s
       
  Memory: 2.939197540283203 GB (857.1796875 MB free)
  Uptime: 51276.0 sec
  Load Avg:  1.0302734375  0.9853515625  0.99169921875
  WORD_SIZE: 64
  LIBM: libopenlibm
  LLVM: libLLVM-3.9.1 (ORCJIT, haswell)
Environment:
  TERM = vt100
  LD_LIBRARY_PATH = :/usr/local/lib/
  PATH = /usr/local/sbin:/usr/local/bin:/usr/sbin:/usr/bin:/sbin:/bin:/usr/games:/usr/local/games:/home/vagrant/julia/bin/
  JAVA_HOME = /usr/lib/jvm/java-8-openjdk-amd64
  HOME = /home/vagrant
Packages:
  Package Directory: /home/vagrant/.julia/v0.7
  Package Status:
2 required packages:
 - JSON                          0.17.2
 - LinkedLists                   0.0.1
2 additional packages:
 - Compat                        0.63.0
 - Nullables                     0.0.5
WARNING: Base.Pkg is deprecated, run `using Pkg` instead
 in module Main
[ Info: Testing LinkedLists
┌ Warning: Deprecated syntax `immutable` at /home/vagrant/.julia/v0.7/LinkedLists/src/list.jl:53.
│ Use `struct` instead.
└ @ nothing list.jl:53
┌ Warning: Deprecated syntax `parametric method syntax show{T}(io::IO, l::AbstractList{T})` around /home/vagrant/.julia/v0.7/LinkedLists/src/list.jl:33.
│ Use `show(io::IO, l::AbstractList{T}) where T` instead.
└ @ nothing list.jl:33
┌ Warning: Deprecated syntax `parametric method syntax eltype{T}(l::AbstractList{T})` around /home/vagrant/.julia/v0.7/LinkedLists/src/list.jl:106.
│ Use `eltype(l::AbstractList{T}) where T` instead.
└ @ nothing list.jl:106
WARNING: Base.Test is deprecated, run `using Test` instead
  likely near /home/vagrant/.julia/v0.7/LinkedLists/test/runtests.jl:2
SLinkedList{Int64}{Int64}(3, 2, 7, 7, 9)
[3, 2, 7, 7, 9]
SLinkedList{Int64}{Int64}(3, 2, 7, 7, 9)┌ Warning: `unshift!` is deprecated, use `pushfirst!` instead.
│   caller = walkthrough() at testslist.jl:32
└ @ Main testslist.jl:32
┌ Warning: `findin(a, b)` is deprecated, use `findall((in)(b), a)` instead.
│   caller = walkthrough() at testslist.jl:38
└ @ Main testslist.jl:38
┌ Warning: `findin(a, b)` is deprecated, use `findall((in)(b), a)` instead.
│   caller = walkthrough() at testslist.jl:38
└ @ Main testslist.jl:38
Singly-Linked Lists: Error During Test at /home/vagrant/.julia/v0.7/LinkedLists/test/runtests.jl:4
  Got exception LoadError("/home/vagrant/.julia/v0.7/LinkedLists/test/testslist.jl", 82, AssertionError("indexin([2, 3, 12], l) == indexin([2, 3, 12], vals)")) outside of a @test
  LoadError: AssertionError: indexin([2, 3, 12], l) == indexin([2, 3, 12], vals)
  Stacktrace:
   [1] walkthrough() at /home/vagrant/.julia/v0.7/LinkedLists/test/testslist.jl:39
   [2] top-level scope
   [3] include at ./boot.jl:314 [inlined]
   [4] include_relative(::Module, ::String) at ./loading.jl:1067
   [5] include(::Module, ::String) at ./sysimg.jl:29
   [6] include(::String) at ./sysimg.jl:68
   [7] macro expansion at /home/vagrant/.julia/v0.7/LinkedLists/test/runtests.jl:4 [inlined]
   [8] macro expansion at /buildworker/worker/package_linux64/build/usr/share/julia/stdlib/v0.7/Test/src/Test.jl:1022 [inlined]
   [9] macro expansion at /home/vagrant/.julia/v0.7/LinkedLists/test/runtests.jl:4 [inlined]
   [10] top-level scope at ./<missing>:156
   [11] include at ./boot.jl:314 [inlined]
   [12] include_relative(::Module, ::String) at ./loading.jl:1067
   [13] include(::Module, ::String) at ./sysimg.jl:29
   [14] exec_options(::Base.JLOptions) at ./client.jl:327
   [15] _start() at ./client.jl:455
  in expression starting at /home/vagrant/.julia/v0.7/LinkedLists/test/testslist.jl:82
Test Summary:       | Error  Total
Singly-Linked Lists |     1      1
ERROR: LoadError: Some tests did not pass: 0 passed, 0 failed, 1 errored, 0 broken.
in expression starting at /home/vagrant/.julia/v0.7/LinkedLists/test/runtests.jl:4
┌ Error: ------------------------------------------------------------
│ # Testing failed for LinkedLists
│   exception =
│    failed process: Process(`/home/vagrant/julia/bin/julia -Cnative -J/home/vagrant/julia/lib/julia/sys.so --compile=yes --depwarn=yes --code-coverage=none --color=no --compiled-modules=yes --check-bounds=yes --warn-overwrite=yes --startup-file=yes /home/vagrant/.julia/v0.7/LinkedLists/test/runtests.jl`, ProcessExited(1)) [1]
│    Stacktrace:
│     [1] error(::String, ::Base.Process, ::String, ::Int64, ::String) at ./error.jl:42
│     [2] pipeline_error(::Base.Process) at ./process.jl:712
│     [3] #run#533(::Bool, ::Function, ::Cmd) at ./process.jl:670
│     [4] run at ./process.jl:668 [inlined]
│     [5] (::getfield(Pkg.Entry, Symbol("##56#57")){Bool,String,Array{AbstractString,1}})() at /buildworker/worker/package_linux64/build/usr/share/julia/stdlib/v0.7/Pkg/src/entry.jl:729
│     [6] cd(::getfield(Pkg.Entry, Symbol("##56#57")){Bool,String,Array{AbstractString,1}}, ::String) at ./file.jl:72
│     [7] #test!#55(::Bool, ::Function, ::String, ::Array{AbstractString,1}, ::Array{AbstractString,1}, ::Array{AbstractString,1}) at /buildworker/worker/package_linux64/build/usr/share/julia/stdlib/v0.7/Pkg/src/entry.jl:717
│     [8] (::getfield(Pkg.Entry, Symbol("#kw##test!")))(::NamedTuple{(:coverage,),Tuple{Bool}}, ::typeof(Pkg.Entry.test!), ::String, ::Array{AbstractString,1}, ::Array{AbstractString,1}, ::Array{AbstractString,1}) at ./<missing>:0
│     [9] #test#59(::Bool, ::Function, ::Array{AbstractString,1}) at /buildworker/worker/package_linux64/build/usr/share/julia/stdlib/v0.7/Pkg/src/entry.jl:756
│     [10] #test at ./<missing>:0 [inlined]
│     [11] #4 at /buildworker/worker/package_linux64/build/usr/share/julia/stdlib/v0.7/Pkg/src/dir.jl:36 [inlined]
│     [12] cd(::getfield(Pkg.Dir, Symbol("##4#7")){Base.Iterators.Pairs{Symbol,Bool,Tuple{Symbol},NamedTuple{(:coverage,),Tuple{Bool}}},typeof(Pkg.Entry.test),Tuple{Array{AbstractString,1}}}, ::String) at ./file.jl:72
│     [13] #cd#1(::Base.Iterators.Pairs{Symbol,Bool,Tuple{Symbol},NamedTuple{(:coverage,),Tuple{Bool}}}, ::Function, ::Function, ::Array{AbstractString,1}, ::Vararg{Array{AbstractString,1},N} where N) at /buildworker/worker/package_linux64/build/usr/share/julia/stdlib/v0.7/Pkg/src/dir.jl:36
│     [14] (::getfield(Pkg.Dir, Symbol("#kw##cd")))(::NamedTuple{(:coverage,),Tuple{Bool}}, ::typeof(Pkg.Dir.cd), ::Function, ::Array{AbstractString,1}, ::Vararg{Array{AbstractString,1},N} where N) at ./<missing>:0
│     [15] #test#3(::Bool, ::Function, ::String, ::Vararg{String,N} where N) at /buildworker/worker/package_linux64/build/usr/share/julia/stdlib/v0.7/Pkg/src/Pkg.jl:278
│     [16] test(::String, ::Vararg{String,N} where N) at /buildworker/worker/package_linux64/build/usr/share/julia/stdlib/v0.7/Pkg/src/Pkg.jl:278
│     [17] top-level scope
│     [18] eval at ./boot.jl:317 [inlined]
│     [19] eval(::Module, ::Expr) at ./sysimg.jl:74
│     [20] exec_options(::Base.JLOptions) at ./client.jl:304
│     [21] _start() at ./client.jl:455
└ @ Pkg.Entry entry.jl:732
ERROR: LinkedLists had test errors

>>> End of log
