>>> 'Pkg.add("MachineLearningMetrics")' log
[ Info: Cloning cache of MachineLearningMetrics from https://github.com/paulhendricks/MachineLearningMetrics.jl.git
[ Info: Installing MachineLearningMetrics v0.0.1
[ Info: Package database updated
┌ Info: METADATA is out-of-date — you may not have the latest version of MachineLearningMetrics
└ Use `Pkg.update()` to get the latest versions of your packages

>>> 'Pkg.test("MachineLearningMetrics")' log
Julia Version 0.7.0-DEV.3519
Commit 5ecba29832 (2018-01-22 20:58 UTC)
Platform Info:
  OS: Linux (x86_64-pc-linux-gnu)
      Ubuntu 14.04.5 LTS
  uname: Linux 3.13.0-135-generic #184-Ubuntu SMP Wed Oct 18 11:55:51 UTC 2017 x86_64 x86_64
  CPU: Intel(R) Xeon(R) CPU E3-1241 v3 @ 3.50GHz: 
              speed         user         nice          sys         idle          irq
       #1  3500 MHz    3162450 s       6062 s     168719 s     878036 s         43 s
       #2  3500 MHz     740890 s        121 s      69439 s    4030111 s          2 s
       
  Memory: 2.93927001953125 GB (821.6328125 MB free)
  Uptime: 49220.0 sec
  Load Avg:  1.0029296875  0.98828125  1.02685546875
  WORD_SIZE: 64
  LIBM: libopenlibm
  LLVM: libLLVM-3.9.1 (ORCJIT, haswell)
Environment:
  TERM = vt100
  LD_LIBRARY_PATH = :/usr/local/lib/
  PATH = /usr/local/sbin:/usr/local/bin:/usr/sbin:/usr/bin:/sbin:/bin:/usr/games:/usr/local/games:/home/vagrant/julia/bin/
  JAVA_HOME = /usr/lib/jvm/java-8-openjdk-amd64
  HOME = /home/vagrant
Packages:
  Package Directory: /home/vagrant/.julia/v0.7
  Package Status:
2 required packages:
 - JSON                          0.16.4
 - MachineLearningMetrics        0.0.1
2 additional packages:
 - Compat                        0.49.0
 - Nullables                     0.0.3
[ Info: Testing MachineLearningMetrics
WARNING: Base.Test is deprecated, run `using Test` instead.
  likely near /home/vagrant/.julia/v0.7/MachineLearningMetrics/test/runtests.jl:5
Running tests:
WARNING: Base.Test is deprecated, run `using Test` instead.
  likely near /home/vagrant/.julia/v0.7/MachineLearningMetrics/test/classification.jl:1
Error During Test at /home/vagrant/.julia/v0.7/MachineLearningMetrics/test/classification.jl:11
  Test threw an exception of type MethodError
  Expression: true_positive(y_true, y_pred) == 4
  MethodError: no method matching &(::BitArray{1}, ::BitArray{1})
  Closest candidates are:
    &(::Any, ::Any, !Matched::Any, !Matched::Any...) at operators.jl:434
  Stacktrace:
   [1] true_positive(::Array{Int64,1}, ::Array{Int64,1}) at /home/vagrant/.julia/v0.7/MachineLearningMetrics/src/classification.jl:8
   [2] top-level scope
   [3] include at ./boot.jl:292 [inlined]
   [4] include_relative(::Module, ::String) at ./loading.jl:1011
   [5] include(::Module, ::String) at ./sysimg.jl:26
   [6] include(::String) at ./sysimg.jl:65
   [7] top-level scope at ./<missing>:17
   [8] include at ./boot.jl:292 [inlined]
   [9] include_relative(::Module, ::String) at ./loading.jl:1011
   [10] include(::Module, ::String) at ./sysimg.jl:26
   [11] process_options(::Base.JLOptions) at ./client.jl:334
   [12] _start() at ./client.jl:386
	FAILED: classification.jl
WARNING: Base.Test is deprecated, run `using Test` instead.
  likely near /home/vagrant/.julia/v0.7/MachineLearningMetrics/test/regression.jl:1
Error During Test at /home/vagrant/.julia/v0.7/MachineLearningMetrics/test/regression.jl:8
  Test threw an exception of type MethodError
  Expression: absolute_error(y_true, y_pred) == [9, 7, 5, 3, 1, 1, 3, 5, 7, 9]
  MethodError: no method matching abs(::Array{Int64,1})
  Closest candidates are:
    abs(!Matched::Bool) at bool.jl:73
    abs(!Matched::Float16) at float.jl:515
    abs(!Matched::Float32) at float.jl:516
    ...
  Stacktrace:
   [1] absolute_error(::Array{Int64,1}, ::Array{Int64,1}) at /home/vagrant/.julia/v0.7/MachineLearningMetrics/src/regression.jl:3
   [2] top-level scope
   [3] include at ./boot.jl:292 [inlined]
   [4] include_relative(::Module, ::String) at ./loading.jl:1011
   [5] include(::Module, ::String) at ./sysimg.jl:26
   [6] include(::String) at ./sysimg.jl:65
   [7] top-level scope at ./<missing>:17
   [8] include at ./boot.jl:292 [inlined]
   [9] include_relative(::Module, ::String) at ./loading.jl:1011
   [10] include(::Module, ::String) at ./sysimg.jl:26
   [11] process_options(::Base.JLOptions) at ./client.jl:334
   [12] _start() at ./client.jl:386
	FAILED: regression.jl
[ Info: MachineLearningMetrics tests passed

>>> End of log
