>>> 'Pkg.add("MathOptInterface")' log
WARNING: Base.Pkg is deprecated, run `using Pkg` instead
 in module Main
[ Info: Cloning cache of MathOptInterface from https://github.com/JuliaOpt/MathOptInterface.jl.git
[ Info: Installing MathOptInterface v0.2.0
[ Info: Package database updated
┌ Info: METADATA is out-of-date — you may not have the latest version of MathOptInterface
└ Use `Pkg.update()` to get the latest versions of your packages

>>> 'Pkg.test("MathOptInterface")' log
WARNING: Base.versioninfo is deprecated: it has been moved to the standard library package `InteractiveUtils`.
Add `using InteractiveUtils` to your imports.
 in module Main
WARNING: Base.versioninfo is deprecated: it has been moved to the standard library package `InteractiveUtils`.
Add `using InteractiveUtils` to your imports.
 in module Main
Julia Version 0.7.0-DEV.4960
Commit 8770821e88 (2018-04-30 21:25 UTC)
Platform Info:
  OS: Linux (x86_64-pc-linux-gnu)
      Ubuntu 14.04.5 LTS
  uname: Linux 3.13.0-143-generic #192-Ubuntu SMP Tue Feb 27 10:45:36 UTC 2018 x86_64 x86_64
  CPU: Intel(R) Xeon(R) CPU E3-1241 v3 @ 3.50GHz: 
              speed         user         nice          sys         idle          irq
       #1  3504 MHz    3870790 s        123 s     277216 s     984862 s         52 s
       #2  3504 MHz     869445 s       6819 s     104828 s    4942921 s          1 s
       
  Memory: 2.939197540283203 GB (955.49609375 MB free)
  Uptime: 60304.0 sec
  Load Avg:  0.99658203125  0.9853515625  0.95458984375
  WORD_SIZE: 64
  LIBM: libopenlibm
  LLVM: libLLVM-3.9.1 (ORCJIT, haswell)
Environment:
  TERM = vt100
  LD_LIBRARY_PATH = :/usr/local/lib/
  PATH = /usr/local/sbin:/usr/local/bin:/usr/sbin:/usr/bin:/sbin:/bin:/usr/games:/usr/local/games:/home/vagrant/julia/bin/
  JAVA_HOME = /usr/lib/jvm/java-8-openjdk-amd64
  HOME = /home/vagrant
Packages:
  Package Directory: /home/vagrant/.julia/v0.7
  Package Status:
2 required packages:
 - JSON                          0.17.2
 - MathOptInterface              0.2.0
2 additional packages:
 - Compat                        0.64.0
 - Nullables                     0.0.5
WARNING: Base.Pkg is deprecated, run `using Pkg` instead
 in module Main
[ Info: Testing MathOptInterface
WARNING: Base.Test is deprecated, run `using Test` instead
  likely near /home/vagrant/.julia/v0.7/MathOptInterface/src/Test/Test.jl:6
WARNING: Base.Test is deprecated, run `using Test` instead
  likely near /home/vagrant/.julia/v0.7/MathOptInterface/src/Utilities/functions.jl:1
┌ Warning: Use of final value of loop variable `ss` around /home/vagrant/.julia/v0.7/MathOptInterface/src/Utilities/model.jl:532 is deprecated. In the future the variable will be local to the loop instead.
└ @ nothing model.jl:532
┌ Warning: Deprecated syntax `multiple line breaks between doc string and object` at /home/vagrant/.julia/v0.7/MathOptInterface/src/Utilities/parser.jl:21.
│ Use `at most one line break` instead.
└ @ nothing parser.jl:21
┌ Warning: `replace(s::AbstractString, pat, f)` is deprecated, use `replace(s, pat => f)` instead.
│   caller = top-level scope at parser.jl:198
└ @ Core parser.jl:198
┌ Warning: `parse(str::AbstractString; kwargs...)` is deprecated, use `Meta.parse(str; kwargs...)` instead.
│   caller = top-level scope at parser.jl:198
└ @ Core parser.jl:198
WARNING: importing deprecated binding Base.Void into Utilities.
WARNING: Base.Void is deprecated, use Nothing instead.
  likely near /home/vagrant/.julia/v0.7/MathOptInterface/src/Utilities/cachingoptimizer.jl:7
WARNING: Base.Void is deprecated, use Nothing instead.
  likely near /home/vagrant/.julia/v0.7/MathOptInterface/src/Utilities/cachingoptimizer.jl:7
┌ Warning: broadcast will default to iterating over its arguments in the future. Wrap arguments of
│ type `x::Expr` with `Ref(x)` to ensure they broadcast as "scalar" elements.
│   caller = ip:0x0
└ @ Core :-1
WARNING: Base.Test is deprecated, run `using Test` instead
  likely near /home/vagrant/.julia/v0.7/MathOptInterface/test/runtests.jl:1
┌ Warning: broadcast will default to iterating over its arguments in the future. Wrap arguments of
│ type `x::Dict{MathOptInterface.VariableIndex,Int64}` with `Ref(x)` to ensure they broadcast as "scalar" elements.
│   caller = ip:0x0
└ @ Core :-1
Test Summary:      | Pass  Total
Functions isapprox |   21     21
Test Summary: | Pass  Total
Interval      |   12     12
┌ Warning: `find(f::Function, A::AbstractVector)` is deprecated, use `findall(f, A)` instead.
│   caller = getindex(::MathOptInterface.Utilities.ScalarFunctionIterator{MathOptInterface.VectorAffineFunction{Int64}}, ::Int64) at functions.jl:100
└ @ MathOptInterface.Utilities functions.jl:100
WARNING: importing deprecated binding Base.repmat into Utilities.
WARNING: Base.repmat is deprecated, use repeat instead.
  likely near /home/vagrant/.julia/v0.7/MathOptInterface/test/functions.jl:1
WARNING: Base.repmat is deprecated, use repeat instead.
  likely near /home/vagrant/.julia/v0.7/MathOptInterface/test/functions.jl:1
WARNING: Base.repmat is deprecated, use repeat instead.
  likely near /home/vagrant/.julia/v0.7/MathOptInterface/test/functions.jl:1
in getindex at /home/vagrant/.julia/v0.7/MathOptInterface/src/Utilities/functions.jl
┌ Warning: `Array{T, 1}(m::Int) where T` is deprecated, use `Array{T, 1}(undef, m)` instead.
│   caller = getindex(::MathOptInterface.Utilities.ScalarFunctionIterator{MathOptInterface.VectorAffineFunction{Int64}}, ::Array{Int64,1}) at functions.jl:116
└ @ MathOptInterface.Utilities functions.jl:116
┌ Warning: `a::AbstractArray + b::Number` is deprecated, use `broadcast(+, a, b)` instead.
│   caller = _broadcast_getindex_evalf at broadcast.jl:564 [inlined]
└ @ Core broadcast.jl:564
┌ Warning: `a::AbstractArray + b::Number` is deprecated, use `broadcast(+, a, b)` instead.
│   caller = _broadcast_getindex_evalf at broadcast.jl:564 [inlined]
└ @ Core broadcast.jl:564
┌ Warning: `find(f::Function, A::AbstractVector)` is deprecated, use `findall(f, A)` instead.
│   caller = getindex(::MathOptInterface.Utilities.ScalarFunctionIterator{MathOptInterface.VectorQuadraticFunction{Int64}}, ::Int64) at functions.jl:105
└ @ MathOptInterface.Utilities functions.jl:105
┌ Warning: `find(f::Function, A::AbstractVector)` is deprecated, use `findall(f, A)` instead.
│   caller = getindex(::MathOptInterface.Utilities.ScalarFunctionIterator{MathOptInterface.VectorQuadraticFunction{Int64}}, ::Int64) at functions.jl:106
└ @ MathOptInterface.Utilities functions.jl:106
Test Summary:  | Pass  Total
Function tests |  128    128
Test Summary: | Pass  Total
Sets constant |    3      3
┌ Warning: `find(f::Function, A::AbstractVector)` is deprecated, use `findall(f, A)` instead.
│   caller = _rmvar at functions.jl:297 [inlined]
└ @ Core functions.jl:297
Test Summary: | Pass  Total
Name test     |   45     45
Test Summary: | Pass  Total
Valid test    |   10     10
Test Summary: | Pass  Total
Empty test    |   11     11
Test Summary:         | Pass  Total
canaddconstraint test |   18     18
Test Summary:  | Pass  Total
OrderedIndices |    8      8
Test Summary:           | Pass  Total
Continuous Linear tests |  272    272
Test Summary:          | Pass  Total
Continuous Conic tests |  481    481
┌ Warning: `find(f::Function, A::AbstractVector)` is deprecated, use `findall(f, A)` instead.
│   caller = _rmvar at functions.jl:297 [inlined]
└ @ Core functions.jl:297
┌ Warning: `find(f::Function, A::AbstractVector)` is deprecated, use `findall(f, A)` instead.
│   caller = _rmvar at functions.jl:297 [inlined]
└ @ Core functions.jl:297
┌ Warning: `find(f::Function, A::AbstractVector)` is deprecated, use `findall(f, A)` instead.
│   caller = _rmvar at functions.jl:301 [inlined]
└ @ Core functions.jl:301
┌ Warning: `find(f::Function, A::AbstractVector)` is deprecated, use `findall(f, A)` instead.
│   caller = _rmvar at functions.jl:297 [inlined]
└ @ Core functions.jl:297
┌ Warning: `find(f::Function, A::AbstractVector)` is deprecated, use `findall(f, A)` instead.
│   caller = _rmvar at functions.jl:297 [inlined]
└ @ Core functions.jl:297
┌ Warning: `find(f::Function, A::AbstractVector)` is deprecated, use `findall(f, A)` instead.
│   caller = _rmvar at functions.jl:297 [inlined]
└ @ Core functions.jl:297
┌ Warning: `find(f::Function, A::AbstractVector)` is deprecated, use `findall(f, A)` instead.
│   caller = _rmvar at functions.jl:301 [inlined]
└ @ Core functions.jl:301
Test Summary:       | Pass  Total
Quadratic functions |   47     47
Test Summary:     | Pass  Total
UniversalFallback |  487    487
Test Summary: | Pass  Total
parsefunction |    8      8
separatelabel: Error During Test at /home/vagrant/.julia/v0.7/MathOptInterface/test/parser.jl:18
  Test threw exception AssertionError("isexpr(ex.args[2], :(:))")
  Expression: MOIU.separatelabel($(Expr(:quote, :(variables:x)))) == (:variables, :x)
  AssertionError: isexpr(ex.args[2], :(:))
  Stacktrace:
   [1] separatelabel(::Expr) at /home/vagrant/.julia/v0.7/MathOptInterface/src/Utilities/parser.jl:175
   [2] macro expansion at /home/vagrant/.julia/v0.7/MathOptInterface/test/parser.jl:18 [inlined]
   [3] macro expansion at /buildworker/worker/package_linux64/build/usr/share/julia/stdlib/v0.7/Test/src/Test.jl:1022 [inlined]
   [4] top-level scope at /home/vagrant/.julia/v0.7/MathOptInterface/test/parser.jl:18
separatelabel: Error During Test at /home/vagrant/.julia/v0.7/MathOptInterface/test/parser.jl:19
  Test threw exception AssertionError("isexpr(ex.args[1], :(:))")
  Expression: MOIU.separatelabel($(Expr(:quote, :((variables:x, y))))) == (:variables, $(Expr(:quote, :((x, y)))))
  AssertionError: isexpr(ex.args[1], :(:))
  Stacktrace:
   [1] separatelabel(::Expr) at /home/vagrant/.julia/v0.7/MathOptInterface/src/Utilities/parser.jl:169
   [2] macro expansion at /home/vagrant/.julia/v0.7/MathOptInterface/test/parser.jl:19 [inlined]
   [3] macro expansion at /buildworker/worker/package_linux64/build/usr/share/julia/stdlib/v0.7/Test/src/Test.jl:1022 [inlined]
   [4] top-level scope at /home/vagrant/.julia/v0.7/MathOptInterface/test/parser.jl:18
separatelabel: Error During Test at /home/vagrant/.julia/v0.7/MathOptInterface/test/parser.jl:20
  Test threw exception AssertionError("isexpr(ex.args[2], :(:))")
  Expression: MOIU.separatelabel($(Expr(:quote, :(minobjective:x + y)))) == (:minobjective, $(Expr(:quote, :(x + y))))
  AssertionError: isexpr(ex.args[2], :(:))
  Stacktrace:
   [1] separatelabel(::Expr) at /home/vagrant/.julia/v0.7/MathOptInterface/src/Utilities/parser.jl:175
   [2] macro expansion at /home/vagrant/.julia/v0.7/MathOptInterface/test/parser.jl:20 [inlined]
   [3] macro expansion at /buildworker/worker/package_linux64/build/usr/share/julia/stdlib/v0.7/Test/src/Test.jl:1022 [inlined]
   [4] top-level scope at /home/vagrant/.julia/v0.7/MathOptInterface/test/parser.jl:18
separatelabel: Error During Test at /home/vagrant/.julia/v0.7/MathOptInterface/test/parser.jl:21
  Test threw exception AssertionError("isexpr(ex.args[2], :(:))")
  Expression: MOIU.separatelabel($(Expr(:quote, :(con1:2x <= 1)))) == (:con1, $(Expr(:quote, :(2x <= 1))))
  AssertionError: isexpr(ex.args[2], :(:))
  Stacktrace:
   [1] separatelabel(::Expr) at /home/vagrant/.julia/v0.7/MathOptInterface/src/Utilities/parser.jl:175
   [2] macro expansion at /home/vagrant/.julia/v0.7/MathOptInterface/test/parser.jl:21 [inlined]
   [3] macro expansion at /buildworker/worker/package_linux64/build/usr/share/julia/stdlib/v0.7/Test/src/Test.jl:1022 [inlined]
   [4] top-level scope at /home/vagrant/.julia/v0.7/MathOptInterface/test/parser.jl:18
separatelabel: Error During Test at /home/vagrant/.julia/v0.7/MathOptInterface/test/parser.jl:22
  Test threw exception AssertionError("isexpr(ex.args[2], :(:))")
  Expression: MOIU.separatelabel($(Expr(:quote, :(con1:[x, y] in S)))) == (:con1, $(Expr(:quote, :([x, y] in S))))
  AssertionError: isexpr(ex.args[2], :(:))
  Stacktrace:
   [1] separatelabel(::Expr) at /home/vagrant/.julia/v0.7/MathOptInterface/src/Utilities/parser.jl:175
   [2] macro expansion at /home/vagrant/.julia/v0.7/MathOptInterface/test/parser.jl:22 [inlined]
   [3] macro expansion at /buildworker/worker/package_linux64/build/usr/share/julia/stdlib/v0.7/Test/src/Test.jl:1022 [inlined]
   [4] top-level scope at /home/vagrant/.julia/v0.7/MathOptInterface/test/parser.jl:18
Test Summary: | Error  Total
separatelabel |     5      5
ERROR: LoadError: LoadError: Some tests did not pass: 0 passed, 0 failed, 5 errored, 0 broken.
in expression starting at /home/vagrant/.julia/v0.7/MathOptInterface/test/parser.jl:17
in expression starting at /home/vagrant/.julia/v0.7/MathOptInterface/test/runtests.jl:31
┌ Error: ------------------------------------------------------------
│ # Testing failed for MathOptInterface
│   exception =
│    failed process: Process(`/home/vagrant/julia/bin/julia -Cnative -J/home/vagrant/julia/lib/julia/sys.so --compile=yes --depwarn=yes --code-coverage=none --color=no --compiled-modules=yes --check-bounds=yes --warn-overwrite=yes --startup-file=yes /home/vagrant/.julia/v0.7/MathOptInterface/test/runtests.jl`, ProcessExited(1)) [1]
│    Stacktrace:
│     [1] error(::String, ::Base.Process, ::String, ::Int64, ::String) at ./error.jl:42
│     [2] pipeline_error(::Base.Process) at ./process.jl:712
│     [3] #run#533(::Bool, ::Function, ::Cmd) at ./process.jl:670
│     [4] run at ./process.jl:668 [inlined]
│     [5] (::getfield(Pkg.Entry, Symbol("##56#57")){Bool,String,Array{AbstractString,1}})() at /buildworker/worker/package_linux64/build/usr/share/julia/stdlib/v0.7/Pkg/src/entry.jl:729
│     [6] cd(::getfield(Pkg.Entry, Symbol("##56#57")){Bool,String,Array{AbstractString,1}}, ::String) at ./file.jl:72
│     [7] #test!#55(::Bool, ::Function, ::String, ::Array{AbstractString,1}, ::Array{AbstractString,1}, ::Array{AbstractString,1}) at /buildworker/worker/package_linux64/build/usr/share/julia/stdlib/v0.7/Pkg/src/entry.jl:717
│     [8] (::getfield(Pkg.Entry, Symbol("#kw##test!")))(::NamedTuple{(:coverage,),Tuple{Bool}}, ::typeof(Pkg.Entry.test!), ::String, ::Array{AbstractString,1}, ::Array{AbstractString,1}, ::Array{AbstractString,1}) at ./<missing>:0
│     [9] #test#59(::Bool, ::Function, ::Array{AbstractString,1}) at /buildworker/worker/package_linux64/build/usr/share/julia/stdlib/v0.7/Pkg/src/entry.jl:756
│     [10] #test at ./<missing>:0 [inlined]
│     [11] #4 at /buildworker/worker/package_linux64/build/usr/share/julia/stdlib/v0.7/Pkg/src/dir.jl:36 [inlined]
│     [12] cd(::getfield(Pkg.Dir, Symbol("##4#7")){Base.Iterators.Pairs{Symbol,Bool,Tuple{Symbol},NamedTuple{(:coverage,),Tuple{Bool}}},typeof(Pkg.Entry.test),Tuple{Array{AbstractString,1}}}, ::String) at ./file.jl:72
│     [13] #cd#1(::Base.Iterators.Pairs{Symbol,Bool,Tuple{Symbol},NamedTuple{(:coverage,),Tuple{Bool}}}, ::Function, ::Function, ::Array{AbstractString,1}, ::Vararg{Array{AbstractString,1},N} where N) at /buildworker/worker/package_linux64/build/usr/share/julia/stdlib/v0.7/Pkg/src/dir.jl:36
│     [14] (::getfield(Pkg.Dir, Symbol("#kw##cd")))(::NamedTuple{(:coverage,),Tuple{Bool}}, ::typeof(Pkg.Dir.cd), ::Function, ::Array{AbstractString,1}, ::Vararg{Array{AbstractString,1},N} where N) at ./<missing>:0
│     [15] #test#3(::Bool, ::Function, ::String, ::Vararg{String,N} where N) at /buildworker/worker/package_linux64/build/usr/share/julia/stdlib/v0.7/Pkg/src/Pkg.jl:278
│     [16] test(::String, ::Vararg{String,N} where N) at /buildworker/worker/package_linux64/build/usr/share/julia/stdlib/v0.7/Pkg/src/Pkg.jl:278
│     [17] top-level scope
│     [18] eval at ./boot.jl:317 [inlined]
│     [19] eval(::Module, ::Expr) at ./sysimg.jl:74
│     [20] exec_options(::Base.JLOptions) at ./client.jl:304
│     [21] _start() at ./client.jl:455
└ @ Pkg.Entry entry.jl:732
[ Info: No packages to install, update or remove
ERROR: MathOptInterface had test errors

>>> End of log
