>>> 'Pkg.add("MixedModels")' log

WARNING: deprecated syntax "[a=>b, ...]" at /home/idunning/pkgtest/.julia/v0.4/NLopt/deps/build.jl:54.
Use "Dict(a=>b, ...)" instead.
INFO: Installing ArrayViews v0.4.8
INFO: Installing BinDeps v0.3.7
INFO: Installing Compat v0.2.5
INFO: Installing DataArrays v0.2.5
INFO: Installing DataFrames v0.5.12
INFO: Installing Distributions v0.6.1
INFO: Installing GZip v0.2.13
INFO: Installing MathProgBase v0.3.7
INFO: Installing MixedModels v0.3.18
INFO: Installing NLopt v0.1.3
INFO: Installing PDMats v0.3.1
INFO: Installing Reexport v0.0.2
INFO: Installing SHA v0.0.3
INFO: Installing SortingAlgorithms v0.0.2
INFO: Installing StatsBase v0.6.10
INFO: Installing URIParser v0.0.3
INFO: Building NLopt
INFO: Package database updated

>>> 'using MixedModels' log

WARNING: deprecated syntax "(Symbol=>Cenum)[a=>b, ...]" at /home/idunning/pkgtest/.julia/v0.4/NLopt/src/NLopt.jl:79.
Use "Dict{Symbol,Cenum}(a=>b, ...)" instead.

WARNING: deprecated syntax "(Cenum=>Symbol)[a=>b, ...]" at /home/idunning/pkgtest/.julia/v0.4/NLopt/src/NLopt.jl:95.
Use "Dict{Cenum,Symbol}(a=>b, ...)" instead.
Julia Version 0.4.0-dev+1936
Commit e07f423 (2014-12-04 03:24 UTC)
Platform Info:
  System: Linux (x86_64-unknown-linux-gnu)
  CPU: Intel(R) Xeon(R) CPU E5-2650 0 @ 2.00GHz
  WORD_SIZE: 64
  BLAS: libopenblas (USE64BITINT DYNAMIC_ARCH NO_AFFINITY Sandybridge)
  LAPACK: libopenblas
  LIBM: libopenlibm
  LLVM: libLLVM-3.3

>>> test log

WARNING: deprecated syntax "(Symbol=>Cenum)[a=>b, ...]" at /home/idunning/pkgtest/.julia/v0.4/NLopt/src/NLopt.jl:79.
Use "Dict{Symbol,Cenum}(a=>b, ...)" instead.

WARNING: deprecated syntax "(Cenum=>Symbol)[a=>b, ...]" at /home/idunning/pkgtest/.julia/v0.4/NLopt/src/NLopt.jl:95.
Use "Dict{Cenum,Symbol}(a=>b, ...)" instead.
in callback catch
	[1m[31mFAILED[0m: plsonescalar.jl
in callback catch
	[1m[31mFAILED[0m: plsonevector.jl
in callback catch
	[1m[31mFAILED[0m: plstwoscalar.jl
in callback catch
	[1m[31mFAILED[0m: plstwovector.jl
	[1m[32mPASSED[0m: plsdiagnested.jl
	[1m[32mPASSED[0m: plsdiag.jl

ERROR: "Tests failed"
 in include at ./boot.jl:242
 in include_from_node1 at loading.jl:128
 in process_options at ./client.jl:300
 in _start at ./client.jl:382
 in _start_3B_4032 at /home/idunning/julia04/usr/bin/../lib/julia/sys.so
while loading /home/idunning/pkgtest/.julia/v0.4/MixedModels/test/runtests.jl, in expression starting on line 27

INFO: Testing MixedModels
=============================[ ERROR: MixedModels ]=============================

failed process: Process(`/home/idunning/julia04/usr/bin/julia /home/idunning/pkgtest/.julia/v0.4/MixedModels/test/runtests.jl`, ProcessExited(1)) [1]

================================================================================
INFO: No packages to install, update or remove
ERROR: MixedModels had test errors
 in error at error.jl:21
 in test at pkg/entry.jl:720
 in anonymous at pkg/dir.jl:28
 in cd at ./file.jl:20
 in cd at pkg/dir.jl:28
 in test at pkg.jl:68
 in process_options at ./client.jl:222
 in _start at ./client.jl:382
 in _start_3B_4032 at /home/idunning/julia04/usr/bin/../lib/julia/sys.so

>>> end of log
