>>> 'Pkg.add("PATHSolver")' log
WARNING: Base.Pkg is deprecated, run `using Pkg` instead
 in module Main
[ Info: Cloning cache of PATHSolver from https://github.com/chkwon/PATHSolver.jl.git
[ Info: Installing BinDeps v0.8.8
[ Info: Installing CommonSubexpressions v0.1.0
[ Info: Installing DiffResults v0.0.3
[ Info: Installing DiffRules v0.0.4
[ Info: Installing ForwardDiff v0.7.5
[ Info: Installing FunctionWrappers v0.1.0
[ Info: Installing NaNMath v0.3.1
[ Info: Installing PATHSolver v0.3.0
[ Info: Installing SHA v0.5.7
[ Info: Installing SpecialFunctions v0.4.0
[ Info: Installing StaticArrays v0.7.0
[ Info: Installing URIParser v0.3.1
[ Info: Building SpecialFunctions
[ Info: Building PATHSolver
┌ Warning: `is_windows` is deprecated, use `Sys.iswindows` instead.
│   caller = top-level scope
└ @ Core :0
[ Info: Attempting to create directory /home/vagrant/.julia/v0.7/PATHSolver/deps/downloads
[ Info: Downloading file https://github.com/chkwon/PathJulia/archive/0.1.2.tar.gz
  % Total    % Received % Xferd  Average Speed   Time    Time     Time  Current
                                 Dload  Upload   Total   Spent    Left  Speed
  0     0    0     0    0     0      0      0 --:--:-- --:--:-- --:--:--     0100   123    0   123    0     0    962      0 --:--:-- --:--:-- --:--:--   968
  0     0    0  493k    0     0  1093k      0 --:--:-- --:--:-- --:--:-- 1093k
[ Info: Done downloading file https://github.com/chkwon/PathJulia/archive/0.1.2.tar.gz
[ Info: Attempting to create directory /home/vagrant/.julia/v0.7/PATHSolver/deps/src
[ Info: Attempting to create directory /home/vagrant/.julia/v0.7/PATHSolver/deps
[ Info: Directory /home/vagrant/.julia/v0.7/PATHSolver/deps already exists
[ Info: Attempting to create directory /home/vagrant/.julia/v0.7/PATHSolver/deps/usr/lib
[ Info: Changing directory to /home/vagrant/.julia/v0.7/PATHSolver/deps/src/PathJulia-0.1.2/src
if [ ! -d pathlib-4.7.03 ]; \
	then \
		wget https://github.com/ampl/pathlib/archive/4.7.03.tar.gz; \
		tar -zxvf 4.7.03.tar.gz; \
		rm -rf 4.7.03.tar.gz*; \
	fi;
2018-05-07 01:28:51 URL:https://codeload.github.com/ampl/pathlib/tar.gz/4.7.03 [3840157] -> "4.7.03.tar.gz" [1]
pathlib-4.7.03/
pathlib-4.7.03/LICENSE
pathlib-4.7.03/README
pathlib-4.7.03/doc/
pathlib-4.7.03/doc/user.ps
pathlib-4.7.03/examples/
pathlib-4.7.03/examples/C/
pathlib-4.7.03/examples/C/Makefile
pathlib-4.7.03/examples/C/Standalone_Path.c
pathlib-4.7.03/examples/C/Standalone_Path.h
pathlib-4.7.03/examples/C/obstacle.c
pathlib-4.7.03/examples/F90/
pathlib-4.7.03/examples/F90/Install.h
pathlib-4.7.03/examples/F90/Makefile
pathlib-4.7.03/examples/F90/StandaloneF_Output.c
pathlib-4.7.03/examples/F90/Standalone_Path.c
pathlib-4.7.03/examples/F90/Standalone_Path.h
pathlib-4.7.03/examples/F90/fout.f90
pathlib-4.7.03/examples/F90/linmcp.f90
pathlib-4.7.03/examples/F90/probdata.mod
pathlib-4.7.03/examples/cpp/
pathlib-4.7.03/examples/cpp/Makefile
pathlib-4.7.03/examples/cpp/cWrapper_Path.cpp
pathlib-4.7.03/examples/cpp/cWrapper_Path.hpp
pathlib-4.7.03/examples/cpp/obstacle_c.cpp
pathlib-4.7.03/include/
pathlib-4.7.03/include/Config.h
pathlib-4.7.03/include/Import.h
pathlib-4.7.03/include/MCP_Interface.h
pathlib-4.7.03/include/Macros.h
pathlib-4.7.03/include/NLP_Interface.h
pathlib-4.7.03/include/Options.h
pathlib-4.7.03/include/Output.h
pathlib-4.7.03/include/Output_Interface.h
pathlib-4.7.03/include/Path.h
pathlib-4.7.03/include/PathOptions.h
pathlib-4.7.03/include/Presolve_Interface.h
pathlib-4.7.03/include/Types.h
pathlib-4.7.03/lib/
pathlib-4.7.03/lib/linux32/
pathlib-4.7.03/lib/linux32/libpath47.a
pathlib-4.7.03/lib/linux32/libpath47.so
pathlib-4.7.03/lib/linux64/
pathlib-4.7.03/lib/linux64/libpath47.a
pathlib-4.7.03/lib/linux64/libpath47.so
pathlib-4.7.03/lib/osx/
pathlib-4.7.03/lib/osx/libpath47.a
pathlib-4.7.03/lib/osx/libpath47.dylib
pathlib-4.7.03/lib/win32/
pathlib-4.7.03/lib/win32/path47.dll
pathlib-4.7.03/lib/win32/path47.lib
pathlib-4.7.03/lib/win32/path47_static.lib
pathlib-4.7.03/lib/win64/
pathlib-4.7.03/lib/win64/path47.dll
pathlib-4.7.03/lib/win64/path47.lib
pathlib-4.7.03/lib/win64/path47_static.lib
gcc -I./pathlib-4.7.03/include -m64 -shared -fPIC -Wl,-soname,libpath47julia.so -o libpath47julia.so pathjulia.c ./pathlib-4.7.03/lib/linux64/libpath47.a -lm
mkdir -p ../lib/linux64
cp libpath47julia.so ../lib/linux64/
[ Info: Changing directory to /home/vagrant/.julia/v0.7/PATHSolver/deps/src/PathJulia-0.1.2/src
┌ Warning: `is_windows` is deprecated, use `Sys.iswindows` instead.
│   caller = top-level scope
└ @ Core :0
[ Info: Package database updated

>>> 'Pkg.test("PATHSolver")' log
WARNING: Base.versioninfo is deprecated: it has been moved to the standard library package `InteractiveUtils`.
Add `using InteractiveUtils` to your imports.
 in module Main
WARNING: Base.versioninfo is deprecated: it has been moved to the standard library package `InteractiveUtils`.
Add `using InteractiveUtils` to your imports.
 in module Main
Julia Version 0.7.0-DEV.5025
Commit 74af87841b (2018-05-06 22:14 UTC)
Platform Info:
  OS: Linux (x86_64-pc-linux-gnu)
      Ubuntu 14.04.5 LTS
  uname: Linux 3.13.0-143-generic #192-Ubuntu SMP Tue Feb 27 10:45:36 UTC 2018 x86_64 x86_64
  CPU: Intel(R) Xeon(R) CPU E3-1241 v3 @ 3.50GHz: 
              speed         user         nice          sys         idle          irq
       #1  3500 MHz     312378 s         73 s      29468 s     108244 s          4 s
       #2  3500 MHz      66978 s         85 s      11578 s     427743 s          0 s
       
  Memory: 2.939197540283203 GB (802.86328125 MB free)
  Uptime: 5142.0 sec
  Load Avg:  0.99462890625  0.9833984375  1.00537109375
  WORD_SIZE: 64
  LIBM: libopenlibm
  LLVM: libLLVM-6.0.0 (ORCJIT, haswell)
Environment:
  TERM = vt100
  LD_LIBRARY_PATH = :/usr/local/lib/
  PATH = /usr/local/sbin:/usr/local/bin:/usr/sbin:/usr/bin:/sbin:/bin:/usr/games:/usr/local/games:/home/vagrant/julia/bin/
  JAVA_HOME = /usr/lib/jvm/java-8-openjdk-amd64
  HOME = /home/vagrant
Packages:
  Package Directory: /home/vagrant/.julia/v0.7
  Package Status:
2 required packages:
 - JSON                          0.17.2
 - PATHSolver                    0.3.0
13 additional packages:
 - BinDeps                       0.8.8
 - CommonSubexpressions          0.1.0
 - Compat                        0.64.0
 - DiffResults                   0.0.3
 - DiffRules                     0.0.4
 - ForwardDiff                   0.7.5
 - FunctionWrappers              0.1.0
 - NaNMath                       0.3.1
 - Nullables                     0.0.5
 - SHA                           0.5.7
 - SpecialFunctions              0.4.0
 - StaticArrays                  0.7.0
 - URIParser                     0.3.1
WARNING: Base.Pkg is deprecated, run `using Pkg` instead
 in module Main
[ Info: Testing PATHSolver
WARNING: Method definition log1p(ForwardDiff.Dual{T, V, N} where N where V<:Real) where {T} in module ForwardDiff at /home/vagrant/.julia/v0.7/ForwardDiff/src/dual.jl:166 overwritten at /home/vagrant/.julia/v0.7/ForwardDiff/src/dual.jl:166.
WARNING: Method definition log1p(ForwardDiff.Dual{T, V, N} where N where V<:Real) where {T} in module ForwardDiff at /home/vagrant/.julia/v0.7/ForwardDiff/src/dual.jl:166 overwritten at /home/vagrant/.julia/v0.7/ForwardDiff/src/dual.jl:166.
WARNING: Method definition log1p(ForwardDiff.Dual{T, V, N} where N where V<:Real) where {T} in module ForwardDiff at /home/vagrant/.julia/v0.7/ForwardDiff/src/dual.jl:166 overwritten at /home/vagrant/.julia/v0.7/ForwardDiff/src/dual.jl:166.
WARNING: Base.Void is deprecated, use Nothing instead.
  likely near /home/vagrant/.julia/v0.7/PATHSolver/src/PATHSolver.jl:15
┌ Warning: `isbits(#= deprecated.jl:1644 =# @nospecialize(t::Type))` is deprecated, use `isbitstype(t)` instead.
│   caller = map_rettype(::Type) at FunctionWrappers.jl:20
└ @ FunctionWrappers FunctionWrappers.jl:20
┌ Error: Exception while generating log record in module FunctionWrappers at /home/vagrant/.julia/v0.7/FunctionWrappers/src/FunctionWrappers.jl:20
│   exception =
│    task switch not allowed from inside staged nor pure functions
│    Stacktrace:
│     [1] try_yieldto(::typeof(Base.ensure_rescheduled), ::Base.RefValue{Task}) at ./event.jl:199
│     [2] wait() at ./event.jl:267
│     [3] uv_write(::Base.PipeEndpoint, ::Ptr{UInt8}, ::UInt64) at ./stream.jl:786
│     [4] unsafe_write(::Base.PipeEndpoint, ::Ptr{UInt8}, ::UInt64) at ./stream.jl:834
│     [5] macro expansion at ./io.jl:510 [inlined]
│     [6] write(::Base.PipeEndpoint, ::Array{UInt8,1}) at ./io.jl:533
│     [7] #handle_message#2(::Int64, ::Base.Iterators.Pairs{Symbol,Base.StackTraces.StackFrame,Tuple{Symbol},NamedTuple{(:caller,),Tuple{Base.StackTraces.StackFrame}}}, ::Function, ::Logging.ConsoleLogger, ::Base.CoreLogging.LogLevel, ::String, ::Module, ::Symbol, ::Tuple{Ptr{Nothing},Symbol}, ::String, ::Int64) at /buildworker/worker/package_linux64/build/usr/share/julia/stdlib/v0.7/Logging/src/ConsoleLogger.jl:153
│     [8] (::getfield(Base.CoreLogging, Symbol("#kw##handle_message")))(::NamedTuple{(:caller, :maxlog),Tuple{Base.StackTraces.StackFrame,Int64}}, ::typeof(Base.CoreLogging.handle_message), ::Logging.ConsoleLogger, ::Base.CoreLogging.LogLevel, ::String, ::Module, ::Symbol, ::Tuple{Ptr{Nothing},Symbol}, ::String, ::Int64) at ./<missing>:0
│     [9] macro expansion at ./logging.jl:310 [inlined]
│     [10] depwarn(::String, ::Symbol) at ./deprecated.jl:71
│     [11] isbits(::Type) at ./deprecated.jl:56
│     [12] map_rettype(::Type) at /home/vagrant/.julia/v0.7/FunctionWrappers/src/FunctionWrappers.jl:20
│     [13] pure_eval_call(::Any, ::Array{Any,1}, ::Any, ::Core.Compiler.InferenceState) at ./compiler/abstractinterpretation.jl:480
│     [14] abstract_call(::Any, ::Array{Any,1}, ::Array{Any,1}, ::Array{Any,1}, ::Core.Compiler.InferenceState) at ./compiler/abstractinterpretation.jl:673
│     [15] abstract_eval_call(::Array{Any,1}, ::Array{Any,1}, ::Array{Any,1}, ::Core.Compiler.InferenceState) at ./compiler/abstractinterpretation.jl:726
│     [16] abstract_eval(::Any, ::Array{Any,1}, ::Core.Compiler.InferenceState) at ./compiler/abstractinterpretation.jl:798
│     [17] abstract_interpret(::Any, ::Array{Any,1}, ::Core.Compiler.InferenceState) at ./compiler/abstractinterpretation.jl:916
│     [18] typeinf_work(::Core.Compiler.InferenceState) at ./compiler/typeinfer.jl:277
│     [19] typeinf(::Core.Compiler.InferenceState) at ./compiler/typeinfer.jl:411
│     [20] typeinf_frame at ./compiler/typeinfer.jl:96 [inlined]
│     [21] typeinf_code(::Core.MethodInstance, ::Bool, ::Bool, ::Core.Compiler.Params) at ./compiler/typeinfer.jl:191
│     [22] typeinf_ext(::Core.MethodInstance, ::UInt64) at ./compiler/typeinfer.jl:233
│     [23] top-level scope
│     [24] include at ./boot.jl:314 [inlined]
│     [25] include_relative(::Module, ::String) at ./loading.jl:1067
│     [26] _require(::Base.PkgId) at ./loading.jl:993
│     [27] require(::Base.PkgId) at ./loading.jl:874
│     [28] require(::Module, ::Symbol) at ./loading.jl:869
│     [29] include at ./boot.jl:314 [inlined]
│     [30] include_relative(::Module, ::String) at ./loading.jl:1067
│     [31] include(::Module, ::String) at ./sysimg.jl:29
│     [32] exec_options(::Base.JLOptions) at ./client.jl:327
│     [33] _start() at ./client.jl:455
└ @ FunctionWrappers FunctionWrappers.jl:20
Exception handling log message: ┌ Warning: `isbits(#= deprecated.jl:1644 =# @nospecialize(t::Type))` is deprecated, use `isbitstype(t)` instead.
│   caller = map_cfunc_argtype(::Type) at FunctionWrappers.jl:26
└ @ FunctionWrappers FunctionWrappers.jl:26
┌ Error: Exception while generating log record in module FunctionWrappers at /home/vagrant/.julia/v0.7/FunctionWrappers/src/FunctionWrappers.jl:26
│   exception =
│    task switch not allowed from inside staged nor pure functions
│    Stacktrace:
│     [1] try_yieldto(::typeof(Base.ensure_rescheduled), ::Base.RefValue{Task}) at ./event.jl:199
│     [2] wait() at ./event.jl:267
│     [3] uv_write(::Base.PipeEndpoint, ::Ptr{UInt8}, ::UInt64) at ./stream.jl:786
│     [4] unsafe_write(::Base.PipeEndpoint, ::Ptr{UInt8}, ::UInt64) at ./stream.jl:834
│     [5] macro expansion at ./io.jl:510 [inlined]
│     [6] write(::Base.PipeEndpoint, ::Array{UInt8,1}) at ./io.jl:533
│     [7] #handle_message#2(::Int64, ::Base.Iterators.Pairs{Symbol,Base.StackTraces.StackFrame,Tuple{Symbol},NamedTuple{(:caller,),Tuple{Base.StackTraces.StackFrame}}}, ::Function, ::Logging.ConsoleLogger, ::Base.CoreLogging.LogLevel, ::String, ::Module, ::Symbol, ::Tuple{Ptr{Nothing},Symbol}, ::String, ::Int64) at /buildworker/worker/package_linux64/build/usr/share/julia/stdlib/v0.7/Logging/src/ConsoleLogger.jl:153
│     [8] (::getfield(Base.CoreLogging, Symbol("#kw##handle_message")))(::NamedTuple{(:caller, :maxlog),Tuple{Base.StackTraces.StackFrame,Int64}}, ::typeof(Base.CoreLogging.handle_message), ::Logging.ConsoleLogger, ::Base.CoreLogging.LogLevel, ::String, ::Module, ::Symbol, ::Tuple{Ptr{Nothing},Symbol}, ::String, ::Int64) at ./<missing>:0
│     [9] macro expansion at ./logging.jl:310 [inlined]
│     [10] depwarn(::String, ::Symbol) at ./deprecated.jl:71
│     [11] isbits(::Type) at ./deprecated.jl:56
│     [12] map_cfunc_argtype(::Type) at /home/vagrant/.julia/v0.7/FunctionWrappers/src/FunctionWrappers.jl:26
│     [13] next(::Base.Generator{Core.SimpleVector,typeof(FunctionWrappers.map_cfunc_argtype)}, ::Int64) at ./generator.jl:47
│     [14] append_any(::Tuple{DataType,DataType}, ::Vararg{Any,N} where N) at ./essentials.jl:380
│     [15] get_cfunc_argtype(::Type, ::Type{T} where T<:Tuple) at /home/vagrant/.julia/v0.7/FunctionWrappers/src/FunctionWrappers.jl:34
│     [16] pure_eval_call(::Any, ::Array{Any,1}, ::Any, ::Core.Compiler.InferenceState) at ./compiler/abstractinterpretation.jl:480
│     [17] abstract_call(::Any, ::Array{Any,1}, ::Array{Any,1}, ::Array{Any,1}, ::Core.Compiler.InferenceState) at ./compiler/abstractinterpretation.jl:673
│     [18] abstract_eval_call(::Array{Any,1}, ::Array{Any,1}, ::Array{Any,1}, ::Core.Compiler.InferenceState) at ./compiler/abstractinterpretation.jl:726
│     [19] abstract_eval(::Any, ::Array{Any,1}, ::Core.Compiler.InferenceState) at ./compiler/abstractinterpretation.jl:798
│     [20] abstract_interpret(::Any, ::Array{Any,1}, ::Core.Compiler.InferenceState) at ./compiler/abstractinterpretation.jl:916
│     [21] typeinf_work(::Core.Compiler.InferenceState) at ./compiler/typeinfer.jl:277
│     [22] typeinf(::Core.Compiler.InferenceState) at ./compiler/typeinfer.jl:411
│     [23] typeinf_frame at ./compiler/typeinfer.jl:96 [inlined]
│     [24] typeinf_code(::Core.MethodInstance, ::Bool, ::Bool, ::Core.Compiler.Params) at ./compiler/typeinfer.jl:191
│     [25] typeinf_ext(::Core.MethodInstance, ::UInt64) at ./compiler/typeinfer.jl:233
│     [26] top-level scope
│     [27] include at ./boot.jl:314 [inlined]
│     [28] include_relative(::Module, ::String) at ./loading.jl:1067
│     [29] _require(::Base.PkgId) at ./loading.jl:993
│     [30] require(::Base.PkgId) at ./loading.jl:874
│     [31] require(::Module, ::Symbol) at ./loading.jl:869
│     [32] include at ./boot.jl:314 [inlined]
│     [33] include_relative(::Module, ::String) at ./loading.jl:1067
│     [34] include(::Module, ::String) at ./sysimg.jl:29
│     [35] exec_options(::Base.JLOptions) at ./client.jl:327
│     [36] _start() at ./client.jl:455
└ @ FunctionWrappers FunctionWrappers.jl:26
Exception handling log message: WARNING: Base.Void is deprecated, use Nothing instead.
  likely near /home/vagrant/.julia/v0.7/PATHSolver/src/PATHSolver.jl:15
WARNING: Base.Void is deprecated, use Nothing instead.
  likely near /home/vagrant/.julia/v0.7/PATHSolver/src/PATHSolver.jl:15
WARNING: Base.Void is deprecated, use Nothing instead.
  likely near /home/vagrant/.julia/v0.7/PATHSolver/src/PATHSolver.jl:15
┌ Warning: The function `cfunction` is now written as a macro `@cfunction`.
│   caller = FunctionWrappers.FunctionWrapper{Array{Float64,1},Tuple{Array{Float64,1}}}(::typeof(identity)) at FunctionWrappers.jl:66
└ @ FunctionWrappers FunctionWrappers.jl:66
WARNING: importing deprecated binding Base.SparseMatrixCSC into PATHSolver.
WARNING: Base.SparseMatrixCSC is deprecated, run `using SparseArrays` to load sparse array functionality
  likely near /home/vagrant/.julia/v0.7/PATHSolver/src/PATHSolver.jl:18
WARNING: Base.Void is deprecated, use Nothing instead.
  likely near /home/vagrant/.julia/v0.7/PATHSolver/src/PATHSolver.jl:18
WARNING: Base.Void is deprecated, use Nothing instead.
  likely near /home/vagrant/.julia/v0.7/PATHSolver/src/PATHSolver.jl:18
WARNING: Base.Void is deprecated, use Nothing instead.
  likely near /home/vagrant/.julia/v0.7/PATHSolver/src/PATHSolver.jl:18
WARNING: Base.Void is deprecated, use Nothing instead.
  likely near /home/vagrant/.julia/v0.7/PATHSolver/src/PATHSolver.jl:18
┌ Warning: The function `cfunction` is now written as a macro `@cfunction`.
│   caller = FunctionWrappers.FunctionWrapper{SparseArrays.SparseMatrixCSC{Float64,Int32},Tuple{Array{Float64,1}}}(::typeof(identity)) at FunctionWrappers.jl:66
└ @ FunctionWrappers FunctionWrappers.jl:66
WARNING: Base.SparseMatrixCSC is deprecated, run `using SparseArrays` to load sparse array functionality
  likely near /home/vagrant/.julia/v0.7/PATHSolver/src/PATHSolver.jl:20
WARNING: importing deprecated binding Base.AbstractSparseMatrix into PATHSolver.
WARNING: Base.AbstractSparseMatrix is deprecated, run `using SparseArrays` to load sparse array functionality
  likely near /home/vagrant/.julia/v0.7/PATHSolver/src/PATHSolver.jl:35
WARNING: importing deprecated binding Base.Void into PATHSolver.
WARNING: Base.Void is deprecated, use Nothing instead.
  likely near /home/vagrant/.julia/v0.7/PATHSolver/src/PATHSolver.jl:43
WARNING: Base.Void is deprecated, use Nothing instead.
  likely near /home/vagrant/.julia/v0.7/PATHSolver/src/PATHSolver.jl:43
WARNING: Base.Void is deprecated, use Nothing instead.
  likely near /home/vagrant/.julia/v0.7/PATHSolver/src/PATHSolver.jl:74
WARNING: Base.Void is deprecated, use Nothing instead.
  likely near /home/vagrant/.julia/v0.7/PATHSolver/src/PATHSolver.jl:74
WARNING: Base.SparseMatrixCSC is deprecated, run `using SparseArrays` to load sparse array functionality
  likely near /home/vagrant/.julia/v0.7/PATHSolver/src/PATHSolver.jl:151
WARNING: Base.Test is deprecated, run `using Test` instead
  likely near /home/vagrant/.julia/v0.7/PATHSolver/test/runtests.jl:3
WARNING: Base.AbstractSparseMatrix is deprecated, run `using SparseArrays` to load sparse array functionality
  likely near /home/vagrant/.julia/v0.7/PATHSolver/test/sparse_matrix.jl:3
in top-level scope at /home/vagrant/.julia/v0.7/PATHSolver/test/sparse_matrix.jl
WARNING: Base.SparseMatrixCSC is deprecated, run `using SparseArrays` to load sparse array functionality
  likely near /home/vagrant/.julia/v0.7/PATHSolver/test/sparse_matrix.jl:3
in top-level scope at /home/vagrant/.julia/v0.7/PATHSolver/test/sparse_matrix.jl
WARNING: Base.srand is deprecated: it has been moved to the standard library package `Random`.
Add `using Random` to your imports.
  likely near /home/vagrant/.julia/v0.7/PATHSolver/test/sparse_matrix.jl:3
in top-level scope at /home/vagrant/.julia/v0.7/PATHSolver/test/sparse_matrix.jl
WARNING: Base.sprandn is deprecated: it has been moved to the standard library package `SparseArrays`.
Add `using SparseArrays` to your imports.
  likely near /home/vagrant/.julia/v0.7/PATHSolver/test/sparse_matrix.jl:3
in top-level scope at /home/vagrant/.julia/v0.7/PATHSolver/test/sparse_matrix.jl
WARNING: Base.rowvals is deprecated: it has been moved to the standard library package `SparseArrays`.
Add `using SparseArrays` to your imports.
  likely near /home/vagrant/.julia/v0.7/PATHSolver/test/sparse_matrix.jl:3
WARNING: Base.nonzeros is deprecated: it has been moved to the standard library package `SparseArrays`.
Add `using SparseArrays` to your imports.
  likely near /home/vagrant/.julia/v0.7/PATHSolver/test/sparse_matrix.jl:3
WARNING: Base.rowvals is deprecated: it has been moved to the standard library package `SparseArrays`.
Add `using SparseArrays` to your imports.
  likely near /home/vagrant/.julia/v0.7/PATHSolver/test/sparse_matrix.jl:3
WARNING: Base.rowvals is deprecated: it has been moved to the standard library package `SparseArrays`.
Add `using SparseArrays` to your imports.
  likely near /home/vagrant/.julia/v0.7/PATHSolver/test/sparse_matrix.jl:3
WARNING: Base.nonzeros is deprecated: it has been moved to the standard library package `SparseArrays`.
Add `using SparseArrays` to your imports.
  likely near /home/vagrant/.julia/v0.7/PATHSolver/test/sparse_matrix.jl:3
WARNING: Base.nonzeros is deprecated: it has been moved to the standard library package `SparseArrays`.
Add `using SparseArrays` to your imports.
  likely near /home/vagrant/.julia/v0.7/PATHSolver/test/sparse_matrix.jl:3
┌ Warning: `Array{T}(m::Int) where T` is deprecated, use `Array{T}(undef, m)` instead.
│   caller = (::getfield(Main, Symbol("#sparse_matrix_reference#3")))(::SparseArrays.SparseMatrixCSC{Float64,Int64}) at sparse_matrix.jl:8
└ @ Main sparse_matrix.jl:8
┌ Warning: `Array{T}(m::Int) where T` is deprecated, use `Array{T}(undef, m)` instead.
│   caller = (::getfield(Main, Symbol("#sparse_matrix_reference#3")))(::SparseArrays.SparseMatrixCSC{Float64,Int64}) at sparse_matrix.jl:9
└ @ Main sparse_matrix.jl:9
┌ Warning: `Array{T}(m::Int) where T` is deprecated, use `Array{T}(undef, m)` instead.
│   caller = (::getfield(Main, Symbol("#sparse_matrix_reference#3")))(::SparseArrays.SparseMatrixCSC{Float64,Int64}) at sparse_matrix.jl:10
└ @ Main sparse_matrix.jl:10
┌ Warning: `Array{T}(m::Int) where T` is deprecated, use `Array{T}(undef, m)` instead.
│   caller = (::getfield(Main, Symbol("#sparse_matrix_reference#3")))(::SparseArrays.SparseMatrixCSC{Float64,Int64}) at sparse_matrix.jl:11
└ @ Main sparse_matrix.jl:11
┌ Warning: `full(S::SparseMatrixCSC)` (and `full` in general) has been deprecated. To replace `full(S::SparseMatrixCSC)`, consider `Matrix(S)` or, if that option is too narrow, `Array(S)`.
│   caller = macro expansion at sparse_matrix.jl:51 [inlined]
└ @ Core sparse_matrix.jl:51
WARNING: Base.SparseMatrixCSC is deprecated, run `using SparseArrays` to load sparse array functionality
  likely near /home/vagrant/.julia/v0.7/PATHSolver/test/sparse_matrix.jl:3
WARNING: Base.SparseMatrixCSC is deprecated, run `using SparseArrays` to load sparse array functionality
  likely near /home/vagrant/.julia/v0.7/PATHSolver/test/sparse_matrix.jl:3
WARNING: Base.SparseMatrixCSC is deprecated, run `using SparseArrays` to load sparse array functionality
  likely near /home/vagrant/.julia/v0.7/PATHSolver/test/sparse_matrix.jl:3
WARNING: Base.sparse is deprecated: it has been moved to the standard library package `SparseArrays`.
Add `using SparseArrays` to your imports.
  likely near /home/vagrant/.julia/v0.7/PATHSolver/test/sparse_matrix.jl:3
WARNING: Base.sparse is deprecated: it has been moved to the standard library package `SparseArrays`.
Add `using SparseArrays` to your imports.
  likely near /home/vagrant/.julia/v0.7/PATHSolver/test/sparse_matrix.jl:3
WARNING: Base.sparse is deprecated: it has been moved to the standard library package `SparseArrays`.
Add `using SparseArrays` to your imports.
  likely near /home/vagrant/.julia/v0.7/PATHSolver/test/sparse_matrix.jl:3
Test Summary: | Pass  Total
sparse matrix |  300    300
WARNING: Base.Void is deprecated, use Nothing instead.
  likely near /home/vagrant/.julia/v0.7/PATHSolver/test/lcp.jl:1
WARNING: Base.Void is deprecated, use Nothing instead.
  likely near /home/vagrant/.julia/v0.7/PATHSolver/test/lcp.jl:1
WARNING: Base.Void is deprecated, use Nothing instead.
  likely near /home/vagrant/.julia/v0.7/PATHSolver/test/lcp.jl:1
WARNING: Base.Void is deprecated, use Nothing instead.
  likely near /home/vagrant/.julia/v0.7/PATHSolver/test/lcp.jl:1
WARNING: Base.Void is deprecated, use Nothing instead.
  likely near /home/vagrant/.julia/v0.7/PATHSolver/test/lcp.jl:1
WARNING: Base.Void is deprecated, use Nothing instead.
  likely near /home/vagrant/.julia/v0.7/PATHSolver/test/lcp.jl:1
WARNING: Base.Void is deprecated, use Nothing instead.
  likely near /home/vagrant/.julia/v0.7/PATHSolver/test/lcp.jl:1
WARNING: Base.Void is deprecated, use Nothing instead.
  likely near /home/vagrant/.julia/v0.7/PATHSolver/test/lcp.jl:1
WARNING: Base.Void is deprecated, use Nothing instead.
  likely near /home/vagrant/.julia/v0.7/PATHSolver/test/lcp.jl:1
WARNING: Base.Void is deprecated, use Nothing instead.
  likely near /home/vagrant/.julia/v0.7/PATHSolver/test/lcp.jl:1
WARNING: Base.Void is deprecated, use Nothing instead.
  likely near /home/vagrant/.julia/v0.7/PATHSolver/test/lcp.jl:1
WARNING: Base.Void is deprecated, use Nothing instead.
  likely near /home/vagrant/.julia/v0.7/PATHSolver/test/lcp.jl:1
WARNING: Base.Void is deprecated, use Nothing instead.
  likely near /home/vagrant/.julia/v0.7/PATHSolver/test/lcp.jl:1
WARNING: Base.Void is deprecated, use Nothing instead.
  likely near /home/vagrant/.julia/v0.7/PATHSolver/test/lcp.jl:1
WARNING: Base.Void is deprecated, use Nothing instead.
  likely near /home/vagrant/.julia/v0.7/PATHSolver/test/lcp.jl:1
WARNING: Base.Void is deprecated, use Nothing instead.
  likely near /home/vagrant/.julia/v0.7/PATHSolver/test/lcp.jl:1
┌ Warning: The function `cfunction` is now written as a macro `@cfunction`.
│   caller = FunctionWrappers.FunctionWrapper{Array{Float64,1},Tuple{Array{Float64,1}}}(::getfield(Main, Symbol("#myfunc#5"))) at FunctionWrappers.jl:66
└ @ FunctionWrappers FunctionWrappers.jl:66
┌ Warning: `cfunction(f, r, a::Tuple)` is deprecated, use `cfunction(f, r, Tuple{a...})` instead.
│   caller = solveLCP(::Function, ::Array{Int64,2}, ::Array{Float64,1}, ::Array{Float64,1}, ::Ptr{Nothing}, ::Ptr{Nothing}) at PATHSolver.jl:80
└ @ PATHSolver PATHSolver.jl:80
┌ Warning: The function `cfunction` is now written as a macro `@cfunction`.
│   caller = cfunction(::Function, ::Type, ::Tuple{DataType,DataType,DataType}) at deprecated.jl:57
└ @ Base deprecated.jl:57
┌ Warning: `isbits(#= deprecated.jl:1644 =# @nospecialize(t::Type))` is deprecated, use `isbitstype(t)` instead.
│   caller = map_argtype(::Type) at FunctionWrappers.jl:32
└ @ FunctionWrappers FunctionWrappers.jl:32
WARNING: Base.Void is deprecated, use Nothing instead.
  likely near /home/vagrant/.julia/v0.7/PATHSolver/test/lcp.jl:1
WARNING: Base.Void is deprecated, use Nothing instead.
  likely near /home/vagrant/.julia/v0.7/PATHSolver/test/lcp.jl:1
WARNING: Base.Void is deprecated, use Nothing instead.
  likely near /home/vagrant/.julia/v0.7/PATHSolver/test/lcp.jl:1
WARNING: Base.Void is deprecated, use Nothing instead.
  likely near /home/vagrant/.julia/v0.7/PATHSolver/test/lcp.jl:1
WARNING: Base.Void is deprecated, use Nothing instead.
  likely near /home/vagrant/.julia/v0.7/PATHSolver/test/lcp.jl:1
WARNING: Base.Void is deprecated, use Nothing instead.
  likely near /home/vagrant/.julia/v0.7/PATHSolver/test/lcp.jl:1
WARNING: Base.Void is deprecated, use Nothing instead.
  likely near /home/vagrant/.julia/v0.7/PATHSolver/test/lcp.jl:1
WARNING: Base.Void is deprecated, use Nothing instead.
  likely near /home/vagrant/.julia/v0.7/PATHSolver/test/lcp.jl:1
in f_user_wrap at /home/vagrant/.julia/v0.7/PATHSolver/src/PATHSolver.jl
linear complementarity problem: Error During Test at /home/vagrant/.julia/v0.7/PATHSolver/test/lcp.jl:1
  Got exception ErrorException("error compiling f_user_wrap: error statically evaluating llvm IR argument") outside of a @test
  error compiling f_user_wrap: error statically evaluating llvm IR argument
  Stacktrace:
   [1] cfunction(::Any, ::Any, ::Any) at ./deprecated.jl:502
   [2] cfunction(::Function, ::Type, ::Tuple{DataType,DataType,DataType}) at ./deprecated.jl:57
   [3] solveLCP(::Function, ::Array{Int64,2}, ::Array{Float64,1}, ::Array{Float64,1}, ::Ptr{Nothing}, ::Ptr{Nothing}) at /home/vagrant/.julia/v0.7/PATHSolver/src/PATHSolver.jl:80
   [4] solveLCP(::Function, ::Array{Int64,2}, ::Array{Float64,1}, ::Array{Float64,1}) at /home/vagrant/.julia/v0.7/PATHSolver/src/PATHSolver.jl:77
   [5] macro expansion at /home/vagrant/.julia/v0.7/PATHSolver/test/lcp.jl:15 [inlined]
   [6] macro expansion at /buildworker/worker/package_linux64/build/usr/share/julia/stdlib/v0.7/Test/src/Test.jl:1079 [inlined]
   [7] top-level scope at /home/vagrant/.julia/v0.7/PATHSolver/test/lcp.jl:2
   [8] include at ./boot.jl:314 [inlined]
   [9] include_relative(::Module, ::String) at ./loading.jl:1067
   [10] include(::Module, ::String) at ./sysimg.jl:29
   [11] include(::String) at ./sysimg.jl:68
   [12] top-level scope
   [13] include at ./boot.jl:314 [inlined]
   [14] include_relative(::Module, ::String) at ./loading.jl:1067
   [15] include(::Module, ::String) at ./sysimg.jl:29
   [16] exec_options(::Base.JLOptions) at ./client.jl:327
   [17] _start() at ./client.jl:455
Test Summary:                  | Error  Total
linear complementarity problem |     1      1
ERROR: LoadError: LoadError: Some tests did not pass: 0 passed, 0 failed, 1 errored, 0 broken.
in expression starting at /home/vagrant/.julia/v0.7/PATHSolver/test/lcp.jl:1
in expression starting at /home/vagrant/.julia/v0.7/PATHSolver/test/runtests.jl:6
┌ Error: ------------------------------------------------------------
│ # Testing failed for PATHSolver
│   exception =
│    failed process: Process(`/home/vagrant/julia/bin/julia -Cnative -J/home/vagrant/julia/lib/julia/sys.so --compile=yes --depwarn=yes --code-coverage=none --color=no --compiled-modules=yes --check-bounds=yes --warn-overwrite=yes --startup-file=yes /home/vagrant/.julia/v0.7/PATHSolver/test/runtests.jl`, ProcessExited(1)) [1]
│    Stacktrace:
│     [1] error(::String, ::Base.Process, ::String, ::Int64, ::String) at ./error.jl:42
│     [2] pipeline_error(::Base.Process) at ./process.jl:712
│     [3] #run#533(::Bool, ::Function, ::Cmd) at ./process.jl:670
│     [4] run at ./process.jl:668 [inlined]
│     [5] (::getfield(Pkg.Entry, Symbol("##56#57")){Bool,String,Array{AbstractString,1}})() at /buildworker/worker/package_linux64/build/usr/share/julia/stdlib/v0.7/Pkg/src/entry.jl:729
│     [6] cd(::getfield(Pkg.Entry, Symbol("##56#57")){Bool,String,Array{AbstractString,1}}, ::String) at ./file.jl:72
│     [7] #test!#55(::Bool, ::Function, ::String, ::Array{AbstractString,1}, ::Array{AbstractString,1}, ::Array{AbstractString,1}) at /buildworker/worker/package_linux64/build/usr/share/julia/stdlib/v0.7/Pkg/src/entry.jl:717
│     [8] (::getfield(Pkg.Entry, Symbol("#kw##test!")))(::NamedTuple{(:coverage,),Tuple{Bool}}, ::typeof(Pkg.Entry.test!), ::String, ::Array{AbstractString,1}, ::Array{AbstractString,1}, ::Array{AbstractString,1}) at ./<missing>:0
│     [9] #test#59(::Bool, ::Function, ::Array{AbstractString,1}) at /buildworker/worker/package_linux64/build/usr/share/julia/stdlib/v0.7/Pkg/src/entry.jl:756
│     [10] #test at ./<missing>:0 [inlined]
│     [11] #4 at /buildworker/worker/package_linux64/build/usr/share/julia/stdlib/v0.7/Pkg/src/dir.jl:36 [inlined]
│     [12] cd(::getfield(Pkg.Dir, Symbol("##4#7")){Base.Iterators.Pairs{Symbol,Bool,Tuple{Symbol},NamedTuple{(:coverage,),Tuple{Bool}}},typeof(Pkg.Entry.test),Tuple{Array{AbstractString,1}}}, ::String) at ./file.jl:72
│     [13] #cd#1(::Base.Iterators.Pairs{Symbol,Bool,Tuple{Symbol},NamedTuple{(:coverage,),Tuple{Bool}}}, ::Function, ::Function, ::Array{AbstractString,1}, ::Vararg{Array{AbstractString,1},N} where N) at /buildworker/worker/package_linux64/build/usr/share/julia/stdlib/v0.7/Pkg/src/dir.jl:36
│     [14] (::getfield(Pkg.Dir, Symbol("#kw##cd")))(::NamedTuple{(:coverage,),Tuple{Bool}}, ::typeof(Pkg.Dir.cd), ::Function, ::Array{AbstractString,1}, ::Vararg{Array{AbstractString,1},N} where N) at ./<missing>:0
│     [15] #test#3(::Bool, ::Function, ::String, ::Vararg{String,N} where N) at /buildworker/worker/package_linux64/build/usr/share/julia/stdlib/v0.7/Pkg/src/Pkg.jl:278
│     [16] test(::String, ::Vararg{String,N} where N) at /buildworker/worker/package_linux64/build/usr/share/julia/stdlib/v0.7/Pkg/src/Pkg.jl:278
│     [17] top-level scope
│     [18] eval at ./boot.jl:317 [inlined]
│     [19] eval(::Module, ::Expr) at ./sysimg.jl:74
│     [20] exec_options(::Base.JLOptions) at ./client.jl:304
│     [21] _start() at ./client.jl:455
└ @ Pkg.Entry entry.jl:732
ERROR: PATHSolver had test errors

>>> End of log
