This package can't be automatically tested - see package's README.
INFO: Installing RNGTest v0.0.2
INFO: Installing RdRand v0.0.0
INFO: Building RNGTest
cc -std=c99 -shared -fPIC -O2 -I TestU01/include TestU01/src/unif01.c TestU01/src/swrite.c TestU01/src/bbattery.c TestU01/src/scomp.c TestU01/src/sknuth.c TestU01/src/smarsa.c TestU01/src/smultin.c TestU01/src/snpair.c TestU01/src/sres.c TestU01/src/sspectral.c TestU01/src/sstring.c TestU01/src/svaria.c TestU01/src/swalk.c TestU01/src/ufile.c TestU01/src/vectorsF2.c TestU01/src/chrono.c TestU01/src/gdef.c TestU01/src/num.c TestU01/src/util.c TestU01/src/bitset.c TestU01/src/mystr.c TestU01/src/tables.c TestU01/src/num2.c TestU01/src/gofw.c TestU01/src/fbar.c TestU01/src/fdist.c TestU01/src/gofs.c TestU01/src/fmass.c TestU01/src/statcoll.c TestU01/src/wdist.c TestU01/src/extractors.c -o libtestu01wrapper.so
TestU01/src/sspectral.c:44:18: fatal error: fftc.c: No such file or directory
 #include "fftc.c"
                  ^
compilation terminated.
Makefile:46: recipe for target 'all' failed
make: *** [all] Error 1
================================[ BUILD ERRORS ]================================

WARNING: RNGTest had build errors.

 - packages with build errors remain installed in /home/idunning/pkgtest/.julia/v0.3
 - build a package and all its dependencies with `Pkg.build(pkg)`
 - build a single package by running its `deps/build.jl` script

================================================================================
INFO: Package database updated
INFO: Package database updated
