Tests exist, tried 'using RNGTest', failed!
INFO: Installing RNGTest v0.0.2
INFO: Building RNGTest
cc -std=c99 -shared -fPIC -O2 -I TestU01/include TestU01/src/unif01.c TestU01/src/swrite.c TestU01/src/bbattery.c TestU01/src/scomp.c TestU01/src/sknuth.c TestU01/src/smarsa.c TestU01/src/smultin.c TestU01/src/snpair.c TestU01/src/sres.c TestU01/src/sspectral.c TestU01/src/sstring.c TestU01/src/svaria.c TestU01/src/swalk.c TestU01/src/ufile.c TestU01/src/vectorsF2.c TestU01/src/chrono.c TestU01/src/gdef.c TestU01/src/num.c TestU01/src/util.c TestU01/src/bitset.c TestU01/src/mystr.c TestU01/src/tables.c TestU01/src/num2.c TestU01/src/gofw.c TestU01/src/fbar.c TestU01/src/fdist.c TestU01/src/gofs.c TestU01/src/fmass.c TestU01/src/statcoll.c TestU01/src/wdist.c TestU01/src/extractors.c -o libtestu01wrapper.so
TestU01/src/sspectral.c:44:18: fatal error: fftc.c: No such file or directory
 #include "fftc.c"
                  ^
compilation terminated.
Makefile:46: recipe for target 'all' failed
make: *** [all] Error 1
===============================[ ERROR: RNGTest ]===============================

================================================================================
INFO: Package database updated
ERROR: error compiling anonymous: could not load module /home/idunning/pkgtest/.julia/v0.3/RNGTest/deps/libtestu01wrapper: /home/idunning/pkgtest/.julia/v0.3/RNGTest/deps/libtestu01wrapper: cannot open shared object file: No such file or directory
 in reload_path at loading.jl:152
 in _require at loading.jl:67
 in require at loading.jl:51
 in include_from_node1 at loading.jl:128
while loading /home/idunning/pkgtest/.julia/v0.3/RNGTest/src/RNGTest.jl, in expression starting on line 7
while loading /home/idunning/pkgtest/.julia/v0.3/.trash/Rmath/testusing.jl, in expression starting on line 1
INFO: Package database updated
