>>> 'Pkg.add("Rsvg")' log
INFO: Cloning cache of Rsvg from https://github.com/lobingera/Rsvg.jl.git
INFO: Installing BaseTestNext v0.2.2
INFO: Installing BinDeps v0.6.0
INFO: Installing Cairo v0.3.0
INFO: Installing ColorTypes v0.5.1
INFO: Installing Colors v0.7.3
INFO: Installing FixedPointNumbers v0.3.8
INFO: Installing Graphics v0.2.0
INFO: Installing Gtk v0.13.0
INFO: Installing NaNMath v0.2.4
INFO: Installing Reexport v0.0.3
INFO: Installing Rsvg v0.1.0
INFO: Installing SHA v0.3.2
INFO: Installing URIParser v0.1.8
INFO: Building Cairo
WARNING: BinDeps.shlib_ext is deprecated.
  likely near /home/vagrant/.julia/v0.5/Cairo/deps/build.jl:112
INFO: Building Gtk
Installing dependency libgtk-3-0 via `sudo apt-get install libgtk-3-0`:
Reading package lists...
Building dependency tree...
Reading state information...
libgtk-3-0 is already the newest version.
0 upgraded, 0 newly installed, 0 to remove and 0 not upgraded.
1 not fully installed or removed.
After this operation, 0 B of additional disk space will be used.
Setting up oracle-java7-installer (7u80+7u60arm-0~webupd8~1) ...
Downloading Oracle Java 7...
--2017-05-23 13:21:43--  http://download.oracle.com/otn-pub/java/jdk/7u80-b15/jdk-7u80-linux-x64.tar.gz
Resolving download.oracle.com (download.oracle.com)... 104.96.210.53, 104.96.210.29
Connecting to download.oracle.com (download.oracle.com)|104.96.210.53|:80... connected.
HTTP request sent, awaiting response... 302 Moved Temporarily
Location: https://edelivery.oracle.com/otn-pub/java/jdk/7u80-b15/jdk-7u80-linux-x64.tar.gz [following]
--2017-05-23 13:21:44--  https://edelivery.oracle.com/otn-pub/java/jdk/7u80-b15/jdk-7u80-linux-x64.tar.gz
Resolving edelivery.oracle.com (edelivery.oracle.com)... 104.96.204.183, 2600:1400:d:181::2d3e, 2600:1400:d:185::2d3e
Connecting to edelivery.oracle.com (edelivery.oracle.com)|104.96.204.183|:443... connected.
HTTP request sent, awaiting response... 302 Moved Temporarily
Location: http://download.oracle.com/otn-pub/java/jdk/7u80-b15/jdk-7u80-linux-x64.tar.gz?AuthParam=1495545824_2760d1e1952cf131d545590f5fd0dd19 [following]
--2017-05-23 13:21:44--  http://download.oracle.com/otn-pub/java/jdk/7u80-b15/jdk-7u80-linux-x64.tar.gz?AuthParam=1495545824_2760d1e1952cf131d545590f5fd0dd19
Connecting to download.oracle.com (download.oracle.com)|104.96.210.53|:80... connected.
HTTP request sent, awaiting response... 404 Not Found
2017-05-23 13:21:44 ERROR 404: Not Found.

download failed
Oracle JDK 7 is NOT installed.
dpkg: error processing package oracle-java7-installer (--configure):
 subprocess installed post-installation script returned error exit status 1
Errors were encountered while processing:
 oracle-java7-installer
E: Sub-process /usr/bin/dpkg returned an error code (1)
=================================[ ERROR: Gtk ]=================================

LoadError: failed process: Process(`sudo apt-get install libgtk-3-0`, ProcessExited(100)) [100]
while loading /home/vagrant/.julia/v0.5/Gtk/deps/build.jl, in expression starting on line 62

================================================================================
INFO: Building Rsvg
Installing dependency librsvg2-2 via `sudo apt-get install librsvg2-2`:
Reading package lists...
Building dependency tree...
Reading state information...
Suggested packages:
  librsvg2-bin
Recommended packages:
  librsvg2-common
The following NEW packages will be installed:
  librsvg2-2
0 upgraded, 1 newly installed, 0 to remove and 0 not upgraded.
1 not fully installed or removed.
Need to get 88.3 kB of archives.
After this operation, 418 kB of additional disk space will be used.
Get:1 http://archive.ubuntu.com/ubuntu/ trusty/main librsvg2-2 amd64 2.40.2-1 [88.3 kB]
dpkg-preconfigure: unable to re-open stdin: No such file or directory
Fetched 88.3 kB in 0s (222 kB/s)
Selecting previously unselected package librsvg2-2:amd64.
(Reading database ... 87177 files and directories currently installed.)
Preparing to unpack .../librsvg2-2_2.40.2-1_amd64.deb ...
Unpacking librsvg2-2:amd64 (2.40.2-1) ...
Setting up oracle-java7-installer (7u80+7u60arm-0~webupd8~1) ...
Downloading Oracle Java 7...
--2017-05-23 13:21:47--  http://download.oracle.com/otn-pub/java/jdk/7u80-b15/jdk-7u80-linux-x64.tar.gz
Resolving download.oracle.com (download.oracle.com)... 104.96.210.53, 104.96.210.29
Connecting to download.oracle.com (download.oracle.com)|104.96.210.53|:80... connected.
HTTP request sent, awaiting response... 302 Moved Temporarily
Location: https://edelivery.oracle.com/otn-pub/java/jdk/7u80-b15/jdk-7u80-linux-x64.tar.gz [following]
--2017-05-23 13:21:47--  https://edelivery.oracle.com/otn-pub/java/jdk/7u80-b15/jdk-7u80-linux-x64.tar.gz
Resolving edelivery.oracle.com (edelivery.oracle.com)... 104.96.204.183, 2600:1400:d:181::2d3e, 2600:1400:d:185::2d3e
Connecting to edelivery.oracle.com (edelivery.oracle.com)|104.96.204.183|:443... connected.
HTTP request sent, awaiting response... 302 Moved Temporarily
Location: http://download.oracle.com/otn-pub/java/jdk/7u80-b15/jdk-7u80-linux-x64.tar.gz?AuthParam=1495545827_dc06a6c5a062b3593a03997b960dfc43 [following]
--2017-05-23 13:21:47--  http://download.oracle.com/otn-pub/java/jdk/7u80-b15/jdk-7u80-linux-x64.tar.gz?AuthParam=1495545827_dc06a6c5a062b3593a03997b960dfc43
Connecting to download.oracle.com (download.oracle.com)|104.96.210.53|:80... connected.
HTTP request sent, awaiting response... 404 Not Found
2017-05-23 13:21:47 ERROR 404: Not Found.

download failed
Oracle JDK 7 is NOT installed.
dpkg: error processing package oracle-java7-installer (--configure):
 subprocess installed post-installation script returned error exit status 1
Setting up librsvg2-2:amd64 (2.40.2-1) ...
Processing triggers for libc-bin (2.19-0ubuntu6.11) ...
Errors were encountered while processing:
 oracle-java7-installer
E: Sub-process /usr/bin/dpkg returned an error code (1)
================================[ ERROR: Rsvg ]=================================

LoadError: failed process: Process(`sudo apt-get install librsvg2-2`, ProcessExited(100)) [100]
while loading /home/vagrant/.julia/v0.5/Rsvg/deps/build.jl, in expression starting on line 25

================================================================================

================================[ BUILD ERRORS ]================================

WARNING: Rsvg and Gtk had build errors.

 - packages with build errors remain installed in /home/vagrant/.julia/v0.5
 - build the package(s) and all dependencies with `Pkg.build("Rsvg", "Gtk")`
 - build a single package by running its `deps/build.jl` script

================================================================================
INFO: Package database updated
INFO: METADATA is out-of-date â€” you may not have the latest version of Rsvg
INFO: Use `Pkg.update()` to get the latest versions of your packages

>>> 'Pkg.test("Rsvg")' log
Julia Version 0.5.2
Commit f4c6c9d (2017-05-06 16:34 UTC)
Platform Info:
  OS: Linux (x86_64-pc-linux-gnu)
  CPU: Intel(R) Xeon(R) CPU E3-1241 v3 @ 3.50GHz
  WORD_SIZE: 64
           Ubuntu 14.04.5 LTS
  uname: Linux 3.13.0-119-generic #166-Ubuntu SMP Wed May 3 12:18:55 UTC 2017 x86_64 x86_64
Memory: 2.9392738342285156 GB (989.33984375 MB free)
Uptime: 32400.0 sec
Load Avg:  0.92529296875  1.07275390625  1.123046875
Intel(R) Xeon(R) CPU E3-1241 v3 @ 3.50GHz: 
       speed         user         nice          sys         idle          irq
#1  3499 MHz    1932377 s         69 s     153432 s     758575 s         50 s
#2  3499 MHz     556530 s       6582 s      77242 s    2538622 s          0 s

  BLAS: libopenblas (USE64BITINT DYNAMIC_ARCH NO_AFFINITY Nehalem)
  LAPACK: libopenblas64_
  LIBM: libopenlibm
  LLVM: libLLVM-3.7.1 (ORCJIT, haswell)
Environment:
  LD_LIBRARY_PATH = :/usr/local/lib/
  HOME = /home/vagrant
  TERM = vt100
  PATH = /usr/local/sbin:/usr/local/bin:/usr/sbin:/usr/bin:/sbin:/bin:/usr/games:/usr/local/games:/home/vagrant/julia/bin/
  JAVA_HOME = /usr/lib/jvm/java-7-oracle

Package Directory: /home/vagrant/.julia/v0.5
2 required packages:
 - JSON                          0.12.0
 - Rsvg                          0.1.0
13 additional packages:
 - BaseTestNext                  0.2.2
 - BinDeps                       0.6.0
 - Cairo                         0.3.0
 - ColorTypes                    0.5.1
 - Colors                        0.7.3
 - Compat                        0.25.2
 - FixedPointNumbers             0.3.8
 - Graphics                      0.2.0
 - Gtk                           0.13.0
 - NaNMath                       0.2.4
 - Reexport                      0.0.3
 - SHA                           0.3.2
 - URIParser                     0.1.8
INFO: Testing Rsvg
ERROR: LoadError: LoadError: Rsvg not properly installed. Please run
Pkg.build("Rsvg")
 in error(::String, ::String, ::Vararg{String,N}) at ./error.jl:22
 in include_from_node1(::String) at ./loading.jl:488
 in eval(::Module, ::Any) at ./boot.jl:234
 in require(::Symbol) at ./loading.jl:415
 in include_from_node1(::String) at ./loading.jl:488
 in process_options(::Base.JLOptions) at ./client.jl:265
 in _start() at ./client.jl:321
while loading /home/vagrant/.julia/v0.5/Rsvg/src/Rsvg.jl, in expression starting on line 5
while loading /home/vagrant/.julia/v0.5/Rsvg/test/runtests.jl, in expression starting on line 1
================================[ ERROR: Rsvg ]=================================

failed process: Process(`/home/vagrant/julia/bin/julia -Cx86-64 -J/home/vagrant/julia/lib/julia/sys.so --compile=yes --depwarn=yes --check-bounds=yes --code-coverage=none --color=no --compilecache=yes /home/vagrant/.julia/v0.5/Rsvg/test/runtests.jl`, ProcessExited(1)) [1]

================================================================================
ERROR: Rsvg had test errors
 in #test#61(::Bool, ::Function, ::Array{AbstractString,1}) at ./pkg/entry.jl:748
 in (::Base.Pkg.Entry.#kw##test)(::Array{Any,1}, ::Base.Pkg.Entry.#test, ::Array{AbstractString,1}) at ./<missing>:0
 in (::Base.Pkg.Dir.##2#3{Array{Any,1},Base.Pkg.Entry.#test,Tuple{Array{AbstractString,1}}})() at ./pkg/dir.jl:31
 in cd(::Base.Pkg.Dir.##2#3{Array{Any,1},Base.Pkg.Entry.#test,Tuple{Array{AbstractString,1}}}, ::String) at ./file.jl:59
 in #cd#1(::Array{Any,1}, ::Function, ::Function, ::Array{AbstractString,1}, ::Vararg{Array{AbstractString,1},N}) at ./pkg/dir.jl:31
 in (::Base.Pkg.Dir.#kw##cd)(::Array{Any,1}, ::Base.Pkg.Dir.#cd, ::Function, ::Array{AbstractString,1}, ::Vararg{Array{AbstractString,1},N}) at ./<missing>:0
 in #test#3(::Bool, ::Function, ::String, ::Vararg{String,N}) at ./pkg/pkg.jl:258
 in test(::String, ::Vararg{String,N}) at ./pkg/pkg.jl:258
 in eval(::Module, ::Any) at ./boot.jl:234
 in process_options(::Base.JLOptions) at ./client.jl:242
 in _start() at ./client.jl:321

>>> End of log
