>>> 'Pkg.add("Rsvg")' log
INFO: Cloning cache of Rsvg from https://github.com/lobingera/Rsvg.jl.git
INFO: Installing BaseTestNext v0.2.2
INFO: Installing BinDeps v0.6.0
INFO: Installing Cairo v0.3.0
INFO: Installing ColorTypes v0.5.1
INFO: Installing Colors v0.7.3
INFO: Installing FixedPointNumbers v0.3.8
INFO: Installing Graphics v0.2.0
INFO: Installing Gtk v0.13.0
INFO: Installing NaNMath v0.2.4
INFO: Installing Reexport v0.0.3
INFO: Installing Rsvg v0.1.0
INFO: Installing SHA v0.3.2
INFO: Installing URIParser v0.1.8
INFO: Building Cairo
WARNING: BinDeps.shlib_ext is deprecated.
  likely near /home/vagrant/.julia/v0.6/Cairo/deps/build.jl:112
INFO: Building Gtk
Downloading Oracle Java 7...
--2017-05-23 19:41:54--  http://download.oracle.com/otn-pub/java/jdk/7u80-b15/jdk-7u80-linux-x64.tar.gz
Resolving download.oracle.com (download.oracle.com)... 104.96.210.53, 104.96.210.29
Connecting to download.oracle.com (download.oracle.com)|104.96.210.53|:80... connected.
HTTP request sent, awaiting response... 302 Moved Temporarily
Location: https://edelivery.oracle.com/otn-pub/java/jdk/7u80-b15/jdk-7u80-linux-x64.tar.gz [following]
--2017-05-23 19:41:55--  https://edelivery.oracle.com/otn-pub/java/jdk/7u80-b15/jdk-7u80-linux-x64.tar.gz
Resolving edelivery.oracle.com (edelivery.oracle.com)... 104.96.204.183, 2600:1400:d:185::2d3e, 2600:1400:d:181::2d3e
Connecting to edelivery.oracle.com (edelivery.oracle.com)|104.96.204.183|:443... connected.
HTTP request sent, awaiting response... 302 Moved Temporarily
Location: http://download.oracle.com/otn-pub/java/jdk/7u80-b15/jdk-7u80-linux-x64.tar.gz?AuthParam=1495568635_2014631efcdff8a6f7d67cad259f4cd9 [following]
--2017-05-23 19:41:55--  http://download.oracle.com/otn-pub/java/jdk/7u80-b15/jdk-7u80-linux-x64.tar.gz?AuthParam=1495568635_2014631efcdff8a6f7d67cad259f4cd9
Connecting to download.oracle.com (download.oracle.com)|104.96.210.53|:80... connected.
HTTP request sent, awaiting response... 404 Not Found
2017-05-23 19:41:57 ERROR 404: Not Found.

download failed
Oracle JDK 7 is NOT installed.
dpkg: error processing package oracle-java7-installer (--configure):
 subprocess installed post-installation script returned error exit status 1
Errors were encountered while processing:
 oracle-java7-installer
E: Sub-process /usr/bin/dpkg returned an error code (1)
=================================[ ERROR: Gtk ]=================================

LoadError: failed process: Process(`sudo apt-get install libgtk-3-0`, ProcessExited(100)) [100]
while loading /home/vagrant/.julia/v0.6/Gtk/deps/build.jl, in expression starting on line 62

================================================================================
INFO: Building Rsvg
dpkg-preconfigure: unable to re-open stdin: No such file or directory
Downloading Oracle Java 7...
--2017-05-23 19:42:00--  http://download.oracle.com/otn-pub/java/jdk/7u80-b15/jdk-7u80-linux-x64.tar.gz
Resolving download.oracle.com (download.oracle.com)... 104.96.210.53, 104.96.210.29
Connecting to download.oracle.com (download.oracle.com)|104.96.210.53|:80... connected.
HTTP request sent, awaiting response... 302 Moved Temporarily
Location: https://edelivery.oracle.com/otn-pub/java/jdk/7u80-b15/jdk-7u80-linux-x64.tar.gz [following]
--2017-05-23 19:42:00--  https://edelivery.oracle.com/otn-pub/java/jdk/7u80-b15/jdk-7u80-linux-x64.tar.gz
Resolving edelivery.oracle.com (edelivery.oracle.com)... 104.96.204.183, 2600:1400:d:185::2d3e, 2600:1400:d:181::2d3e
Connecting to edelivery.oracle.com (edelivery.oracle.com)|104.96.204.183|:443... connected.
HTTP request sent, awaiting response... 302 Moved Temporarily
Location: http://download.oracle.com/otn-pub/java/jdk/7u80-b15/jdk-7u80-linux-x64.tar.gz?AuthParam=1495568640_bd4db972c5ee9a6a1effa31ab8ac9faa [following]
--2017-05-23 19:42:00--  http://download.oracle.com/otn-pub/java/jdk/7u80-b15/jdk-7u80-linux-x64.tar.gz?AuthParam=1495568640_bd4db972c5ee9a6a1effa31ab8ac9faa
Connecting to download.oracle.com (download.oracle.com)|104.96.210.53|:80... connected.
HTTP request sent, awaiting response... 404 Not Found
2017-05-23 19:42:01 ERROR 404: Not Found.

download failed
Oracle JDK 7 is NOT installed.
dpkg: error processing package oracle-java7-installer (--configure):
 subprocess installed post-installation script returned error exit status 1
Errors were encountered while processing:
 oracle-java7-installer
E: Sub-process /usr/bin/dpkg returned an error code (1)
================================[ ERROR: Rsvg ]=================================

LoadError: failed process: Process(`sudo apt-get install librsvg2-2`, ProcessExited(100)) [100]
while loading /home/vagrant/.julia/v0.6/Rsvg/deps/build.jl, in expression starting on line 25

================================================================================

================================[ BUILD ERRORS ]================================

WARNING: Rsvg and Gtk had build errors.

 - packages with build errors remain installed in /home/vagrant/.julia/v0.6
 - build the package(s) and all dependencies with `Pkg.build("Rsvg", "Gtk")`
 - build a single package by running its `deps/build.jl` script

================================================================================
INFO: Package database updated
INFO: METADATA is out-of-date â€” you may not have the latest version of Rsvg
INFO: Use `Pkg.update()` to get the latest versions of your packages

>>> 'Pkg.test("Rsvg")' log
Julia Version 0.6.0-rc2.0
Commit 68e911b (2017-05-18 02:31 UTC)
Platform Info:
  OS: Linux (x86_64-pc-linux-gnu)
  CPU: Intel(R) Xeon(R) CPU E3-1241 v3 @ 3.50GHz
  WORD_SIZE: 64
           Ubuntu 14.04.5 LTS
  uname: Linux 3.13.0-119-generic #166-Ubuntu SMP Wed May 3 12:18:55 UTC 2017 x86_64 x86_64
Memory: 2.9392738342285156 GB (817.18359375 MB free)
Uptime: 55139.0 sec
Load Avg:  1.05419921875  1.09326171875  1.06396484375
Intel(R) Xeon(R) CPU E3-1241 v3 @ 3.50GHz: 
       speed         user         nice          sys         idle          irq
#1  3498 MHz    3498948 s       3696 s     142683 s     974115 s         43 s
#2  3498 MHz     704712 s       3034 s      71459 s    4627451 s          0 s

  BLAS: libopenblas (USE64BITINT DYNAMIC_ARCH NO_AFFINITY Nehalem)
  LAPACK: libopenblas64_
  LIBM: libopenlibm
  LLVM: libLLVM-3.9.1 (ORCJIT, haswell)
Environment:
  LD_LIBRARY_PATH = :/usr/local/lib/
  HOME = /home/vagrant
  TERM = vt100
  PATH = /usr/local/sbin:/usr/local/bin:/usr/sbin:/usr/bin:/sbin:/bin:/usr/games:/usr/local/games:/home/vagrant/julia/bin/
  JAVA_HOME = /usr/lib/jvm/java-7-oracle

Package Directory: /home/vagrant/.julia/v0.6
2 required packages:
 - JSON                          0.12.0
 - Rsvg                          0.1.0
13 additional packages:
 - BaseTestNext                  0.2.2
 - BinDeps                       0.6.0
 - Cairo                         0.3.0
 - ColorTypes                    0.5.1
 - Colors                        0.7.3
 - Compat                        0.25.2
 - FixedPointNumbers             0.3.8
 - Graphics                      0.2.0
 - Gtk                           0.13.0
 - NaNMath                       0.2.4
 - Reexport                      0.0.3
 - SHA                           0.3.2
 - URIParser                     0.1.8
INFO: Testing Rsvg
ERROR: LoadError: LoadError: Rsvg not properly installed. Please run
Pkg.build("Rsvg")
Stacktrace:
 [1] error(::String, ::String, ::Vararg{String,N} where N) at ./error.jl:30
 [2] include_from_node1(::String) at ./loading.jl:569
while loading /home/vagrant/.julia/v0.6/Rsvg/src/Rsvg.jl, in expression starting on line 5
while loading /home/vagrant/.julia/v0.6/Rsvg/test/runtests.jl, in expression starting on line 1
================================[ ERROR: Rsvg ]=================================

failed process: Process(`/home/vagrant/julia/bin/julia -Cx86-64 -J/home/vagrant/julia/lib/julia/sys.so --compile=yes --depwarn=yes --check-bounds=yes --code-coverage=none --color=no --compilecache=yes /home/vagrant/.julia/v0.6/Rsvg/test/runtests.jl`, ProcessExited(1)) [1]

================================================================================
ERROR: Rsvg had test errors

>>> End of log
