>>> 'Pkg.add("SteinDiscrepancy")' log
INFO: Cloning cache of SteinDiscrepancy from https://github.com/jgorham/SteinDiscrepancy.jl.git
INFO: Installing BinDeps v0.6.0
INFO: Installing Calculus v0.2.2
INFO: Installing DataStructures v0.5.3
INFO: Installing DiffBase v0.2.0
INFO: Installing Distributions v0.13.0
INFO: Installing ForwardDiff v0.4.2
INFO: Installing JuMP v0.16.2
INFO: Installing Lazy v0.11.6
INFO: Installing MacroTools v0.3.6
INFO: Installing MathProgBase v0.6.4
INFO: Installing NaNMath v0.2.4
INFO: Installing PDMats v0.6.0
INFO: Installing QuadGK v0.1.2
INFO: Installing ReverseDiffSparse v0.7.2
INFO: Installing Rmath v0.1.6
INFO: Installing SHA v0.3.3
INFO: Installing SpecialFunctions v0.1.1
INFO: Installing StatsBase v0.15.0
INFO: Installing StatsFuns v0.5.0
INFO: Installing SteinDiscrepancy v0.0.1
INFO: Installing URIParser v0.1.8
INFO: Building Rmath
INFO: Building SteinDiscrepancy
INFO: Changing Directory to /home/vagrant/.julia/v0.6/SteinDiscrepancy/src/discrepancy/spanner
In file included from greedyspanner.h:5:0,
                 from api.cpp:4:
binaryheap.h: In instantiation of ‘BinHeap<TValue, Lookup, decreaseKeyInserts>::BinHeap(unsigned int, TValue) [with TValue = double; Lookup = FixedArrayLookup; bool decreaseKeyInserts = false]’:
greedyspanner.h:93:19:   required from ‘int GreedyLinspace3(const pointset&, double, edgelist&, const edgelist&) [with Heap = BinHeap<double>; pointset = std::vector<vertex>; edgelist = std::vector<edge>]’
api.cpp:46:82:   required from here
binaryheap.h:132:23: warning: ‘BinHeap<double>::lookup’ will be initialized after [-Wreorder]
  Lookup<unsigned int> lookup;
                       ^
binaryheap.h:130:34: warning:   ‘std::pair<unsigned int, double> BinHeap<double>::defPair’ [-Wreorder]
  std::pair<unsigned int, TValue> defPair;
                                  ^
binaryheap.h:135:2: warning:   when initialized here [-Wreorder]
  BinHeap(unsigned int size, TValue nonexistingValue) 
  ^
INFO: Package database updated
INFO: METADATA is out-of-date — you may not have the latest version of SteinDiscrepancy
INFO: Use `Pkg.update()` to get the latest versions of your packages

>>> 'Pkg.test("SteinDiscrepancy")' log
Julia Version 0.6.0-rc2.0
Commit 68e911b (2017-05-18 02:31 UTC)
Platform Info:
  OS: Linux (x86_64-pc-linux-gnu)
  CPU: Intel(R) Xeon(R) CPU E3-1241 v3 @ 3.50GHz
  WORD_SIZE: 64
           Ubuntu 14.04.5 LTS
  uname: Linux 3.13.0-119-generic #166-Ubuntu SMP Wed May 3 12:18:55 UTC 2017 x86_64 x86_64
Memory: 2.9392738342285156 GB (789.4140625 MB free)
Uptime: 63739.0 sec
Load Avg:  1.0302734375  1.025390625  1.0185546875
Intel(R) Xeon(R) CPU E3-1241 v3 @ 3.50GHz: 
       speed         user         nice          sys         idle          irq
#1  3499 MHz    4086532 s         80 s     170888 s    1030213 s         48 s
#2  3499 MHz     728122 s       6132 s      77260 s    5475688 s          2 s

  BLAS: libopenblas (USE64BITINT DYNAMIC_ARCH NO_AFFINITY Nehalem)
  LAPACK: libopenblas64_
  LIBM: libopenlibm
  LLVM: libLLVM-3.9.1 (ORCJIT, haswell)
Environment:
  TERM = vt100
  LD_LIBRARY_PATH = :/usr/local/lib/
  PATH = /usr/local/sbin:/usr/local/bin:/usr/sbin:/usr/bin:/sbin:/bin:/usr/games:/usr/local/games:/home/vagrant/julia/bin/
  JAVA_HOME = /usr/lib/jvm/java-7-oracle
  HOME = /home/vagrant

Package Directory: /home/vagrant/.julia/v0.6
2 required packages:
 - JSON                          0.12.0
 - SteinDiscrepancy              0.0.1
21 additional packages:
 - BinDeps                       0.6.0
 - Calculus                      0.2.2
 - Compat                        0.25.2
 - DataStructures                0.5.3
 - DiffBase                      0.2.0
 - Distributions                 0.13.0
 - ForwardDiff                   0.4.2
 - JuMP                          0.16.2
 - Lazy                          0.11.6
 - MacroTools                    0.3.6
 - MathProgBase                  0.6.4
 - NaNMath                       0.2.4
 - PDMats                        0.6.0
 - QuadGK                        0.1.2
 - ReverseDiffSparse             0.7.2
 - Rmath                         0.1.6
 - SHA                           0.3.3
 - SpecialFunctions              0.1.1
 - StatsBase                     0.15.0
 - StatsFuns                     0.5.0
 - URIParser                     0.1.8
INFO: Computing test dependencies for SteinDiscrepancy...
INFO: Installing Cbc v0.3.2
INFO: Installing Clp v0.3.1
INFO: Building Cbc
INFO: Attempting to Create directory /home/vagrant/.julia/v0.6/Cbc/deps/downloads
INFO: Directory /home/vagrant/.julia/v0.6/Cbc/deps/downloads already created
INFO: Downloading file http://www.coin-or.org/download/source/Cbc/Cbc-2.9.8.tgz
INFO: Done downloading file http://www.coin-or.org/download/source/Cbc/Cbc-2.9.8.tgz
INFO: Attempting to Create directory /home/vagrant/.julia/v0.6/Cbc/deps/src
INFO: Directory /home/vagrant/.julia/v0.6/Cbc/deps/src already created
INFO: Attempting to Create directory /home/vagrant/.julia/v0.6/Cbc/deps
INFO: Directory /home/vagrant/.julia/v0.6/Cbc/deps already created
INFO: Path /home/vagrant/.julia/v0.6/Cbc/deps/src/Cbc-2.9.8 already created
INFO: Changing Directory to /home/vagrant/.julia/v0.6/Cbc/deps/src/Cbc-2.9.8
./configure: line 5844: cd: /home/vagrant/.julia/v0.6/Cbc/deps/usr: No such file or directory
./configure: line 2236: cd: /home/vagrant/.julia/v0.6/Cbc/deps/usr: No such file or directory
./configure: line 2308: cd: /home/vagrant/.julia/v0.6/Cbc/deps/usr: No such file or directory
./configure: line 6877: cd: /home/vagrant/.julia/v0.6/Cbc/deps/usr: No such file or directory
configure: WARNING: Cannot find C-function for checking Inf.
configure: WARNING: Cannot find C-function for checking NaN.
./configure: line 5304: cd: /home/vagrant/.julia/v0.6/Cbc/deps/usr: No such file or directory
configure: error: One or more required packages CoinUtils, Osi, and Cgl are not available.
configure: error: /bin/bash './configure' failed for Cbc
=================================[ ERROR: Cbc ]=================================

LoadError: failed process: Process(`./configure --prefix=/home/vagrant/.julia/v0.6/Cbc/deps/usr --without-blas --without-lapack --enable-cbc-parallel`, ProcessExited(1)) [1]
while loading /home/vagrant/.julia/v0.6/Cbc/deps/build.jl, in expression starting on line 62

================================================================================

================================[ BUILD ERRORS ]================================

WARNING: Cbc had build errors.

 - packages with build errors remain installed in /home/vagrant/.julia/v0.6
 - build the package(s) and all dependencies with `Pkg.build("Cbc")`
 - build a single package by running its `deps/build.jl` script

================================================================================
INFO: Testing SteinDiscrepancy
ERROR: LoadError: Cbc not properly installed. Please run Pkg.build("Cbc")
Stacktrace:
 [1] error(::String) at ./error.jl:21
 [2] include_from_node1(::String) at ./loading.jl:569
 [3] include(::String) at ./sysimg.jl:14
 [4] anonymous at ./<missing>:2
while loading /home/vagrant/.julia/v0.6/Cbc/src/Cbc.jl, in expression starting on line 8
ERROR: LoadError: LoadError: Failed to precompile Cbc to /home/vagrant/.julia/lib/v0.6/Cbc.ji.
Stacktrace:
 [1] compilecache(::String) at ./loading.jl:703
 [2] _require(::Symbol) at ./loading.jl:456
 [3] require(::Symbol) at ./loading.jl:398
 [4] include_from_node1(::String) at ./loading.jl:569
 [5] include(::String) at ./sysimg.jl:14
 [6] include_from_node1(::String) at ./loading.jl:569
 [7] include(::String) at ./sysimg.jl:14
 [8] anonymous at ./<missing>:2
while loading /home/vagrant/.julia/v0.6/Clp/src/ClpCInterface.jl, in expression starting on line 4
while loading /home/vagrant/.julia/v0.6/Clp/src/Clp.jl, in expression starting on line 10
ERROR: LoadError: Failed to precompile Clp to /home/vagrant/.julia/lib/v0.6/Clp.ji.
Stacktrace:
 [1] compilecache(::String) at ./loading.jl:703
 [2] _require(::Symbol) at ./loading.jl:490
 [3] require(::Symbol) at ./loading.jl:398
 [4] include_from_node1(::String) at ./loading.jl:569
 [5] include(::String) at ./sysimg.jl:14
 [6] process_options(::Base.JLOptions) at ./client.jl:305
 [7] _start() at ./client.jl:371
while loading /home/vagrant/.julia/v0.6/SteinDiscrepancy/test/runtests.jl, in expression starting on line 2
==========================[ ERROR: SteinDiscrepancy ]===========================

failed process: Process(`/home/vagrant/julia/bin/julia -Cx86-64 -J/home/vagrant/julia/lib/julia/sys.so --compile=yes --depwarn=yes --check-bounds=yes --code-coverage=none --color=no --compilecache=yes /home/vagrant/.julia/v0.6/SteinDiscrepancy/test/runtests.jl`, ProcessExited(1)) [1]

================================================================================
INFO: Removing Cbc v0.3.2
INFO: Removing Clp v0.3.1
ERROR: SteinDiscrepancy had test errors

>>> End of log
