>>> 'Pkg.add("StreamStats")' log
INFO: Cloning cache of StreamStats from https://github.com/johnmyleswhite/StreamStats.jl.git
INFO: Installing BinDeps v0.6.0
INFO: Installing Calculus v0.2.2
INFO: Installing DataStructures v0.6.1
INFO: Installing Distributions v0.13.0
INFO: Installing PDMats v0.7.0
INFO: Installing QuadGK v0.1.3
INFO: Installing Rmath v0.2.0
INFO: Installing SHA v0.3.3
INFO: Installing SpecialFunctions v0.2.0
INFO: Installing StatsBase v0.17.0
INFO: Installing StatsFuns v0.5.0
INFO: Installing StreamStats v0.0.2
INFO: Installing URIParser v0.2.0
INFO: Building Rmath
INFO: Package database updated
INFO: METADATA is out-of-date â€” you may not have the latest version of StreamStats
INFO: Use `Pkg.update()` to get the latest versions of your packages

>>> 'Pkg.test("StreamStats")' log
Julia Version 0.5.2
Commit f4c6c9d (2017-05-06 16:34 UTC)
Platform Info:
  OS: Linux (x86_64-pc-linux-gnu)
  CPU: Intel(R) Xeon(R) CPU E3-1241 v3 @ 3.50GHz
  WORD_SIZE: 64
           Ubuntu 14.04.5 LTS
  uname: Linux 3.13.0-128-generic #177-Ubuntu SMP Tue Aug 8 11:40:23 UTC 2017 x86_64 x86_64
Memory: 2.9392738342285156 GB (899.52734375 MB free)
Uptime: 45725.0 sec
Load Avg:  0.80078125  0.953125  1.02392578125
Intel(R) Xeon(R) CPU E3-1241 v3 @ 3.50GHz: 
       speed         user         nice          sys         idle          irq
#1  3500 MHz    2856563 s       6745 s     259685 s     915969 s        102 s
#2  3500 MHz    1005682 s         51 s     119862 s    3319444 s          2 s

  BLAS: libopenblas (USE64BITINT DYNAMIC_ARCH NO_AFFINITY Nehalem)
  LAPACK: libopenblas64_
  LIBM: libopenlibm
  LLVM: libLLVM-3.7.1 (ORCJIT, haswell)
Environment:
  TERM = vt100
  LD_LIBRARY_PATH = :/usr/local/lib/
  PATH = /usr/local/sbin:/usr/local/bin:/usr/sbin:/usr/bin:/sbin:/bin:/usr/games:/usr/local/games:/home/vagrant/julia/bin/
  JAVA_HOME = /usr/lib/jvm/java-8-openjdk-amd64
  HOME = /home/vagrant

Package Directory: /home/vagrant/.julia/v0.5
2 required packages:
 - JSON                          0.13.0
 - StreamStats                   0.0.2
13 additional packages:
 - BinDeps                       0.6.0
 - Calculus                      0.2.2
 - Compat                        0.31.0
 - DataStructures                0.6.1
 - Distributions                 0.13.0
 - PDMats                        0.7.0
 - QuadGK                        0.1.3
 - Rmath                         0.2.0
 - SHA                           0.3.3
 - SpecialFunctions              0.2.0
 - StatsBase                     0.17.0
 - StatsFuns                     0.5.0
 - URIParser                     0.2.0
INFO: Testing StreamStats
Running tests:
	[1m[31mFAILED[0m: mean.jl
LoadError: LoadError: LoadError: UndefVarError: Uint32 not defined
 in macro expansion; at /home/vagrant/.julia/v0.5/StreamStats/test/runtests.jl:41 [inlined]
 in anonymous at ./<missing>:?
 in include_from_node1(::String) at ./loading.jl:488
 in process_options(::Base.JLOptions) at ./client.jl:265
 in _start() at ./client.jl:321
while loading /home/vagrant/.julia/v0.5/StreamStats/src/hyper_log_log.jl, in expression starting on line 3
while loading /home/vagrant/.julia/v0.5/StreamStats/src/StreamStats.jl, in expression starting on line 18
while loading /home/vagrant/.julia/v0.5/StreamStats/test/mean.jl, in expression starting on line 2
	[1m[32mPASSED[0m: var.jl
	[1m[32mPASSED[0m: std.jl
	[1m[32mPASSED[0m: moments.jl
	[1m[32mPASSED[0m: cov.jl
	[1m[32mPASSED[0m: cor.jl
	[1m[32mPASSED[0m: min.jl
	[1m[32mPASSED[0m: max.jl
	[1m[32mPASSED[0m: approx_quantile.jl
	[1m[32mPASSED[0m: hyper_log_log.jl
	[1m[31mFAILED[0m: approx_distinct.jl
LoadError: UndefVarError: ApproxDistinct not defined
 in macro expansion; at /home/vagrant/.julia/v0.5/StreamStats/test/runtests.jl:41 [inlined]
 in anonymous at ./<missing>:?
 in include_from_node1(::String) at ./loading.jl:488
 in process_options(::Base.JLOptions) at ./client.jl:265
 in _start() at ./client.jl:321
while loading /home/vagrant/.julia/v0.5/StreamStats/test/approx_distinct.jl, in expression starting on line 6
	[1m[31mFAILED[0m: bootstrap.jl
LoadError: UndefVarError: BootstrapBernoulli not defined
 in macro expansion; at /home/vagrant/.julia/v0.5/StreamStats/test/runtests.jl:41 [inlined]
 in anonymous at ./<missing>:?
 in include_from_node1(::String) at ./loading.jl:488
 in process_options(::Base.JLOptions) at ./client.jl:265
 in _start() at ./client.jl:321
while loading /home/vagrant/.julia/v0.5/StreamStats/test/bootstrap.jl, in expression starting on line 7
	[1m[31mFAILED[0m: sample.jl
LoadError: MethodError: no method matching Dict{K,V}(::Array{Int64,1}, ::Array{Int64,1})
Closest candidates are:
  Dict{K,V}(::Any) at dict.jl:383
  Dict{K,V}{T}(::Any) at sysimg.jl:53
 in macro expansion; at /home/vagrant/.julia/v0.5/StreamStats/test/runtests.jl:41 [inlined]
 in anonymous at ./<missing>:?
 in include_from_node1(::String) at ./loading.jl:488
 in process_options(::Base.JLOptions) at ./client.jl:265
 in _start() at ./client.jl:321
while loading /home/vagrant/.julia/v0.5/StreamStats/test/sample.jl, in expression starting on line 9
	[1m[31mFAILED[0m: approx_ols.jl
LoadError: UndefVarError: ApproxOLS not defined
 in macro expansion; at /home/vagrant/.julia/v0.5/StreamStats/test/runtests.jl:41 [inlined]
 in anonymous at ./<missing>:?
 in include_from_node1(::String) at ./loading.jl:488
 in process_options(::Base.JLOptions) at ./client.jl:265
 in _start() at ./client.jl:321
while loading /home/vagrant/.julia/v0.5/StreamStats/test/approx_ols.jl, in expression starting on line 6
	[1m[31mFAILED[0m: approx_logit.jl
LoadError: UndefVarError: ApproxLogit not defined
 in macro expansion; at /home/vagrant/.julia/v0.5/StreamStats/test/runtests.jl:41 [inlined]
 in anonymous at ./<missing>:?
 in include_from_node1(::String) at ./loading.jl:488
 in process_options(::Base.JLOptions) at ./client.jl:265
 in _start() at ./client.jl:321
while loading /home/vagrant/.julia/v0.5/StreamStats/test/approx_logit.jl, in expression starting on line 8
ERROR: LoadError: "Tests failed"
 in include_from_node1(::String) at ./loading.jl:488
 in process_options(::Base.JLOptions) at ./client.jl:265
 in _start() at ./client.jl:321
while loading /home/vagrant/.julia/v0.5/StreamStats/test/runtests.jl, in expression starting on line 48
=============================[ ERROR: StreamStats ]=============================

failed process: Process(`/home/vagrant/julia/bin/julia -Cx86-64 -J/home/vagrant/julia/lib/julia/sys.so --compile=yes --depwarn=yes --check-bounds=yes --code-coverage=none --color=no --compilecache=yes /home/vagrant/.julia/v0.5/StreamStats/test/runtests.jl`, ProcessExited(1)) [1]

================================================================================
ERROR: StreamStats had test errors
 in #test#61(::Bool, ::Function, ::Array{AbstractString,1}) at ./pkg/entry.jl:748
 in (::Base.Pkg.Entry.#kw##test)(::Array{Any,1}, ::Base.Pkg.Entry.#test, ::Array{AbstractString,1}) at ./<missing>:0
 in (::Base.Pkg.Dir.##2#3{Array{Any,1},Base.Pkg.Entry.#test,Tuple{Array{AbstractString,1}}})() at ./pkg/dir.jl:31
 in cd(::Base.Pkg.Dir.##2#3{Array{Any,1},Base.Pkg.Entry.#test,Tuple{Array{AbstractString,1}}}, ::String) at ./file.jl:59
 in #cd#1(::Array{Any,1}, ::Function, ::Function, ::Array{AbstractString,1}, ::Vararg{Array{AbstractString,1},N}) at ./pkg/dir.jl:31
 in (::Base.Pkg.Dir.#kw##cd)(::Array{Any,1}, ::Base.Pkg.Dir.#cd, ::Function, ::Array{AbstractString,1}, ::Vararg{Array{AbstractString,1},N}) at ./<missing>:0
 in #test#3(::Bool, ::Function, ::String, ::Vararg{String,N}) at ./pkg/pkg.jl:258
 in test(::String, ::Vararg{String,N}) at ./pkg/pkg.jl:258
 in eval(::Module, ::Any) at ./boot.jl:234
 in process_options(::Base.JLOptions) at ./client.jl:242
 in _start() at ./client.jl:321

>>> End of log
