>>> 'Pkg.add("StructuredQueries")' log
INFO: Cloning cache of StructuredQueries from https://github.com/davidagold/StructuredQueries.jl.git
INFO: Installing StructuredQueries v0.0.4
INFO: Package database updated

>>> 'Pkg.test("StructuredQueries")' log
Julia Version 0.6.2
Commit d386e40c17 (2017-12-13 18:08 UTC)
Platform Info:
  OS: Linux (x86_64-pc-linux-gnu)
  CPU: Intel(R) Xeon(R) CPU E3-1241 v3 @ 3.50GHz
  WORD_SIZE: 64
           Ubuntu 14.04.5 LTS
  uname: Linux 3.13.0-143-generic #192-Ubuntu SMP Tue Feb 27 10:45:36 UTC 2018 x86_64 x86_64
Memory: 2.939197540283203 GB (2043.8359375 MB free)
Uptime: 74953.0 sec
Load Avg:  0.98486328125  0.96337890625  0.95458984375
Intel(R) Xeon(R) CPU E3-1241 v3 @ 3.50GHz: 
       speed         user         nice          sys         idle          irq
#1  3500 MHz    4585470 s       7889 s     290427 s    1539777 s         84 s
#2  3500 MHz    1237148 s         80 s     117722 s    5991140 s          1 s

  BLAS: libopenblas (USE64BITINT DYNAMIC_ARCH NO_AFFINITY Nehalem)
  LAPACK: libopenblas64_
  LIBM: libopenlibm
  LLVM: libLLVM-3.9.1 (ORCJIT, haswell)
Environment:
  TERM = vt100
  LD_LIBRARY_PATH = :/usr/local/lib/
  PATH = /usr/local/sbin:/usr/local/bin:/usr/sbin:/usr/bin:/sbin:/bin:/usr/games:/usr/local/games:/home/vagrant/julia/bin/
  JAVA_HOME = /usr/lib/jvm/java-8-openjdk-amd64
  HOME = /home/vagrant

Package Directory: /home/vagrant/.julia/v0.6
6 required packages:
 - Conda                         0.7.1
 - JSON                          0.17.2
 - PyCall                        1.15.0
 - PyPlot                        2.5.0
 - RDatasets                     0.4.0
 - StructuredQueries             0.0.4
29 additional packages:
 - BinDeps                       0.8.7
 - BinaryProvider                0.2.8
 - CSV                           0.2.4
 - CategoricalArrays             0.3.7
 - CodecZlib                     0.4.3
 - ColorTypes                    0.6.7
 - Colors                        0.8.2
 - Compat                        0.63.0
 - DataFrames                    0.11.5
 - DataStreams                   0.3.4
 - DataStructures                0.7.4
 - FileIO                        0.7.0
 - FixedPointNumbers             0.4.6
 - LaTeXStrings                  0.3.0
 - MacroTools                    0.4.0
 - Missings                      0.2.9
 - Mocking                       0.5.1
 - NamedTuples                   4.0.0
 - Nullables                     0.0.5
 - RData                         0.4.0
 - Reexport                      0.1.0
 - SHA                           0.5.6
 - SortingAlgorithms             0.2.0
 - SpecialFunctions              0.4.0
 - StatsBase                     0.20.1
 - TimeZones                     0.6.4
 - TranscodingStreams            0.5.2
 - URIParser                     0.3.1
 - WeakRefStrings                0.4.3
INFO: Testing StructuredQueries
Running tests:

WARNING: deprecated syntax "abstract QueryHelper" at /home/vagrant/.julia/v0.6/StructuredQueries/src/query/helper/typedefs.jl:8.
Use "abstract type QueryHelper end" instead.

WARNING: deprecated syntax "abstract JoinHelper<:QueryHelper" at /home/vagrant/.julia/v0.6/StructuredQueries/src/query/helper/typedefs.jl:10.
Use "abstract type JoinHelper<:QueryHelper end" instead.

WARNING: deprecated syntax "abstract QueryNode" at /home/vagrant/.julia/v0.6/StructuredQueries/src/query/node/typedefs.jl:2.
Use "abstract type QueryNode end" instead.

WARNING: deprecated syntax "abstract JoinNode<:QueryNode" at /home/vagrant/.julia/v0.6/StructuredQueries/src/query/node/typedefs.jl:3.
Use "abstract type JoinNode<:QueryNode end" instead.

WARNING: deprecated syntax "typealias QueryArg Union{Symbol,Expr}" at /home/vagrant/.julia/v0.6/StructuredQueries/src/query/node/typedefs.jl:4.
Use "const QueryArg = Union{Symbol,Expr}" instead.
	[1m[31mFAILED[0m: query/node.jl
LoadError: LoadError: LoadError: MethodError: Cannot `convert` an object of type Type{StructuredQueries.SelectHelper} to an object of type DataType
This may have arisen from a call to the constructor DataType(...),
since type constructors fall back to convert methods.
Stacktrace:
 [1] macro expansion at /home/vagrant/.julia/v0.6/StructuredQueries/test/runtests.jl:27 [inlined]
 [2] macro expansion at ./test.jl:860 [inlined]
 [3] anonymous at ./<missing>:?
 [4] include_from_node1(::String) at ./loading.jl:576
 [5] include(::String) at ./sysimg.jl:14
 [6] process_options(::Base.JLOptions) at ./client.jl:305
 [7] _start() at ./client.jl:371
while loading /home/vagrant/.julia/v0.6/StructuredQueries/src/query/graph/graph.jl, in expression starting on line 521
while loading /home/vagrant/.julia/v0.6/StructuredQueries/src/StructuredQueries.jl, in expression starting on line 35
while loading /home/vagrant/.julia/v0.6/StructuredQueries/test/query/node.jl, in expression starting on line 3
	[1m[31mFAILED[0m: query/query.jl
LoadError: UndefVarError: gen_graph_ex not defined
Stacktrace:
 [1] macro expansion at /home/vagrant/.julia/v0.6/StructuredQueries/test/runtests.jl:27 [inlined]
 [2] macro expansion at ./test.jl:860 [inlined]
 [3] anonymous at ./<missing>:?
 [4] include_from_node1(::String) at ./loading.jl:576
 [5] include(::String) at ./sysimg.jl:14
 [6] process_options(::Base.JLOptions) at ./client.jl:305
 [7] _start() at ./client.jl:371
while loading /home/vagrant/.julia/v0.6/StructuredQueries/test/query/query.jl, in expression starting on line 20
	[1m[31mFAILED[0m: collect.jl
LoadError: UndefVarError: _collect not defined
Stacktrace:
 [1] macro expansion at /home/vagrant/.julia/v0.6/StructuredQueries/test/runtests.jl:27 [inlined]
 [2] macro expansion at ./test.jl:860 [inlined]
 [3] anonymous at ./<missing>:?
 [4] include_from_node1(::String) at ./loading.jl:576
 [5] include(::String) at ./sysimg.jl:14
 [6] process_options(::Base.JLOptions) at ./client.jl:305
 [7] _start() at ./client.jl:371
while loading /home/vagrant/.julia/v0.6/StructuredQueries/test/collect.jl, in expression starting on line 9
All tests: Error During Test
  Test threw an exception of type UndefVarError
  Expression: isequal(SQ.lift(f, x), Nullable(f(a)))
  UndefVarError: lift not defined
  Stacktrace:
   [1] macro expansion at /home/vagrant/.julia/v0.6/StructuredQueries/test/lift.jl:38 [inlined]
   [2] anonymous at ./<missing>:?
   [3] include_from_node1(::String) at ./loading.jl:576
   [4] include(::String) at ./sysimg.jl:14
   [5] macro expansion at /home/vagrant/.julia/v0.6/StructuredQueries/test/runtests.jl:19 [inlined]
   [6] macro expansion at ./test.jl:860 [inlined]
   [7] anonymous at ./<missing>:?
All tests: Error During Test
  Test threw an exception of type UndefVarError
  Expression: isequal(SQ.lift(f, y), Nullable{U1}())
  UndefVarError: lift not defined
  Stacktrace:
   [1] macro expansion at /home/vagrant/.julia/v0.6/StructuredQueries/test/lift.jl:39 [inlined]
   [2] anonymous at ./<missing>:?
   [3] include_from_node1(::String) at ./loading.jl:576
   [4] include(::String) at ./sysimg.jl:14
   [5] macro expansion at /home/vagrant/.julia/v0.6/StructuredQueries/test/runtests.jl:19 [inlined]
   [6] macro expansion at ./test.jl:860 [inlined]
   [7] anonymous at ./<missing>:?
All tests: Error During Test
  Test threw an exception of type UndefVarError
  Expression: isequal(SQ.lift(f, x, x), Nullable(f(a, a)))
  UndefVarError: lift not defined
  Stacktrace:
   [1] macro expansion at /home/vagrant/.julia/v0.6/StructuredQueries/test/lift.jl:42 [inlined]
   [2] anonymous at ./<missing>:?
   [3] include_from_node1(::String) at ./loading.jl:576
   [4] include(::String) at ./sysimg.jl:14
   [5] macro expansion at /home/vagrant/.julia/v0.6/StructuredQueries/test/runtests.jl:19 [inlined]
   [6] macro expansion at ./test.jl:860 [inlined]
   [7] anonymous at ./<missing>:?
All tests: Error During Test
  Test threw an exception of type UndefVarError
  Expression: isequal(SQ.lift(f, x, y), Nullable{U2}())
  UndefVarError: lift not defined
  Stacktrace:
   [1] macro expansion at /home/vagrant/.julia/v0.6/StructuredQueries/test/lift.jl:43 [inlined]
   [2] anonymous at ./<missing>:?
   [3] include_from_node1(::String) at ./loading.jl:576
   [4] include(::String) at ./sysimg.jl:14
   [5] macro expansion at /home/vagrant/.julia/v0.6/StructuredQueries/test/runtests.jl:19 [inlined]
   [6] macro expansion at ./test.jl:860 [inlined]
   [7] anonymous at ./<missing>:?
All tests: Error During Test
  Test threw an exception of type UndefVarError
  Expression: isequal(SQ.lift(f, x, x, x), Nullable(f(a, a, a)))
  UndefVarError: lift not defined
  Stacktrace:
   [1] macro expansion at /home/vagrant/.julia/v0.6/StructuredQueries/test/lift.jl:46 [inlined]
   [2] anonymous at ./<missing>:?
   [3] include_from_node1(::String) at ./loading.jl:576
   [4] include(::String) at ./sysimg.jl:14
   [5] macro expansion at /home/vagrant/.julia/v0.6/StructuredQueries/test/runtests.jl:19 [inlined]
   [6] macro expansion at ./test.jl:860 [inlined]
   [7] anonymous at ./<missing>:?
All tests: Error During Test
  Test threw an exception of type UndefVarError
  Expression: isequal(SQ.lift(f, x, y, x), Nullable{U3}())
  UndefVarError: lift not defined
  Stacktrace:
   [1] macro expansion at /home/vagrant/.julia/v0.6/StructuredQueries/test/lift.jl:47 [inlined]
   [2] anonymous at ./<missing>:?
   [3] include_from_node1(::String) at ./loading.jl:576
   [4] include(::String) at ./sysimg.jl:14
   [5] macro expansion at /home/vagrant/.julia/v0.6/StructuredQueries/test/runtests.jl:19 [inlined]
   [6] macro expansion at ./test.jl:860 [inlined]
   [7] anonymous at ./<missing>:?
All tests: Error During Test
  Test threw an exception of type UndefVarError
  Expression: isequal(SQ.lift(f, x), Nullable(f(a)))
  UndefVarError: lift not defined
  Stacktrace:
   [1] macro expansion at /home/vagrant/.julia/v0.6/StructuredQueries/test/lift.jl:38 [inlined]
   [2] anonymous at ./<missing>:?
   [3] include_from_node1(::String) at ./loading.jl:576
   [4] include(::String) at ./sysimg.jl:14
   [5] macro expansion at /home/vagrant/.julia/v0.6/StructuredQueries/test/runtests.jl:19 [inlined]
   [6] macro expansion at ./test.jl:860 [inlined]
   [7] anonymous at ./<missing>:?
All tests: Error During Test
  Test threw an exception of type UndefVarError
  Expression: isequal(SQ.lift(f, y), Nullable{U1}())
  UndefVarError: lift not defined
  Stacktrace:
   [1] macro expansion at /home/vagrant/.julia/v0.6/StructuredQueries/test/lift.jl:39 [inlined]
   [2] anonymous at ./<missing>:?
   [3] include_from_node1(::String) at ./loading.jl:576
   [4] include(::String) at ./sysimg.jl:14
   [5] macro expansion at /home/vagrant/.julia/v0.6/StructuredQueries/test/runtests.jl:19 [inlined]
   [6] macro expansion at ./test.jl:860 [inlined]
   [7] anonymous at ./<missing>:?
All tests: Error During Test
  Test threw an exception of type UndefVarError
  Expression: isequal(SQ.lift(f, x, x), Nullable(f(a, a)))
  UndefVarError: lift not defined
  Stacktrace:
   [1] macro expansion at /home/vagrant/.julia/v0.6/StructuredQueries/test/lift.jl:42 [inlined]
   [2] anonymous at ./<missing>:?
   [3] include_from_node1(::String) at ./loading.jl:576
   [4] include(::String) at ./sysimg.jl:14
   [5] macro expansion at /home/vagrant/.julia/v0.6/StructuredQueries/test/runtests.jl:19 [inlined]
   [6] macro expansion at ./test.jl:860 [inlined]
   [7] anonymous at ./<missing>:?
All tests: Error During Test
  Test threw an exception of type UndefVarError
  Expression: isequal(SQ.lift(f, x, y), Nullable{U2}())
  UndefVarError: lift not defined
  Stacktrace:
   [1] macro expansion at /home/vagrant/.julia/v0.6/StructuredQueries/test/lift.jl:43 [inlined]
   [2] anonymous at ./<missing>:?
   [3] include_from_node1(::String) at ./loading.jl:576
   [4] include(::String) at ./sysimg.jl:14
   [5] macro expansion at /home/vagrant/.julia/v0.6/StructuredQueries/test/runtests.jl:19 [inlined]
   [6] macro expansion at ./test.jl:860 [inlined]
   [7] anonymous at ./<missing>:?
All tests: Error During Test
  Test threw an exception of type UndefVarError
  Expression: isequal(SQ.lift(f, x, x, x), Nullable(f(a, a, a)))
  UndefVarError: lift not defined
  Stacktrace:
   [1] macro expansion at /home/vagrant/.julia/v0.6/StructuredQueries/test/lift.jl:46 [inlined]
   [2] anonymous at ./<missing>:?
   [3] include_from_node1(::String) at ./loading.jl:576
   [4] include(::String) at ./sysimg.jl:14
   [5] macro expansion at /home/vagrant/.julia/v0.6/StructuredQueries/test/runtests.jl:19 [inlined]
   [6] macro expansion at ./test.jl:860 [inlined]
   [7] anonymous at ./<missing>:?
All tests: Error During Test
  Test threw an exception of type UndefVarError
  Expression: isequal(SQ.lift(f, x, y, x), Nullable{U3}())
  UndefVarError: lift not defined
  Stacktrace:
   [1] macro expansion at /home/vagrant/.julia/v0.6/StructuredQueries/test/lift.jl:47 [inlined]
   [2] anonymous at ./<missing>:?
   [3] include_from_node1(::String) at ./loading.jl:576
   [4] include(::String) at ./sysimg.jl:14
   [5] macro expansion at /home/vagrant/.julia/v0.6/StructuredQueries/test/runtests.jl:19 [inlined]
   [6] macro expansion at ./test.jl:860 [inlined]
   [7] anonymous at ./<missing>:?
All tests: Error During Test
  Test threw an exception of type UndefVarError
  Expression: isequal(SQ.lift(f, x), Nullable(f(a)))
  UndefVarError: lift not defined
  Stacktrace:
   [1] macro expansion at /home/vagrant/.julia/v0.6/StructuredQueries/test/lift.jl:38 [inlined]
   [2] anonymous at ./<missing>:?
   [3] include_from_node1(::String) at ./loading.jl:576
   [4] include(::String) at ./sysimg.jl:14
   [5] macro expansion at /home/vagrant/.julia/v0.6/StructuredQueries/test/runtests.jl:19 [inlined]
   [6] macro expansion at ./test.jl:860 [inlined]
   [7] anonymous at ./<missing>:?
All tests: Error During Test
  Test threw an exception of type UndefVarError
  Expression: isequal(SQ.lift(f, y), Nullable{U1}())
  UndefVarError: lift not defined
  Stacktrace:
   [1] macro expansion at /home/vagrant/.julia/v0.6/StructuredQueries/test/lift.jl:39 [inlined]
   [2] anonymous at ./<missing>:?
   [3] include_from_node1(::String) at ./loading.jl:576
   [4] include(::String) at ./sysimg.jl:14
   [5] macro expansion at /home/vagrant/.julia/v0.6/StructuredQueries/test/runtests.jl:19 [inlined]
   [6] macro expansion at ./test.jl:860 [inlined]
   [7] anonymous at ./<missing>:?
All tests: Error During Test
  Test threw an exception of type UndefVarError
  Expression: isequal(SQ.lift(f, x, x), Nullable(f(a, a)))
  UndefVarError: lift not defined
  Stacktrace:
   [1] macro expansion at /home/vagrant/.julia/v0.6/StructuredQueries/test/lift.jl:42 [inlined]
   [2] anonymous at ./<missing>:?
   [3] include_from_node1(::String) at ./loading.jl:576
   [4] include(::String) at ./sysimg.jl:14
   [5] macro expansion at /home/vagrant/.julia/v0.6/StructuredQueries/test/runtests.jl:19 [inlined]
   [6] macro expansion at ./test.jl:860 [inlined]
   [7] anonymous at ./<missing>:?
All tests: Error During Test
  Test threw an exception of type UndefVarError
  Expression: isequal(SQ.lift(f, x, y), Nullable{U2}())
  UndefVarError: lift not defined
  Stacktrace:
   [1] macro expansion at /home/vagrant/.julia/v0.6/StructuredQueries/test/lift.jl:43 [inlined]
   [2] anonymous at ./<missing>:?
   [3] include_from_node1(::String) at ./loading.jl:576
   [4] include(::String) at ./sysimg.jl:14
   [5] macro expansion at /home/vagrant/.julia/v0.6/StructuredQueries/test/runtests.jl:19 [inlined]
   [6] macro expansion at ./test.jl:860 [inlined]
   [7] anonymous at ./<missing>:?
All tests: Error During Test
  Test threw an exception of type UndefVarError
  Expression: isequal(SQ.lift(f, x, x, x), Nullable(f(a, a, a)))
  UndefVarError: lift not defined
  Stacktrace:
   [1] macro expansion at /home/vagrant/.julia/v0.6/StructuredQueries/test/lift.jl:46 [inlined]
   [2] anonymous at ./<missing>:?
   [3] include_from_node1(::String) at ./loading.jl:576
   [4] include(::String) at ./sysimg.jl:14
   [5] macro expansion at /home/vagrant/.julia/v0.6/StructuredQueries/test/runtests.jl:19 [inlined]
   [6] macro expansion at ./test.jl:860 [inlined]
   [7] anonymous at ./<missing>:?
All tests: Error During Test
  Test threw an exception of type UndefVarError
  Expression: isequal(SQ.lift(f, x, y, x), Nullable{U3}())
  UndefVarError: lift not defined
  Stacktrace:
   [1] macro expansion at /home/vagrant/.julia/v0.6/StructuredQueries/test/lift.jl:47 [inlined]
   [2] anonymous at ./<missing>:?
   [3] include_from_node1(::String) at ./loading.jl:576
   [4] include(::String) at ./sysimg.jl:14
   [5] macro expansion at /home/vagrant/.julia/v0.6/StructuredQueries/test/runtests.jl:19 [inlined]
   [6] macro expansion at ./test.jl:860 [inlined]
   [7] anonymous at ./<missing>:?
All tests: Error During Test
  Test threw an exception of type UndefVarError
  Expression: isequal(SQ.lift(f, x), Nullable(f(a)))
  UndefVarError: lift not defined
  Stacktrace:
   [1] macro expansion at /home/vagrant/.julia/v0.6/StructuredQueries/test/lift.jl:38 [inlined]
   [2] anonymous at ./<missing>:?
   [3] include_from_node1(::String) at ./loading.jl:576
   [4] include(::String) at ./sysimg.jl:14
   [5] macro expansion at /home/vagrant/.julia/v0.6/StructuredQueries/test/runtests.jl:19 [inlined]
   [6] macro expansion at ./test.jl:860 [inlined]
   [7] anonymous at ./<missing>:?
All tests: Error During Test
  Test threw an exception of type UndefVarError
  Expression: isequal(SQ.lift(f, y), Nullable{U1}())
  UndefVarError: lift not defined
  Stacktrace:
   [1] macro expansion at /home/vagrant/.julia/v0.6/StructuredQueries/test/lift.jl:39 [inlined]
   [2] anonymous at ./<missing>:?
   [3] include_from_node1(::String) at ./loading.jl:576
   [4] include(::String) at ./sysimg.jl:14
   [5] macro expansion at /home/vagrant/.julia/v0.6/StructuredQueries/test/runtests.jl:19 [inlined]
   [6] macro expansion at ./test.jl:860 [inlined]
   [7] anonymous at ./<missing>:?
All tests: Error During Test
  Test threw an exception of type UndefVarError
  Expression: isequal(SQ.lift(f, x, x), Nullable(f(a, a)))
  UndefVarError: lift not defined
  Stacktrace:
   [1] macro expansion at /home/vagrant/.julia/v0.6/StructuredQueries/test/lift.jl:42 [inlined]
   [2] anonymous at ./<missing>:?
   [3] include_from_node1(::String) at ./loading.jl:576
   [4] include(::String) at ./sysimg.jl:14
   [5] macro expansion at /home/vagrant/.julia/v0.6/StructuredQueries/test/runtests.jl:19 [inlined]
   [6] macro expansion at ./test.jl:860 [inlined]
   [7] anonymous at ./<missing>:?
All tests: Error During Test
  Test threw an exception of type UndefVarError
  Expression: isequal(SQ.lift(f, x, y), Nullable{U2}())
  UndefVarError: lift not defined
  Stacktrace:
   [1] macro expansion at /home/vagrant/.julia/v0.6/StructuredQueries/test/lift.jl:43 [inlined]
   [2] anonymous at ./<missing>:?
   [3] include_from_node1(::String) at ./loading.jl:576
   [4] include(::String) at ./sysimg.jl:14
   [5] macro expansion at /home/vagrant/.julia/v0.6/StructuredQueries/test/runtests.jl:19 [inlined]
   [6] macro expansion at ./test.jl:860 [inlined]
   [7] anonymous at ./<missing>:?
All tests: Error During Test
  Test threw an exception of type UndefVarError
  Expression: isequal(SQ.lift(f, x, x, x), Nullable(f(a, a, a)))
  UndefVarError: lift not defined
  Stacktrace:
   [1] macro expansion at /home/vagrant/.julia/v0.6/StructuredQueries/test/lift.jl:46 [inlined]
   [2] anonymous at ./<missing>:?
   [3] include_from_node1(::String) at ./loading.jl:576
   [4] include(::String) at ./sysimg.jl:14
   [5] macro expansion at /home/vagrant/.julia/v0.6/StructuredQueries/test/runtests.jl:19 [inlined]
   [6] macro expansion at ./test.jl:860 [inlined]
   [7] anonymous at ./<missing>:?
All tests: Error During Test
  Test threw an exception of type UndefVarError
  Expression: isequal(SQ.lift(f, x, y, x), Nullable{U3}())
  UndefVarError: lift not defined
  Stacktrace:
   [1] macro expansion at /home/vagrant/.julia/v0.6/StructuredQueries/test/lift.jl:47 [inlined]
   [2] anonymous at ./<missing>:?
   [3] include_from_node1(::String) at ./loading.jl:576
   [4] include(::String) at ./sysimg.jl:14
   [5] macro expansion at /home/vagrant/.julia/v0.6/StructuredQueries/test/runtests.jl:19 [inlined]
   [6] macro expansion at ./test.jl:860 [inlined]
   [7] anonymous at ./<missing>:?
All tests: Error During Test
  Test threw an exception of type UndefVarError
  Expression: isequal(SQ.lift(f, x), Nullable(f(a)))
  UndefVarError: lift not defined
  Stacktrace:
   [1] macro expansion at /home/vagrant/.julia/v0.6/StructuredQueries/test/lift.jl:38 [inlined]
   [2] anonymous at ./<missing>:?
   [3] include_from_node1(::String) at ./loading.jl:576
   [4] include(::String) at ./sysimg.jl:14
   [5] macro expansion at /home/vagrant/.julia/v0.6/StructuredQueries/test/runtests.jl:19 [inlined]
   [6] macro expansion at ./test.jl:860 [inlined]
   [7] anonymous at ./<missing>:?
All tests: Error During Test
  Test threw an exception of type UndefVarError
  Expression: isequal(SQ.lift(f, y), Nullable{U1}())
  UndefVarError: lift not defined
  Stacktrace:
   [1] macro expansion at /home/vagrant/.julia/v0.6/StructuredQueries/test/lift.jl:39 [inlined]
   [2] anonymous at ./<missing>:?
   [3] include_from_node1(::String) at ./loading.jl:576
   [4] include(::String) at ./sysimg.jl:14
   [5] macro expansion at /home/vagrant/.julia/v0.6/StructuredQueries/test/runtests.jl:19 [inlined]
   [6] macro expansion at ./test.jl:860 [inlined]
   [7] anonymous at ./<missing>:?
All tests: Error During Test
  Test threw an exception of type UndefVarError
  Expression: isequal(SQ.lift(f, x, x), Nullable(f(a, a)))
  UndefVarError: lift not defined
  Stacktrace:
   [1] macro expansion at /home/vagrant/.julia/v0.6/StructuredQueries/test/lift.jl:42 [inlined]
   [2] anonymous at ./<missing>:?
   [3] include_from_node1(::String) at ./loading.jl:576
   [4] include(::String) at ./sysimg.jl:14
   [5] macro expansion at /home/vagrant/.julia/v0.6/StructuredQueries/test/runtests.jl:19 [inlined]
   [6] macro expansion at ./test.jl:860 [inlined]
   [7] anonymous at ./<missing>:?
All tests: Error During Test
  Test threw an exception of type UndefVarError
  Expression: isequal(SQ.lift(f, x, y), Nullable{U2}())
  UndefVarError: lift not defined
  Stacktrace:
   [1] macro expansion at /home/vagrant/.julia/v0.6/StructuredQueries/test/lift.jl:43 [inlined]
   [2] anonymous at ./<missing>:?
   [3] include_from_node1(::String) at ./loading.jl:576
   [4] include(::String) at ./sysimg.jl:14
   [5] macro expansion at /home/vagrant/.julia/v0.6/StructuredQueries/test/runtests.jl:19 [inlined]
   [6] macro expansion at ./test.jl:860 [inlined]
   [7] anonymous at ./<missing>:?
All tests: Error During Test
  Test threw an exception of type UndefVarError
  Expression: isequal(SQ.lift(f, x, x, x), Nullable(f(a, a, a)))
  UndefVarError: lift not defined
  Stacktrace:
   [1] macro expansion at /home/vagrant/.julia/v0.6/StructuredQueries/test/lift.jl:46 [inlined]
   [2] anonymous at ./<missing>:?
   [3] include_from_node1(::String) at ./loading.jl:576
   [4] include(::String) at ./sysimg.jl:14
   [5] macro expansion at /home/vagrant/.julia/v0.6/StructuredQueries/test/runtests.jl:19 [inlined]
   [6] macro expansion at ./test.jl:860 [inlined]
   [7] anonymous at ./<missing>:?
All tests: Error During Test
  Test threw an exception of type UndefVarError
  Expression: isequal(SQ.lift(f, x, y, x), Nullable{U3}())
  UndefVarError: lift not defined
  Stacktrace:
   [1] macro expansion at /home/vagrant/.julia/v0.6/StructuredQueries/test/lift.jl:47 [inlined]
   [2] anonymous at ./<missing>:?
   [3] include_from_node1(::String) at ./loading.jl:576
   [4] include(::String) at ./sysimg.jl:14
   [5] macro expansion at /home/vagrant/.julia/v0.6/StructuredQueries/test/runtests.jl:19 [inlined]
   [6] macro expansion at ./test.jl:860 [inlined]
   [7] anonymous at ./<missing>:?
All tests: Error During Test
  Test threw an exception of type UndefVarError
  Expression: isequal(SQ.lift(f, x), Nullable(f(a)))
  UndefVarError: lift not defined
  Stacktrace:
   [1] macro expansion at /home/vagrant/.julia/v0.6/StructuredQueries/test/lift.jl:38 [inlined]
   [2] anonymous at ./<missing>:?
   [3] include_from_node1(::String) at ./loading.jl:576
   [4] include(::String) at ./sysimg.jl:14
   [5] macro expansion at /home/vagrant/.julia/v0.6/StructuredQueries/test/runtests.jl:19 [inlined]
   [6] macro expansion at ./test.jl:860 [inlined]
   [7] anonymous at ./<missing>:?
All tests: Error During Test
  Test threw an exception of type UndefVarError
  Expression: isequal(SQ.lift(f, y), Nullable{U1}())
  UndefVarError: lift not defined
  Stacktrace:
   [1] macro expansion at /home/vagrant/.julia/v0.6/StructuredQueries/test/lift.jl:39 [inlined]
   [2] anonymous at ./<missing>:?
   [3] include_from_node1(::String) at ./loading.jl:576
   [4] include(::String) at ./sysimg.jl:14
   [5] macro expansion at /home/vagrant/.julia/v0.6/StructuredQueries/test/runtests.jl:19 [inlined]
   [6] macro expansion at ./test.jl:860 [inlined]
   [7] anonymous at ./<missing>:?
All tests: Error During Test
  Test threw an exception of type UndefVarError
  Expression: isequal(SQ.lift(f, x, x), Nullable(f(a, a)))
  UndefVarError: lift not defined
  Stacktrace:
   [1] macro expansion at /home/vagrant/.julia/v0.6/StructuredQueries/test/lift.jl:42 [inlined]
   [2] anonymous at ./<missing>:?
   [3] include_from_node1(::String) at ./loading.jl:576
   [4] include(::String) at ./sysimg.jl:14
   [5] macro expansion at /home/vagrant/.julia/v0.6/StructuredQueries/test/runtests.jl:19 [inlined]
   [6] macro expansion at ./test.jl:860 [inlined]
   [7] anonymous at ./<missing>:?
All tests: Error During Test
  Test threw an exception of type UndefVarError
  Expression: isequal(SQ.lift(f, x, y), Nullable{U2}())
  UndefVarError: lift not defined
  Stacktrace:
   [1] macro expansion at /home/vagrant/.julia/v0.6/StructuredQueries/test/lift.jl:43 [inlined]
   [2] anonymous at ./<missing>:?
   [3] include_from_node1(::String) at ./loading.jl:576
   [4] include(::String) at ./sysimg.jl:14
   [5] macro expansion at /home/vagrant/.julia/v0.6/StructuredQueries/test/runtests.jl:19 [inlined]
   [6] macro expansion at ./test.jl:860 [inlined]
   [7] anonymous at ./<missing>:?
All tests: Error During Test
  Test threw an exception of type UndefVarError
  Expression: isequal(SQ.lift(f, x, x, x), Nullable(f(a, a, a)))
  UndefVarError: lift not defined
  Stacktrace:
   [1] macro expansion at /home/vagrant/.julia/v0.6/StructuredQueries/test/lift.jl:46 [inlined]
   [2] anonymous at ./<missing>:?
   [3] include_from_node1(::String) at ./loading.jl:576
   [4] include(::String) at ./sysimg.jl:14
   [5] macro expansion at /home/vagrant/.julia/v0.6/StructuredQueries/test/runtests.jl:19 [inlined]
   [6] macro expansion at ./test.jl:860 [inlined]
   [7] anonymous at ./<missing>:?
All tests: Error During Test
  Test threw an exception of type UndefVarError
  Expression: isequal(SQ.lift(f, x, y, x), Nullable{U3}())
  UndefVarError: lift not defined
  Stacktrace:
   [1] macro expansion at /home/vagrant/.julia/v0.6/StructuredQueries/test/lift.jl:47 [inlined]
   [2] anonymous at ./<missing>:?
   [3] include_from_node1(::String) at ./loading.jl:576
   [4] include(::String) at ./sysimg.jl:14
   [5] macro expansion at /home/vagrant/.julia/v0.6/StructuredQueries/test/runtests.jl:19 [inlined]
   [6] macro expansion at ./test.jl:860 [inlined]
   [7] anonymous at ./<missing>:?
All tests: Error During Test
  Test threw an exception of type UndefVarError
  Expression: isequal(SQ.lift(f, x), Nullable(f(a)))
  UndefVarError: lift not defined
  Stacktrace:
   [1] macro expansion at /home/vagrant/.julia/v0.6/StructuredQueries/test/lift.jl:38 [inlined]
   [2] anonymous at ./<missing>:?
   [3] include_from_node1(::String) at ./loading.jl:576
   [4] include(::String) at ./sysimg.jl:14
   [5] macro expansion at /home/vagrant/.julia/v0.6/StructuredQueries/test/runtests.jl:19 [inlined]
   [6] macro expansion at ./test.jl:860 [inlined]
   [7] anonymous at ./<missing>:?
All tests: Error During Test
  Test threw an exception of type UndefVarError
  Expression: isequal(SQ.lift(f, y), Nullable{U1}())
  UndefVarError: lift not defined
  Stacktrace:
   [1] macro expansion at /home/vagrant/.julia/v0.6/StructuredQueries/test/lift.jl:39 [inlined]
   [2] anonymous at ./<missing>:?
   [3] include_from_node1(::String) at ./loading.jl:576
   [4] include(::String) at ./sysimg.jl:14
   [5] macro expansion at /home/vagrant/.julia/v0.6/StructuredQueries/test/runtests.jl:19 [inlined]
   [6] macro expansion at ./test.jl:860 [inlined]
   [7] anonymous at ./<missing>:?
All tests: Error During Test
  Test threw an exception of type UndefVarError
  Expression: isequal(SQ.lift(f, x, x), Nullable(f(a, a)))
  UndefVarError: lift not defined
  Stacktrace:
   [1] macro expansion at /home/vagrant/.julia/v0.6/StructuredQueries/test/lift.jl:42 [inlined]
   [2] anonymous at ./<missing>:?
   [3] include_from_node1(::String) at ./loading.jl:576
   [4] include(::String) at ./sysimg.jl:14
   [5] macro expansion at /home/vagrant/.julia/v0.6/StructuredQueries/test/runtests.jl:19 [inlined]
   [6] macro expansion at ./test.jl:860 [inlined]
   [7] anonymous at ./<missing>:?
All tests: Error During Test
  Test threw an exception of type UndefVarError
  Expression: isequal(SQ.lift(f, x, y), Nullable{U2}())
  UndefVarError: lift not defined
  Stacktrace:
   [1] macro expansion at /home/vagrant/.julia/v0.6/StructuredQueries/test/lift.jl:43 [inlined]
   [2] anonymous at ./<missing>:?
   [3] include_from_node1(::String) at ./loading.jl:576
   [4] include(::String) at ./sysimg.jl:14
   [5] macro expansion at /home/vagrant/.julia/v0.6/StructuredQueries/test/runtests.jl:19 [inlined]
   [6] macro expansion at ./test.jl:860 [inlined]
   [7] anonymous at ./<missing>:?
All tests: Error During Test
  Test threw an exception of type UndefVarError
  Expression: isequal(SQ.lift(f, x, x, x), Nullable(f(a, a, a)))
  UndefVarError: lift not defined
  Stacktrace:
   [1] macro expansion at /home/vagrant/.julia/v0.6/StructuredQueries/test/lift.jl:46 [inlined]
   [2] anonymous at ./<missing>:?
   [3] include_from_node1(::String) at ./loading.jl:576
   [4] include(::String) at ./sysimg.jl:14
   [5] macro expansion at /home/vagrant/.julia/v0.6/StructuredQueries/test/runtests.jl:19 [inlined]
   [6] macro expansion at ./test.jl:860 [inlined]
   [7] anonymous at ./<missing>:?
All tests: Error During Test
  Test threw an exception of type UndefVarError
  Expression: isequal(SQ.lift(f, x, y, x), Nullable{U3}())
  UndefVarError: lift not defined
  Stacktrace:
   [1] macro expansion at /home/vagrant/.julia/v0.6/StructuredQueries/test/lift.jl:47 [inlined]
   [2] anonymous at ./<missing>:?
   [3] include_from_node1(::String) at ./loading.jl:576
   [4] include(::String) at ./sysimg.jl:14
   [5] macro expansion at /home/vagrant/.julia/v0.6/StructuredQueries/test/runtests.jl:19 [inlined]
   [6] macro expansion at ./test.jl:860 [inlined]
   [7] anonymous at ./<missing>:?
All tests: Error During Test
  Test threw an exception of type UndefVarError
  Expression: isequal(SQ.lift(f, x), Nullable(f(a)))
  UndefVarError: lift not defined
  Stacktrace:
   [1] macro expansion at /home/vagrant/.julia/v0.6/StructuredQueries/test/lift.jl:38 [inlined]
   [2] anonymous at ./<missing>:?
   [3] include_from_node1(::String) at ./loading.jl:576
   [4] include(::String) at ./sysimg.jl:14
   [5] macro expansion at /home/vagrant/.julia/v0.6/StructuredQueries/test/runtests.jl:19 [inlined]
   [6] macro expansion at ./test.jl:860 [inlined]
   [7] anonymous at ./<missing>:?
All tests: Error During Test
  Test threw an exception of type UndefVarError
  Expression: isequal(SQ.lift(f, y), Nullable{U1}())
  UndefVarError: lift not defined
  Stacktrace:
   [1] macro expansion at /home/vagrant/.julia/v0.6/StructuredQueries/test/lift.jl:39 [inlined]
   [2] anonymous at ./<missing>:?
   [3] include_from_node1(::String) at ./loading.jl:576
   [4] include(::String) at ./sysimg.jl:14
   [5] macro expansion at /home/vagrant/.julia/v0.6/StructuredQueries/test/runtests.jl:19 [inlined]
   [6] macro expansion at ./test.jl:860 [inlined]
   [7] anonymous at ./<missing>:?
All tests: Error During Test
  Test threw an exception of type UndefVarError
  Expression: isequal(SQ.lift(f, x, x), Nullable(f(a, a)))
  UndefVarError: lift not defined
  Stacktrace:
   [1] macro expansion at /home/vagrant/.julia/v0.6/StructuredQueries/test/lift.jl:42 [inlined]
   [2] anonymous at ./<missing>:?
   [3] include_from_node1(::String) at ./loading.jl:576
   [4] include(::String) at ./sysimg.jl:14
   [5] macro expansion at /home/vagrant/.julia/v0.6/StructuredQueries/test/runtests.jl:19 [inlined]
   [6] macro expansion at ./test.jl:860 [inlined]
   [7] anonymous at ./<missing>:?
All tests: Error During Test
  Test threw an exception of type UndefVarError
  Expression: isequal(SQ.lift(f, x, y), Nullable{U2}())
  UndefVarError: lift not defined
  Stacktrace:
   [1] macro expansion at /home/vagrant/.julia/v0.6/StructuredQueries/test/lift.jl:43 [inlined]
   [2] anonymous at ./<missing>:?
   [3] include_from_node1(::String) at ./loading.jl:576
   [4] include(::String) at ./sysimg.jl:14
   [5] macro expansion at /home/vagrant/.julia/v0.6/StructuredQueries/test/runtests.jl:19 [inlined]
   [6] macro expansion at ./test.jl:860 [inlined]
   [7] anonymous at ./<missing>:?
All tests: Error During Test
  Test threw an exception of type UndefVarError
  Expression: isequal(SQ.lift(f, x, x, x), Nullable(f(a, a, a)))
  UndefVarError: lift not defined
  Stacktrace:
   [1] macro expansion at /home/vagrant/.julia/v0.6/StructuredQueries/test/lift.jl:46 [inlined]
   [2] anonymous at ./<missing>:?
   [3] include_from_node1(::String) at ./loading.jl:576
   [4] include(::String) at ./sysimg.jl:14
   [5] macro expansion at /home/vagrant/.julia/v0.6/StructuredQueries/test/runtests.jl:19 [inlined]
   [6] macro expansion at ./test.jl:860 [inlined]
   [7] anonymous at ./<missing>:?
All tests: Error During Test
  Test threw an exception of type UndefVarError
  Expression: isequal(SQ.lift(f, x, y, x), Nullable{U3}())
  UndefVarError: lift not defined
  Stacktrace:
   [1] macro expansion at /home/vagrant/.julia/v0.6/StructuredQueries/test/lift.jl:47 [inlined]
   [2] anonymous at ./<missing>:?
   [3] include_from_node1(::String) at ./loading.jl:576
   [4] include(::String) at ./sysimg.jl:14
   [5] macro expansion at /home/vagrant/.julia/v0.6/StructuredQueries/test/runtests.jl:19 [inlined]
   [6] macro expansion at ./test.jl:860 [inlined]
   [7] anonymous at ./<missing>:?
All tests: Error During Test
  Test threw an exception of type UndefVarError
  Expression: isequal(SQ.lift(f, x), Nullable(f(a)))
  UndefVarError: lift not defined
  Stacktrace:
   [1] macro expansion at /home/vagrant/.julia/v0.6/StructuredQueries/test/lift.jl:38 [inlined]
   [2] anonymous at ./<missing>:?
   [3] include_from_node1(::String) at ./loading.jl:576
   [4] include(::String) at ./sysimg.jl:14
   [5] macro expansion at /home/vagrant/.julia/v0.6/StructuredQueries/test/runtests.jl:19 [inlined]
   [6] macro expansion at ./test.jl:860 [inlined]
   [7] anonymous at ./<missing>:?
All tests: Error During Test
  Test threw an exception of type UndefVarError
  Expression: isequal(SQ.lift(f, y), Nullable{U1}())
  UndefVarError: lift not defined
  Stacktrace:
   [1] macro expansion at /home/vagrant/.julia/v0.6/StructuredQueries/test/lift.jl:39 [inlined]
   [2] anonymous at ./<missing>:?
   [3] include_from_node1(::String) at ./loading.jl:576
   [4] include(::String) at ./sysimg.jl:14
   [5] macro expansion at /home/vagrant/.julia/v0.6/StructuredQueries/test/runtests.jl:19 [inlined]
   [6] macro expansion at ./test.jl:860 [inlined]
   [7] anonymous at ./<missing>:?
All tests: Error During Test
  Test threw an exception of type UndefVarError
  Expression: isequal(SQ.lift(f, x, x), Nullable(f(a, a)))
  UndefVarError: lift not defined
  Stacktrace:
   [1] macro expansion at /home/vagrant/.julia/v0.6/StructuredQueries/test/lift.jl:42 [inlined]
   [2] anonymous at ./<missing>:?
   [3] include_from_node1(::String) at ./loading.jl:576
   [4] include(::String) at ./sysimg.jl:14
   [5] macro expansion at /home/vagrant/.julia/v0.6/StructuredQueries/test/runtests.jl:19 [inlined]
   [6] macro expansion at ./test.jl:860 [inlined]
   [7] anonymous at ./<missing>:?
All tests: Error During Test
  Test threw an exception of type UndefVarError
  Expression: isequal(SQ.lift(f, x, y), Nullable{U2}())
  UndefVarError: lift not defined
  Stacktrace:
   [1] macro expansion at /home/vagrant/.julia/v0.6/StructuredQueries/test/lift.jl:43 [inlined]
   [2] anonymous at ./<missing>:?
   [3] include_from_node1(::String) at ./loading.jl:576
   [4] include(::String) at ./sysimg.jl:14
   [5] macro expansion at /home/vagrant/.julia/v0.6/StructuredQueries/test/runtests.jl:19 [inlined]
   [6] macro expansion at ./test.jl:860 [inlined]
   [7] anonymous at ./<missing>:?
All tests: Error During Test
  Test threw an exception of type UndefVarError
  Expression: isequal(SQ.lift(f, x, x, x), Nullable(f(a, a, a)))
  UndefVarError: lift not defined
  Stacktrace:
   [1] macro expansion at /home/vagrant/.julia/v0.6/StructuredQueries/test/lift.jl:46 [inlined]
   [2] anonymous at ./<missing>:?
   [3] include_from_node1(::String) at ./loading.jl:576
   [4] include(::String) at ./sysimg.jl:14
   [5] macro expansion at /home/vagrant/.julia/v0.6/StructuredQueries/test/runtests.jl:19 [inlined]
   [6] macro expansion at ./test.jl:860 [inlined]
   [7] anonymous at ./<missing>:?
All tests: Error During Test
  Test threw an exception of type UndefVarError
  Expression: isequal(SQ.lift(f, x, y, x), Nullable{U3}())
  UndefVarError: lift not defined
  Stacktrace:
   [1] macro expansion at /home/vagrant/.julia/v0.6/StructuredQueries/test/lift.jl:47 [inlined]
   [2] anonymous at ./<missing>:?
   [3] include_from_node1(::String) at ./loading.jl:576
   [4] include(::String) at ./sysimg.jl:14
   [5] macro expansion at /home/vagrant/.julia/v0.6/StructuredQueries/test/runtests.jl:19 [inlined]
   [6] macro expansion at ./test.jl:860 [inlined]
   [7] anonymous at ./<missing>:?
All tests: Error During Test
  Test threw an exception of type UndefVarError
  Expression: isequal(SQ.lift(f, x), Nullable(f(a)))
  UndefVarError: lift not defined
  Stacktrace:
   [1] macro expansion at /home/vagrant/.julia/v0.6/StructuredQueries/test/lift.jl:38 [inlined]
   [2] anonymous at ./<missing>:?
   [3] include_from_node1(::String) at ./loading.jl:576
   [4] include(::String) at ./sysimg.jl:14
   [5] macro expansion at /home/vagrant/.julia/v0.6/StructuredQueries/test/runtests.jl:19 [inlined]
   [6] macro expansion at ./test.jl:860 [inlined]
   [7] anonymous at ./<missing>:?
All tests: Error During Test
  Test threw an exception of type UndefVarError
  Expression: isequal(SQ.lift(f, y), Nullable{U1}())
  UndefVarError: lift not defined
  Stacktrace:
   [1] macro expansion at /home/vagrant/.julia/v0.6/StructuredQueries/test/lift.jl:39 [inlined]
   [2] anonymous at ./<missing>:?
   [3] include_from_node1(::String) at ./loading.jl:576
   [4] include(::String) at ./sysimg.jl:14
   [5] macro expansion at /home/vagrant/.julia/v0.6/StructuredQueries/test/runtests.jl:19 [inlined]
   [6] macro expansion at ./test.jl:860 [inlined]
   [7] anonymous at ./<missing>:?
All tests: Error During Test
  Test threw an exception of type UndefVarError
  Expression: isequal(SQ.lift(f, x, x), Nullable(f(a, a)))
  UndefVarError: lift not defined
  Stacktrace:
   [1] macro expansion at /home/vagrant/.julia/v0.6/StructuredQueries/test/lift.jl:42 [inlined]
   [2] anonymous at ./<missing>:?
   [3] include_from_node1(::String) at ./loading.jl:576
   [4] include(::String) at ./sysimg.jl:14
   [5] macro expansion at /home/vagrant/.julia/v0.6/StructuredQueries/test/runtests.jl:19 [inlined]
   [6] macro expansion at ./test.jl:860 [inlined]
   [7] anonymous at ./<missing>:?
All tests: Error During Test
  Test threw an exception of type UndefVarError
  Expression: isequal(SQ.lift(f, x, y), Nullable{U2}())
  UndefVarError: lift not defined
  Stacktrace:
   [1] macro expansion at /home/vagrant/.julia/v0.6/StructuredQueries/test/lift.jl:43 [inlined]
   [2] anonymous at ./<missing>:?
   [3] include_from_node1(::String) at ./loading.jl:576
   [4] include(::String) at ./sysimg.jl:14
   [5] macro expansion at /home/vagrant/.julia/v0.6/StructuredQueries/test/runtests.jl:19 [inlined]
   [6] macro expansion at ./test.jl:860 [inlined]
   [7] anonymous at ./<missing>:?
All tests: Error During Test
  Test threw an exception of type UndefVarError
  Expression: isequal(SQ.lift(f, x, x, x), Nullable(f(a, a, a)))
  UndefVarError: lift not defined
  Stacktrace:
   [1] macro expansion at /home/vagrant/.julia/v0.6/StructuredQueries/test/lift.jl:46 [inlined]
   [2] anonymous at ./<missing>:?
   [3] include_from_node1(::String) at ./loading.jl:576
   [4] include(::String) at ./sysimg.jl:14
   [5] macro expansion at /home/vagrant/.julia/v0.6/StructuredQueries/test/runtests.jl:19 [inlined]
   [6] macro expansion at ./test.jl:860 [inlined]
   [7] anonymous at ./<missing>:?
All tests: Error During Test
  Test threw an exception of type UndefVarError
  Expression: isequal(SQ.lift(f, x, y, x), Nullable{U3}())
  UndefVarError: lift not defined
  Stacktrace:
   [1] macro expansion at /home/vagrant/.julia/v0.6/StructuredQueries/test/lift.jl:47 [inlined]
   [2] anonymous at ./<missing>:?
   [3] include_from_node1(::String) at ./loading.jl:576
   [4] include(::String) at ./sysimg.jl:14
   [5] macro expansion at /home/vagrant/.julia/v0.6/StructuredQueries/test/runtests.jl:19 [inlined]
   [6] macro expansion at ./test.jl:860 [inlined]
   [7] anonymous at ./<missing>:?
All tests: Error During Test
  Test threw an exception of type UndefVarError
  Expression: isequal(SQ.lift(f, x), Nullable(f(a)))
  UndefVarError: lift not defined
  Stacktrace:
   [1] macro expansion at /home/vagrant/.julia/v0.6/StructuredQueries/test/lift.jl:38 [inlined]
   [2] anonymous at ./<missing>:?
   [3] include_from_node1(::String) at ./loading.jl:576
   [4] include(::String) at ./sysimg.jl:14
   [5] macro expansion at /home/vagrant/.julia/v0.6/StructuredQueries/test/runtests.jl:19 [inlined]
   [6] macro expansion at ./test.jl:860 [inlined]
   [7] anonymous at ./<missing>:?
All tests: Error During Test
  Test threw an exception of type UndefVarError
  Expression: isequal(SQ.lift(f, y), Nullable{U1}())
  UndefVarError: lift not defined
  Stacktrace:
   [1] macro expansion at /home/vagrant/.julia/v0.6/StructuredQueries/test/lift.jl:39 [inlined]
   [2] anonymous at ./<missing>:?
   [3] include_from_node1(::String) at ./loading.jl:576
   [4] include(::String) at ./sysimg.jl:14
   [5] macro expansion at /home/vagrant/.julia/v0.6/StructuredQueries/test/runtests.jl:19 [inlined]
   [6] macro expansion at ./test.jl:860 [inlined]
   [7] anonymous at ./<missing>:?
All tests: Error During Test
  Test threw an exception of type UndefVarError
  Expression: isequal(SQ.lift(f, x, x), Nullable(f(a, a)))
  UndefVarError: lift not defined
  Stacktrace:
   [1] macro expansion at /home/vagrant/.julia/v0.6/StructuredQueries/test/lift.jl:42 [inlined]
   [2] anonymous at ./<missing>:?
   [3] include_from_node1(::String) at ./loading.jl:576
   [4] include(::String) at ./sysimg.jl:14
   [5] macro expansion at /home/vagrant/.julia/v0.6/StructuredQueries/test/runtests.jl:19 [inlined]
   [6] macro expansion at ./test.jl:860 [inlined]
   [7] anonymous at ./<missing>:?
All tests: Error During Test
  Test threw an exception of type UndefVarError
  Expression: isequal(SQ.lift(f, x, y), Nullable{U2}())
  UndefVarError: lift not defined
  Stacktrace:
   [1] macro expansion at /home/vagrant/.julia/v0.6/StructuredQueries/test/lift.jl:43 [inlined]
   [2] anonymous at ./<missing>:?
   [3] include_from_node1(::String) at ./loading.jl:576
   [4] include(::String) at ./sysimg.jl:14
   [5] macro expansion at /home/vagrant/.julia/v0.6/StructuredQueries/test/runtests.jl:19 [inlined]
   [6] macro expansion at ./test.jl:860 [inlined]
   [7] anonymous at ./<missing>:?
All tests: Error During Test
  Test threw an exception of type UndefVarError
  Expression: isequal(SQ.lift(f, x, x, x), Nullable(f(a, a, a)))
  UndefVarError: lift not defined
  Stacktrace:
   [1] macro expansion at /home/vagrant/.julia/v0.6/StructuredQueries/test/lift.jl:46 [inlined]
   [2] anonymous at ./<missing>:?
   [3] include_from_node1(::String) at ./loading.jl:576
   [4] include(::String) at ./sysimg.jl:14
   [5] macro expansion at /home/vagrant/.julia/v0.6/StructuredQueries/test/runtests.jl:19 [inlined]
   [6] macro expansion at ./test.jl:860 [inlined]
   [7] anonymous at ./<missing>:?
All tests: Error During Test
  Test threw an exception of type UndefVarError
  Expression: isequal(SQ.lift(f, x, y, x), Nullable{U3}())
  UndefVarError: lift not defined
  Stacktrace:
   [1] macro expansion at /home/vagrant/.julia/v0.6/StructuredQueries/test/lift.jl:47 [inlined]
   [2] anonymous at ./<missing>:?
   [3] include_from_node1(::String) at ./loading.jl:576
   [4] include(::String) at ./sysimg.jl:14
   [5] macro expansion at /home/vagrant/.julia/v0.6/StructuredQueries/test/runtests.jl:19 [inlined]
   [6] macro expansion at ./test.jl:860 [inlined]
   [7] anonymous at ./<missing>:?
All tests: Error During Test
  Test threw an exception of type UndefVarError
  Expression: isequal(SQ.lift(f, x), Nullable(f(a)))
  UndefVarError: lift not defined
  Stacktrace:
   [1] macro expansion at /home/vagrant/.julia/v0.6/StructuredQueries/test/lift.jl:38 [inlined]
   [2] anonymous at ./<missing>:?
   [3] include_from_node1(::String) at ./loading.jl:576
   [4] include(::String) at ./sysimg.jl:14
   [5] macro expansion at /home/vagrant/.julia/v0.6/StructuredQueries/test/runtests.jl:19 [inlined]
   [6] macro expansion at ./test.jl:860 [inlined]
   [7] anonymous at ./<missing>:?
All tests: Error During Test
  Test threw an exception of type UndefVarError
  Expression: isequal(SQ.lift(f, y), Nullable{U1}())
  UndefVarError: lift not defined
  Stacktrace:
   [1] macro expansion at /home/vagrant/.julia/v0.6/StructuredQueries/test/lift.jl:39 [inlined]
   [2] anonymous at ./<missing>:?
   [3] include_from_node1(::String) at ./loading.jl:576
   [4] include(::String) at ./sysimg.jl:14
   [5] macro expansion at /home/vagrant/.julia/v0.6/StructuredQueries/test/runtests.jl:19 [inlined]
   [6] macro expansion at ./test.jl:860 [inlined]
   [7] anonymous at ./<missing>:?
All tests: Error During Test
  Test threw an exception of type UndefVarError
  Expression: isequal(SQ.lift(f, x, x), Nullable(f(a, a)))
  UndefVarError: lift not defined
  Stacktrace:
   [1] macro expansion at /home/vagrant/.julia/v0.6/StructuredQueries/test/lift.jl:42 [inlined]
   [2] anonymous at ./<missing>:?
   [3] include_from_node1(::String) at ./loading.jl:576
   [4] include(::String) at ./sysimg.jl:14
   [5] macro expansion at /home/vagrant/.julia/v0.6/StructuredQueries/test/runtests.jl:19 [inlined]
   [6] macro expansion at ./test.jl:860 [inlined]
   [7] anonymous at ./<missing>:?
All tests: Error During Test
  Test threw an exception of type UndefVarError
  Expression: isequal(SQ.lift(f, x, y), Nullable{U2}())
  UndefVarError: lift not defined
  Stacktrace:
   [1] macro expansion at /home/vagrant/.julia/v0.6/StructuredQueries/test/lift.jl:43 [inlined]
   [2] anonymous at ./<missing>:?
   [3] include_from_node1(::String) at ./loading.jl:576
   [4] include(::String) at ./sysimg.jl:14
   [5] macro expansion at /home/vagrant/.julia/v0.6/StructuredQueries/test/runtests.jl:19 [inlined]
   [6] macro expansion at ./test.jl:860 [inlined]
   [7] anonymous at ./<missing>:?
All tests: Error During Test
  Test threw an exception of type UndefVarError
  Expression: isequal(SQ.lift(f, x, x, x), Nullable(f(a, a, a)))
  UndefVarError: lift not defined
  Stacktrace:
   [1] macro expansion at /home/vagrant/.julia/v0.6/StructuredQueries/test/lift.jl:46 [inlined]
   [2] anonymous at ./<missing>:?
   [3] include_from_node1(::String) at ./loading.jl:576
   [4] include(::String) at ./sysimg.jl:14
   [5] macro expansion at /home/vagrant/.julia/v0.6/StructuredQueries/test/runtests.jl:19 [inlined]
   [6] macro expansion at ./test.jl:860 [inlined]
   [7] anonymous at ./<missing>:?
All tests: Error During Test
  Test threw an exception of type UndefVarError
  Expression: isequal(SQ.lift(f, x, y, x), Nullable{U3}())
  UndefVarError: lift not defined
  Stacktrace:
   [1] macro expansion at /home/vagrant/.julia/v0.6/StructuredQueries/test/lift.jl:47 [inlined]
   [2] anonymous at ./<missing>:?
   [3] include_from_node1(::String) at ./loading.jl:576
   [4] include(::String) at ./sysimg.jl:14
   [5] macro expansion at /home/vagrant/.julia/v0.6/StructuredQueries/test/runtests.jl:19 [inlined]
   [6] macro expansion at ./test.jl:860 [inlined]
   [7] anonymous at ./<missing>:?
	[1m[31mFAILED[0m: lift.jl
LoadError: UndefVarError: lift not defined
Stacktrace:
 [1] macro expansion at /home/vagrant/.julia/v0.6/StructuredQueries/test/runtests.jl:27 [inlined]
 [2] macro expansion at ./test.jl:860 [inlined]
 [3] anonymous at ./<missing>:?
 [4] include_from_node1(::String) at ./loading.jl:576
 [5] include(::String) at ./sysimg.jl:14
 [6] process_options(::Base.JLOptions) at ./client.jl:305
 [7] _start() at ./client.jl:371
while loading /home/vagrant/.julia/v0.6/StructuredQueries/test/lift.jl, in expression starting on line 59
Test Summary: | Error  Total
All tests     |    72     72
ERROR: LoadError: Some tests did not pass: 0 passed, 0 failed, 72 errored, 0 broken.
while loading /home/vagrant/.julia/v0.6/StructuredQueries/test/runtests.jl, in expression starting on line 16
==========================[ ERROR: StructuredQueries ]==========================

failed process: Process(`/home/vagrant/julia/bin/julia -Cx86-64 -J/home/vagrant/julia/lib/julia/sys.so --compile=yes --depwarn=yes --check-bounds=yes --code-coverage=none --color=no --compilecache=yes /home/vagrant/.julia/v0.6/StructuredQueries/test/runtests.jl`, ProcessExited(1)) [1]

================================================================================
ERROR: StructuredQueries had test errors

>>> End of log
