>>> 'Pkg.add("TablesDemo")' log
INFO: Cloning cache of AbstractTables from https://github.com/davidagold/AbstractTables.jl.git
INFO: Cloning cache of TablesDemo from https://github.com/davidagold/TablesDemo.jl.git
INFO: Installing AbstractTables v0.0.1
INFO: Installing CSV v0.1.4
INFO: Installing CategoricalArrays v0.1.3
INFO: Installing DataArrays v0.3.12
INFO: Installing DataFrames v0.9.1
INFO: Installing DataStreams v0.1.3
INFO: Installing DataStructures v0.5.3
INFO: Installing FileIO v0.3.1
INFO: Installing GZip v0.3.0
INFO: Installing NullableArrays v0.1.0
INFO: Installing Reexport v0.0.3
INFO: Installing SortingAlgorithms v0.1.1
INFO: Installing SpecialFunctions v0.1.1
INFO: Installing StatsBase v0.14.1
INFO: Installing StructuredQueries v0.0.4
INFO: Installing TablesDemo v0.0.1
INFO: Installing WeakRefStrings v0.2.0
INFO: Package database updated
INFO: METADATA is out-of-date â€” you may not have the latest version of TablesDemo
INFO: Use `Pkg.update()` to get the latest versions of your packages

>>> 'Pkg.test("TablesDemo")' log
Julia Version 0.5.2
Commit f4c6c9d (2017-05-06 16:34 UTC)
Platform Info:
  OS: Linux (x86_64-pc-linux-gnu)
  CPU: Intel(R) Xeon(R) CPU E3-1241 v3 @ 3.50GHz
  WORD_SIZE: 64
           Ubuntu 14.04.5 LTS
  uname: Linux 3.13.0-117-generic #164-Ubuntu SMP Fri Apr 7 11:05:26 UTC 2017 x86_64 x86_64
Memory: 2.9392738342285156 GB (823.26171875 MB free)
Uptime: 41634.0 sec
Load Avg:  1.115234375  1.04248046875  1.025390625
Intel(R) Xeon(R) CPU E3-1241 v3 @ 3.50GHz: 
       speed         user         nice          sys         idle          irq
#1  3496 MHz    2537404 s       4008 s     251296 s     879140 s         84 s
#2  3496 MHz     773887 s       3012 s     117365 s    3176940 s          2 s

  BLAS: libopenblas (USE64BITINT DYNAMIC_ARCH NO_AFFINITY Nehalem)
  LAPACK: libopenblas64_
  LIBM: libopenlibm
  LLVM: libLLVM-3.7.1 (ORCJIT, haswell)
Environment:
  TERM = vt100
  LD_LIBRARY_PATH = :/usr/local/lib/
  PATH = /usr/local/sbin:/usr/local/bin:/usr/sbin:/usr/bin:/sbin:/bin:/usr/games:/usr/local/games:/home/vagrant/julia/bin/
  JAVA_HOME = /usr/lib/jvm/java-7-oracle
  HOME = /home/vagrant

Package Directory: /home/vagrant/.julia/v0.5
2 required packages:
 - JSON                          0.11.0
 - TablesDemo                    0.0.1
17 additional packages:
 - AbstractTables                0.0.1
 - CSV                           0.1.4
 - CategoricalArrays             0.1.3
 - Compat                        0.25.0
 - DataArrays                    0.3.12
 - DataFrames                    0.9.1
 - DataStreams                   0.1.3
 - DataStructures                0.5.3
 - FileIO                        0.3.1
 - GZip                          0.3.0
 - NullableArrays                0.1.0
 - Reexport                      0.0.3
 - SortingAlgorithms             0.1.1
 - SpecialFunctions              0.1.1
 - StatsBase                     0.14.1
 - StructuredQueries             0.0.4
 - WeakRefStrings                0.2.0
INFO: Testing TablesDemo
Running tests:
WARNING: Method definition describe(AbstractArray) in module StatsBase at /home/vagrant/.julia/v0.5/StatsBase/src/scalarstats.jl:573 overwritten in module DataFrames at /home/vagrant/.julia/v0.5/DataFrames/src/abstractdataframe/abstractdataframe.jl:407.
	[1m[31mFAILED[0m: query/query.jl
LoadError: MethodError: no method matching length(::TablesDemo.Table)
Closest candidates are:
  length(!Matched::SimpleVector) at essentials.jl:168
  length(!Matched::Base.MethodList) at reflection.jl:256
  length(!Matched::MethodTable) at reflection.jl:322
  ...
 in macro expansion; at /home/vagrant/.julia/v0.5/TablesDemo/test/runtests.jl:25 [inlined]
 in macro expansion; at ./test.jl:674 [inlined]
 in anonymous at ./<missing>:?
 in include_from_node1(::String) at ./loading.jl:488
 in process_options(::Base.JLOptions) at ./client.jl:265
 in _start() at ./client.jl:321
while loading /home/vagrant/.julia/v0.5/TablesDemo/test/query/query.jl, in expression starting on line 18
	[1m[31mFAILED[0m: query/groupby.jl
LoadError: MethodError: no method matching length(::AbstractTables.Grouped{TablesDemo.Table,Dict{Any,Array{Int64,1}}})
Closest candidates are:
  length(!Matched::SimpleVector) at essentials.jl:168
  length(!Matched::Base.MethodList) at reflection.jl:256
  length(!Matched::MethodTable) at reflection.jl:322
  ...
 in macro expansion; at /home/vagrant/.julia/v0.5/TablesDemo/test/runtests.jl:25 [inlined]
 in macro expansion; at ./test.jl:674 [inlined]
 in anonymous at ./<missing>:?
 in include_from_node1(::String) at ./loading.jl:488
 in process_options(::Base.JLOptions) at ./client.jl:265
 in _start() at ./client.jl:321
while loading /home/vagrant/.julia/v0.5/TablesDemo/test/query/groupby.jl, in expression starting on line 22
Test Summary: | 
  All tests   | No tests
ERROR: LoadError: "Tests failed"
 in include_from_node1(::String) at ./loading.jl:488
 in process_options(::Base.JLOptions) at ./client.jl:265
 in _start() at ./client.jl:321
while loading /home/vagrant/.julia/v0.5/TablesDemo/test/runtests.jl, in expression starting on line 33
=============================[ ERROR: TablesDemo ]==============================

failed process: Process(`/home/vagrant/julia/bin/julia -Cx86-64 -J/home/vagrant/julia/lib/julia/sys.so --compile=yes --depwarn=yes --check-bounds=yes --code-coverage=none --color=no --compilecache=yes /home/vagrant/.julia/v0.5/TablesDemo/test/runtests.jl`, ProcessExited(1)) [1]

================================================================================
ERROR: TablesDemo had test errors
 in #test#61(::Bool, ::Function, ::Array{AbstractString,1}) at ./pkg/entry.jl:748
 in (::Base.Pkg.Entry.#kw##test)(::Array{Any,1}, ::Base.Pkg.Entry.#test, ::Array{AbstractString,1}) at ./<missing>:0
 in (::Base.Pkg.Dir.##2#3{Array{Any,1},Base.Pkg.Entry.#test,Tuple{Array{AbstractString,1}}})() at ./pkg/dir.jl:31
 in cd(::Base.Pkg.Dir.##2#3{Array{Any,1},Base.Pkg.Entry.#test,Tuple{Array{AbstractString,1}}}, ::String) at ./file.jl:59
 in #cd#1(::Array{Any,1}, ::Function, ::Function, ::Array{AbstractString,1}, ::Vararg{Array{AbstractString,1},N}) at ./pkg/dir.jl:31
 in (::Base.Pkg.Dir.#kw##cd)(::Array{Any,1}, ::Base.Pkg.Dir.#cd, ::Function, ::Array{AbstractString,1}, ::Vararg{Array{AbstractString,1},N}) at ./<missing>:0
 in #test#3(::Bool, ::Function, ::String, ::Vararg{String,N}) at ./pkg/pkg.jl:258
 in test(::String, ::Vararg{String,N}) at ./pkg/pkg.jl:258
 in eval(::Module, ::Any) at ./boot.jl:234
 in process_options(::Base.JLOptions) at ./client.jl:242
 in _start() at ./client.jl:321

>>> End of log
