>>> 'Pkg.add("TablesDemo")' log
INFO: Cloning cache of AbstractTables from https://github.com/davidagold/AbstractTables.jl.git
INFO: Cloning cache of TablesDemo from https://github.com/davidagold/TablesDemo.jl.git
INFO: Installing AbstractTables v0.0.1
INFO: Installing BinDeps v0.8.6
INFO: Installing CSV v0.1.5
INFO: Installing CategoricalArrays v0.1.6
INFO: Installing DataArrays v0.6.2
INFO: Installing DataFrames v0.10.1
INFO: Installing DataStreams v0.1.3
INFO: Installing DataStructures v0.7.4
INFO: Installing FileIO v0.7.0
INFO: Installing GZip v0.3.0
INFO: Installing NullableArrays v0.1.2
INFO: Installing Reexport v0.1.0
INFO: Installing SHA v0.5.6
INFO: Installing SortingAlgorithms v0.2.0
INFO: Installing SpecialFunctions v0.3.8
INFO: Installing StatsBase v0.19.5
INFO: Installing StructuredQueries v0.0.4
INFO: Installing TablesDemo v0.0.1
INFO: Installing URIParser v0.3.0
INFO: Installing WeakRefStrings v0.2.0
INFO: Building SpecialFunctions
INFO: Package database updated

>>> 'Pkg.test("TablesDemo")' log
Julia Version 0.6.2
Commit d386e40c17 (2017-12-13 18:08 UTC)
Platform Info:
  OS: Linux (x86_64-pc-linux-gnu)
  CPU: Intel(R) Xeon(R) CPU E3-1241 v3 @ 3.50GHz
  WORD_SIZE: 64
           Ubuntu 14.04.5 LTS
  uname: Linux 3.13.0-135-generic #184-Ubuntu SMP Wed Oct 18 11:55:51 UTC 2017 x86_64 x86_64
Memory: 2.93927001953125 GB (683.37109375 MB free)
Uptime: 67909.0 sec
Load Avg:  0.9970703125  0.9853515625  0.9599609375
Intel(R) Xeon(R) CPU E3-1241 v3 @ 3.50GHz: 
       speed         user         nice          sys         idle          irq
#1  3499 MHz    4188962 s       1127 s     192662 s    1436444 s         65 s
#2  3499 MHz    1003298 s       6646 s      89504 s    5543151 s          3 s

  BLAS: libopenblas (USE64BITINT DYNAMIC_ARCH NO_AFFINITY Nehalem)
  LAPACK: libopenblas64_
  LIBM: libopenlibm
  LLVM: libLLVM-3.9.1 (ORCJIT, haswell)
Environment:
  TERM = vt100
  LD_LIBRARY_PATH = :/usr/local/lib/
  PATH = /usr/local/sbin:/usr/local/bin:/usr/sbin:/usr/bin:/sbin:/bin:/usr/games:/usr/local/games:/home/vagrant/julia/bin/
  JAVA_HOME = /usr/lib/jvm/java-8-openjdk-amd64
  HOME = /home/vagrant

Package Directory: /home/vagrant/.julia/v0.6
2 required packages:
 - JSON                          0.16.4
 - TablesDemo                    0.0.1
21 additional packages:
 - AbstractTables                0.0.1
 - BinDeps                       0.8.6
 - CSV                           0.1.5
 - CategoricalArrays             0.1.6
 - Compat                        0.53.0
 - DataArrays                    0.6.2
 - DataFrames                    0.10.1
 - DataStreams                   0.1.3
 - DataStructures                0.7.4
 - FileIO                        0.7.0
 - GZip                          0.3.0
 - NullableArrays                0.1.2
 - Nullables                     0.0.3
 - Reexport                      0.1.0
 - SHA                           0.5.6
 - SortingAlgorithms             0.2.0
 - SpecialFunctions              0.3.8
 - StatsBase                     0.19.5
 - StructuredQueries             0.0.4
 - URIParser                     0.3.0
 - WeakRefStrings                0.2.0
INFO: Testing TablesDemo
Running tests:
WARNING: Method definition ==(Base.Nullable{S}, Base.Nullable{T}) in module Base at nullable.jl:238 overwritten in module NullableArrays at /home/vagrant/.julia/v0.6/NullableArrays/src/operators.jl:99.

WARNING: deprecated syntax "abstract QueryHelper" at /home/vagrant/.julia/v0.6/StructuredQueries/src/query/helper/typedefs.jl:8.
Use "abstract type QueryHelper end" instead.

WARNING: deprecated syntax "abstract JoinHelper<:QueryHelper" at /home/vagrant/.julia/v0.6/StructuredQueries/src/query/helper/typedefs.jl:10.
Use "abstract type JoinHelper<:QueryHelper end" instead.

WARNING: deprecated syntax "abstract QueryNode" at /home/vagrant/.julia/v0.6/StructuredQueries/src/query/node/typedefs.jl:2.
Use "abstract type QueryNode end" instead.

WARNING: deprecated syntax "abstract JoinNode<:QueryNode" at /home/vagrant/.julia/v0.6/StructuredQueries/src/query/node/typedefs.jl:3.
Use "abstract type JoinNode<:QueryNode end" instead.

WARNING: deprecated syntax "typealias QueryArg Union{Symbol,Expr}" at /home/vagrant/.julia/v0.6/StructuredQueries/src/query/node/typedefs.jl:4.
Use "const QueryArg = Union{Symbol,Expr}" instead.
	[1m[31mFAILED[0m: query/query.jl
LoadError: LoadError: LoadError: LoadError: LoadError: MethodError: Cannot `convert` an object of type Type{StructuredQueries.SelectHelper} to an object of type DataType
This may have arisen from a call to the constructor DataType(...),
since type constructors fall back to convert methods.
Stacktrace:
 [1] macro expansion at /home/vagrant/.julia/v0.6/TablesDemo/test/runtests.jl:25 [inlined]
 [2] macro expansion at ./test.jl:860 [inlined]
 [3] anonymous at ./<missing>:?
 [4] include_from_node1(::String) at ./loading.jl:576
 [5] include(::String) at ./sysimg.jl:14
 [6] process_options(::Base.JLOptions) at ./client.jl:305
 [7] _start() at ./client.jl:371
while loading /home/vagrant/.julia/v0.6/StructuredQueries/src/query/graph/graph.jl, in expression starting on line 521
while loading /home/vagrant/.julia/v0.6/StructuredQueries/src/StructuredQueries.jl, in expression starting on line 35
while loading /home/vagrant/.julia/v0.6/AbstractTables/src/AbstractTables.jl, in expression starting on line 6
while loading /home/vagrant/.julia/v0.6/TablesDemo/src/TablesDemo.jl, in expression starting on line 5
while loading /home/vagrant/.julia/v0.6/TablesDemo/test/query/query.jl, in expression starting on line 2
	[1m[31mFAILED[0m: query/groupby.jl
LoadError: UndefVarError: Table not defined
Stacktrace:
 [1] macro expansion at /home/vagrant/.julia/v0.6/TablesDemo/test/runtests.jl:25 [inlined]
 [2] macro expansion at ./test.jl:860 [inlined]
 [3] anonymous at ./<missing>:?
 [4] include_from_node1(::String) at ./loading.jl:576
 [5] include(::String) at ./sysimg.jl:14
 [6] process_options(::Base.JLOptions) at ./client.jl:305
 [7] _start() at ./client.jl:371
while loading /home/vagrant/.julia/v0.6/TablesDemo/test/query/groupby.jl, in expression starting on line 5
Test Summary: |
All tests     | No tests
ERROR: LoadError: "Tests failed"
Stacktrace:
 [1] include_from_node1(::String) at ./loading.jl:576
 [2] include(::String) at ./sysimg.jl:14
 [3] process_options(::Base.JLOptions) at ./client.jl:305
 [4] _start() at ./client.jl:371
while loading /home/vagrant/.julia/v0.6/TablesDemo/test/runtests.jl, in expression starting on line 33
=============================[ ERROR: TablesDemo ]==============================

failed process: Process(`/home/vagrant/julia/bin/julia -Cx86-64 -J/home/vagrant/julia/lib/julia/sys.so --compile=yes --depwarn=yes --check-bounds=yes --code-coverage=none --color=no --compilecache=yes /home/vagrant/.julia/v0.6/TablesDemo/test/runtests.jl`, ProcessExited(1)) [1]

================================================================================
ERROR: TablesDemo had test errors

>>> End of log
