>>> 'Pkg.add("TaylorIntegration")' log
INFO: Cloning cache of TaylorIntegration from https://github.com/PerezHz/TaylorIntegration.jl.git
INFO: Installing TaylorIntegration v0.2.0
INFO: Installing TaylorSeries v0.7.0
INFO: Package database updated
INFO: METADATA is out-of-date — you may not have the latest version of TaylorIntegration
INFO: Use `Pkg.update()` to get the latest versions of your packages

>>> 'Pkg.test("TaylorIntegration")' log
Julia Version 0.6.1
Commit 0d7248e2ff (2017-10-24 22:15 UTC)
Platform Info:
  OS: Linux (x86_64-pc-linux-gnu)
  CPU: Intel(R) Xeon(R) CPU E3-1241 v3 @ 3.50GHz
  WORD_SIZE: 64
           Ubuntu 14.04.5 LTS
  uname: Linux 3.13.0-135-generic #184-Ubuntu SMP Wed Oct 18 11:55:51 UTC 2017 x86_64 x86_64
Memory: 2.93927001953125 GB (469.359375 MB free)
Uptime: 89651.0 sec
Load Avg:  0.9697265625  0.9453125  0.951171875
Intel(R) Xeon(R) CPU E3-1241 v3 @ 3.50GHz: 
       speed         user         nice          sys         idle          irq
#1  3500 MHz    6011924 s       7050 s     248005 s    1281951 s         61 s
#2  3500 MHz    1298262 s         83 s     122250 s    7397625 s          0 s

  BLAS: libopenblas (USE64BITINT DYNAMIC_ARCH NO_AFFINITY Nehalem)
  LAPACK: libopenblas64_
  LIBM: libopenlibm
  LLVM: libLLVM-3.9.1 (ORCJIT, haswell)
Environment:
  TERM = vt100
  LD_LIBRARY_PATH = :/usr/local/lib/
  PATH = /usr/local/sbin:/usr/local/bin:/usr/sbin:/usr/bin:/sbin:/bin:/usr/games:/usr/local/games:/home/vagrant/julia/bin/
  JAVA_HOME = /usr/lib/jvm/java-8-openjdk-amd64
  HOME = /home/vagrant

Package Directory: /home/vagrant/.julia/v0.6
2 required packages:
 - JSON                          0.16.1
 - TaylorIntegration             0.2.0
2 additional packages:
 - Compat                        0.37.0
 - TaylorSeries                  0.7.0
INFO: Computing test dependencies for TaylorIntegration...
INFO: No packages to install, update or remove
INFO: Testing TaylorIntegration
Tests: dot{x}=x^2, x(0) = 1: Error During Test
  Got an exception of type AssertionError outside of a @test
  AssertionError: 0 ≤ n ≤ a.order
  Stacktrace:
   [1] setindex!(::TaylorSeries.Taylor1{Float64}, ::Float64, ::Int64) at /home/vagrant/.julia/v0.6/TaylorSeries/src/auxiliary.jl:88
   [2] jetcoeffs!(::#eqs_mov#1, ::TaylorSeries.Taylor1{Float64}, ::TaylorSeries.Taylor1{Float64}) at /home/vagrant/.julia/v0.6/TaylorIntegration/src/explicitode.jl:39
   [3] macro expansion at /home/vagrant/.julia/v0.6/TaylorIntegration/test/one_ode.jl:16 [inlined]
   [4] macro expansion at ./test.jl:860 [inlined]
   [5] anonymous at ./<missing>:?
   [6] include_from_node1(::String) at ./loading.jl:576
   [7] include(::String) at ./sysimg.jl:14
   [8] macro expansion at /home/vagrant/.julia/v0.6/TaylorIntegration/test/runtests.jl:13 [inlined]
   [9] anonymous at ./<missing>:?
   [10] include_from_node1(::String) at ./loading.jl:576
   [11] include(::String) at ./sysimg.jl:14
   [12] process_options(::Base.JLOptions) at ./client.jl:305
   [13] _start() at ./client.jl:371
Test Summary:               | Error  Total
Tests: dot{x}=x^2, x(0) = 1 |     1      1
ERROR: LoadError: LoadError: Some tests did not pass: 0 passed, 0 failed, 1 errored, 0 broken.
while loading /home/vagrant/.julia/v0.6/TaylorIntegration/test/one_ode.jl, in expression starting on line 10
while loading /home/vagrant/.julia/v0.6/TaylorIntegration/test/runtests.jl, in expression starting on line 12
==========================[ ERROR: TaylorIntegration ]==========================

failed process: Process(`/home/vagrant/julia/bin/julia -Cx86-64 -J/home/vagrant/julia/lib/julia/sys.so --compile=yes --depwarn=yes --check-bounds=yes --code-coverage=none --color=no --compilecache=yes /home/vagrant/.julia/v0.6/TaylorIntegration/test/runtests.jl`, ProcessExited(1)) [1]

================================================================================
INFO: No packages to install, update or remove
ERROR: TaylorIntegration had test errors

>>> End of log
