>>> 'Pkg.add("Turing")' log
[ Info: Cloning cache of Mamba from https://github.com/brian-j-smith/Mamba.jl.git
[ Info: Cloning cache of Turing from https://github.com/yebai/Turing.jl.git
[ Info: Installing AxisAlgorithms v0.2.0
[ Info: Installing BinDeps v0.8.5
[ Info: Installing Cairo v0.4.0
[ Info: Installing Calculus v0.2.2
[ Info: Installing CodecZlib v0.4.2
[ Info: Installing ColorTypes v0.6.6
[ Info: Installing Colors v0.8.2
[ Info: Installing CommonSubexpressions v0.0.1
[ Info: Installing Compose v0.5.4
[ Info: Installing Contour v0.4.0
[ Info: Installing CoupledFields v0.0.1
[ Info: Installing DataArrays v0.6.2
[ Info: Installing DataFrames v0.10.1
[ Info: Installing DataStructures v0.7.4
[ Info: Installing DiffResults v0.0.3
[ Info: Installing DiffRules v0.0.3
[ Info: Installing Distances v0.5.0
[ Info: Installing Distributions v0.15.0
[ Info: Installing DocStringExtensions v0.4.3
[ Info: Installing Documenter v0.13.0
[ Info: Installing DualNumbers v0.3.0
[ Info: Installing FileIO v0.6.1
[ Info: Installing FixedPointNumbers v0.4.3
[ Info: Installing ForwardDiff v0.7.2
[ Info: Installing GZip v0.3.0
[ Info: Installing Gadfly v0.6.4
[ Info: Installing Graphics v0.2.0
[ Info: Installing Hexagons v0.1.0
[ Info: Installing Hiccup v0.1.1
[ Info: Installing Interpolations v0.7.3
[ Info: Installing IterTools v0.2.1
[ Info: Installing Juno v0.3.2
[ Info: Installing KernelDensity v0.4.0
[ Info: Installing LightGraphs v0.11.1
[ Info: Installing LineSearches v3.2.4
[ Info: Installing Loess v0.3.0
[ Info: Installing MacroTools v0.4.0
[ Info: Installing Mamba v0.11.1
[ Info: Installing Measures v0.1.0
[ Info: Installing Media v0.3.0
[ Info: Installing NLSolversBase v4.2.0
[ Info: Installing NaNMath v0.3.0
[ Info: Installing Optim v0.12.0
[ Info: Installing PDMats v0.8.0
[ Info: Installing Parameters v0.8.1
[ Info: Installing PositiveFactorizations v0.1.0
[ Info: Installing ProgressMeter v0.5.3
[ Info: Installing QuadGK v0.2.0
[ Info: Installing Ratios v0.2.0
[ Info: Installing Reexport v0.1.0
[ Info: Installing Rmath v0.3.1
[ Info: Installing SHA v0.5.3
[ Info: Installing ShowItLikeYouBuildIt v0.2.0
[ Info: Installing Showoff v0.1.1
[ Info: Installing SimpleTraits v0.5.1
[ Info: Installing SortingAlgorithms v0.2.0
[ Info: Installing SpecialFunctions v0.3.8
[ Info: Installing Stan v3.0.1
[ Info: Installing StaticArrays v0.6.6
[ Info: Installing StatsBase v0.19.5
[ Info: Installing StatsFuns v0.5.0
[ Info: Installing TranscodingStreams v0.4.1
[ Info: Installing Turing v0.4.0
[ Info: Installing URIParser v0.3.0
[ Info: Installing WoodburyMatrices v0.2.2
[ Info: Building Cairo
┌ Error: ------------------------------------------------------------
│ # Build failed for Cairo
│   exception =
│    LoadError: ArgumentError: Module BinDeps not found in current path.
│    Run `Pkg.add("BinDeps")` to install the BinDeps package.
│    Stacktrace:
│     [1] require(::Module, ::Symbol) at ./loading.jl:813
│     [2] include at ./boot.jl:292 [inlined]
│     [3] include_relative(::Module, ::String) at ./loading.jl:1011
│     [4] include at ./sysimg.jl:26 [inlined]
│     [5] include(::String) at ./loading.jl:1045
│     [6] top-level scope
│     [7] eval at ./boot.jl:295 [inlined]
│     [8] eval at ./sysimg.jl:71 [inlined]
│     [9] evalfile(::String, ::Array{String,1}) at ./loading.jl:1040 (repeats 2 times)
│     [10] #2 at ./none:12 [inlined]
│     [11] cd(::getfield(, Symbol("##2#5")){String}, ::String) at ./file.jl:70
│     [12] (::getfield(, Symbol("##1#3")))(::IOStream) at ./none:11
│     [13] open(::getfield(, Symbol("##1#3")), ::String, ::String) at ./iostream.jl:310
│     [14] top-level scope
│     [15] eval at ./boot.jl:295 [inlined]
│     [16] eval(::Module, ::Expr) at ./sysimg.jl:71
│     [17] process_options(::Base.JLOptions) at ./client.jl:301
│     [18] _start() at ./client.jl:375
│    in expression starting at /home/vagrant/.julia/v0.7/Cairo/deps/build.jl:1
└ @ Main none:15
[ Info: Building SpecialFunctions
┌ Error: ------------------------------------------------------------
│ # Build failed for SpecialFunctions
│   exception =
│    LoadError: ArgumentError: Module Compat not found in current path.
│    Run `Pkg.add("Compat")` to install the Compat package.
│    Stacktrace:
│     [1] require(::Module, ::Symbol) at ./loading.jl:813
│     [2] include at ./boot.jl:292 [inlined]
│     [3] include_relative(::Module, ::String) at ./loading.jl:1011
│     [4] include at ./sysimg.jl:26 [inlined]
│     [5] include(::String) at ./loading.jl:1045
│     [6] top-level scope
│     [7] eval at ./boot.jl:295 [inlined]
│     [8] eval at ./sysimg.jl:71 [inlined]
│     [9] evalfile(::String, ::Array{String,1}) at ./loading.jl:1040 (repeats 2 times)
│     [10] #2 at ./none:12 [inlined]
│     [11] cd(::getfield(, Symbol("##2#5")){String}, ::String) at ./file.jl:70
│     [12] (::getfield(, Symbol("##1#3")))(::IOStream) at ./none:11
│     [13] open(::getfield(, Symbol("##1#3")), ::String, ::String) at ./iostream.jl:310
│     [14] top-level scope
│     [15] eval at ./boot.jl:295 [inlined]
│     [16] eval(::Module, ::Expr) at ./sysimg.jl:71
│     [17] process_options(::Base.JLOptions) at ./client.jl:301
│     [18] _start() at ./client.jl:375
│    in expression starting at /home/vagrant/.julia/v0.7/SpecialFunctions/deps/build.jl:1
└ @ Main none:15
[ Info: Building Rmath
┌ Error: ------------------------------------------------------------
│ # Build failed for Rmath
│   exception =
│    LoadError: ArgumentError: Module BinDeps not found in current path.
│    Run `Pkg.add("BinDeps")` to install the BinDeps package.
│    Stacktrace:
│     [1] require(::Module, ::Symbol) at ./loading.jl:813
│     [2] include at ./boot.jl:292 [inlined]
│     [3] include_relative(::Module, ::String) at ./loading.jl:1011
│     [4] include at ./sysimg.jl:26 [inlined]
│     [5] include(::String) at ./loading.jl:1045
│     [6] top-level scope
│     [7] eval at ./boot.jl:295 [inlined]
│     [8] eval at ./sysimg.jl:71 [inlined]
│     [9] evalfile(::String, ::Array{String,1}) at ./loading.jl:1040 (repeats 2 times)
│     [10] #2 at ./none:12 [inlined]
│     [11] cd(::getfield(, Symbol("##2#5")){String}, ::String) at ./file.jl:70
│     [12] (::getfield(, Symbol("##1#3")))(::IOStream) at ./none:11
│     [13] open(::getfield(, Symbol("##1#3")), ::String, ::String) at ./iostream.jl:310
│     [14] top-level scope
│     [15] eval at ./boot.jl:295 [inlined]
│     [16] eval(::Module, ::Expr) at ./sysimg.jl:71
│     [17] process_options(::Base.JLOptions) at ./client.jl:301
│     [18] _start() at ./client.jl:375
│    in expression starting at /home/vagrant/.julia/v0.7/Rmath/deps/build.jl:6
└ @ Main none:15
[ Info: Building Stan
┌ Error: ------------------------------------------------------------
│ # Build failed for Stan
│   exception =
│    LoadError: ArgumentError: Module BinDeps not found in current path.
│    Run `Pkg.add("BinDeps")` to install the BinDeps package.
│    Stacktrace:
│     [1] require(::Module, ::Symbol) at ./loading.jl:813
│     [2] include at ./boot.jl:292 [inlined]
│     [3] include_relative(::Module, ::String) at ./loading.jl:1011
│     [4] include at ./sysimg.jl:26 [inlined]
│     [5] include(::String) at ./loading.jl:1045
│     [6] top-level scope
│     [7] eval at ./boot.jl:295 [inlined]
│     [8] eval at ./sysimg.jl:71 [inlined]
│     [9] evalfile(::String, ::Array{String,1}) at ./loading.jl:1040 (repeats 2 times)
│     [10] #2 at ./none:12 [inlined]
│     [11] cd(::getfield(, Symbol("##2#5")){String}, ::String) at ./file.jl:70
│     [12] (::getfield(, Symbol("##1#3")))(::IOStream) at ./none:11
│     [13] open(::getfield(, Symbol("##1#3")), ::String, ::String) at ./iostream.jl:310
│     [14] top-level scope
│     [15] eval at ./boot.jl:295 [inlined]
│     [16] eval(::Module, ::Expr) at ./sysimg.jl:71
│     [17] process_options(::Base.JLOptions) at ./client.jl:301
│     [18] _start() at ./client.jl:375
│    in expression starting at /home/vagrant/.julia/v0.7/Stan/deps/build.jl:1
└ @ Main none:15
[ Info: Building Turing
┌ Warning: `is_unix` is deprecated, use `Sys.isunix` instead.
│   caller = top-level scope
└ @ Core :0
ERROR: UndefVarError: JULIA_HOME not defined
ERROR: could not open file /julia-config.jl
Stacktrace:
 [1] include at ./boot.jl:292 [inlined]
 [2] include_relative(::Module, ::String) at ./loading.jl:1011
 [3] include(::Module, ::String) at ./sysimg.jl:26
 [4] process_options(::Base.JLOptions) at ./client.jl:324
 [5] _start() at ./client.jl:375
┌ Warning: `is_windows` is deprecated, use `Sys.iswindows` instead.
│   caller = top-level scope
└ @ Core :0
ERROR: UndefVarError: JULIA_HOME not defined
ERROR: could not open file /julia-config.jl
Stacktrace:
 [1] include at ./boot.jl:292 [inlined]
 [2] include_relative(::Module, ::String) at ./loading.jl:1011
 [3] include(::Module, ::String) at ./sysimg.jl:26
 [4] process_options(::Base.JLOptions) at ./client.jl:324
 [5] _start() at ./client.jl:375
ERROR: UndefVarError: JULIA_HOME not defined
ERROR: could not open file /julia-config.jl
Stacktrace:
 [1] include at ./boot.jl:292 [inlined]
 [2] include_relative(::Module, ::String) at ./loading.jl:1011
 [3] include(::Module, ::String) at ./sysimg.jl:26
 [4] process_options(::Base.JLOptions) at ./client.jl:324
 [5] _start() at ./client.jl:375
gcc  -std=gnu99   -O2 -shared -fPIC task.c   -o libtask.so
task.c:6:19: fatal error: julia.h: No such file or directory
 #include "julia.h"
                   ^
compilation terminated.
make: *** [task] Error 1
┌ Error: ------------------------------------------------------------
│ # Build failed for Turing
│   exception =
│    LoadError: failed process: Process(`make`, ProcessExited(2)) [2]
│    Stacktrace:
│     [1] error(::String, ::Base.Process, ::String, ::Int64, ::String) at ./error.jl:42
│     [2] pipeline_error(::Base.Process) at ./process.jl:694
│     [3] run(::Cmd) at ./process.jl:656
│     [4] top-level scope at /home/vagrant/.julia/v0.7/Turing/deps/build.jl:1
│     [5] include at ./boot.jl:292 [inlined]
│     [6] include_relative(::Module, ::String) at ./loading.jl:1011
│     [7] include at ./sysimg.jl:26 [inlined]
│     [8] include(::String) at ./loading.jl:1045
│     [9] top-level scope
│     [10] eval at ./boot.jl:295 [inlined]
│     [11] eval at ./sysimg.jl:71 [inlined]
│     [12] evalfile(::String, ::Array{String,1}) at ./loading.jl:1040 (repeats 2 times)
│     [13] #2 at ./none:12 [inlined]
│     [14] cd(::getfield(, Symbol("##2#5")){String}, ::String) at ./file.jl:70
│     [15] (::getfield(, Symbol("##1#3")))(::IOStream) at ./none:11
│     [16] open(::getfield(, Symbol("##1#3")), ::String, ::String) at ./iostream.jl:310
│     [17] top-level scope
│     [18] eval at ./boot.jl:295 [inlined]
│     [19] eval(::Module, ::Expr) at ./sysimg.jl:71
│     [20] process_options(::Base.JLOptions) at ./client.jl:301
│     [21] _start() at ./client.jl:375
│    in expression starting at /home/vagrant/.julia/v0.7/Turing/deps/build.jl:1
└ @ Main none:15
┌ Warning: ------------------------------------------------------------
│ # Build error summary
│ 
│ Stan, Cairo, SpecialFunctions, Turing and Rmath had build errors.
│ 
│  - packages with build errors remain installed in /home/vagrant/.julia/v0.7
│  - build the package(s) and all dependencies with `Pkg.build("Stan", "Cairo", "SpecialFunctions", "Turing", "Rmath")`
│  - build a single package by running its `deps/build.jl` script
└ @ Base.Pkg.Entry entry.jl:648
[ Info: Package database updated
┌ Info: METADATA is out-of-date — you may not have the latest version of Turing
└ Use `Pkg.update()` to get the latest versions of your packages

>>> 'Pkg.test("Turing")' log
Julia Version 0.7.0-DEV.3487
Commit 808e828bcb (2018-01-20 20:33 UTC)
Platform Info:
  OS: Linux (x86_64-pc-linux-gnu)
      Ubuntu 14.04.5 LTS
  uname: Linux 3.13.0-135-generic #184-Ubuntu SMP Wed Oct 18 11:55:51 UTC 2017 x86_64 x86_64
  CPU: Intel(R) Xeon(R) CPU E3-1241 v3 @ 3.50GHz: 
              speed         user         nice          sys         idle          irq
       #1  3499 MHz    4028255 s       7349 s     198348 s     840800 s         34 s
       #2  3499 MHz     691049 s         50 s      59830 s    5164085 s          0 s
       
  Memory: 2.93927001953125 GB (668.078125 MB free)
  Uptime: 60062.0 sec
  Load Avg:  0.8564453125  0.939453125  0.970703125
  WORD_SIZE: 64
  LIBM: libopenlibm
  LLVM: libLLVM-3.9.1 (ORCJIT, haswell)
Environment:
  TERM = vt100
  LD_LIBRARY_PATH = :/usr/local/lib/
  PATH = /usr/local/sbin:/usr/local/bin:/usr/sbin:/usr/bin:/sbin:/bin:/usr/games:/usr/local/games:/home/vagrant/julia/bin/
  JAVA_HOME = /usr/lib/jvm/java-8-openjdk-amd64
  HOME = /home/vagrant
Packages:
  Package Directory: /home/vagrant/.julia/v0.7
  Package Status:
2 required packages:
 - JSON                          0.16.4
 - Turing                        0.4.0
67 additional packages:
 - AxisAlgorithms                0.2.0
 - BinDeps                       0.8.5
 - Cairo                         0.4.0
 - Calculus                      0.2.2
 - CodecZlib                     0.4.2
 - ColorTypes                    0.6.6
 - Colors                        0.8.2
 - CommonSubexpressions          0.0.1
 - Compat                        0.48.0
 - Compose                       0.5.4
 - Contour                       0.4.0
 - CoupledFields                 0.0.1
 - DataArrays                    0.6.2
 - DataFrames                    0.10.1
 - DataStructures                0.7.4
 - DiffResults                   0.0.3
 - DiffRules                     0.0.3
 - Distances                     0.5.0
 - Distributions                 0.15.0
 - DocStringExtensions           0.4.3
 - Documenter                    0.13.0
 - DualNumbers                   0.3.0
 - FileIO                        0.6.1
 - FixedPointNumbers             0.4.3
 - ForwardDiff                   0.7.2
 - GZip                          0.3.0
 - Gadfly                        0.6.4
 - Graphics                      0.2.0
 - Hexagons                      0.1.0
 - Hiccup                        0.1.1
 - Interpolations                0.7.3
 - IterTools                     0.2.1
 - Juno                          0.3.2
 - KernelDensity                 0.4.0
 - LightGraphs                   0.11.1
 - LineSearches                  3.2.4
 - Loess                         0.3.0
 - MacroTools                    0.4.0
 - Mamba                         0.11.1
 - Measures                      0.1.0
 - Media                         0.3.0
 - NLSolversBase                 4.2.0
 - NaNMath                       0.3.0
 - Nullables                     0.0.3
 - Optim                         0.12.0
 - PDMats                        0.8.0
 - Parameters                    0.8.1
 - PositiveFactorizations        0.1.0
 - ProgressMeter                 0.5.3
 - QuadGK                        0.2.0
 - Ratios                        0.2.0
 - Reexport                      0.1.0
 - Rmath                         0.3.1
 - SHA                           0.5.3
 - ShowItLikeYouBuildIt          0.2.0
 - Showoff                       0.1.1
 - SimpleTraits                  0.5.1
 - SortingAlgorithms             0.2.0
 - SpecialFunctions              0.3.8
 - Stan                          3.0.1
 - StaticArrays                  0.6.6
 - StatsBase                     0.19.5
 - StatsFuns                     0.5.0
 - TranscodingStreams            0.4.1
 - URIParser                     0.3.0
 - WoodburyMatrices              0.2.2
 - tmpZJ69XI                     0.0.0-             non-repo (unregistered)
[ Info: Computing test dependencies for Turing...
[ Info: Installing Stats v0.1.0
[ Info: Installing UnicodePlots v0.2.6
[ Info: Building SpecialFunctions
┌ Error: ------------------------------------------------------------
│ # Build failed for SpecialFunctions
│   exception =
│    LoadError: ArgumentError: Module Compat not found in current path.
│    Run `Pkg.add("Compat")` to install the Compat package.
│    Stacktrace:
│     [1] require(::Module, ::Symbol) at ./loading.jl:813
│     [2] include at ./boot.jl:292 [inlined]
│     [3] include_relative(::Module, ::String) at ./loading.jl:1011
│     [4] include at ./sysimg.jl:26 [inlined]
│     [5] include(::String) at ./loading.jl:1045
│     [6] top-level scope
│     [7] eval at ./boot.jl:295 [inlined]
│     [8] eval at ./sysimg.jl:71 [inlined]
│     [9] evalfile(::String, ::Array{String,1}) at ./loading.jl:1040 (repeats 2 times)
│     [10] #2 at ./none:12 [inlined]
│     [11] cd(::getfield(, Symbol("##2#5")){String}, ::String) at ./file.jl:70
│     [12] (::getfield(, Symbol("##1#3")))(::IOStream) at ./none:11
│     [13] open(::getfield(, Symbol("##1#3")), ::String, ::String) at ./iostream.jl:310
│     [14] top-level scope
│     [15] eval at ./boot.jl:295 [inlined]
│     [16] eval(::Module, ::Expr) at ./sysimg.jl:71
│     [17] process_options(::Base.JLOptions) at ./client.jl:301
│     [18] _start() at ./client.jl:375
│    in expression starting at /home/vagrant/.julia/v0.7/SpecialFunctions/deps/build.jl:1
└ @ Main none:15
┌ Warning: ------------------------------------------------------------
│ # Build error summary
│ 
│ SpecialFunctions had build errors.
│ 
│  - packages with build errors remain installed in /home/vagrant/.julia/v0.7
│  - build the package(s) and all dependencies with `Pkg.build("SpecialFunctions")`
│  - build a single package by running its `deps/build.jl` script
└ @ Base.Pkg.Entry entry.jl:648
[ Info: Testing Turing
┌ Warning: Deprecated syntax `type` at /home/vagrant/.julia/v0.7/Turing/src/Turing.jl:73.
│ Use `mutable struct` instead.
└ @ nothing Turing.jl:73
WARNING: importing deprecated binding Base.logdet into PDMats.
WARNING: importing deprecated binding Base.diag into PDMats.
WARNING: importing deprecated binding Base.diagm into PDMats.
WARNING: importing deprecated binding Base.eigmax into PDMats.
WARNING: importing deprecated binding Base.eigmin into PDMats.
ERROR: LoadError: UndefVarError: BLAS not defined
Stacktrace:
 [1] include at ./boot.jl:292 [inlined]
 [2] include_relative(::Module, ::String) at ./loading.jl:1011
 [3] include(::Module, ::String) at ./sysimg.jl:26
 [4] top-level scope
 [5] eval at ./boot.jl:295 [inlined]
 [6] top-level scope at ./<missing>:3
in expression starting at /home/vagrant/.julia/v0.7/PDMats/src/PDMats.jl:39
ERROR: LoadError: Failed to precompile PDMats to /home/vagrant/.julia/lib/v0.7/PDMats.ji.
Stacktrace:
 [1] error at ./error.jl:33 [inlined]
 [2] compilecache(::Base.PkgId) at ./loading.jl:1161
 [3] _require(::Base.PkgId) at ./loading.jl:919
 [4] require(::Module, ::Symbol) at ./loading.jl:819
 [5] include at ./boot.jl:292 [inlined]
 [6] include_relative(::Module, ::String) at ./loading.jl:1011
 [7] include(::Module, ::String) at ./sysimg.jl:26
 [8] top-level scope
 [9] eval at ./boot.jl:295 [inlined]
 [10] top-level scope at ./<missing>:3
in expression starting at /home/vagrant/.julia/v0.7/Distributions/src/Distributions.jl:5
ERROR: LoadError: LoadError: Failed to precompile Distributions to /home/vagrant/.julia/lib/v0.7/Distributions.ji.
Stacktrace:
 [1] error at ./error.jl:33 [inlined]
 [2] compilecache(::Base.PkgId) at ./loading.jl:1161
 [3] _require(::Base.PkgId) at ./loading.jl:948
 [4] require(::Module, ::Symbol) at ./loading.jl:819
 [5] include at ./boot.jl:292 [inlined]
 [6] include_relative(::Module, ::String) at ./loading.jl:1011
 [7] _require(::Base.PkgId) at ./loading.jl:938
 [8] require(::Module, ::Symbol) at ./loading.jl:819
 [9] include at ./boot.jl:292 [inlined]
 [10] include_relative(::Module, ::String) at ./loading.jl:1011
 [11] include(::Module, ::String) at ./sysimg.jl:26
 [12] process_options(::Base.JLOptions) at ./client.jl:324
 [13] _start() at ./client.jl:375
in expression starting at /home/vagrant/.julia/v0.7/Turing/src/Turing.jl:11
in expression starting at /home/vagrant/.julia/v0.7/Turing/test/runtests.jl:5
┌ Error: ------------------------------------------------------------
│ # Testing failed for Turing
│   exception =
│    failed process: Process(`/home/vagrant/julia/bin/julia -Cnative -J/home/vagrant/julia/lib/julia/sys.so --compile=yes --depwarn=yes --code-coverage=none --color=no --compiled-modules=yes --check-bounds=yes --warn-overwrite=yes --startup-file=yes /home/vagrant/.julia/v0.7/Turing/test/runtests.jl`, ProcessExited(1)) [1]
│    Stacktrace:
│     [1] error(::String, ::Base.Process, ::String, ::Int64, ::String) at ./error.jl:42
│     [2] pipeline_error(::Base.Process) at ./process.jl:694
│     [3] run(::Cmd) at ./process.jl:656
│     [4] (::getfield(Base.Pkg.Entry, Symbol("##91#94")){Bool,String,Array{AbstractString,1}})() at ./pkg/entry.jl:728
│     [5] cd(::getfield(Base.Pkg.Entry, Symbol("##91#94")){Bool,String,Array{AbstractString,1}}, ::String) at ./file.jl:70
│     [6] #test!#90(::Bool, ::Function, ::String, ::Array{AbstractString,1}, ::Array{AbstractString,1}, ::Array{AbstractString,1}) at ./pkg/entry.jl:716
│     [7] (::getfield(Base.Pkg.Entry, Symbol("#kw##test!")))(::NamedTuple{(:coverage,),Tuple{Bool}}, ::typeof(Base.Pkg.Entry.test!), ::String, ::Array{AbstractString,1}, ::Array{AbstractString,1}, ::Array{AbstractString,1}) at ./<missing>:0
│     [8] #test#98(::Bool, ::Function, ::Array{AbstractString,1}) at ./pkg/entry.jl:755
│     [9] (::getfield(Base.Pkg.Entry, Symbol("#kw##test")))(::NamedTuple{(:coverage,),Tuple{Bool}}, ::typeof(Base.Pkg.Entry.test), ::Array{AbstractString,1}) at ./<missing>:0
│     [10] (::getfield(Base.Pkg.Dir, Symbol("##4#7")){Base.Iterators.IndexValue{Symbol,Bool,Tuple{Symbol},NamedTuple{(:coverage,),Tuple{Bool}}},typeof(Base.Pkg.Entry.test),Tuple{Array{AbstractString,1}}})() at ./pkg/dir.jl:36
│     [11] cd(::getfield(Base.Pkg.Dir, Symbol("##4#7")){Base.Iterators.IndexValue{Symbol,Bool,Tuple{Symbol},NamedTuple{(:coverage,),Tuple{Bool}}},typeof(Base.Pkg.Entry.test),Tuple{Array{AbstractString,1}}}, ::String) at ./file.jl:70
│     [12] #cd#1(::Base.Iterators.IndexValue{Symbol,Bool,Tuple{Symbol},NamedTuple{(:coverage,),Tuple{Bool}}}, ::Function, ::Function, ::Array{AbstractString,1}, ::Vararg{Array{AbstractString,1},N} where N) at ./pkg/dir.jl:36
│     [13] (::getfield(Base.Pkg.Dir, Symbol("#kw##cd")))(::NamedTuple{(:coverage,),Tuple{Bool}}, ::typeof(Base.Pkg.Dir.cd), ::Function, ::Array{AbstractString,1}, ::Vararg{Array{AbstractString,1},N} where N) at ./<missing>:0
│     [14] #test#3(::Bool, ::Function, ::String, ::Vararg{String,N} where N) at ./pkg/pkg.jl:274
│     [15] test(::String, ::Vararg{String,N} where N) at ./pkg/pkg.jl:274
│     [16] top-level scope
│     [17] eval at ./boot.jl:295 [inlined]
│     [18] eval(::Module, ::Expr) at ./sysimg.jl:71
│     [19] process_options(::Base.JLOptions) at ./client.jl:301
│     [20] _start() at ./client.jl:375
└ @ Base.Pkg.Entry entry.jl:731
[ Info: Removing Stats v0.1.0
[ Info: Removing UnicodePlots v0.2.6
ERROR: Turing had test errors

>>> End of log
