>>> 'Pkg.add("VT100")' log
WARNING: Base.Pkg is deprecated, run `using Pkg` instead
 in module Main
[ Info: Installing ColorTypes v0.6.7
[ Info: Installing FixedPointNumbers v0.4.6
[ Info: Installing VT100 v0.2.3
[ Info: Package database updated
┌ Info: METADATA is out-of-date — you may not have the latest version of VT100
└ Use `Pkg.update()` to get the latest versions of your packages

>>> 'Pkg.test("VT100")' log
WARNING: Base.versioninfo is deprecated: it has been moved to the standard library package `InteractiveUtils`.
Add `using InteractiveUtils` to your imports.
 in module Main
WARNING: Base.versioninfo is deprecated: it has been moved to the standard library package `InteractiveUtils`.
Add `using InteractiveUtils` to your imports.
 in module Main
Julia Version 0.7.0-DEV.3755
Commit 94ee4f5a30 (2018-02-08 21:49 UTC)
Platform Info:
  OS: Linux (x86_64-pc-linux-gnu)
      Ubuntu 14.04.5 LTS
  uname: Linux 3.13.0-135-generic #184-Ubuntu SMP Wed Oct 18 11:55:51 UTC 2017 x86_64 x86_64
  CPU: Intel(R) Xeon(R) CPU E3-1241 v3 @ 3.50GHz: 
              speed         user         nice          sys         idle          irq
       #1  3500 MHz    5243232 s       1522 s     241920 s    1381958 s         86 s
       #2  3500 MHz    1168507 s       5465 s      97748 s    6606822 s          2 s
       
  Memory: 2.93927001953125 GB (1315.4375 MB free)
  Uptime: 80315.0 sec
  Load Avg:  0.98779296875  0.9853515625  0.96533203125
  WORD_SIZE: 64
  LIBM: libopenlibm
  LLVM: libLLVM-3.9.1 (ORCJIT, haswell)
Environment:
  TERM = vt100
  LD_LIBRARY_PATH = :/usr/local/lib/
  PATH = /usr/local/sbin:/usr/local/bin:/usr/sbin:/usr/bin:/sbin:/bin:/usr/games:/usr/local/games:/home/vagrant/julia/bin/
  JAVA_HOME = /usr/lib/jvm/java-8-openjdk-amd64
  HOME = /home/vagrant
Packages:
  Package Directory: /home/vagrant/.julia/v0.7
  Package Status:
2 required packages:
 - JSON                          0.16.4
 - VT100                         0.2.3
5 additional packages:
 - ColorTypes                    0.6.7
 - Compat                        0.53.0
 - FixedPointNumbers             0.4.6
 - Nullables                     0.0.3
 - tmpaVw33M                     0.0.0-             non-repo (unregistered)
WARNING: Base.Pkg is deprecated, run `using Pkg` instead
 in module Main
[ Info: Testing VT100
┌ Warning: Deprecated syntax `type` at /home/vagrant/.julia/v0.7/VT100/src/VT100.jl:558.
│ Use `mutable struct` instead.
└ @ nothing VT100.jl:558
┌ Warning: Deprecated syntax `type` at /home/vagrant/.julia/v0.7/VT100/src/VT100.jl:558.
│ Use `mutable struct` instead.
└ @ nothing VT100.jl:558
WARNING: Base.Terminals is deprecated, use `REPL.Terminals` instead
  likely near /home/vagrant/.julia/v0.7/VT100/src/VT100.jl:14
┌ Warning: Deprecated syntax ``const` declaration on local variable` around /home/vagrant/.julia/v0.7/VT100/src/VT100.jl:449.
└ @ nothing VT100.jl:449
┌ Warning: `is_unix` is deprecated, use `Sys.isunix` instead.
│   caller = top-level scope
└ @ Core :0
┌ Warning: Deprecated syntax ``const` declaration on local variable` around /home/vagrant/.julia/v0.7/VT100/src/VT100.jl:566.
└ @ nothing VT100.jl:566
┌ Warning: Deprecated syntax ``const` declaration on local variable` around /home/vagrant/.julia/v0.7/VT100/src/VT100.jl:567.
└ @ nothing VT100.jl:567
WARNING: Base.Test is deprecated, run `using Test` instead
  likely near /home/vagrant/.julia/v0.7/VT100/test/runtests.jl:2
┌ Warning: Deprecated syntax `implicit assignment to global variable `failed_tests``.
│ Use `global failed_tests` instead.
└ @ nothing none:0
┌ Warning: `Array{T, 1}(m::Int) where T` is deprecated, use `Array{T, 1}(uninitialized, m)` instead.
│   caller = ScreenEmulator(::Int64, ::Int64) at VT100.jl:143
└ @ VT100 VT100.jl:143
┌ Warning: `Array{T, 1}(m::Int) where T` is deprecated, use `Array{T, 1}(uninitialized, m)` instead.
│   caller = ScreenEmulator(::Int64, ::Int64) at VT100.jl:143
└ @ VT100 VT100.jl:143
┌ Warning: `Array{T}(m::Int) where T` is deprecated, use `Array{T}(uninitialized, m)` instead.
│   caller = add_line!(::ScreenEmulator) at VT100.jl:233
└ @ VT100 VT100.jl:233
┌ Warning: `Array{T}(m::Int) where T` is deprecated, use `Array{T}(uninitialized, m)` instead.
│   caller = add_line!(::ScreenEmulator, ::Int64) at VT100.jl:333
└ @ VT100 VT100.jl:333
┌ Warning: `shift!` is deprecated, use `popfirst!` instead.
│   caller = to_indices at indices.jl:286 [inlined]
└ @ Core indices.jl:286
┌ Warning: `parse(T::Type{<:Integer}, s, base)` is deprecated, use `parse(T, s, base=base)` instead.
│   caller = readdec(::IOStream) at VT100.jl:372
└ @ VT100 VT100.jl:372
┌ Warning: `readstring(s::IO)` is deprecated, use `read(s, String)` instead.
│   caller = (::getfield(, Symbol("##2#4")))(::IOStream) at runtests.jl:15
└ @ Main runtests.jl:15
┌ Warning: Deprecated syntax `isempty(array[end])?` at /home/vagrant/.julia/v0.7/VT100/test/TerminalRegressionTests.jl:34.
│ Use `isempty(array[end]) ?` instead.
└ @ nothing TerminalRegressionTests.jl:34
┌ Warning: Deprecated syntax `isempty(array[end]) ?'"'` at /home/vagrant/.julia/v0.7/VT100/test/TerminalRegressionTests.jl:34.
│ Use `isempty(array[end]) ? '"'` instead.
└ @ nothing TerminalRegressionTests.jl:34
┌ Warning: Deprecated syntax `isempty(array[end]) ? "":` at /home/vagrant/.julia/v0.7/VT100/test/TerminalRegressionTests.jl:34.
│ Use `isempty(array[end]) ? "" :` instead.
└ @ nothing TerminalRegressionTests.jl:34
┌ Warning: Deprecated syntax `isempty(array[end]) ? "" :"` at /home/vagrant/.julia/v0.7/VT100/test/TerminalRegressionTests.jl:34.
│ Use `isempty(array[end]) ? "" : "` instead.
└ @ nothing TerminalRegressionTests.jl:34
WARNING: Base.Terminals is deprecated, use `REPL.Terminals` instead
  likely near /home/vagrant/.julia/v0.7/VT100/test/TerminalRegressionTests.jl:42
WARNING: Base.Terminals is deprecated, use `REPL.Terminals` instead
  likely near /home/vagrant/.julia/v0.7/VT100/test/TerminalRegressionTests.jl:92
WARNING: importing deprecated binding Base.Void into TerminalRegressionTests.
WARNING: Base.Void is deprecated, use Nothing instead.
  likely near /home/vagrant/.julia/v0.7/VT100/test/TerminalRegressionTests.jl:92
WARNING: Base.Terminals is deprecated, use `REPL.Terminals` instead
  likely near /home/vagrant/.julia/v0.7/VT100/test/TerminalRegressionTests.jl:96
WARNING: Base.Terminals is deprecated, use `REPL.Terminals` instead
  likely near /home/vagrant/.julia/v0.7/VT100/test/TerminalRegressionTests.jl:97
WARNING: Base.Void is deprecated, use Nothing instead.
  likely near /home/vagrant/.julia/v0.7/VT100/test/TerminalRegressionTests.jl:135
┌ Warning: `Array{T, 1}(m::Int) where T` is deprecated, use `Array{T, 1}(uninitialized, m)` instead.
│   caller = Type at VT100.jl:143 [inlined]
└ @ Core VT100.jl:143
┌ Warning: `Array{T, 1}(m::Int) where T` is deprecated, use `Array{T, 1}(uninitialized, m)` instead.
│   caller = Type at VT100.jl:143 [inlined]
└ @ Core VT100.jl:143
┌ Warning: `Array{T}(m::Int) where T` is deprecated, use `Array{T}(uninitialized, m)` instead.
│   caller = add_line!(::ScreenEmulator) at VT100.jl:233
└ @ VT100 VT100.jl:233
┌ Warning: `finalizer(o, f::Function)` is deprecated, use `finalizer(f, o)` instead.
│   caller = create_pty(::Bool) at VT100.jl:585
└ @ VT100 VT100.jl:585
AssertionError: strip(readline(emuterm)) == "Yes!!"
Stacktrace:
 [1] (::getfield(, Symbol("##5#6")))(::Main.TerminalRegressionTests.EmulatedTerminal) at /home/vagrant/.julia/v0.7/VT100/test/TRTtest.jl:10
 [2] macro expansion at /home/vagrant/.julia/v0.7/VT100/test/TerminalRegressionTests.jl:165 [inlined]
 [3] (::getfield(Main.TerminalRegressionTests, Symbol("##9#12")){getfield(, Symbol("##5#6")),Main.TerminalRegressionTests.EmulatedTerminal,Condition})() at ./task.jl:330ERROR: LoadError: LoadError: AssertionError: strip(readline(emuterm)) == "Yes!!"
Stacktrace:
 [1] try_yieldto(::typeof(Base.ensure_rescheduled), ::Base.RefValue{Task}) at ./event.jl:208
 [2] wait() at ./event.jl:267
 [3] wait(::Condition) at ./event.jl:46
 [4] #automated_test#7(::Bool, ::Function, ::getfield(, Symbol("##5#6")), ::String, ::Array{String,1}) at /home/vagrant/.julia/v0.7/VT100/test/TerminalRegressionTests.jl:188
 [5] automated_test(::Function, ::String, ::Array{String,1}) at /home/vagrant/.julia/v0.7/VT100/test/TerminalRegressionTests.jl:157
 [6] top-level scope
 [7] include at ./boot.jl:295 [inlined]
 [8] include_relative(::Module, ::String) at ./loading.jl:1067
 [9] include(::Module, ::String) at ./sysimg.jl:26
 [10] include(::String) at ./sysimg.jl:65
 [11] top-level scope
 [12] include at ./boot.jl:295 [inlined]
 [13] include_relative(::Module, ::String) at ./loading.jl:1067
 [14] include(::Module, ::String) at ./sysimg.jl:26
 [15] exec_options(::Base.JLOptions) at ./client.jl:332
 [16] _start() at ./client.jl:448
in expression starting at /home/vagrant/.julia/v0.7/VT100/test/TRTtest.jl:4
in expression starting at /home/vagrant/.julia/v0.7/VT100/test/runtests.jl:32
┌ Error: ------------------------------------------------------------
│ # Testing failed for VT100
│   exception =
│    failed process: Process(`/home/vagrant/julia/bin/julia -Cnative -J/home/vagrant/julia/lib/julia/sys.so --compile=yes --depwarn=yes --code-coverage=none --color=no --compiled-modules=yes --check-bounds=yes --warn-overwrite=yes --startup-file=yes /home/vagrant/.julia/v0.7/VT100/test/runtests.jl`, ProcessExited(1)) [1]
│    Stacktrace:
│     [1] error(::String, ::Base.Process, ::String, ::Int64, ::String) at ./error.jl:42
│     [2] pipeline_error(::Base.Process) at ./process.jl:698
│     [3] run(::Cmd) at ./process.jl:660
│     [4] (::getfield(Pkg.Entry, Symbol("##89#92")){Bool,String,Array{AbstractString,1}})() at /buildworker/worker/package_linux64/build/usr/share/julia/site/v0.7/Pkg/src/entry.jl:731
│     [5] cd(::getfield(Pkg.Entry, Symbol("##89#92")){Bool,String,Array{AbstractString,1}}, ::String) at ./file.jl:70
│     [6] #test!#88(::Bool, ::Function, ::String, ::Array{AbstractString,1}, ::Array{AbstractString,1}, ::Array{AbstractString,1}) at /buildworker/worker/package_linux64/build/usr/share/julia/site/v0.7/Pkg/src/entry.jl:719
│     [7] (::getfield(Pkg.Entry, Symbol("#kw##test!")))(::NamedTuple{(:coverage,),Tuple{Bool}}, ::typeof(Pkg.Entry.test!), ::String, ::Array{AbstractString,1}, ::Array{AbstractString,1}, ::Array{AbstractString,1}) at ./<missing>:0
│     [8] #test#96(::Bool, ::Function, ::Array{AbstractString,1}) at /buildworker/worker/package_linux64/build/usr/share/julia/site/v0.7/Pkg/src/entry.jl:758
│     [9] #test at ./<missing>:0 [inlined]
│     [10] #4 at /buildworker/worker/package_linux64/build/usr/share/julia/site/v0.7/Pkg/src/dir.jl:36 [inlined]
│     [11] cd(::getfield(Pkg.Dir, Symbol("##4#7")){Base.Iterators.Pairs{Symbol,Bool,Tuple{Symbol},NamedTuple{(:coverage,),Tuple{Bool}}},typeof(Pkg.Entry.test),Tuple{Array{AbstractString,1}}}, ::String) at ./file.jl:70
│     [12] #cd#1(::Base.Iterators.Pairs{Symbol,Bool,Tuple{Symbol},NamedTuple{(:coverage,),Tuple{Bool}}}, ::Function, ::Function, ::Array{AbstractString,1}, ::Vararg{Array{AbstractString,1},N} where N) at /buildworker/worker/package_linux64/build/usr/share/julia/site/v0.7/Pkg/src/dir.jl:36
│     [13] (::getfield(Pkg.Dir, Symbol("#kw##cd")))(::NamedTuple{(:coverage,),Tuple{Bool}}, ::typeof(Pkg.Dir.cd), ::Function, ::Array{AbstractString,1}, ::Vararg{Array{AbstractString,1},N} where N) at ./<missing>:0
│     [14] #test#3(::Bool, ::Function, ::String, ::Vararg{String,N} where N) at /buildworker/worker/package_linux64/build/usr/share/julia/site/v0.7/Pkg/src/Pkg.jl:275
│     [15] test(::String, ::Vararg{String,N} where N) at /buildworker/worker/package_linux64/build/usr/share/julia/site/v0.7/Pkg/src/Pkg.jl:275
│     [16] top-level scope
│     [17] eval at ./boot.jl:298 [inlined]
│     [18] eval(::Module, ::Expr) at ./sysimg.jl:71
│     [19] exec_options(::Base.JLOptions) at ./client.jl:309
│     [20] _start() at ./client.jl:448
└ @ Pkg.Entry entry.jl:734
ERROR: VT100 had test errors

>>> End of log
