>>> 'Pkg.add("Weber")' log
[ Info: Cloning cache of Weber from https://github.com/haberdashPI/Weber.jl.git @ Base.Pkg.Cache cache.jl:43
[ Info: Installing AbstractFFTs v0.2.0 @ Base.Pkg.Entry entry.jl:543
[ Info: Installing ArgParse v0.5.0 @ Base.Pkg.Entry entry.jl:543
[ Info: Installing AxisAlgorithms v0.2.0 @ Base.Pkg.Entry entry.jl:543
[ Info: Installing AxisArrays v0.2.0 @ Base.Pkg.Entry entry.jl:543
[ Info: Installing BinDeps v0.8.2 @ Base.Pkg.Entry entry.jl:543
[ Info: Installing Calculus v0.2.2 @ Base.Pkg.Entry entry.jl:543
[ Info: Installing CatIndices v0.1.0 @ Base.Pkg.Entry entry.jl:543
[ Info: Installing ColorTypes v0.6.6 @ Base.Pkg.Entry entry.jl:543
[ Info: Installing ColorVectorSpace v0.5.2 @ Base.Pkg.Entry entry.jl:543
[ Info: Installing Colors v0.8.2 @ Base.Pkg.Entry entry.jl:543
[ Info: Installing ComputationalResources v0.2.0 @ Base.Pkg.Entry entry.jl:543
[ Info: Installing CoordinateTransformations v0.4.1 @ Base.Pkg.Entry entry.jl:543
[ Info: Installing CustomUnitRanges v0.1.0 @ Base.Pkg.Entry entry.jl:543
[ Info: Installing DSP v0.3.4 @ Base.Pkg.Entry entry.jl:543
[ Info: Installing DataStructures v0.7.3 @ Base.Pkg.Entry entry.jl:543
[ Info: Installing Distributions v0.15.0 @ Base.Pkg.Entry entry.jl:543
[ Info: Installing DualNumbers v0.3.0 @ Base.Pkg.Entry entry.jl:543
[ Info: Installing FFTViews v0.1.0 @ Base.Pkg.Entry entry.jl:543
[ Info: Installing FFTW v0.1.2 @ Base.Pkg.Entry entry.jl:543
[ Info: Installing FileIO v0.6.1 @ Base.Pkg.Entry entry.jl:543
[ Info: Installing FixedPointNumbers v0.4.3 @ Base.Pkg.Entry entry.jl:543
[ Info: Installing Graphics v0.2.0 @ Base.Pkg.Entry entry.jl:543
[ Info: Installing Hiccup v0.1.1 @ Base.Pkg.Entry entry.jl:543
[ Info: Installing IdentityRanges v0.1.0 @ Base.Pkg.Entry entry.jl:543
[ Info: Installing ImageAxes v0.4.0 @ Base.Pkg.Entry entry.jl:543
[ Info: Installing ImageCore v0.5.0 @ Base.Pkg.Entry entry.jl:543
[ Info: Installing ImageFiltering v0.2.3 @ Base.Pkg.Entry entry.jl:543
[ Info: Installing ImageMetadata v0.4.0 @ Base.Pkg.Entry entry.jl:543
[ Info: Installing ImageMorphology v0.0.2 @ Base.Pkg.Entry entry.jl:543
[ Info: Installing ImageTransformations v0.4.1 @ Base.Pkg.Entry entry.jl:543
[ Info: Installing Images v0.12.0 @ Base.Pkg.Entry entry.jl:543
[ Info: Installing IndirectArrays v0.3.0 @ Base.Pkg.Entry entry.jl:543
[ Info: Installing Interpolations v0.7.2 @ Base.Pkg.Entry entry.jl:543
[ Info: Installing IntervalSets v0.1.1 @ Base.Pkg.Entry entry.jl:543
[ Info: Installing IterTools v0.2.0 @ Base.Pkg.Entry entry.jl:543
[ Info: Installing Juno v0.3.2 @ Base.Pkg.Entry entry.jl:543
[ Info: Installing LRUCache v0.0.1 @ Base.Pkg.Entry entry.jl:543
[ Info: Installing Lazy v0.12.0 @ Base.Pkg.Entry entry.jl:543
[ Info: Installing LibSndFile v1.0.0 @ Base.Pkg.Entry entry.jl:543
[ Info: Installing MacroTools v0.4.0 @ Base.Pkg.Entry entry.jl:543
[ Info: Installing MappedArrays v0.0.7 @ Base.Pkg.Entry entry.jl:543
[ Info: Installing Media v0.3.0 @ Base.Pkg.Entry entry.jl:543
[ Info: Installing NaNMath v0.3.0 @ Base.Pkg.Entry entry.jl:543
[ Info: Installing OffsetArrays v0.4.2 @ Base.Pkg.Entry entry.jl:543
[ Info: Installing PDMats v0.8.0 @ Base.Pkg.Entry entry.jl:543
[ Info: Installing PaddedViews v0.2.0 @ Base.Pkg.Entry entry.jl:543
[ Info: Installing Polynomials v0.1.6 @ Base.Pkg.Entry entry.jl:543
[ Info: Installing QuadGK v0.2.0 @ Base.Pkg.Entry entry.jl:543
[ Info: Installing RangeArrays v0.2.0 @ Base.Pkg.Entry entry.jl:543
[ Info: Installing Ratios v0.2.0 @ Base.Pkg.Entry entry.jl:543
[ Info: Installing Reexport v0.1.0 @ Base.Pkg.Entry entry.jl:543
[ Info: Installing Requires v0.4.3 @ Base.Pkg.Entry entry.jl:543
[ Info: Installing Rmath v0.3.1 @ Base.Pkg.Entry entry.jl:543
[ Info: Installing Rotations v0.6.1 @ Base.Pkg.Entry entry.jl:543
[ Info: Installing SHA v0.5.2 @ Base.Pkg.Entry entry.jl:543
[ Info: Installing SIUnits v0.1.0 @ Base.Pkg.Entry entry.jl:543
[ Info: Installing SampledSignals v1.1.0 @ Base.Pkg.Entry entry.jl:543
[ Info: Installing ShowItLikeYouBuildIt v0.2.0 @ Base.Pkg.Entry entry.jl:543
[ Info: Installing SimpleTraits v0.5.1 @ Base.Pkg.Entry entry.jl:543
[ Info: Installing SortingAlgorithms v0.2.0 @ Base.Pkg.Entry entry.jl:543
[ Info: Installing SpecialFunctions v0.3.6 @ Base.Pkg.Entry entry.jl:543
[ Info: Installing StaticArrays v0.6.6 @ Base.Pkg.Entry entry.jl:543
[ Info: Installing StatsBase v0.19.4 @ Base.Pkg.Entry entry.jl:543
[ Info: Installing StatsFuns v0.5.0 @ Base.Pkg.Entry entry.jl:543
[ Info: Installing TexExtensions v0.1.0 @ Base.Pkg.Entry entry.jl:543
[ Info: Installing TextWrap v0.2.0 @ Base.Pkg.Entry entry.jl:543
[ Info: Installing TiledIteration v0.1.0 @ Base.Pkg.Entry entry.jl:543
[ Info: Installing URIParser v0.3.0 @ Base.Pkg.Entry entry.jl:543
[ Info: Installing Unitful v0.6.0 @ Base.Pkg.Entry entry.jl:543
[ Info: Installing Weber v0.5.5 @ Base.Pkg.Entry entry.jl:543
[ Info: Installing WoodburyMatrices v0.2.2 @ Base.Pkg.Entry entry.jl:543
[ Info: Building SpecialFunctions @ Main none:10
WARNING: importing deprecated binding Base.Void into __anon__.
WARNING: Base.Void is deprecated, use Nothing instead.
  likely near /home/vagrant/.julia/v0.7/SpecialFunctions/deps/build.jl:6
WARNING: Base.Void is deprecated, use Nothing instead.
  likely near /home/vagrant/.julia/v0.7/SpecialFunctions/deps/build.jl:6
WARNING: Base.Void is deprecated, use Nothing instead.
  likely near /home/vagrant/.julia/v0.7/SpecialFunctions/deps/build.jl:6
WARNING: Base.Void is deprecated, use Nothing instead.
  likely near /home/vagrant/.julia/v0.7/SpecialFunctions/deps/build.jl:6
WARNING: Base.Void is deprecated, use Nothing instead.
  likely near /home/vagrant/.julia/v0.7/SpecialFunctions/deps/build.jl:6
WARNING: Base.Void is deprecated, use Nothing instead.
  likely near /home/vagrant/.julia/v0.7/SpecialFunctions/deps/build.jl:6
WARNING: importing deprecated binding Base.Associative into BinDeps.
WARNING: Base.Associative is deprecated, use AbstractDict instead.
  likely near /home/vagrant/.julia/v0.7/SpecialFunctions/deps/binaries.jl:44
in @install at /home/vagrant/.julia/v0.7/BinDeps/src/dependencies.jl
┌ Warning: `unshift!` is deprecated, use `pushfirst!` instead.
│   caller = #_find_library#48(::Type, ::Function, ::BinDeps.LibraryDependency) at dependencies.jl:652
└ @ BinDeps dependencies.jl:652
┌ Warning: `unshift!` is deprecated, use `pushfirst!` instead.
│   caller = #_find_library#48(::DataType, ::Function, ::BinDeps.LibraryDependency) at dependencies.jl:652
└ @ BinDeps dependencies.jl:652
[ Info: Building FFTW @ Main none:10
┌ Warning: `replace(s::AbstractString, pat, f)` is deprecated, use `replace(s, pat => f)` instead.
│   caller = makealiases(::String) at build_fftw.jl:26
└ @ Main.__anon__ build_fftw.jl:26
WARNING: importing deprecated binding Base.Associative into BinDeps.
WARNING: Base.Associative is deprecated, use AbstractDict instead.
  likely near /home/vagrant/.julia/v0.7/FFTW/deps/build_fftw.jl:112
in @install at /home/vagrant/.julia/v0.7/BinDeps/src/dependencies.jl
┌ Warning: `unshift!` is deprecated, use `pushfirst!` instead.
│   caller = #_find_library#48(::Type, ::Function, ::BinDeps.LibraryDependency) at dependencies.jl:652
└ @ BinDeps dependencies.jl:652
┌ Warning: `unshift!` is deprecated, use `pushfirst!` instead.
│   caller = #_find_library#48(::DataType, ::Function, ::BinDeps.LibraryDependency) at dependencies.jl:652
└ @ BinDeps dependencies.jl:652
[ Info: Building Rmath @ Main none:10
WARNING: importing deprecated binding Base.Associative into BinDeps.
WARNING: Base.Associative is deprecated, use AbstractDict instead.
  likely near /home/vagrant/.julia/v0.7/Rmath/deps/build.jl:47
in @install at /home/vagrant/.julia/v0.7/BinDeps/src/dependencies.jl
[ Info: Building LibSndFile @ Main none:10
┌ Error: ------------------------------------------------------------
│ # Build failed for LibSndFile
│   exception = LoadError("/home/vagrant/.julia/v0.7/LibSndFile/deps/build.jl", 5, UndefVarError(:JULIA_HOME))
└ @ Main none:15
[ Info: Building Weber @ Main none:10
┌ Warning: `is_windows` is deprecated, use `Sys.iswindows` instead.
│   caller = top-level scope
└ @ Core :0
┌ Warning: `is_apple` is deprecated, use `Sys.isapple` instead.
│   caller = top-level scope at build.jl:62
└ @ Core build.jl:62
┌ Warning: `is_linux` is deprecated, use `Sys.islinux` instead.
│   caller = top-level scope at build.jl:86
└ @ Core build.jl:86
┌ Error: ------------------------------------------------------------
│ # Build failed for Weber
│   exception = LoadError("/home/vagrant/.julia/v0.7/Weber/deps/build.jl", 87, ErrorException("Weber does not support Linux. You can try manually installing SDL2, SDL2_ttf and portaudio and then creating an appropriate deps.jl file in /home/vagrant/.julia/v0.7/Weber/deps. Be warned however that I have encountered strange llvm runtime errors with the linux implementation, possibly related to SDL2 problems."))
└ @ Main none:15
┌ Warning: ------------------------------------------------------------
│ # Build error summary
│ 
│ LibSndFile and Weber had build errors.
│ 
│  - packages with build errors remain installed in /home/vagrant/.julia/v0.7
│  - build the package(s) and all dependencies with `Pkg.build("LibSndFile", "Weber")`
│  - build a single package by running its `deps/build.jl` script
└ @ Base.Pkg.Entry entry.jl:656
[ Info: Package database updated @ Base.Pkg.Entry entry.jl:32
┌ Info: METADATA is out-of-date — you may not have the latest version of Weber
│ Use `Pkg.update()` to get the latest versions of your packages
└ @ Base.Pkg.Entry entry.jl:74

>>> 'Pkg.test("Weber")' log
Julia Version 0.7.0-DEV.3246
Commit 2138144d3a (2018-01-04 02:34 UTC)
Platform Info:
  OS: Linux (x86_64-pc-linux-gnu)
      Ubuntu 14.04.5 LTS
  uname: Linux 3.13.0-135-generic #184-Ubuntu SMP Wed Oct 18 11:55:51 UTC 2017 x86_64 x86_64
  CPU: Intel(R) Xeon(R) CPU E3-1241 v3 @ 3.50GHz: 
              speed         user         nice          sys         idle          irq
       #1  3507 MHz    6784196 s        155 s     337939 s    1380700 s         75 s
       #2  3507 MHz    1243939 s       5804 s     126892 s    8598423 s          1 s
       
  Memory: 2.93927001953125 GB (744.79296875 MB free)
  Uptime: 101594.0 sec
  Load Avg:  0.98291015625  1.0009765625  0.970703125
  WORD_SIZE: 64
  BLAS: libopenblas (USE64BITINT DYNAMIC_ARCH NO_AFFINITY Nehalem)
  LAPACK: libopenblas64_
  LIBM: libopenlibm
  LLVM: libLLVM-3.9.1 (ORCJIT, haswell)
Environment:
  TERM = vt100
  LD_LIBRARY_PATH = :/usr/local/lib/
  PATH = /usr/local/sbin:/usr/local/bin:/usr/sbin:/usr/bin:/sbin:/bin:/usr/games:/usr/local/games:/home/vagrant/julia/bin/
  JAVA_HOME = /usr/lib/jvm/java-8-openjdk-amd64
  HOME = /home/vagrant
Packages:
  Package Directory: /home/vagrant/.julia/v0.7
  Package Status:
2 required packages:
 - JSON                          0.16.3
 - Weber                         0.5.5
73 additional packages:
 - AbstractFFTs                  0.2.0
 - ArgParse                      0.5.0
 - AxisAlgorithms                0.2.0
 - AxisArrays                    0.2.0
 - BinDeps                       0.8.2
 - Calculus                      0.2.2
 - CatIndices                    0.1.0
 - ColorTypes                    0.6.6
 - ColorVectorSpace              0.5.2
 - Colors                        0.8.2
 - Compat                        0.42.0
 - ComputationalResources        0.2.0
 - CoordinateTransformations     0.4.1
 - CustomUnitRanges              0.1.0
 - DSP                           0.3.4
 - DataStructures                0.7.3
 - Distributions                 0.15.0
 - DualNumbers                   0.3.0
 - FFTViews                      0.1.0
 - FFTW                          0.1.2
 - FileIO                        0.6.1
 - FixedPointNumbers             0.4.3
 - Graphics                      0.2.0
 - Hiccup                        0.1.1
 - IdentityRanges                0.1.0
 - ImageAxes                     0.4.0
 - ImageCore                     0.5.0
 - ImageFiltering                0.2.3
 - ImageMetadata                 0.4.0
 - ImageMorphology               0.0.2
 - ImageTransformations          0.4.1
 - Images                        0.12.0
 - IndirectArrays                0.3.0
 - Interpolations                0.7.2
 - IntervalSets                  0.1.1
 - IterTools                     0.2.0
 - Juno                          0.3.2
 - LRUCache                      0.0.1
 - Lazy                          0.12.0
 - LibSndFile                    1.0.0
 - MacroTools                    0.4.0
 - MappedArrays                  0.0.7
 - Media                         0.3.0
 - NaNMath                       0.3.0
 - Nullables                     0.0.2
 - OffsetArrays                  0.4.2
 - PDMats                        0.8.0
 - PaddedViews                   0.2.0
 - Polynomials                   0.1.6
 - QuadGK                        0.2.0
 - RangeArrays                   0.2.0
 - Ratios                        0.2.0
 - Reexport                      0.1.0
 - Requires                      0.4.3
 - Rmath                         0.3.1
 - Rotations                     0.6.1
 - SHA                           0.5.2
 - SIUnits                       0.1.0
 - SampledSignals                1.1.0
 - ShowItLikeYouBuildIt          0.2.0
 - SimpleTraits                  0.5.1
 - SortingAlgorithms             0.2.0
 - SpecialFunctions              0.3.6
 - StaticArrays                  0.6.6
 - StatsBase                     0.19.4
 - StatsFuns                     0.5.0
 - TexExtensions                 0.1.0
 - TextWrap                      0.2.0
 - TiledIteration                0.1.0
 - URIParser                     0.3.0
 - Unitful                       0.6.0
 - WoodburyMatrices              0.2.2
 - tmpPOOpwT                     0.0.0-             non-repo (unregistered)
[ Info: Testing Weber @ Base.Pkg.Entry entry.jl:723
WARNING: Base.Test is deprecated, run `using Test` instead.
  likely near /home/vagrant/.julia/v0.7/Weber/test/runtests.jl:1
┌ Warning: Deprecated syntax `type` at /home/vagrant/.julia/v0.7/Juno/src/types.jl:3.
│ Use `mutable struct` instead.
└ @ nothing types.jl:3
┌ Warning: Deprecated syntax `type` at /home/vagrant/.julia/v0.7/Juno/src/types.jl:4.
│ Use `mutable struct` instead.
└ @ nothing types.jl:4
┌ Warning: Deprecated syntax `type` at /home/vagrant/.julia/v0.7/Juno/src/types.jl:6.
│ Use `mutable struct` instead.
└ @ nothing types.jl:6
┌ Warning: Deprecated syntax `type` at /home/vagrant/.julia/v0.7/Juno/src/types.jl:7.
│ Use `mutable struct` instead.
└ @ nothing types.jl:7
┌ Warning: Deprecated syntax `type` at /home/vagrant/.julia/v0.7/Juno/src/types.jl:8.
│ Use `mutable struct` instead.
└ @ nothing types.jl:8
┌ Warning: Deprecated syntax `type` at /home/vagrant/.julia/v0.7/Juno/src/types.jl:24.
│ Use `mutable struct` instead.
└ @ nothing types.jl:24
┌ Warning: Deprecated syntax `immutable` at /home/vagrant/.julia/v0.7/Juno/src/types.jl:28.
│ Use `struct` instead.
└ @ nothing types.jl:28
┌ Warning: Deprecated syntax `immutable` at /home/vagrant/.julia/v0.7/Juno/src/types.jl:33.
│ Use `struct` instead.
└ @ nothing types.jl:33
┌ Warning: Deprecated syntax `immutable` at /home/vagrant/.julia/v0.7/Juno/src/types.jl:38.
│ Use `struct` instead.
└ @ nothing types.jl:38
┌ Warning: Deprecated syntax `type` at /home/vagrant/.julia/v0.7/Juno/src/types.jl:45.
│ Use `mutable struct` instead.
└ @ nothing types.jl:45
┌ Warning: Deprecated syntax `immutable` at /home/vagrant/.julia/v0.7/Juno/src/types.jl:54.
│ Use `struct` instead.
└ @ nothing types.jl:54
┌ Warning: Deprecated syntax `type` at /home/vagrant/.julia/v0.7/Juno/src/types.jl:68.
│ Use `mutable struct` instead.
└ @ nothing types.jl:68
┌ Warning: Deprecated syntax `type` at /home/vagrant/.julia/v0.7/Juno/src/types.jl:77.
│ Use `mutable struct` instead.
└ @ nothing types.jl:77
┌ Warning: Deprecated syntax `type` at /home/vagrant/.julia/v0.7/Hiccup/src/Hiccup.jl:18.
│ Use `mutable struct` instead.
└ @ nothing Hiccup.jl:18
┌ Warning: Deprecated syntax `parametric method syntax tag{T}(node::Node{T})` around /home/vagrant/.julia/v0.7/Hiccup/src/Hiccup.jl:23.
│ Use `tag(node::Node{T}) where T` instead.
└ @ nothing Hiccup.jl:23
WARNING: importing deprecated binding Base.Associative into Hiccup.
WARNING: Base.Associative is deprecated, use AbstractDict instead.
  likely near /home/vagrant/.julia/v0.7/Hiccup/src/Hiccup.jl:37
WARNING: Base.Associative is deprecated, use AbstractDict instead.
  likely near /home/vagrant/.julia/v0.7/Hiccup/src/Hiccup.jl:37
WARNING: Base.Associative is deprecated, use AbstractDict instead.
  likely near /home/vagrant/.julia/v0.7/Hiccup/src/Hiccup.jl:37
ERROR: LoadError: LoadError: AssertionError: isexpr(ts, :tuple)
Stacktrace:
 [1] @tags(::LineNumberNode, ::Module, ::Any) at /home/vagrant/.julia/v0.7/Hiccup/src/Hiccup.jl:110
 [2] include at ./boot.jl:295 [inlined]
 [3] include_relative(::Module, ::String) at ./loading.jl:521
 [4] include(::Module, ::String) at ./sysimg.jl:26
 [5] top-level scope
 [6] eval at ./boot.jl:298 [inlined]
 [7] top-level scope at ./<missing>:2
in expression starting at /home/vagrant/.julia/v0.7/Hiccup/src/Hiccup.jl:118
in expression starting at /home/vagrant/.julia/v0.7/Hiccup/src/Hiccup.jl:123
ERROR: LoadError: LoadError: Failed to precompile Hiccup to /home/vagrant/.julia/lib/v0.7/Hiccup.ji.
Stacktrace:
 [1] error at ./error.jl:33 [inlined]
 [2] compilecache(::String) at ./loading.jl:648
 [3] compilecache at ./loading.jl:605 [inlined]
 [4] _require(::Symbol) at ./loading.jl:440
 [5] require(::Symbol) at ./loading.jl:333
 [6] include at ./boot.jl:295 [inlined]
 [7] include_relative(::Module, ::String) at ./loading.jl:521
 [8] include at ./sysimg.jl:26 [inlined]
 [9] include(::String) at /home/vagrant/.julia/v0.7/Juno/src/Juno.jl:3
 [10] top-level scope
 [11] include at ./boot.jl:295 [inlined]
 [12] include_relative(::Module, ::String) at ./loading.jl:521
 [13] include(::Module, ::String) at ./sysimg.jl:26
 [14] top-level scope
 [15] eval at ./boot.jl:298 [inlined]
 [16] top-level scope at ./<missing>:2
in expression starting at /home/vagrant/.julia/v0.7/Juno/src/utils.jl:1
in expression starting at /home/vagrant/.julia/v0.7/Juno/src/Juno.jl:29
ERROR: LoadError: Failed to precompile Juno to /home/vagrant/.julia/lib/v0.7/Juno.ji.
Stacktrace:
 [1] error at ./error.jl:33 [inlined]
 [2] compilecache(::String) at ./loading.jl:648
 [3] compilecache at ./loading.jl:605 [inlined]
 [4] _require(::Symbol) at ./loading.jl:440
 [5] require(::Symbol) at ./loading.jl:333
 [6] include at ./boot.jl:295 [inlined]
 [7] include_relative(::Module, ::String) at ./loading.jl:521
 [8] include(::Module, ::String) at ./sysimg.jl:26
 [9] top-level scope
 [10] eval at ./boot.jl:298 [inlined]
 [11] top-level scope at ./<missing>:2
in expression starting at /home/vagrant/.julia/v0.7/Weber/src/Weber.jl:4
Trial Sequencing: Error During Test at /home/vagrant/.julia/v0.7/Weber/test/runtests.jl:5
  Got an exception of type LoadError outside of a @test
  LoadError: Failed to precompile Weber to /home/vagrant/.julia/lib/v0.7/Weber.ji.
  Stacktrace:
   [1] error at ./error.jl:33 [inlined]
   [2] compilecache(::String) at ./loading.jl:648
   [3] compilecache at ./loading.jl:605 [inlined]
   [4] _require(::Symbol) at ./loading.jl:460
   [5] require(::Symbol) at ./loading.jl:333
   [6] include at ./boot.jl:295 [inlined]
   [7] include_relative(::Module, ::String) at ./loading.jl:521
   [8] include(::Module, ::String) at ./sysimg.jl:26
   [9] include(::String) at ./sysimg.jl:65
   [10] macro expansion at /home/vagrant/.julia/v0.7/Weber/test/runtests.jl:6 [inlined]
   [11] macro expansion at /buildworker/worker/package_linux64/build/usr/share/julia/site/v0.7/Test/src/Test.jl:980 [inlined]
   [12] macro expansion at /home/vagrant/.julia/v0.7/Weber/test/runtests.jl:6 [inlined]
   [13] macro expansion at /buildworker/worker/package_linux64/build/usr/share/julia/site/v0.7/Test/src/Test.jl:980 [inlined]
   [14] top-level scope at /home/vagrant/.julia/v0.7/Weber/test/runtests.jl:5
   [15] include at ./boot.jl:295 [inlined]
   [16] include_relative(::Module, ::String) at ./loading.jl:521
   [17] include(::Module, ::String) at ./sysimg.jl:26
   [18] process_options(::Base.JLOptions) at ./client.jl:323
   [19] _start() at ./client.jl:374
  in expression starting at /home/vagrant/.julia/v0.7/Weber/test/test_moment_timing.jl:1
┌ Warning: Deprecated syntax `type` at /home/vagrant/.julia/v0.7/Juno/src/types.jl:3.
│ Use `mutable struct` instead.
└ @ nothing types.jl:3
┌ Warning: Deprecated syntax `type` at /home/vagrant/.julia/v0.7/Juno/src/types.jl:4.
│ Use `mutable struct` instead.
└ @ nothing types.jl:4
┌ Warning: Deprecated syntax `type` at /home/vagrant/.julia/v0.7/Juno/src/types.jl:6.
│ Use `mutable struct` instead.
└ @ nothing types.jl:6
┌ Warning: Deprecated syntax `type` at /home/vagrant/.julia/v0.7/Juno/src/types.jl:7.
│ Use `mutable struct` instead.
└ @ nothing types.jl:7
┌ Warning: Deprecated syntax `type` at /home/vagrant/.julia/v0.7/Juno/src/types.jl:8.
│ Use `mutable struct` instead.
└ @ nothing types.jl:8
┌ Warning: Deprecated syntax `type` at /home/vagrant/.julia/v0.7/Juno/src/types.jl:24.
│ Use `mutable struct` instead.
└ @ nothing types.jl:24
┌ Warning: Deprecated syntax `immutable` at /home/vagrant/.julia/v0.7/Juno/src/types.jl:28.
│ Use `struct` instead.
└ @ nothing types.jl:28
┌ Warning: Deprecated syntax `immutable` at /home/vagrant/.julia/v0.7/Juno/src/types.jl:33.
│ Use `struct` instead.
└ @ nothing types.jl:33
┌ Warning: Deprecated syntax `immutable` at /home/vagrant/.julia/v0.7/Juno/src/types.jl:38.
│ Use `struct` instead.
└ @ nothing types.jl:38
┌ Warning: Deprecated syntax `type` at /home/vagrant/.julia/v0.7/Juno/src/types.jl:45.
│ Use `mutable struct` instead.
└ @ nothing types.jl:45
┌ Warning: Deprecated syntax `immutable` at /home/vagrant/.julia/v0.7/Juno/src/types.jl:54.
│ Use `struct` instead.
└ @ nothing types.jl:54
┌ Warning: Deprecated syntax `type` at /home/vagrant/.julia/v0.7/Juno/src/types.jl:68.
│ Use `mutable struct` instead.
└ @ nothing types.jl:68
┌ Warning: Deprecated syntax `type` at /home/vagrant/.julia/v0.7/Juno/src/types.jl:77.
│ Use `mutable struct` instead.
└ @ nothing types.jl:77
┌ Warning: Deprecated syntax `type` at /home/vagrant/.julia/v0.7/Hiccup/src/Hiccup.jl:18.
│ Use `mutable struct` instead.
└ @ nothing Hiccup.jl:18
┌ Warning: Deprecated syntax `parametric method syntax tag{T}(node::Node{T})` around /home/vagrant/.julia/v0.7/Hiccup/src/Hiccup.jl:23.
│ Use `tag(node::Node{T}) where T` instead.
└ @ nothing Hiccup.jl:23
WARNING: importing deprecated binding Base.Associative into Hiccup.
WARNING: Base.Associative is deprecated, use AbstractDict instead.
  likely near /home/vagrant/.julia/v0.7/Hiccup/src/Hiccup.jl:37
WARNING: Base.Associative is deprecated, use AbstractDict instead.
  likely near /home/vagrant/.julia/v0.7/Hiccup/src/Hiccup.jl:37
WARNING: Base.Associative is deprecated, use AbstractDict instead.
  likely near /home/vagrant/.julia/v0.7/Hiccup/src/Hiccup.jl:37
ERROR: LoadError: LoadError: AssertionError: isexpr(ts, :tuple)
Stacktrace:
 [1] @tags(::LineNumberNode, ::Module, ::Any) at /home/vagrant/.julia/v0.7/Hiccup/src/Hiccup.jl:110
 [2] include at ./boot.jl:295 [inlined]
 [3] include_relative(::Module, ::String) at ./loading.jl:521
 [4] include(::Module, ::String) at ./sysimg.jl:26
 [5] top-level scope
 [6] eval at ./boot.jl:298 [inlined]
 [7] top-level scope at ./<missing>:2
in expression starting at /home/vagrant/.julia/v0.7/Hiccup/src/Hiccup.jl:118
in expression starting at /home/vagrant/.julia/v0.7/Hiccup/src/Hiccup.jl:123
ERROR: LoadError: LoadError: Failed to precompile Hiccup to /home/vagrant/.julia/lib/v0.7/Hiccup.ji.
Stacktrace:
 [1] error at ./error.jl:33 [inlined]
 [2] compilecache(::String) at ./loading.jl:648
 [3] compilecache at ./loading.jl:605 [inlined]
 [4] _require(::Symbol) at ./loading.jl:440
 [5] require(::Symbol) at ./loading.jl:333
 [6] include at ./boot.jl:295 [inlined]
 [7] include_relative(::Module, ::String) at ./loading.jl:521
 [8] include at ./sysimg.jl:26 [inlined]
 [9] include(::String) at /home/vagrant/.julia/v0.7/Juno/src/Juno.jl:3
 [10] top-level scope
 [11] include at ./boot.jl:295 [inlined]
 [12] include_relative(::Module, ::String) at ./loading.jl:521
 [13] include(::Module, ::String) at ./sysimg.jl:26
 [14] top-level scope
 [15] eval at ./boot.jl:298 [inlined]
 [16] top-level scope at ./<missing>:2
in expression starting at /home/vagrant/.julia/v0.7/Juno/src/utils.jl:1
in expression starting at /home/vagrant/.julia/v0.7/Juno/src/Juno.jl:29
ERROR: LoadError: Failed to precompile Juno to /home/vagrant/.julia/lib/v0.7/Juno.ji.
Stacktrace:
 [1] error at ./error.jl:33 [inlined]
 [2] compilecache(::String) at ./loading.jl:648
 [3] compilecache at ./loading.jl:605 [inlined]
 [4] _require(::Symbol) at ./loading.jl:440
 [5] require(::Symbol) at ./loading.jl:333
 [6] include at ./boot.jl:295 [inlined]
 [7] include_relative(::Module, ::String) at ./loading.jl:521
 [8] include(::Module, ::String) at ./sysimg.jl:26
 [9] top-level scope
 [10] eval at ./boot.jl:298 [inlined]
 [11] top-level scope at ./<missing>:2
in expression starting at /home/vagrant/.julia/v0.7/Weber/src/Weber.jl:4
Weber: Error During Test at /home/vagrant/.julia/v0.7/Weber/test/runtests.jl:4
  Got an exception of type LoadError outside of a @test
  LoadError: Failed to precompile Weber to /home/vagrant/.julia/lib/v0.7/Weber.ji.
  Stacktrace:
   [1] error at ./error.jl:33 [inlined]
   [2] compilecache(::String) at ./loading.jl:648
   [3] compilecache at ./loading.jl:605 [inlined]
   [4] _require(::Symbol) at ./loading.jl:460
   [5] require(::Symbol) at ./loading.jl:333
   [6] include at ./boot.jl:295 [inlined]
   [7] include_relative(::Module, ::String) at ./loading.jl:521
   [8] include(::Module, ::String) at ./sysimg.jl:26
   [9] include(::String) at ./sysimg.jl:65
   [10] macro expansion at /home/vagrant/.julia/v0.7/Weber/test/runtests.jl:14 [inlined]
   [11] macro expansion at /buildworker/worker/package_linux64/build/usr/share/julia/site/v0.7/Test/src/Test.jl:980 [inlined]
   [12] top-level scope at /home/vagrant/.julia/v0.7/Weber/test/runtests.jl:5
   [13] include at ./boot.jl:295 [inlined]
   [14] include_relative(::Module, ::String) at ./loading.jl:521
   [15] include(::Module, ::String) at ./sysimg.jl:26
   [16] process_options(::Base.JLOptions) at ./client.jl:323
   [17] _start() at ./client.jl:374
  in expression starting at /home/vagrant/.julia/v0.7/Weber/test/test_record_columns.jl:1
Test Summary:      | Error  Total
Weber              |     2      2
  Trial Sequencing |     1      1
ERROR: LoadError: Some tests did not pass: 0 passed, 0 failed, 2 errored, 0 broken.
in expression starting at /home/vagrant/.julia/v0.7/Weber/test/runtests.jl:4
┌ Error: ------------------------------------------------------------
│ # Testing failed for Weber
│   exception = ErrorException("failed process: Process(`/home/vagrant/julia/bin/julia -Cnative -J/home/vagrant/julia/lib/julia/sys.so --compile=yes --depwarn=yes --code-coverage=none --color=no --compiled-modules=yes --check-bounds=yes --warn-overwrite=yes --startup-file=yes /home/vagrant/.julia/v0.7/Weber/test/runtests.jl`, ProcessExited(1)) [1]")
└ @ Base.Pkg.Entry entry.jl:739
ERROR: Weber had test errors

>>> End of log
