>>> 'Pkg.add("Xtensor")' log
INFO: Cloning cache of Xtensor from https://github.com/QuantStack/Xtensor.jl.git
INFO: Installing BinDeps v0.6.0
INFO: Installing CxxWrap v0.5.0
INFO: Installing SHA v0.5.1
INFO: Installing URIParser v0.2.0
INFO: Installing Xtensor v0.0.5
INFO: Building CxxWrap
INFO: Changing Directory to /home/vagrant/.julia/v0.6/CxxWrap/deps/builds/jlcxx
INFO: Building Xtensor
INFO: Attempting to Create directory /home/vagrant/.julia/v0.6/Xtensor/deps/../builds/xtensor
INFO: Changing Directory to /home/vagrant/.julia/v0.6/Xtensor/deps/../builds/xtensor
Cloning into '/home/vagrant/.julia/v0.6/Xtensor/deps/xtensor'...
Note: checking out 'f415f9da0d479f5322a082b60ef37e48bdfb174c'.

You are in 'detached HEAD' state. You can look around, make experimental
changes and commit them, and you can discard any commits you make in this
state without impacting any branches by performing another checkout.

If you want to create a new branch to retain commits you create, you may
do so (now or later) by using -b with the checkout command again. Example:

  git checkout -b new_branch_name

INFO: Attempting to Create directory /home/vagrant/.julia/v0.6/Xtensor/deps/../builds/xtensor-julia
INFO: Changing Directory to /home/vagrant/.julia/v0.6/Xtensor/deps/../builds/xtensor-julia
CMake Warning:
  Manually-specified variables were not used by the project:

    xtensor_DIR


INFO: Attempting to Create directory /home/vagrant/.julia/v0.6/Xtensor/deps/../builds/xtensor-julia-examples
INFO: Changing Directory to /home/vagrant/.julia/v0.6/Xtensor/deps/../builds/xtensor-julia-examples
c++: error: unrecognized command line option ‘-std=c++14’
make[2]: *** [CMakeFiles/tensors.dir/tensors.cpp.o] Error 1
make[1]: *** [CMakeFiles/tensors.dir/all] Error 2
make: *** [all] Error 2
===============================[ ERROR: Xtensor ]===============================

LoadError: failed process: Process(`cmake --build . --config Release --target install`, ProcessExited(2)) [2]
while loading /home/vagrant/.julia/v0.6/Xtensor/deps/build.jl, in expression starting on line 86

================================================================================

================================[ BUILD ERRORS ]================================

WARNING: Xtensor had build errors.

 - packages with build errors remain installed in /home/vagrant/.julia/v0.6
 - build the package(s) and all dependencies with `Pkg.build("Xtensor")`
 - build a single package by running its `deps/build.jl` script

================================================================================
INFO: Package database updated
INFO: METADATA is out-of-date — you may not have the latest version of Xtensor
INFO: Use `Pkg.update()` to get the latest versions of your packages

>>> 'Pkg.test("Xtensor")' log
Julia Version 0.6.0
Commit 9036443 (2017-06-19 13:05 UTC)
Platform Info:
  OS: Linux (x86_64-pc-linux-gnu)
  CPU: Intel(R) Xeon(R) CPU E3-1241 v3 @ 3.50GHz
  WORD_SIZE: 64
           Ubuntu 14.04.5 LTS
  uname: Linux 3.13.0-128-generic #177-Ubuntu SMP Tue Aug 8 11:40:23 UTC 2017 x86_64 x86_64
Memory: 2.9392738342285156 GB (1696.51953125 MB free)
Uptime: 84561.0 sec
Load Avg:  0.84912109375  1.00244140625  1.03466796875
Intel(R) Xeon(R) CPU E3-1241 v3 @ 3.50GHz: 
       speed         user         nice          sys         idle          irq
#1  3499 MHz    5685910 s       7924 s     256521 s    1102374 s         61 s
#2  3499 MHz    1084889 s         44 s     117146 s    7112781 s          3 s

  BLAS: libopenblas (USE64BITINT DYNAMIC_ARCH NO_AFFINITY Nehalem)
  LAPACK: libopenblas64_
  LIBM: libopenlibm
  LLVM: libLLVM-3.9.1 (ORCJIT, haswell)
Environment:
  TERM = vt100
  LD_LIBRARY_PATH = :/usr/local/lib/
  PATH = /usr/local/sbin:/usr/local/bin:/usr/sbin:/usr/bin:/sbin:/bin:/usr/games:/usr/local/games:/home/vagrant/julia/bin/
  JAVA_HOME = /usr/lib/jvm/java-8-openjdk-amd64
  HOME = /home/vagrant

Package Directory: /home/vagrant/.julia/v0.6
2 required packages:
 - JSON                          0.13.0
 - Xtensor                       0.0.5
5 additional packages:
 - BinDeps                       0.6.0
 - Compat                        0.30.0
 - CxxWrap                       0.5.0
 - SHA                           0.5.1
 - URIParser                     0.2.0
INFO: Testing Xtensor
ERROR: LoadError: /home/vagrant/.julia/v0.6/Xtensor/deps/deps.jl not found, package xtensor-julia did not build properly
Stacktrace:
 [1] error(::String) at ./error.jl:21
 [2] include_from_node1(::String) at ./loading.jl:569
 [3] include(::String) at ./sysimg.jl:14
 [4] anonymous at ./<missing>:2
while loading /home/vagrant/.julia/v0.6/Xtensor/src/Xtensor.jl, in expression starting on line 9
ERROR: LoadError: LoadError: Failed to precompile Xtensor to /home/vagrant/.julia/lib/v0.6/Xtensor.ji.
Stacktrace:
 [1] compilecache(::String) at ./loading.jl:703
 [2] _require(::Symbol) at ./loading.jl:490
 [3] require(::Symbol) at ./loading.jl:398
 [4] include_from_node1(::String) at ./loading.jl:569
 [5] include(::String) at ./sysimg.jl:14
 [6] include_from_node1(::String) at ./loading.jl:569
 [7] include(::String) at ./sysimg.jl:14
 [8] process_options(::Base.JLOptions) at ./client.jl:305
 [9] _start() at ./client.jl:371
while loading /home/vagrant/.julia/v0.6/Xtensor/test/tensors.jl, in expression starting on line 11
while loading /home/vagrant/.julia/v0.6/Xtensor/test/runtests.jl, in expression starting on line 9
===============================[ ERROR: Xtensor ]===============================

failed process: Process(`/home/vagrant/julia/bin/julia -Cx86-64 -J/home/vagrant/julia/lib/julia/sys.so --compile=yes --depwarn=yes --check-bounds=yes --code-coverage=none --color=no --compilecache=yes /home/vagrant/.julia/v0.6/Xtensor/test/runtests.jl`, ProcessExited(1)) [1]

================================================================================
ERROR: Xtensor had test errors

>>> End of log
